TN:
SF:src/auth/AuthManager.ts
FN:95,(anonymous_0)
FN:127,(anonymous_1)
FN:129,(anonymous_2)
FN:133,(anonymous_3)
FN:136,(anonymous_4)
FN:139,(anonymous_5)
FN:146,(anonymous_6)
FN:154,(anonymous_7)
FN:158,(anonymous_8)
FN:170,(anonymous_9)
FN:181,(anonymous_10)
FN:197,(anonymous_11)
FN:205,(anonymous_12)
FN:229,(anonymous_13)
FN:245,(anonymous_14)
FN:259,(anonymous_15)
FN:279,(anonymous_16)
FN:283,(anonymous_17)
FN:296,(anonymous_18)
FN:297,(anonymous_19)
FN:307,(anonymous_20)
FN:327,(anonymous_21)
FN:330,(anonymous_22)
FN:333,(anonymous_23)
FN:348,(anonymous_24)
FN:368,(anonymous_25)
FN:369,(anonymous_26)
FN:381,(anonymous_27)
FN:392,(anonymous_28)
FN:400,(anonymous_29)
FN:417,(anonymous_30)
FN:432,(anonymous_31)
FN:437,(anonymous_32)
FN:462,serializeBAT
FN:368,(anonymous_25)
FN:369,(anonymous_26)
FNF:36
FNH:35
FNDA:38,(anonymous_0)
FNDA:7,(anonymous_1)
FNDA:4,(anonymous_2)
FNDA:4,(anonymous_3)
FNDA:5,(anonymous_4)
FNDA:2,(anonymous_5)
FNDA:4,(anonymous_6)
FNDA:5,(anonymous_7)
FNDA:6,(anonymous_8)
FNDA:9,(anonymous_9)
FNDA:4,(anonymous_10)
FNDA:13,(anonymous_11)
FNDA:9,(anonymous_12)
FNDA:13,(anonymous_13)
FNDA:5,(anonymous_14)
FNDA:5,(anonymous_15)
FNDA:1,(anonymous_16)
FNDA:0,(anonymous_17)
FNDA:2,(anonymous_18)
FNDA:4,(anonymous_19)
FNDA:4,(anonymous_20)
FNDA:5,(anonymous_21)
FNDA:5,(anonymous_22)
FNDA:5,(anonymous_23)
FNDA:14,(anonymous_24)
FNDA:3,(anonymous_25)
FNDA:2,(anonymous_26)
FNDA:10,(anonymous_27)
FNDA:8,(anonymous_28)
FNDA:8,(anonymous_29)
FNDA:11,(anonymous_30)
FNDA:10,(anonymous_31)
FNDA:10,(anonymous_32)
FNDA:4,serializeBAT
FNDA:3,(anonymous_25)
FNDA:2,(anonymous_26)
DA:81,49
DA:85,38
DA:88,38
DA:89,38
DA:90,38
DA:96,38
DA:97,38
DA:98,38
DA:99,38
DA:100,38
DA:102,38
DA:103,38
DA:105,38
DA:106,2
DA:111,38
DA:112,2
DA:128,7
DA:129,7
DA:130,7
DA:134,4
DA:137,5
DA:140,2
DA:141,2
DA:143,1
DA:147,4
DA:155,5
DA:159,6
DA:160,6
DA:161,1
DA:162,1
DA:171,9
DA:172,2
DA:175,7
DA:176,3
DA:180,4
DA:181,4
DA:182,4
DA:183,4
DA:184,3
DA:186,1
DA:188,4
DA:192,4
DA:193,4
DA:198,13
DA:199,13
DA:200,11
DA:201,9
DA:206,9
DA:207,8
DA:208,8
DA:209,8
DA:210,8
DA:211,6
DA:214,2
DA:215,2
DA:217,8
DA:230,13
DA:231,12
DA:232,8
DA:233,8
DA:234,8
DA:235,8
DA:236,8
DA:252,5
DA:253,1
DA:259,5
DA:260,5
DA:261,5
DA:262,1
DA:266,4
DA:267,4
DA:272,4
DA:280,1
DA:281,1
DA:283,1
DA:284,1
DA:285,3
DA:286,3
DA:287,2
DA:288,2
DA:297,4
DA:308,4
DA:309,3
DA:310,3
DA:311,2
DA:312,2
DA:313,2
DA:314,2
DA:315,4
DA:317,1
DA:321,1
DA:328,5
DA:330,5
DA:331,5
DA:333,5
DA:334,5
DA:335,5
DA:336,5
DA:337,5
DA:339,5
DA:341,5
DA:349,14
DA:350,3
DA:354,3
DA:356,14
DA:358,3
DA:368,3
DA:369,3
DA:372,3
DA:373,3
DA:374,3
DA:382,10
DA:383,9
DA:384,9
DA:389,10
DA:393,8
DA:394,7
DA:401,8
DA:404,8
DA:406,8
DA:407,2
DA:408,2
DA:409,1
DA:415,7
DA:416,7
DA:417,11
DA:419,7
DA:420,7
DA:422,7
DA:428,7
DA:429,1
DA:432,10
DA:437,10
DA:438,6
DA:439,10
DA:440,1
DA:444,5
DA:445,5
DA:464,4
DA:465,4
DA:466,4
LF:141
LH:141
BRDA:97,0,0,38
BRDA:97,0,1,7
BRDA:98,1,0,38
BRDA:98,1,1,32
BRDA:99,2,0,38
BRDA:99,2,1,24
BRDA:100,3,0,38
BRDA:100,3,1,26
BRDA:105,4,0,2
BRDA:105,4,1,36
BRDA:111,5,0,2
BRDA:111,5,1,36
BRDA:160,6,0,1
BRDA:160,6,1,5
BRDA:171,7,0,2
BRDA:171,7,1,7
BRDA:175,8,0,3
BRDA:175,8,1,4
BRDA:175,9,0,7
BRDA:175,9,1,4
BRDA:180,10,0,4
BRDA:180,10,1,0
BRDA:193,11,0,3
BRDA:193,11,1,1
BRDA:197,12,0,13
BRDA:199,13,0,2
BRDA:199,13,1,11
BRDA:200,14,0,2
BRDA:200,14,1,9
BRDA:206,15,0,1
BRDA:206,15,1,8
BRDA:209,16,0,6
BRDA:209,16,1,2
BRDA:210,17,0,6
BRDA:210,17,1,2
BRDA:210,18,0,8
BRDA:210,18,1,6
BRDA:215,19,0,1
BRDA:215,19,1,1
BRDA:231,20,0,4
BRDA:231,20,1,8
BRDA:235,21,0,0
BRDA:235,21,1,8
BRDA:252,22,0,1
BRDA:252,22,1,4
BRDA:252,23,0,5
BRDA:252,23,1,5
BRDA:261,24,0,1
BRDA:261,24,1,4
BRDA:279,25,0,1
BRDA:280,26,0,1
BRDA:280,26,1,0
BRDA:285,27,0,0
BRDA:285,27,1,3
BRDA:285,28,0,3
BRDA:285,28,1,3
BRDA:285,28,2,3
BRDA:285,28,3,3
BRDA:286,29,0,2
BRDA:286,29,1,1
BRDA:297,30,0,2
BRDA:297,30,1,2
BRDA:308,31,0,1
BRDA:308,31,1,3
BRDA:310,32,0,1
BRDA:310,32,1,2
BRDA:314,33,0,1
BRDA:314,33,1,0
BRDA:315,34,0,1
BRDA:315,34,1,3
BRDA:315,35,0,4
BRDA:315,35,1,1
BRDA:328,36,0,5
BRDA:328,36,1,4
BRDA:341,37,0,4
BRDA:341,37,1,1
BRDA:349,38,0,3
BRDA:349,38,1,11
BRDA:356,39,0,3
BRDA:356,39,1,11
BRDA:382,40,0,1
BRDA:382,40,1,9
BRDA:393,41,0,1
BRDA:393,41,1,7
BRDA:401,42,0,0
BRDA:401,42,1,8
BRDA:406,43,0,2
BRDA:406,43,1,6
BRDA:408,44,0,1
BRDA:408,44,1,1
BRDA:420,45,0,1
BRDA:420,45,1,6
BRDA:428,46,0,1
BRDA:428,46,1,6
BRDA:428,47,0,7
BRDA:428,47,1,7
BRDA:439,48,0,1
BRDA:439,48,1,9
BRF:98
BRH:92
end_of_record
TN:
SF:src/auth/AuthProvider.ts
FNF:0
FNH:0
LF:0
LH:0
BRF:0
BRH:0
end_of_record
TN:
SF:src/auth/OIDCAuth.ts
FN:55,(anonymous_0)
FN:64,(anonymous_1)
FN:72,(anonymous_2)
FN:76,(anonymous_3)
FN:83,(anonymous_4)
FN:89,(anonymous_5)
FN:123,(anonymous_6)
FN:139,(anonymous_7)
FN:167,(anonymous_8)
FN:183,(anonymous_9)
FN:192,(anonymous_10)
FN:227,(anonymous_11)
FN:237,(anonymous_12)
FN:264,(anonymous_13)
FN:273,(anonymous_14)
FN:287,(anonymous_15)
FN:307,(anonymous_16)
FN:313,(anonymous_17)
FN:318,(anonymous_18)
FN:326,(anonymous_19)
FN:327,(anonymous_20)
FN:329,(anonymous_21)
FN:334,(anonymous_22)
FN:371,(anonymous_23)
FN:400,(anonymous_24)
FN:401,(anonymous_25)
FN:313,(anonymous_17)
FN:318,(anonymous_18)
FNF:28
FNH:28
FNDA:56,(anonymous_0)
FNDA:36,(anonymous_1)
FNDA:1,(anonymous_2)
FNDA:2,(anonymous_3)
FNDA:8,(anonymous_4)
FNDA:36,(anonymous_5)
FNDA:2,(anonymous_6)
FNDA:2,(anonymous_7)
FNDA:3,(anonymous_8)
FNDA:6,(anonymous_9)
FNDA:4,(anonymous_10)
FNDA:4,(anonymous_11)
FNDA:4,(anonymous_12)
FNDA:1,(anonymous_13)
FNDA:1,(anonymous_14)
FNDA:5,(anonymous_15)
FNDA:13,(anonymous_16)
FNDA:12,(anonymous_17)
FNDA:5,(anonymous_18)
FNDA:29,(anonymous_19)
FNDA:194,(anonymous_20)
FNDA:97,(anonymous_21)
FNDA:16,(anonymous_22)
FNDA:17,(anonymous_23)
FNDA:14,(anonymous_24)
FNDA:14,(anonymous_25)
FNDA:12,(anonymous_17)
FNDA:5,(anonymous_18)
DA:53,36
DA:56,0
DA:57,0
DA:58,0
DA:60,0
DA:61,0
DA:65,36
DA:66,36
DA:67,36
DA:68,36
DA:69,36
DA:73,1
DA:77,2
DA:84,8
DA:90,36
DA:91,30
DA:95,30
DA:98,30
DA:99,30
DA:101,2
DA:102,2
DA:104,30
DA:105,3
DA:107,27
DA:108,27
DA:109,1
DA:111,26
DA:112,26
DA:125,2
DA:126,2
DA:129,2
DA:130,2
DA:131,2
DA:133,2
DA:146,2
DA:147,2
DA:148,2
DA:156,2
DA:158,2
DA:159,1
DA:161,1
DA:168,3
DA:169,3
DA:176,3
DA:177,2
DA:178,2
DA:184,6
DA:185,6
DA:186,6
DA:188,5
DA:189,5
DA:193,4
DA:195,4
DA:196,4
DA:197,8
DA:198,8
DA:203,8
DA:204,8
DA:205,2
DA:206,2
DA:208,6
DA:209,8
DA:210,3
DA:211,1
DA:212,1
DA:214,2
DA:215,8
DA:233,4
DA:234,4
DA:235,4
DA:237,4
DA:238,4
DA:239,4
DA:240,4
DA:241,7
DA:242,6
DA:243,6
DA:248,6
DA:249,6
DA:250,3
DA:251,3
DA:253,3
DA:254,7
DA:255,2
DA:256,2
DA:257,2
DA:259,0
DA:260,7
DA:264,4
DA:265,1
DA:268,4
DA:274,1
DA:275,1
DA:280,1
DA:281,1
DA:282,1
DA:288,5
DA:289,5
DA:296,5
DA:297,5
DA:298,5
DA:308,13
DA:309,1
DA:310,1
DA:313,12
DA:314,12
DA:317,12
DA:318,5
DA:319,5
DA:327,194
DA:328,29
DA:329,97
DA:338,16
DA:339,16
DA:340,16
DA:348,16
DA:351,16
DA:352,16
DA:354,1
DA:355,1
DA:357,16
DA:358,2
DA:359,2
DA:360,2
DA:362,14
DA:363,14
DA:365,2
DA:366,2
DA:375,17
DA:376,17
DA:377,17
DA:385,16
DA:387,16
DA:388,16
DA:390,1
DA:392,16
DA:393,16
DA:395,1
DA:396,1
DA:401,14
LF:140
LH:134
BRDA:57,0,0,0
BRDA:57,0,1,0
BRDA:60,1,0,0
BRDA:60,1,1,0
BRDA:60,1,2,0
BRDA:66,2,0,36
BRDA:66,2,1,32
BRDA:67,3,0,36
BRDA:67,3,1,23
BRDA:68,4,0,36
BRDA:68,4,1,30
BRDA:77,5,0,2
BRDA:77,5,1,1
BRDA:90,6,0,6
BRDA:90,6,1,30
BRDA:99,7,0,29
BRDA:99,7,1,1
BRDA:104,8,0,3
BRDA:104,8,1,27
BRDA:104,9,0,30
BRDA:104,9,1,30
BRDA:108,10,0,1
BRDA:108,10,1,26
BRDA:108,11,0,27
BRDA:108,11,1,26
BRDA:147,12,0,2
BRDA:147,12,1,2
BRDA:153,13,0,2
BRDA:153,13,1,2
BRDA:156,14,0,1
BRDA:156,14,1,1
BRDA:158,15,0,1
BRDA:158,15,1,1
BRDA:186,16,0,1
BRDA:186,16,1,5
BRDA:192,17,0,4
BRDA:204,18,0,2
BRDA:204,18,1,6
BRDA:208,19,0,6
BRDA:208,19,1,1
BRDA:209,20,0,3
BRDA:209,20,1,5
BRDA:210,21,0,1
BRDA:210,21,1,2
BRDA:214,22,0,2
BRDA:214,22,1,1
BRDA:214,22,2,1
BRDA:227,23,0,4
BRDA:234,24,0,4
BRDA:234,24,1,1
BRDA:241,25,0,1
BRDA:241,25,1,6
BRDA:249,26,0,3
BRDA:249,26,1,3
BRDA:253,27,0,3
BRDA:253,27,1,0
BRDA:254,28,0,1
BRDA:254,28,1,6
BRDA:255,29,0,2
BRDA:255,29,1,0
BRDA:259,30,0,0
BRDA:259,30,1,0
BRDA:259,30,2,0
BRDA:308,31,0,1
BRDA:308,31,1,12
BRDA:309,32,0,1
BRDA:309,32,1,1
BRDA:309,32,2,1
BRDA:352,33,0,15
BRDA:352,33,1,1
BRDA:357,34,0,2
BRDA:357,34,1,14
BRDA:358,35,0,2
BRDA:358,35,1,1
BRDA:359,36,0,2
BRDA:359,36,1,1
BRDA:359,36,2,1
BRDA:363,37,0,14
BRDA:363,37,1,1
BRDA:388,38,0,16
BRDA:388,38,1,0
BRDA:393,39,0,16
BRDA:393,39,1,1
BRF:83
BRH:72
end_of_record
TN:
SF:src/auth/createAuthWallet.ts
FN:21,createAuthWallet
FN:43,(anonymous_1)
FN:43,(anonymous_1)
FNF:3
FNH:3
FNDA:7,createAuthWallet
FNDA:4,(anonymous_1)
FNDA:4,(anonymous_1)
DA:30,7
DA:37,7
DA:40,7
DA:43,4
DA:47,7
DA:50,7
DA:51,7
DA:53,7
LF:8
LH:8
BRDA:31,0,0,7
BRDA:31,0,1,4
BRDA:32,1,0,7
BRDA:32,1,1,4
BRF:4
BRH:4
end_of_record
TN:
SF:src/crypto/NUT01.ts
FN:31,serializeMintKeys
FN:33,(anonymous_1)
FN:39,deserializeMintKeys
FN:41,(anonymous_3)
FN:47,getPubKeyFromPrivKey
FN:63,createNewMintKeys
FN:106,verifyUnblindedSignature
FNF:7
FNH:7
FNDA:10,serializeMintKeys
FNDA:640,(anonymous_1)
FNDA:2,deserializeMintKeys
FNDA:128,(anonymous_3)
FNDA:348,getPubKeyFromPrivKey
FNDA:4,createNewMintKeys
FNDA:2,verifyUnblindedSignature
DA:11,74
DA:32,10
DA:33,10
DA:34,640
DA:36,10
DA:40,2
DA:41,2
DA:42,128
DA:44,2
DA:48,348
DA:73,4
DA:74,4
DA:75,4
DA:76,4
DA:78,4
DA:79,2
DA:81,4
DA:82,256
DA:83,256
DA:84,128
DA:85,128
DA:86,128
DA:88,0
DA:91,128
DA:94,256
DA:95,256
DA:97,4
DA:103,4
DA:107,2
DA:108,2
DA:109,2
DA:110,2
LF:32
LH:31
BRDA:73,0,0,4
BRDA:73,1,0,4
BRDA:73,2,0,4
BRDA:73,2,1,4
BRDA:78,3,0,2
BRDA:78,3,1,2
BRDA:83,4,0,128
BRDA:83,4,1,128
BRDA:85,5,0,128
BRDA:85,5,1,0
BRF:10
BRH:9
end_of_record
TN:
SF:src/crypto/NUT10.ts
FN:26,createSecret
FN:45,parseSecret
FN:78,(anonymous_2)
FN:80,(anonymous_3)
FN:109,assertSecretKind
FN:127,getSecretKind
FN:136,getSecretData
FN:146,getDataField
FN:161,getTags
FN:173,hasTag
FN:174,(anonymous_10)
FN:184,getTag
FN:185,(anonymous_12)
FN:197,getTagScalar
FN:209,getTagInt
FNF:15
FNH:15
FNDA:62,createSecret
FNDA:3970,parseSecret
FNDA:5922,(anonymous_2)
FNDA:12428,(anonymous_3)
FNDA:730,assertSecretKind
FNDA:280,getSecretKind
FNDA:2914,getSecretData
FNDA:212,getDataField
FNDA:2702,getTags
FNDA:6,hasTag
FNDA:22,(anonymous_10)
FNDA:2052,getTag
FNDA:2662,(anonymous_12)
FNDA:1574,getTagScalar
FNDA:732,getTagInt
DA:27,62
DA:35,62
DA:47,3970
DA:48,3970
DA:49,648
DA:51,3322
DA:54,56
DA:58,3914
DA:66,4
DA:68,3910
DA:69,3910
DA:70,4
DA:72,3906
DA:74,3272
DA:75,2
DA:78,3270
DA:80,12428
DA:82,3270
DA:83,6
DA:87,3898
DA:113,730
DA:114,730
DA:115,730
DA:116,730
DA:117,16
DA:119,644
DA:128,280
DA:137,2914
DA:147,212
DA:148,212
DA:162,2702
DA:163,2702
DA:174,22
DA:185,2662
DA:186,2052
DA:187,658
DA:198,1574
DA:199,1574
DA:210,732
DA:211,732
DA:212,182
DA:213,182
LF:42
LH:42
BRDA:48,0,0,648
BRDA:48,0,1,3322
BRDA:58,1,0,4
BRDA:58,1,1,3910
BRDA:59,2,0,3914
BRDA:59,2,1,3912
BRDA:59,2,2,3912
BRDA:59,2,3,3910
BRDA:59,2,4,3910
BRDA:59,2,5,3910
BRDA:69,3,0,4
BRDA:69,3,1,3906
BRDA:69,4,0,3910
BRDA:69,4,1,3908
BRDA:72,5,0,3272
BRDA:72,5,1,634
BRDA:74,6,0,2
BRDA:74,6,1,3270
BRDA:80,7,0,5922
BRDA:80,7,1,5922
BRDA:80,7,2,5922
BRDA:80,8,0,12428
BRDA:80,8,1,12426
BRDA:82,9,0,6
BRDA:82,9,1,3264
BRDA:113,10,0,712
BRDA:113,10,1,18
BRDA:116,11,0,16
BRDA:116,11,1,714
BRDA:163,12,0,2702
BRDA:163,12,1,432
BRDA:186,13,0,1394
BRDA:186,13,1,658
BRDA:186,14,0,2052
BRDA:186,14,1,662
BRDA:199,15,0,498
BRDA:199,15,1,1076
BRDA:199,16,0,1574
BRDA:199,16,1,498
BRDA:211,17,0,550
BRDA:211,17,1,182
BRDA:213,18,0,180
BRDA:213,18,1,2
BRF:43
BRH:43
end_of_record
TN:
SF:src/crypto/NUT11.ts
FN:142,createP2PKsecret
FN:159,parseP2PKSecret
FN:178,normalizePubkey
FN:196,dedupeP2PKPubkeys
FN:220,normalizeP2PKOptions
FN:288,getP2PKExpectedWitnessPubkeys
FN:311,getP2PKSigFlag
FN:322,getP2PKWitnessSignatures
FN:333,parseWitnessData
FN:373,signP2PKProofs
FN:380,(anonymous_10)
FN:382,(anonymous_11)
FN:410,signP2PKProof
FN:420,(anonymous_13)
FN:426,(anonymous_14)
FN:452,hasP2PKSignedProof
FN:465,(anonymous_16)
FN:498,verifyP2PKSpendingConditions
FN:593,isP2PKSpendAuthorised
FN:615,maybeDeriveP2BKPrivateKeys
FN:643,assertSigAllInputs
FN:673,buildP2PKSigAllMessage
FN:702,isP2PKSigAll
FN:703,(anonymous_23)
FN:716,assertNoDuplicateP2PKTags
FN:728,assertSigFlag
FN:734,assertPositiveInteger
FN:749,assertSpendingConditionRules
FN:784,getP2PKWitnessPubkeys
FN:787,(anonymous_29)
FN:794,getP2PKWitnessRefundkeys
FN:795,(anonymous_31)
FN:802,getLocktime
FN:810,deriveLockState
FN:818,resolveNSigs
FN:823,resolveNSigsRefund
FN:843,buildLegacyP2PKSigAllMessage
FNF:37
FNH:37
FNDA:36,createP2PKsecret
FNDA:712,parseP2PKSecret
FNDA:1545,normalizePubkey
FNDA:1002,dedupeP2PKPubkeys
FNDA:221,normalizeP2PKOptions
FNDA:96,getP2PKExpectedWitnessPubkeys
FNDA:258,getP2PKSigFlag
FNDA:194,getP2PKWitnessSignatures
FNDA:260,parseWitnessData
FNDA:25,signP2PKProofs
FNDA:31,(anonymous_10)
FNDA:34,(anonymous_11)
FNDA:64,signP2PKProof
FNDA:70,(anonymous_13)
FNDA:16,(anonymous_14)
FNDA:14,hasP2PKSignedProof
FNDA:6,(anonymous_16)
FNDA:138,verifyP2PKSpendingConditions
FNDA:64,isP2PKSpendAuthorised
FNDA:36,maybeDeriveP2BKPrivateKeys
FNDA:40,assertSigAllInputs
FNDA:188,buildP2PKSigAllMessage
FNDA:177,isP2PKSigAll
FNDA:192,(anonymous_23)
FNDA:644,assertNoDuplicateP2PKTags
FNDA:234,assertSigFlag
FNDA:297,assertPositiveInteger
FNDA:333,assertSpendingConditionRules
FNDA:232,getP2PKWitnessPubkeys
FNDA:310,(anonymous_29)
FNDA:222,getP2PKWitnessRefundkeys
FNDA:72,(anonymous_31)
FNDA:330,getLocktime
FNDA:204,deriveLockState
FNDA:94,resolveNSigs
FNDA:114,resolveNSigsRefund
FNDA:76,buildLegacyP2PKSigAllMessage
DA:23,74
DA:28,74
DA:122,74
DA:143,36
DA:144,36
DA:145,36
DA:161,712
DA:162,712
DA:163,712
DA:164,712
DA:165,620
DA:179,1545
DA:180,1545
DA:181,36
DA:182,14
DA:197,1002
DA:198,1002
DA:199,1002
DA:200,1163
DA:201,1163
DA:202,1163
DA:203,1117
DA:204,1117
DA:207,992
DA:221,221
DA:222,221
DA:226,221
DA:227,221
DA:228,2
DA:233,215
DA:234,221
DA:235,6
DA:239,209
DA:247,207
DA:248,221
DA:251,221
DA:259,221
DA:289,96
DA:290,96
DA:291,96
DA:292,96
DA:294,96
DA:295,66
DA:298,14
DA:299,8
DA:301,6
DA:312,258
DA:313,258
DA:323,194
DA:334,260
DA:336,158
DA:337,158
DA:342,6
DA:343,6
DA:345,152
DA:351,260
DA:352,34
DA:354,152
DA:380,31
DA:381,25
DA:382,25
DA:383,34
DA:384,34
DA:385,34
DA:386,44
DA:387,44
DA:391,8
DA:392,8
DA:395,34
DA:411,64
DA:412,64
DA:417,64
DA:418,64
DA:419,64
DA:420,70
DA:421,8
DA:425,52
DA:426,52
DA:427,16
DA:430,52
DA:431,2
DA:435,50
DA:436,50
DA:437,50
DA:441,64
DA:453,14
DA:454,4
DA:457,10
DA:458,2
DA:460,8
DA:462,14
DA:465,14
DA:466,6
DA:504,138
DA:505,2
DA:506,2
DA:510,136
DA:511,138
DA:514,138
DA:515,138
DA:516,138
DA:524,138
DA:525,138
DA:526,138
DA:530,138
DA:531,138
DA:534,138
DA:535,138
DA:538,138
DA:543,138
DA:549,138
DA:552,138
DA:553,50
DA:554,50
DA:555,50
DA:559,64
DA:560,42
DA:561,42
DA:562,42
DA:566,22
DA:567,22
DA:568,16
DA:569,12
DA:570,12
DA:571,12
DA:573,4
DA:574,4
DA:575,4
DA:579,6
DA:580,6
DA:581,6
DA:598,64
DA:616,36
DA:617,36
DA:618,36
DA:619,26
DA:622,10
DA:623,10
DA:625,10
DA:626,10
DA:628,10
DA:629,8
DA:644,40
DA:646,38
DA:647,38
DA:648,34
DA:649,34
DA:651,40
DA:652,16
DA:653,16
DA:654,14
DA:655,12
DA:656,10
DA:657,4
DA:678,188
DA:680,188
DA:681,202
DA:684,188
DA:685,272
DA:688,188
DA:689,44
DA:691,188
DA:703,177
DA:704,192
DA:705,192
DA:707,48
DA:717,644
DA:718,644
DA:719,982
DA:720,982
DA:721,976
DA:722,20
DA:724,956
DA:729,234
DA:730,6
DA:735,297
DA:736,16
DA:738,281
DA:756,333
DA:758,333
DA:759,243
DA:760,243
DA:761,14
DA:767,309
DA:768,54
DA:769,54
DA:770,4
DA:772,44
DA:773,5
DA:779,294
DA:780,4
DA:785,232
DA:786,232
DA:787,310
DA:788,232
DA:789,8
DA:791,222
DA:795,222
DA:796,222
DA:797,4
DA:799,216
DA:803,330
DA:804,330
DA:805,248
DA:807,82
DA:814,204
DA:815,48
DA:819,94
DA:820,90
DA:824,114
DA:825,18
DA:827,96
DA:848,76
DA:850,76
DA:851,80
DA:854,76
DA:855,116
DA:858,76
DA:859,18
DA:861,76
LF:220
LH:220
BRDA:164,0,0,222
BRDA:164,0,1,490
BRDA:180,1,0,1509
BRDA:180,1,1,36
BRDA:180,2,0,1545
BRDA:180,2,1,1509
BRDA:180,2,2,562
BRDA:181,3,0,22
BRDA:181,3,1,14
BRDA:202,4,0,1117
BRDA:202,4,1,46
BRDA:221,5,0,86
BRDA:221,5,1,135
BRDA:222,6,0,221
BRDA:222,6,1,120
BRDA:226,7,0,221
BRDA:226,7,1,26
BRDA:227,8,0,2
BRDA:227,8,1,219
BRDA:227,9,0,221
BRDA:227,9,1,16
BRDA:233,10,0,26
BRDA:233,10,1,189
BRDA:234,11,0,6
BRDA:234,11,1,215
BRDA:239,12,0,12
BRDA:239,12,1,197
BRDA:247,13,0,193
BRDA:247,13,1,14
BRDA:247,14,0,193
BRDA:247,14,1,153
BRDA:260,15,0,113
BRDA:260,15,1,63
BRDA:261,16,0,88
BRDA:261,16,1,88
BRDA:262,17,0,84
BRDA:262,17,1,92
BRDA:263,18,0,30
BRDA:263,18,1,146
BRDA:263,19,0,221
BRDA:263,19,1,170
BRDA:264,20,0,13
BRDA:264,20,1,163
BRDA:264,21,0,221
BRDA:264,21,1,35
BRDA:267,22,0,18
BRDA:267,22,1,158
BRDA:268,23,0,10
BRDA:268,23,1,166
BRDA:269,24,0,8
BRDA:269,24,1,168
BRDA:270,25,0,16
BRDA:270,25,1,160
BRDA:294,26,0,66
BRDA:294,26,1,30
BRDA:294,27,0,96
BRDA:294,27,1,80
BRDA:298,28,0,8
BRDA:298,28,1,6
BRDA:298,29,0,14
BRDA:298,29,1,14
BRDA:313,30,0,258
BRDA:313,30,1,114
BRDA:323,31,0,194
BRDA:323,31,1,62
BRDA:334,32,0,102
BRDA:334,32,1,158
BRDA:338,33,0,78
BRDA:338,33,1,80
BRDA:347,34,0,152
BRDA:347,34,1,28
BRDA:351,35,0,34
BRDA:351,35,1,226
BRDA:351,36,0,260
BRDA:351,36,1,34
BRDA:376,37,0,25
BRDA:380,38,0,31
BRDA:380,38,1,0
BRDA:381,39,0,12
BRDA:381,39,1,13
BRDA:391,40,0,8
BRDA:391,40,1,0
BRDA:412,41,0,64
BRDA:412,41,1,56
BRDA:417,42,0,60
BRDA:417,42,1,0
BRDA:420,43,0,8
BRDA:420,43,1,56
BRDA:420,44,0,64
BRDA:420,44,1,60
BRDA:430,45,0,2
BRDA:430,45,1,50
BRDA:438,46,0,4
BRDA:438,46,1,46
BRDA:438,47,0,50
BRDA:438,47,1,16
BRDA:439,48,0,64
BRDA:439,48,1,34
BRDA:453,49,0,4
BRDA:453,49,1,10
BRDA:457,50,0,2
BRDA:457,50,1,8
BRDA:457,51,0,10
BRDA:457,51,1,2
BRDA:460,52,0,8
BRDA:460,52,1,8
BRDA:500,53,0,138
BRDA:504,54,0,2
BRDA:504,54,1,136
BRDA:504,55,0,138
BRDA:504,55,1,20
BRDA:510,56,0,136
BRDA:510,56,1,90
BRDA:530,57,0,20
BRDA:530,57,1,94
BRDA:535,58,0,24
BRDA:535,58,1,90
BRDA:552,59,0,50
BRDA:552,59,1,88
BRDA:552,60,0,138
BRDA:552,60,1,94
BRDA:552,60,2,90
BRDA:559,61,0,42
BRDA:559,61,1,22
BRDA:567,62,0,16
BRDA:567,62,1,6
BRDA:568,63,0,12
BRDA:568,63,1,4
BRDA:568,64,0,16
BRDA:568,64,1,16
BRDA:595,65,0,64
BRDA:616,66,0,18
BRDA:616,66,1,18
BRDA:618,67,0,26
BRDA:618,67,1,10
BRDA:628,68,0,2
BRDA:628,68,1,8
BRDA:628,69,0,10
BRDA:628,69,1,2
BRDA:644,70,0,2
BRDA:644,70,1,38
BRDA:647,71,0,2
BRDA:647,71,1,36
BRDA:649,72,0,34
BRDA:649,72,1,0
BRDA:653,73,0,0
BRDA:653,73,1,16
BRDA:654,74,0,2
BRDA:654,74,1,12
BRDA:655,75,0,2
BRDA:655,75,1,10
BRDA:656,76,0,4
BRDA:656,76,1,6
BRDA:656,77,0,10
BRDA:656,77,1,0
BRDA:688,78,0,44
BRDA:688,78,1,144
BRDA:720,79,0,6
BRDA:720,79,1,976
BRDA:721,80,0,20
BRDA:721,80,1,956
BRDA:729,81,0,6
BRDA:729,81,1,228
BRDA:735,82,0,16
BRDA:735,82,1,281
BRDA:735,83,0,297
BRDA:735,83,1,293
BRDA:758,84,0,243
BRDA:758,84,1,90
BRDA:760,85,0,14
BRDA:760,85,1,229
BRDA:767,86,0,54
BRDA:767,86,1,255
BRDA:769,87,0,4
BRDA:769,87,1,50
BRDA:772,88,0,5
BRDA:772,88,1,39
BRDA:779,89,0,4
BRDA:779,89,1,290
BRDA:779,90,0,294
BRDA:779,90,1,112
BRDA:785,91,0,190
BRDA:785,91,1,42
BRDA:786,92,0,232
BRDA:786,92,1,124
BRDA:787,93,0,190
BRDA:787,93,1,42
BRDA:788,94,0,8
BRDA:788,94,1,224
BRDA:795,95,0,222
BRDA:795,95,1,178
BRDA:796,96,0,4
BRDA:796,96,1,218
BRDA:804,97,0,248
BRDA:804,97,1,82
BRDA:804,98,0,330
BRDA:804,98,1,82
BRDA:804,98,2,82
BRDA:812,99,0,204
BRDA:814,100,0,156
BRDA:814,100,1,48
BRDA:815,101,0,6
BRDA:815,101,1,42
BRDA:819,102,0,4
BRDA:819,102,1,90
BRDA:819,103,0,94
BRDA:819,103,1,72
BRDA:820,104,0,90
BRDA:820,104,1,56
BRDA:824,105,0,18
BRDA:824,105,1,96
BRDA:824,106,0,114
BRDA:824,106,1,24
BRDA:825,107,0,18
BRDA:825,107,1,14
BRDA:858,108,0,18
BRDA:858,108,1,58
BRDA:313,109,0,151
BRDA:313,109,1,57
BRDA:417,110,0,60
BRDA:417,110,1,0
BRDA:535,111,0,24
BRDA:535,111,1,90
BRDA:785,112,0,95
BRDA:785,112,1,21
BRDA:786,113,0,116
BRDA:786,113,1,62
BRDA:795,114,0,111
BRDA:795,114,1,89
BRDA:820,115,0,45
BRDA:820,115,1,28
BRDA:825,116,0,18
BRDA:825,116,1,55
BRF:233
BRH:226
end_of_record
TN:
SF:src/crypto/NUT12.ts
FN:15,deriveDLEQNonce
FN:33,(anonymous_1)
FN:51,(anonymous_2)
FN:71,(anonymous_3)
FNF:4
FNH:4
FNDA:30,deriveDLEQNonce
FNDA:16,(anonymous_1)
FNDA:9,(anonymous_2)
FNDA:30,(anonymous_3)
DA:13,74
DA:21,30
DA:22,30
DA:23,30
DA:24,30
DA:33,74
DA:39,16
DA:40,16
DA:41,16
DA:42,16
DA:43,16
DA:44,16
DA:45,16
DA:46,16
DA:47,36
DA:48,16
DA:51,74
DA:57,9
DA:58,0
DA:59,33
DA:60,9
DA:61,9
DA:62,9
DA:63,9
DA:71,74
DA:72,30
DA:73,30
DA:74,30
DA:75,30
DA:76,30
DA:77,30
DA:78,43
DA:79,30
DA:81,30
DA:82,43
DA:83,30
LF:36
LH:35
BRDA:57,0,0,0
BRDA:57,0,1,9
BRF:2
BRH:1
end_of_record
TN:
SF:src/crypto/NUT13.ts
FN:15,(anonymous_0)
FN:20,(anonymous_1)
FN:31,(anonymous_2)
FN:38,(anonymous_3)
FN:64,deriveSecretAndBlindingFactor
FN:86,createSecretAndBlindingFactorDeriver
FN:96,(anonymous_6)
FN:99,(anonymous_7)
FN:103,getDerivationKind
FN:117,deriveBip32SecretAndBlindingFactor
FN:136,deriveHmacSecretAndBlindingFactor
FN:147,deriveHmac
FNF:12
FNH:12
FNDA:74,(anonymous_0)
FNDA:74,(anonymous_1)
FNDA:26,(anonymous_2)
FNDA:4,(anonymous_3)
FNDA:40,deriveSecretAndBlindingFactor
FNDA:66,createSecretAndBlindingFactorDeriver
FNDA:71,(anonymous_6)
FNDA:21,(anonymous_7)
FNDA:66,getDerivationKind
FNDA:71,deriveBip32SecretAndBlindingFactor
FNDA:21,deriveHmacSecretAndBlindingFactor
FNDA:42,deriveHmac
DA:11,74
DA:13,74
DA:15,74
DA:16,74
DA:17,74
DA:20,74
DA:21,74
DA:22,74
DA:31,74
DA:32,26
DA:38,74
DA:43,4
DA:69,40
DA:70,40
DA:90,66
DA:92,54
DA:93,45
DA:96,71
DA:99,21
DA:104,66
DA:105,66
DA:106,5
DA:108,61
DA:109,40
DA:111,21
DA:112,21
DA:114,0
DA:123,71
DA:124,2
DA:126,69
DA:127,69
DA:128,69
DA:133,69
DA:141,21
DA:153,42
DA:159,42
DA:161,21
DA:162,21
DA:164,21
DA:167,42
DA:169,42
DA:170,21
DA:173,21
DA:178,21
DA:181,21
LF:45
LH:44
BRDA:15,0,0,74
BRDA:15,0,1,74
BRDA:20,1,0,74
BRDA:20,1,1,74
BRDA:90,2,0,45
BRDA:90,2,1,21
BRDA:105,3,0,5
BRDA:105,3,1,61
BRDA:105,4,0,66
BRDA:105,4,1,5
BRDA:108,5,0,40
BRDA:108,5,1,21
BRDA:108,6,0,61
BRDA:108,6,1,61
BRDA:111,7,0,21
BRDA:111,7,1,0
BRDA:111,8,0,21
BRDA:111,8,1,21
BRDA:123,9,0,2
BRDA:123,9,1,69
BRDA:123,10,0,71
BRDA:123,10,1,71
BRDA:123,10,2,69
BRDA:159,11,0,21
BRDA:159,11,1,21
BRDA:169,12,0,21
BRDA:169,12,1,21
BRDA:173,13,0,0
BRDA:173,13,1,21
BRF:29
BRH:27
end_of_record
TN:
SF:src/crypto/NUT14.ts
FN:30,createHTLCsecret
FN:41,parseHTLCSecret
FN:56,createHTLCHash
FN:74,verifyHTLCHash
FN:104,verifyHTLCSpendingConditions
FN:172,isHTLCSpendAuthorised
FN:186,getHTLCWitnessPreimage
FNF:7
FNH:7
FNDA:22,createHTLCsecret
FNDA:18,parseHTLCSecret
FNDA:44,createHTLCHash
FNDA:36,verifyHTLCHash
FNDA:38,verifyHTLCSpendingConditions
FNDA:34,isHTLCSpendAuthorised
FNDA:38,getHTLCWitnessPreimage
DA:31,22
DA:42,18
DA:57,44
DA:58,44
DA:59,18
DA:62,26
DA:63,44
DA:64,44
DA:75,36
DA:76,36
DA:80,18
DA:111,38
DA:116,38
DA:117,38
DA:118,38
DA:119,4
DA:126,34
DA:129,34
DA:130,6
DA:135,28
DA:136,2
DA:140,26
DA:141,26
DA:142,4
DA:143,4
DA:144,4
DA:148,22
DA:149,22
DA:152,10
DA:153,10
DA:154,10
DA:158,12
DA:159,12
DA:160,12
DA:177,34
DA:187,38
DA:189,34
DA:190,34
DA:192,2
DA:193,2
DA:196,32
DA:197,32
LF:42
LH:42
BRDA:58,0,0,18
BRDA:58,0,1,26
BRDA:58,1,0,44
BRDA:58,1,1,42
BRDA:62,2,0,24
BRDA:62,2,1,2
BRDA:106,3,0,38
BRDA:111,4,0,38
BRDA:111,4,1,28
BRDA:118,5,0,4
BRDA:118,5,1,34
BRDA:129,6,0,6
BRDA:129,6,1,28
BRDA:129,7,0,34
BRDA:129,7,1,14
BRDA:135,8,0,2
BRDA:135,8,1,26
BRDA:135,9,0,28
BRDA:135,9,1,20
BRDA:141,10,0,4
BRDA:141,10,1,22
BRDA:149,11,0,10
BRDA:149,11,1,12
BRDA:174,12,0,34
BRDA:187,13,0,4
BRDA:187,13,1,34
BRDA:190,14,0,24
BRDA:190,14,1,10
BRDA:197,15,0,26
BRDA:197,15,1,6
BRDA:197,16,0,32
BRDA:197,16,1,26
BRDA:62,17,0,24
BRDA:62,17,1,2
BRF:34
BRH:34
end_of_record
TN:
SF:src/crypto/NUT20.ts
FN:15,amountToMinimalBytes
FN:26,constructMessage
FN:49,constructLegacyMessage
FN:61,isCompressedPubkey
FN:69,signMintQuote
FN:77,verifyMintQuoteSignature
FN:93,signMintQuoteAmended
FN:101,verifyMintQuoteSignatureAmended
FNF:8
FNH:8
FNDA:139,amountToMinimalBytes
FNDA:76,constructMessage
FNDA:38,constructLegacyMessage
FNDA:62,isCompressedPubkey
FNDA:22,signMintQuote
FNDA:18,verifyMintQuoteSignature
FNDA:34,signMintQuoteAmended
FNDA:44,verifyMintQuoteSignatureAmended
DA:11,74
DA:16,139
DA:17,139
DA:18,133
DA:19,133
DA:29,76
DA:30,76
DA:31,76
DA:32,76
DA:33,76
DA:34,76
DA:35,139
DA:36,139
DA:37,139
DA:38,139
DA:39,139
DA:40,139
DA:42,72
DA:53,38
DA:54,38
DA:55,93
DA:57,38
DA:62,62
DA:74,22
DA:83,18
DA:86,16
DA:87,16
DA:89,2
DA:98,34
DA:107,44
DA:110,42
DA:111,42
DA:113,4
LF:33
LH:33
BRDA:17,0,0,4
BRDA:17,0,1,135
BRDA:19,1,0,125
BRDA:19,1,1,8
BRDA:83,2,0,2
BRDA:83,2,1,16
BRDA:107,3,0,2
BRDA:107,3,1,42
BRF:8
BRH:8
end_of_record
TN:
SF:src/crypto/NUT28.ts
FN:31,deriveP2BKBlindedPubkeys
FN:43,(anonymous_1)
FN:71,deriveP2BKSecretKeys
FN:85,(anonymous_3)
FN:112,deriveP2BKSecretKey
FN:178,deriveP2BKBlindingTweakFromECDH
FNF:6
FNH:6
FNDA:20,deriveP2BKBlindedPubkeys
FNDA:42,(anonymous_1)
FNDA:16,deriveP2BKSecretKeys
FNDA:44,(anonymous_3)
FNDA:72,deriveP2BKSecretKey
FNDA:86,deriveP2BKBlindingTweakFromECDH
DA:14,74
DA:36,20
DA:37,20
DA:39,20
DA:40,20
DA:41,20
DA:43,20
DA:44,42
DA:45,42
DA:46,42
DA:47,42
DA:48,42
DA:50,20
DA:77,16
DA:78,16
DA:79,16
DA:80,16
DA:81,16
DA:82,16
DA:83,18
DA:84,18
DA:85,18
DA:86,44
DA:87,44
DA:88,44
DA:89,44
DA:92,16
DA:119,72
DA:120,72
DA:121,72
DA:122,72
DA:123,68
DA:125,64
DA:126,72
DA:128,64
DA:129,64
DA:131,64
DA:132,6
DA:133,4
DA:135,58
DA:137,58
DA:138,58
DA:139,58
DA:140,58
DA:142,58
DA:143,58
DA:144,58
DA:145,10
DA:148,48
DA:149,48
DA:150,48
DA:151,72
DA:152,48
DA:184,86
DA:185,86
DA:189,86
DA:190,86
DA:192,0
DA:193,0
DA:194,0
DA:197,86
LF:61
LH:58
BRDA:34,0,0,20
BRDA:36,1,0,14
BRDA:36,1,1,6
BRDA:37,2,0,0
BRDA:37,2,1,20
BRDA:39,3,0,20
BRDA:39,3,1,16
BRDA:47,4,0,0
BRDA:47,4,1,42
BRDA:75,5,0,16
BRDA:77,6,0,12
BRDA:77,6,1,4
BRDA:78,7,0,12
BRDA:78,7,1,4
BRDA:79,8,0,14
BRDA:79,8,1,2
BRDA:89,9,0,36
BRDA:89,9,1,8
BRDA:120,10,0,60
BRDA:120,10,1,12
BRDA:121,11,0,16
BRDA:121,11,1,56
BRDA:122,12,0,4
BRDA:122,12,1,68
BRDA:122,13,0,72
BRDA:122,13,1,70
BRDA:123,14,0,4
BRDA:123,14,1,64
BRDA:123,15,0,68
BRDA:123,15,1,66
BRDA:125,16,0,64
BRDA:125,16,1,6
BRDA:126,17,0,0
BRDA:126,17,1,72
BRDA:131,18,0,6
BRDA:131,18,1,58
BRDA:132,19,0,2
BRDA:132,19,1,4
BRDA:135,20,0,0
BRDA:135,20,1,58
BRDA:140,21,0,0
BRDA:140,21,1,58
BRDA:144,22,0,10
BRDA:144,22,1,48
BRDA:150,23,0,20
BRDA:150,23,1,28
BRDA:151,24,0,0
BRDA:151,24,1,72
BRDA:190,25,0,0
BRDA:190,25,1,86
BRDA:190,26,0,86
BRDA:190,26,1,86
BRDA:193,27,0,0
BRDA:193,27,1,0
BRDA:193,28,0,0
BRDA:193,28,1,0
BRDA:120,29,0,60
BRDA:120,29,1,12
BRDA:121,30,0,16
BRDA:121,30,1,56
BRF:60
BRH:49
end_of_record
TN:
SF:src/crypto/core.ts
FN:40,hashToCurve
FN:56,hash_e
FN:57,(anonymous_2)
FN:62,pointFromBytes
FN:66,pointFromHex
FN:70,(anonymous_5)
FN:81,createRandomSecretKey
FN:85,createBlindSignature
FN:103,createRandomRawBlindedMessage
FN:116,blindMessage
FN:128,unblindSignature
FN:137,constructUnblindedSignature
FN:161,computeMessageDigest
FN:176,(anonymous_13)
FN:193,(anonymous_14)
FN:211,(anonymous_15)
FN:233,(anonymous_16)
FN:260,findSigningKey
FN:279,getValidSigners
FN:285,(anonymous_19)
FN:286,(anonymous_20)
FN:300,(anonymous_21)
FNF:22
FNH:21
FNDA:462,hashToCurve
FNDA:48,hash_e
FNDA:188,(anonymous_2)
FNDA:16,pointFromBytes
FNDA:1260,pointFromHex
FNDA:51,(anonymous_5)
FNDA:466,createRandomSecretKey
FNDA:18,createBlindSignature
FNDA:22,createRandomRawBlindedMessage
FNDA:402,blindMessage
FNDA:111,unblindSignature
FNDA:109,constructUnblindedSignature
FNDA:474,computeMessageDigest
FNDA:174,(anonymous_13)
FNDA:56,(anonymous_14)
FNDA:218,(anonymous_15)
FNDA:276,(anonymous_16)
FNDA:17,findSigningKey
FNDA:138,getValidSigners
FNDA:178,(anonymous_19)
FNDA:176,(anonymous_20)
FNDA:0,(anonymous_21)
DA:38,74
DA:41,462
DA:42,462
DA:43,462
DA:44,462
DA:45,956
DA:46,956
DA:47,956
DA:48,956
DA:50,494
DA:53,0
DA:57,188
DA:58,48
DA:59,48
DA:63,16
DA:67,1260
DA:70,74
DA:72,51
DA:73,42
DA:76,9
DA:78,51
DA:82,466
DA:90,18
DA:91,18
DA:92,18
DA:104,22
DA:105,22
DA:106,22
DA:117,402
DA:118,402
DA:119,332
DA:120,70
DA:121,2
DA:123,400
DA:124,400
DA:125,400
DA:133,111
DA:134,111
DA:143,109
DA:144,109
DA:162,474
DA:163,474
DA:176,74
DA:177,174
DA:178,174
DA:179,174
DA:180,174
DA:193,74
DA:194,56
DA:195,56
DA:211,74
DA:217,218
DA:233,74
DA:239,276
DA:240,276
DA:242,276
DA:243,276
DA:245,12
DA:246,2
DA:249,10
DA:261,17
DA:262,17
DA:263,18
DA:264,18
DA:266,1
DA:284,138
DA:285,138
DA:286,178
DA:300,74
DA:306,0
DA:307,0
LF:71
LH:68
BRDA:72,0,0,42
BRDA:72,0,1,9
BRDA:118,1,0,332
BRDA:118,1,1,70
BRDA:120,2,0,2
BRDA:120,2,1,68
BRDA:161,3,0,474
BRDA:163,4,0,200
BRDA:163,4,1,274
BRDA:177,5,0,60
BRDA:177,5,1,114
BRDA:178,6,0,168
BRDA:178,6,1,6
BRDA:215,7,0,218
BRDA:237,8,0,276
BRDA:240,9,0,2
BRDA:240,9,1,274
BRDA:242,10,0,258
BRDA:242,10,1,18
BRDA:245,11,0,2
BRDA:245,11,1,10
BRDA:261,12,0,2
BRDA:261,12,1,15
BRDA:264,13,0,16
BRDA:264,13,1,2
BRDA:304,14,0,0
BRDA:163,15,0,200
BRDA:163,15,1,274
BRDA:177,16,0,60
BRDA:177,16,1,114
BRDA:178,17,0,168
BRDA:178,17,1,6
BRDA:240,18,0,2
BRDA:240,18,1,274
BRF:34
BRH:33
end_of_record
TN:
SF:src/logger/ConsoleLogger.ts
FN:25,(anonymous_0)
FN:29,(anonymous_1)
FN:32,(anonymous_2)
FN:48,(anonymous_3)
FN:51,(anonymous_4)
FN:59,(anonymous_5)
FN:68,(anonymous_6)
FN:71,(anonymous_7)
FN:74,(anonymous_8)
FN:77,(anonymous_9)
FN:80,(anonymous_10)
FN:84,(anonymous_11)
FN:96,measureTime
FN:99,(anonymous_13)
FNF:14
FNH:14
FNDA:24,(anonymous_0)
FNDA:77,(anonymous_1)
FNDA:73,(anonymous_2)
FNDA:73,(anonymous_3)
FNDA:73,(anonymous_4)
FNDA:77,(anonymous_5)
FNDA:9,(anonymous_6)
FNDA:4,(anonymous_7)
FNDA:8,(anonymous_8)
FNDA:50,(anonymous_9)
FNDA:2,(anonymous_10)
FNDA:4,(anonymous_11)
FNDA:61,measureTime
FNDA:1666,(anonymous_13)
DA:3,78
DA:26,24
DA:30,77
DA:33,73
DA:35,9
DA:37,4
DA:39,8
DA:41,50
DA:43,2
DA:45,0
DA:49,73
DA:52,73
DA:53,56
DA:54,56
DA:55,97
DA:57,56
DA:60,77
DA:61,73
DA:62,73
DA:63,73
DA:64,73
DA:65,17
DA:69,9
DA:72,4
DA:75,8
DA:78,50
DA:81,2
DA:85,4
DA:97,61
DA:98,61
DA:100,1666
LF:31
LH:30
BRDA:25,0,0,24
BRDA:33,1,0,9
BRDA:33,1,1,4
BRDA:33,1,2,8
BRDA:33,1,3,50
BRDA:33,1,4,2
BRDA:33,1,5,0
BRDA:52,2,0,17
BRDA:52,2,1,56
BRDA:55,3,0,2
BRDA:55,3,1,95
BRDA:60,4,0,4
BRDA:60,4,1,73
BRDA:64,5,0,56
BRDA:64,5,1,17
BRDA:64,6,0,73
BRDA:64,6,1,56
BRF:17
BRH:16
end_of_record
TN:
SF:src/logger/Logger.ts
FNF:0
FNH:0
LF:0
LH:0
BRF:0
BRH:0
end_of_record
TN:
SF:src/logger/NullLogger.ts
FN:6,(anonymous_0)
FN:7,(anonymous_1)
FN:8,(anonymous_2)
FN:9,(anonymous_3)
FN:10,(anonymous_4)
FN:11,(anonymous_5)
FNF:6
FNH:4
FNDA:124,(anonymous_0)
FNDA:25,(anonymous_1)
FNDA:96,(anonymous_2)
FNDA:656,(anonymous_3)
FNDA:0,(anonymous_4)
FNDA:0,(anonymous_5)
DA:5,78
LF:1
LH:1
BRF:0
BRH:0
end_of_record
TN:
SF:src/logger/helpers.ts
FN:14,fail
FN:32,failIf
FN:51,failIfNullish
FN:83,safeCallback
FN:94,(anonymous_4)
FNF:5
FNH:5
FNDA:69,fail
FNDA:2274,failIf
FNDA:369,failIfNullish
FNDA:875,safeCallback
FNDA:2,(anonymous_4)
DA:19,69
DA:20,69
DA:38,2274
DA:57,369
DA:89,875
DA:91,853
DA:92,853
DA:93,853
DA:94,2
DA:95,2
DA:96,2
DA:107,12
DA:108,12
LF:13
LH:13
BRDA:16,0,0,69
BRDA:35,1,0,2274
BRDA:38,2,0,61
BRDA:38,2,1,2213
BRDA:54,3,0,369
BRDA:57,4,0,3
BRDA:57,4,1,366
BRDA:86,5,0,875
BRDA:89,6,0,22
BRDA:89,6,1,853
BRDA:93,7,0,2
BRDA:93,7,1,851
BRDA:93,8,0,853
BRDA:93,8,1,8
BRDA:97,9,0,2
BRDA:97,9,1,0
BRDA:99,10,0,2
BRDA:99,10,1,0
BRDA:109,11,0,12
BRDA:109,11,1,4
BRDA:111,12,0,12
BRDA:111,12,1,0
BRF:22
BRH:19
end_of_record
TN:
SF:src/mint/Mint.ts
FN:90,(anonymous_0)
FN:79,(anonymous_1)
FN:105,(anonymous_2)
FN:119,(anonymous_3)
FN:136,(anonymous_4)
FN:153,(anonymous_5)
FN:167,(anonymous_6)
FN:179,(anonymous_7)
FN:194,(anonymous_8)
FN:229,(anonymous_9)
FN:253,(anonymous_10)
FN:277,(anonymous_11)
FN:298,(anonymous_12)
FN:323,(anonymous_13)
FN:347,(anonymous_14)
FN:363,(anonymous_15)
FN:380,(anonymous_16)
FN:401,(anonymous_17)
FN:429,(anonymous_18)
FN:451,(anonymous_19)
FN:470,(anonymous_20)
FN:492,(anonymous_21)
FN:505,(anonymous_22)
FN:519,(anonymous_23)
FN:535,(anonymous_24)
FN:571,(anonymous_25)
FN:586,(anonymous_26)
FN:606,(anonymous_27)
FN:617,(anonymous_28)
FN:652,(anonymous_29)
FN:676,(anonymous_30)
FN:697,(anonymous_31)
FN:718,(anonymous_32)
FN:748,(anonymous_33)
FN:772,(anonymous_34)
FN:789,(anonymous_35)
FN:806,(anonymous_36)
FN:839,(anonymous_37)
FN:868,(anonymous_38)
FN:888,(anonymous_39)
FN:908,(anonymous_40)
FN:926,(anonymous_41)
FN:961,(anonymous_42)
FN:987,(anonymous_43)
FN:997,(anonymous_44)
FN:1009,(anonymous_45)
FN:1020,(anonymous_46)
FN:1049,(anonymous_47)
FN:1080,(anonymous_48)
FN:1086,(anonymous_49)
FN:1102,(anonymous_50)
FN:1124,(anonymous_51)
FN:1136,(anonymous_52)
FN:1177,(anonymous_53)
FN:1193,(anonymous_54)
FN:1209,(anonymous_55)
FN:1212,(anonymous_56)
FN:1218,(anonymous_57)
FN:1221,(anonymous_58)
FN:1232,(anonymous_59)
FN:1253,(anonymous_60)
FN:1265,(anonymous_61)
FN:1283,(anonymous_62)
FN:1298,(anonymous_63)
FN:1317,(anonymous_64)
FN:1344,(anonymous_65)
FN:1359,(anonymous_66)
FN:1364,(anonymous_67)
FN:987,(anonymous_43)
FN:1009,(anonymous_45)
FNF:70
FNH:70
FNDA:164,(anonymous_0)
FNDA:809,(anonymous_1)
FNDA:291,(anonymous_2)
FNDA:13,(anonymous_3)
FNDA:8,(anonymous_4)
FNDA:234,(anonymous_5)
FNDA:22,(anonymous_6)
FNDA:243,(anonymous_7)
FNDA:32,(anonymous_8)
FNDA:25,(anonymous_9)
FNDA:5,(anonymous_10)
FNDA:12,(anonymous_11)
FNDA:1,(anonymous_12)
FNDA:9,(anonymous_13)
FNDA:1,(anonymous_14)
FNDA:4,(anonymous_15)
FNDA:1,(anonymous_16)
FNDA:14,(anonymous_17)
FNDA:12,(anonymous_18)
FNDA:8,(anonymous_19)
FNDA:2,(anonymous_20)
FNDA:1,(anonymous_21)
FNDA:5,(anonymous_22)
FNDA:1,(anonymous_23)
FNDA:28,(anonymous_24)
FNDA:1,(anonymous_25)
FNDA:1,(anonymous_26)
FNDA:12,(anonymous_27)
FNDA:16,(anonymous_28)
FNDA:20,(anonymous_29)
FNDA:2,(anonymous_30)
FNDA:9,(anonymous_31)
FNDA:2,(anonymous_32)
FNDA:33,(anonymous_33)
FNDA:12,(anonymous_34)
FNDA:4,(anonymous_35)
FNDA:13,(anonymous_36)
FNDA:25,(anonymous_37)
FNDA:1,(anonymous_38)
FNDA:2,(anonymous_39)
FNDA:1,(anonymous_40)
FNDA:5,(anonymous_41)
FNDA:238,(anonymous_42)
FNDA:296,(anonymous_43)
FNDA:236,(anonymous_44)
FNDA:294,(anonymous_45)
FNDA:3,(anonymous_46)
FNDA:5,(anonymous_47)
FNDA:3,(anonymous_48)
FNDA:6,(anonymous_49)
FNDA:190,(anonymous_50)
FNDA:190,(anonymous_51)
FNDA:190,(anonymous_52)
FNDA:11,(anonymous_53)
FNDA:166,(anonymous_54)
FNDA:78,(anonymous_55)
FNDA:127,(anonymous_56)
FNDA:2,(anonymous_57)
FNDA:3,(anonymous_58)
FNDA:41,(anonymous_59)
FNDA:12,(anonymous_60)
FNDA:19,(anonymous_61)
FNDA:2,(anonymous_62)
FNDA:66,(anonymous_63)
FNDA:66,(anonymous_64)
FNDA:36,(anonymous_65)
FNDA:19,(anonymous_66)
FNDA:20,(anonymous_67)
FNDA:296,(anonymous_43)
FNDA:294,(anonymous_45)
DA:78,164
DA:79,164
DA:80,809
DA:98,164
DA:99,164
DA:100,164
DA:101,164
DA:102,164
DA:106,291
DA:120,13
DA:137,8
DA:138,8
DA:139,1
DA:141,7
DA:154,234
DA:155,234
DA:159,234
DA:168,22
DA:169,8
DA:171,14
DA:172,13
DA:173,13
DA:180,243
DA:195,32
DA:202,30
DA:203,2
DA:204,2
DA:206,28
DA:208,28
DA:234,25
DA:235,25
DA:241,22
DA:257,5
DA:281,12
DA:282,12
DA:283,10
DA:285,12
DA:302,1
DA:328,9
DA:329,9
DA:335,8
DA:351,1
DA:367,4
DA:384,1
DA:406,14
DA:407,14
DA:408,14
DA:414,14
DA:421,11
DA:422,3
DA:426,3
DA:429,8
DA:430,12
DA:431,1
DA:435,1
DA:437,11
DA:455,8
DA:474,2
DA:493,1
DA:506,5
DA:520,1
DA:543,28
DA:544,28
DA:551,23
DA:552,3
DA:553,3
DA:555,20
DA:556,20
DA:575,1
DA:590,1
DA:614,12
DA:615,12
DA:617,16
DA:619,12
DA:626,10
DA:627,2
DA:628,2
DA:630,8
DA:631,8
DA:657,20
DA:658,20
DA:664,17
DA:680,2
DA:701,9
DA:722,2
DA:753,33
DA:754,33
DA:760,25
DA:776,12
DA:793,4
DA:810,13
DA:847,25
DA:848,25
DA:854,24
DA:874,1
DA:894,2
DA:912,1
DA:930,5
DA:937,5
DA:938,1
DA:939,1
DA:945,4
DA:946,9
DA:949,4
DA:966,238
DA:968,238
DA:970,1
DA:972,238
DA:973,238
DA:980,237
DA:981,0
DA:982,0
DA:985,237
DA:987,296
DA:998,236
DA:999,236
DA:1003,236
DA:1004,1
DA:1005,1
DA:1007,235
DA:1009,294
DA:1024,3
DA:1025,3
DA:1032,3
DA:1033,1
DA:1034,1
DA:1037,2
DA:1038,2
DA:1039,2
DA:1050,5
DA:1051,5
DA:1052,5
DA:1054,5
DA:1055,2
DA:1057,5
DA:1058,5
DA:1060,5
DA:1061,4
DA:1064,5
DA:1066,1
DA:1067,1
DA:1068,1
DA:1072,1
DA:1073,1
DA:1081,3
DA:1082,3
DA:1087,6
DA:1107,190
DA:1108,5
DA:1109,2
DA:1110,3
DA:1111,2
DA:1113,1
DA:1129,190
DA:1130,5
DA:1131,2
DA:1132,3
DA:1133,3
DA:1145,190
DA:1146,190
DA:1147,190
DA:1148,5
DA:1151,190
DA:1152,190
DA:1153,190
DA:1158,190
DA:1159,190
DA:1180,11
DA:1181,4
DA:1182,4
DA:1183,3
DA:1187,4
DA:1188,1
DA:1190,4
DA:1195,166
DA:1196,155
DA:1198,11
DA:1212,127
DA:1221,3
DA:1239,41
DA:1240,41
DA:1241,12
DA:1242,29
DA:1243,19
DA:1244,10
DA:1245,2
DA:1247,39
DA:1254,12
DA:1255,12
DA:1269,19
DA:1270,19
DA:1271,19
DA:1276,19
DA:1277,19
DA:1284,2
DA:1289,2
DA:1290,2
DA:1303,66
DA:1304,66
DA:1305,66
DA:1306,66
DA:1307,36
DA:1308,26
DA:1309,19
DA:1311,52
DA:1318,66
DA:1319,66
DA:1324,66
DA:1325,20
DA:1327,64
DA:1336,2
DA:1337,2
DA:1345,36
DA:1346,36
DA:1347,1
DA:1348,1
DA:1353,35
DA:1360,19
DA:1361,2
DA:1362,2
DA:1364,17
DA:1365,20
DA:1367,20
DA:1368,4
DA:1369,4
DA:1371,16
DA:1378,17
DA:1379,17
DA:1384,3
DA:1385,3
LF:230
LH:228
BRDA:99,0,0,164
BRDA:99,0,1,74
BRDA:101,1,0,164
BRDA:101,1,1,115
BRDA:138,2,0,1
BRDA:138,2,1,7
BRDA:143,3,0,7
BRDA:143,3,1,7
BRDA:143,3,2,0
BRDA:154,4,0,234
BRDA:154,4,1,232
BRDA:168,5,0,8
BRDA:168,5,1,14
BRDA:180,6,0,240
BRDA:180,6,1,3
BRDA:202,7,0,2
BRDA:202,7,1,28
BRDA:202,8,0,30
BRDA:202,8,1,30
BRDA:282,9,0,10
BRDA:282,9,1,2
BRDA:421,10,0,3
BRDA:421,10,1,8
BRDA:421,11,0,11
BRDA:421,11,1,9
BRDA:430,12,0,1
BRDA:430,12,1,11
BRDA:551,13,0,3
BRDA:551,13,1,20
BRDA:551,14,0,23
BRDA:551,14,1,23
BRDA:556,15,0,0
BRDA:556,15,1,20
BRDA:626,16,0,2
BRDA:626,16,1,8
BRDA:626,17,0,10
BRDA:626,17,1,10
BRDA:631,18,0,0
BRDA:631,18,1,8
BRDA:937,19,0,1
BRDA:937,19,1,4
BRDA:937,20,0,5
BRDA:937,20,1,5
BRDA:966,21,0,238
BRDA:966,21,1,237
BRDA:968,22,0,1
BRDA:968,22,1,237
BRDA:972,23,0,238
BRDA:972,23,1,238
BRDA:974,24,0,1
BRDA:974,24,1,237
BRDA:980,25,0,0
BRDA:980,25,1,237
BRDA:980,26,0,237
BRDA:980,26,1,237
BRDA:998,27,0,236
BRDA:998,27,1,236
BRDA:1003,28,0,1
BRDA:1003,28,1,235
BRDA:1003,29,0,236
BRDA:1003,29,1,236
BRDA:1024,30,0,3
BRDA:1024,30,1,3
BRDA:1032,31,0,1
BRDA:1032,31,1,2
BRDA:1032,32,0,3
BRDA:1032,32,1,3
BRDA:1032,32,2,3
BRDA:1054,33,0,3
BRDA:1054,33,1,2
BRDA:1057,34,0,2
BRDA:1057,34,1,3
BRDA:1060,35,0,4
BRDA:1060,35,1,1
BRDA:1081,36,0,3
BRDA:1081,36,1,0
BRDA:1107,37,0,185
BRDA:1107,37,1,5
BRDA:1108,38,0,5
BRDA:1108,38,1,0
BRDA:1109,39,0,2
BRDA:1109,39,1,-2
BRDA:1110,40,0,2
BRDA:1110,40,1,1
BRDA:1129,41,0,185
BRDA:1129,41,1,5
BRDA:1130,42,0,5
BRDA:1130,42,1,0
BRDA:1131,43,0,2
BRDA:1131,43,1,-2
BRDA:1139,44,0,190
BRDA:1145,45,0,190
BRDA:1145,45,1,187
BRDA:1147,46,0,5
BRDA:1147,46,1,185
BRDA:1154,47,0,190
BRDA:1154,47,1,190
BRDA:1155,48,0,3
BRDA:1155,48,1,187
BRDA:1156,49,0,3
BRDA:1156,49,1,187
BRDA:1164,50,0,2
BRDA:1164,50,1,188
BRDA:1164,51,0,190
BRDA:1164,51,1,2
BRDA:1180,52,0,7
BRDA:1180,52,1,4
BRDA:1182,53,0,3
BRDA:1182,53,1,1
BRDA:1187,54,0,1
BRDA:1187,54,1,3
BRDA:1187,55,0,4
BRDA:1187,55,1,1
BRDA:1195,56,0,155
BRDA:1195,56,1,11
BRDA:1195,57,0,166
BRDA:1195,57,1,166
BRDA:1240,58,0,12
BRDA:1240,58,1,29
BRDA:1242,59,0,19
BRDA:1242,59,1,10
BRDA:1244,60,0,2
BRDA:1244,60,1,8
BRDA:1247,61,0,6
BRDA:1247,61,1,33
BRDA:1270,62,0,7
BRDA:1270,62,1,12
BRDA:1306,63,0,36
BRDA:1306,63,1,26
BRDA:1306,64,0,66
BRDA:1306,64,1,44
BRDA:1308,65,0,19
BRDA:1308,65,1,7
BRDA:1311,66,0,3
BRDA:1311,66,1,49
BRDA:1324,67,0,20
BRDA:1324,67,1,46
BRDA:1327,68,0,2
BRDA:1327,68,1,62
BRDA:1328,69,0,64
BRDA:1328,69,1,64
BRDA:1328,69,2,64
BRDA:1328,69,3,64
BRDA:1328,69,4,64
BRDA:1328,69,5,63
BRDA:1328,69,6,63
BRDA:1346,70,0,1
BRDA:1346,70,1,35
BRDA:1346,71,0,36
BRDA:1346,71,1,35
BRDA:1360,72,0,2
BRDA:1360,72,1,17
BRDA:1360,73,0,19
BRDA:1360,73,1,18
BRDA:1367,74,0,4
BRDA:1367,74,1,16
BRDA:1379,75,0,3
BRDA:1379,75,1,14
BRDA:1380,76,0,17
BRDA:1380,76,1,12
BRDA:1380,76,2,7
BRDA:1380,76,3,11
BRDA:1380,76,4,6
BRDA:974,77,0,1
BRDA:974,77,1,237
BRF:165
BRH:156
end_of_record
TN:
SF:src/mint/types/payloads.ts
FNF:0
FNH:0
LF:0
LH:0
BRF:0
BRH:0
end_of_record
TN:
SF:src/mint/types/responses.ts
FNF:0
FNH:0
LF:0
LH:0
BRF:0
BRH:0
end_of_record
TN:
SF:src/model/Amount.ts
FN:4,(anonymous_0)
FN:32,(anonymous_1)
FN:47,(anonymous_2)
FN:85,(anonymous_3)
FN:89,(anonymous_4)
FN:100,(anonymous_5)
FN:109,(anonymous_6)
FN:121,(anonymous_7)
FN:128,(anonymous_8)
FN:135,(anonymous_9)
FN:143,(anonymous_10)
FN:148,(anonymous_11)
FN:157,(anonymous_12)
FN:162,(anonymous_13)
FN:171,(anonymous_14)
FN:198,(anonymous_15)
FN:226,(anonymous_16)
FN:247,(anonymous_17)
FN:266,(anonymous_18)
FN:293,(anonymous_19)
FN:311,(anonymous_20)
FN:316,(anonymous_21)
FN:320,(anonymous_22)
FN:331,(anonymous_23)
FN:338,(anonymous_24)
FN:342,(anonymous_25)
FN:346,(anonymous_26)
FN:350,(anonymous_27)
FN:358,(anonymous_28)
FN:364,(anonymous_29)
FN:370,(anonymous_30)
FN:385,(anonymous_31)
FN:391,(anonymous_32)
FN:416,(anonymous_33)
FN:429,(anonymous_34)
FN:433,(anonymous_35)
FN:437,(anonymous_36)
FN:448,(anonymous_37)
FN:456,(anonymous_38)
FN:460,(anonymous_39)
FN:473,(anonymous_40)
FN:477,(anonymous_41)
FN:488,(anonymous_42)
FN:495,(anonymous_43)
FN:499,(anonymous_44)
FN:507,(anonymous_45)
FN:513,(anonymous_46)
FN:518,(anonymous_47)
FN:523,(anonymous_48)
FN:528,(anonymous_49)
FN:533,(anonymous_50)
FN:537,(anonymous_51)
FN:541,(anonymous_52)
FN:545,(anonymous_53)
FN:549,(anonymous_54)
FN:555,(anonymous_55)
FN:565,(anonymous_56)
FN:569,(anonymous_57)
FN:573,(anonymous_58)
FN:577,(anonymous_59)
FN:581,(anonymous_60)
FN:585,(anonymous_61)
FN:593,(anonymous_62)
FN:598,(anonymous_63)
FN:613,(anonymous_64)
FNF:65
FNH:65
FNDA:88,(anonymous_0)
FNDA:18366,(anonymous_1)
FNDA:82,(anonymous_2)
FNDA:82,(anonymous_3)
FNDA:82,(anonymous_4)
FNDA:704,(anonymous_5)
FNDA:3581,(anonymous_6)
FNDA:17,(anonymous_7)
FNDA:1711,(anonymous_8)
FNDA:31,(anonymous_9)
FNDA:633,(anonymous_10)
FNDA:944,(anonymous_11)
FNDA:828,(anonymous_12)
FNDA:804,(anonymous_13)
FNDA:6,(anonymous_14)
FNDA:20,(anonymous_15)
FNDA:20,(anonymous_16)
FNDA:16,(anonymous_17)
FNDA:18,(anonymous_18)
FNDA:18,(anonymous_19)
FNDA:3591,(anonymous_20)
FNDA:2495,(anonymous_21)
FNDA:3586,(anonymous_22)
FNDA:5914,(anonymous_23)
FNDA:75,(anonymous_24)
FNDA:16,(anonymous_25)
FNDA:920,(anonymous_26)
FNDA:25,(anonymous_27)
FNDA:82,(anonymous_28)
FNDA:82,(anonymous_29)
FNDA:82,(anonymous_30)
FNDA:4,(anonymous_31)
FNDA:62,(anonymous_32)
FNDA:126,(anonymous_33)
FNDA:82,(anonymous_34)
FNDA:82,(anonymous_35)
FNDA:82,(anonymous_36)
FNDA:52,(anonymous_37)
FNDA:2,(anonymous_38)
FNDA:2,(anonymous_39)
FNDA:26,(anonymous_40)
FNDA:6,(anonymous_41)
FNDA:36,(anonymous_42)
FNDA:4,(anonymous_43)
FNDA:4,(anonymous_44)
FNDA:86,(anonymous_45)
FNDA:8,(anonymous_46)
FNDA:4,(anonymous_47)
FNDA:6,(anonymous_48)
FNDA:34,(anonymous_49)
FNDA:4,(anonymous_50)
FNDA:4,(anonymous_51)
FNDA:4,(anonymous_52)
FNDA:4,(anonymous_53)
FNDA:6,(anonymous_54)
FNDA:6,(anonymous_55)
FNDA:2,(anonymous_56)
FNDA:2,(anonymous_57)
FNDA:2,(anonymous_58)
FNDA:2,(anonymous_59)
FNDA:2,(anonymous_60)
FNDA:2,(anonymous_61)
FNDA:82,(anonymous_62)
FNDA:82,(anonymous_63)
FNDA:82,(anonymous_64)
DA:5,88
DA:6,88
DA:7,88
DA:33,18366
DA:34,18366
DA:48,25997
DA:50,14322
DA:51,211
DA:52,2
DA:54,209
DA:57,14111
DA:59,5805
DA:60,20
DA:62,5785
DA:63,6
DA:65,5779
DA:66,6
DA:68,5773
DA:71,8306
DA:73,8292
DA:74,4
DA:78,8288
DA:82,14
DA:86,39
DA:90,18
DA:101,704
DA:110,3581
DA:111,12
DA:115,3569
DA:122,17
DA:129,1711
DA:136,31
DA:144,633
DA:145,633
DA:149,944
DA:150,944
DA:151,944
DA:152,2
DA:154,942
DA:158,828
DA:159,828
DA:163,804
DA:164,804
DA:165,2
DA:168,802
DA:172,6
DA:173,6
DA:174,2
DA:177,4
DA:199,20
DA:200,4
DA:202,16
DA:203,2
DA:208,14
DA:227,20
DA:228,4
DA:230,16
DA:231,2
DA:235,14
DA:248,16
DA:249,16
DA:250,16
DA:251,2
DA:253,14
DA:267,18
DA:268,18
DA:269,18
DA:270,2
DA:272,16
DA:294,18
DA:295,18
DA:296,18
DA:297,16
DA:298,2
DA:301,14
DA:312,3591
DA:313,3591
DA:317,2495
DA:321,3586
DA:332,5914
DA:333,5914
DA:334,4861
DA:335,275
DA:339,75
DA:343,16
DA:347,920
DA:351,25
DA:359,18
DA:360,18
DA:361,18
DA:365,18
DA:366,18
DA:367,18
DA:371,830
DA:372,830
DA:373,1234
DA:375,830
DA:386,4
DA:392,62
DA:393,62
DA:394,62
DA:417,126
DA:418,10
DA:420,116
DA:421,116
DA:422,116
DA:430,76
DA:434,8
DA:438,6
DA:449,52
DA:457,2
DA:461,2
DA:474,26
DA:478,6
DA:489,36
DA:490,16
DA:496,4
DA:500,4
DA:508,86
DA:509,30
DA:514,8
DA:515,8
DA:519,4
DA:520,4
DA:524,6
DA:525,6
DA:529,34
DA:530,34
DA:534,4
DA:538,4
DA:542,4
DA:546,4
DA:550,6
DA:551,6
DA:552,6
DA:556,6
DA:557,6
DA:558,6
DA:566,2
DA:570,2
DA:574,2
DA:578,2
DA:582,2
DA:586,2
DA:594,8
DA:595,8
DA:599,6
DA:600,6
DA:614,10
DA:615,10
DA:616,10
DA:617,10
DA:618,14
DA:619,4
DA:620,10
DA:621,4
DA:623,10
DA:624,10
DA:626,6
DA:627,2
DA:629,4
LF:161
LH:161
BRDA:48,0,0,11675
BRDA:48,0,1,14322
BRDA:50,1,0,211
BRDA:50,1,1,14111
BRDA:51,2,0,2
BRDA:51,2,1,209
BRDA:57,3,0,5805
BRDA:57,3,1,8306
BRDA:59,4,0,20
BRDA:59,4,1,5785
BRDA:59,5,0,5805
BRDA:59,5,1,5793
BRDA:62,6,0,6
BRDA:62,6,1,5779
BRDA:65,7,0,6
BRDA:65,7,1,5773
BRDA:71,8,0,8292
BRDA:71,8,1,14
BRDA:73,9,0,4
BRDA:73,9,1,8288
BRDA:110,10,0,12
BRDA:110,10,1,3569
BRDA:151,11,0,2
BRDA:151,11,1,942
BRDA:164,12,0,2
BRDA:164,12,1,802
BRDA:173,13,0,2
BRDA:173,13,1,4
BRDA:198,14,0,20
BRDA:199,15,0,4
BRDA:199,15,1,16
BRDA:199,16,0,20
BRDA:199,16,1,20
BRDA:202,17,0,2
BRDA:202,17,1,14
BRDA:202,18,0,16
BRDA:202,18,1,16
BRDA:226,19,0,20
BRDA:227,20,0,4
BRDA:227,20,1,16
BRDA:227,21,0,20
BRDA:227,21,1,20
BRDA:230,22,0,2
BRDA:230,22,1,14
BRDA:230,23,0,16
BRDA:230,23,1,16
BRDA:250,24,0,2
BRDA:250,24,1,14
BRDA:253,25,0,14
BRDA:253,25,1,12
BRDA:269,26,0,2
BRDA:269,26,1,16
BRDA:296,27,0,2
BRDA:296,27,1,16
BRDA:297,28,0,2
BRDA:297,28,1,14
BRDA:333,29,0,1053
BRDA:333,29,1,4861
BRDA:334,30,0,4586
BRDA:334,30,1,275
BRDA:361,31,0,8
BRDA:361,31,1,10
BRDA:367,32,0,6
BRDA:367,32,1,12
BRDA:417,33,0,10
BRDA:417,33,1,116
BRDA:417,34,0,126
BRDA:417,34,1,122
BRDA:489,35,0,20
BRDA:489,35,1,16
BRDA:491,36,0,12
BRDA:491,36,1,4
BRDA:508,37,0,30
BRDA:508,37,1,56
BRDA:595,38,0,4
BRDA:595,38,1,2
BRDA:600,39,0,2
BRDA:600,39,1,2
BRDA:618,40,0,4
BRDA:618,40,1,10
BRDA:620,41,0,4
BRDA:620,41,1,6
BRDA:626,42,0,2
BRDA:626,42,1,4
BRDA:629,43,0,2
BRDA:629,43,1,2
BRF:86
BRH:86
end_of_record
TN:
SF:src/model/BlindedMessage.ts
FN:10,(anonymous_0)
FN:16,(anonymous_1)
FN:20,(anonymous_2)
FNF:3
FNH:2
FNDA:370,(anonymous_0)
FNDA:0,(anonymous_1)
FNDA:370,(anonymous_2)
DA:11,370
DA:12,370
DA:13,370
DA:17,0
DA:21,370
LF:5
LH:4
BRF:0
BRH:0
end_of_record
TN:
SF:src/model/BlindedSignature.ts
FN:16,(anonymous_0)
FN:23,(anonymous_1)
FNF:2
FNH:0
FNDA:0,(anonymous_0)
FNDA:0,(anonymous_1)
DA:17,0
DA:18,0
DA:19,0
DA:20,0
DA:24,0
LF:5
LH:0
BRDA:28,0,0,0
BRDA:28,0,1,0
BRDA:32,1,0,0
BRDA:32,1,1,0
BRF:4
BRH:0
end_of_record
TN:
SF:src/model/Errors.ts
FN:7,(anonymous_0)
FN:27,(anonymous_1)
FN:39,(anonymous_2)
FN:52,(anonymous_3)
FN:69,(anonymous_4)
FN:84,isMintOperationError
FNF:6
FNH:6
FNDA:970,(anonymous_0)
FNDA:34,(anonymous_1)
FNDA:74,(anonymous_2)
FNDA:10,(anonymous_3)
FNDA:7,(anonymous_4)
FNDA:17,isMintOperationError
DA:8,970
DA:9,970
DA:10,970
DA:11,195
DA:18,970
DA:28,34
DA:29,34
DA:30,34
DA:31,34
DA:40,74
DA:41,74
DA:42,74
DA:54,10
DA:56,10
DA:57,10
DA:58,10
DA:70,7
DA:71,7
DA:72,7
DA:73,7
DA:85,17
LF:21
LH:21
BRDA:10,0,0,195
BRDA:10,0,1,775
BRDA:70,1,0,7
BRDA:70,1,1,0
BRDA:86,2,0,17
BRDA:86,2,1,12
BRDA:86,2,2,8
BRDA:86,2,3,3
BRF:8
BRH:7
end_of_record
TN:
SF:src/model/MintInfo.ts
FN:32,(anonymous_0)
FN:43,(anonymous_1)
FN:74,(anonymous_2)
FN:75,(anonymous_3)
FN:82,(anonymous_4)
FN:93,(anonymous_5)
FN:127,(anonymous_6)
FN:169,(anonymous_7)
FN:203,(anonymous_8)
FN:207,(anonymous_9)
FN:211,(anonymous_10)
FN:230,(anonymous_11)
FN:234,(anonymous_12)
FN:242,(anonymous_13)
FN:249,(anonymous_14)
FN:256,(anonymous_15)
FN:273,(anonymous_16)
FN:283,(anonymous_17)
FN:302,(anonymous_18)
FN:334,(anonymous_19)
FN:335,(anonymous_20)
FN:342,(anonymous_21)
FN:345,(anonymous_22)
FN:348,(anonymous_23)
FN:351,(anonymous_24)
FN:354,(anonymous_25)
FN:357,(anonymous_26)
FN:360,(anonymous_27)
FN:363,(anonymous_28)
FN:366,(anonymous_29)
FN:377,(anonymous_30)
FN:378,(anonymous_31)
FN:390,(anonymous_32)
FN:393,(anonymous_33)
FN:396,(anonymous_34)
FN:401,(anonymous_35)
FNF:36
FNH:34
FNDA:308,(anonymous_0)
FNDA:55,(anonymous_1)
FNDA:55,(anonymous_2)
FNDA:4877,(anonymous_3)
FNDA:55,(anonymous_4)
FNDA:55,(anonymous_5)
FNDA:55,(anonymous_6)
FNDA:235,(anonymous_7)
FNDA:47,(anonymous_8)
FNDA:6,(anonymous_9)
FNDA:53,(anonymous_10)
FNDA:6,(anonymous_11)
FNDA:53,(anonymous_12)
FNDA:1,(anonymous_13)
FNDA:1,(anonymous_14)
FNDA:133,(anonymous_15)
FNDA:40,(anonymous_16)
FNDA:612,(anonymous_17)
FNDA:612,(anonymous_18)
FNDA:0,(anonymous_19)
FNDA:0,(anonymous_20)
FNDA:4,(anonymous_21)
FNDA:7,(anonymous_22)
FNDA:1,(anonymous_23)
FNDA:1,(anonymous_24)
FNDA:7,(anonymous_25)
FNDA:4,(anonymous_26)
FNDA:32,(anonymous_27)
FNDA:1,(anonymous_28)
FNDA:1,(anonymous_29)
FNDA:8,(anonymous_30)
FNDA:24,(anonymous_31)
FNDA:52,(anonymous_32)
FNDA:147,(anonymous_33)
FNDA:4,(anonymous_34)
FNDA:5,(anonymous_35)
DA:33,308
DA:34,308
DA:36,308
DA:37,308
DA:39,308
DA:40,308
DA:44,543
DA:75,992
DA:76,4877
DA:77,4877
DA:78,4877
DA:85,15
DA:87,15
DA:97,31
DA:99,31
DA:100,31
DA:101,31
DA:107,2
DA:113,31
DA:114,2
DA:118,2
DA:121,31
DA:131,32
DA:133,32
DA:134,32
DA:135,32
DA:141,6
DA:147,32
DA:148,3
DA:152,3
DA:157,32
DA:170,235
DA:173,53
DA:183,6
DA:186,1
DA:189,1
DA:192,133
DA:195,40
DA:198,1
DA:204,47
DA:208,6
DA:212,53
DA:215,48
DA:216,48
DA:217,48
DA:220,48
DA:223,37
DA:224,22
DA:227,23
DA:231,6
DA:235,53
DA:236,53
DA:237,52
DA:239,1
DA:243,1
DA:244,1
DA:246,0
DA:250,1
DA:251,1
DA:253,0
DA:257,133
DA:258,133
DA:259,13
DA:260,7
DA:270,126
DA:274,40
DA:275,40
DA:276,25
DA:278,15
DA:284,612
DA:285,27
DA:286,27
DA:287,29
DA:288,29
DA:289,29
DA:290,29
DA:291,29
DA:292,29
DA:293,29
DA:294,29
DA:299,27
DA:303,612
DA:305,26
DA:306,26
DA:308,26
DA:309,29
DA:314,29
DA:315,29
DA:318,29
DA:319,4
DA:320,4
DA:324,25
DA:325,2
DA:326,2
DA:330,23
DA:334,26
DA:335,26
DA:337,26
DA:343,4
DA:346,7
DA:349,1
DA:352,1
DA:355,7
DA:358,4
DA:361,32
DA:364,1
DA:367,1
DA:378,8
DA:380,24
DA:391,52
DA:392,52
DA:393,147
DA:397,4
DA:399,4
DA:401,4
DA:402,5
LF:116
LH:114
BRDA:33,0,0,308
BRDA:33,0,1,33
BRDA:43,1,0,543
BRDA:48,2,0,494
BRDA:48,2,1,49
BRDA:56,3,0,498
BRDA:56,3,1,45
BRDA:64,4,0,15
BRDA:64,4,1,528
BRDA:65,5,0,31
BRDA:65,5,1,509
BRDA:66,6,0,32
BRDA:66,6,1,508
BRDA:85,7,0,0
BRDA:85,7,1,15
BRDA:97,8,0,0
BRDA:97,8,1,31
BRDA:113,9,0,2
BRDA:113,9,1,29
BRDA:131,10,0,0
BRDA:131,10,1,32
BRDA:147,11,0,3
BRDA:147,11,1,29
BRDA:170,12,0,25
BRDA:170,12,1,53
BRDA:170,12,2,0
BRDA:170,12,3,0
BRDA:170,12,4,0
BRDA:170,12,5,1
BRDA:170,12,6,1
BRDA:170,12,7,6
BRDA:170,12,8,6
BRDA:170,12,9,6
BRDA:170,12,10,1
BRDA:170,12,11,1
BRDA:170,12,12,133
BRDA:170,12,13,40
BRDA:170,12,14,1
BRDA:212,13,0,5
BRDA:212,13,1,48
BRDA:217,14,0,0
BRDA:217,14,1,48
BRDA:217,15,0,48
BRDA:217,15,1,48
BRDA:220,16,0,11
BRDA:220,16,1,37
BRDA:224,17,0,14
BRDA:224,17,1,8
BRDA:231,18,0,6
BRDA:231,18,1,0
BRDA:236,19,0,52
BRDA:236,19,1,1
BRDA:236,20,0,53
BRDA:236,20,1,53
BRDA:236,20,2,52
BRDA:239,21,0,1
BRDA:239,21,1,0
BRDA:243,22,0,1
BRDA:243,22,1,0
BRDA:243,23,0,1
BRDA:243,23,1,1
BRDA:250,24,0,1
BRDA:250,24,1,0
BRDA:250,25,0,1
BRDA:250,25,1,1
BRDA:258,26,0,7
BRDA:258,26,1,126
BRDA:258,27,0,133
BRDA:258,27,1,7
BRDA:258,28,0,7
BRDA:258,28,1,0
BRDA:265,29,0,2
BRDA:265,29,1,5
BRDA:275,30,0,25
BRDA:275,30,1,15
BRDA:284,31,0,585
BRDA:284,31,1,27
BRDA:287,32,0,29
BRDA:287,32,1,0
BRDA:287,33,0,29
BRDA:287,33,1,29
BRDA:291,34,0,29
BRDA:291,34,1,0
BRDA:291,35,0,29
BRDA:291,35,1,29
BRDA:293,36,0,29
BRDA:293,36,1,0
BRDA:293,37,0,29
BRDA:293,37,1,25
BRDA:303,38,0,586
BRDA:303,38,1,26
BRDA:314,39,0,6
BRDA:314,39,1,23
BRDA:315,40,0,4
BRDA:315,40,1,25
BRDA:318,41,0,4
BRDA:318,41,1,25
BRDA:324,42,0,2
BRDA:324,42,1,23
BRDA:380,43,0,24
BRDA:380,43,1,10
BRDA:380,43,2,8
BRDA:380,43,3,5
BRDA:391,44,0,25
BRDA:391,44,1,27
BRDA:392,45,0,1
BRDA:392,45,1,51
BRDA:393,46,0,147
BRDA:393,46,1,52
BRDA:396,47,0,4
BRDA:396,48,0,4
BRDA:397,49,0,4
BRDA:397,49,1,0
BRDA:399,50,0,0
BRDA:399,50,1,4
BRDA:402,51,0,5
BRDA:402,51,1,3
BRDA:402,51,2,3
BRF:118
BRH:101
end_of_record
TN:
SF:src/model/OutputData.ts
FN:97,assertValidTagKey
FN:104,isOutputDataFactory
FN:116,(anonymous_2)
FN:128,(anonymous_3)
FN:176,(anonymous_4)
FN:183,(anonymous_5)
FN:186,(anonymous_6)
FN:247,(anonymous_7)
FN:288,(anonymous_8)
FN:290,(anonymous_9)
FN:293,(anonymous_10)
FN:305,(anonymous_11)
FN:316,(anonymous_12)
FN:325,(anonymous_13)
FN:344,(anonymous_14)
FN:345,(anonymous_15)
FN:370,(anonymous_16)
FN:390,(anonymous_17)
FN:415,createSingleDeterministicDataFromBytes
FNF:19
FNH:19
FNDA:136,assertValidTagKey
FNDA:4,isOutputDataFactory
FNDA:388,(anonymous_2)
FNDA:107,(anonymous_3)
FNDA:59,(anonymous_4)
FNDA:102,(anonymous_5)
FNDA:59,(anonymous_6)
FNDA:60,(anonymous_7)
FNDA:59,(anonymous_8)
FNDA:13,(anonymous_9)
FNDA:59,(anonymous_10)
FNDA:59,(anonymous_11)
FNDA:52,(anonymous_12)
FNDA:59,(anonymous_13)
FNDA:59,(anonymous_14)
FNDA:9,(anonymous_15)
FNDA:59,(anonymous_16)
FNDA:59,(anonymous_17)
FNDA:62,createSingleDeterministicDataFromBytes
DA:35,59
DA:82,59
DA:98,136
DA:99,134
DA:100,14
DA:107,4
DA:122,388
DA:123,388
DA:124,388
DA:125,388
DA:129,107
DA:130,2
DA:135,105
DA:136,4
DA:142,105
DA:143,105
DA:146,105
DA:147,6
DA:148,6
DA:149,4
DA:150,2
DA:154,103
DA:155,103
DA:156,103
DA:171,107
DA:173,103
DA:182,12
DA:183,102
DA:187,189
DA:188,189
DA:189,189
DA:190,189
DA:191,189
DA:192,189
DA:195,189
DA:196,189
DA:197,189
DA:198,189
DA:199,189
DA:203,189
DA:204,10
DA:206,47
DA:207,10
DA:209,4
DA:212,6
DA:213,6
DA:215,10
DA:216,10
DA:220,170
DA:222,170
DA:223,189
DA:224,88
DA:227,170
DA:228,57
DA:229,57
DA:230,30
DA:234,170
DA:235,84
DA:236,84
DA:237,13
DA:241,170
DA:242,8
DA:246,170
DA:247,18
DA:248,60
DA:249,60
DA:251,18
DA:255,170
DA:256,189
DA:264,189
DA:268,189
DA:269,189
DA:270,2
DA:276,168
DA:277,168
DA:280,168
DA:289,7
DA:290,13
DA:294,140
DA:295,140
DA:296,140
DA:297,140
DA:298,140
DA:312,26
DA:315,26
DA:316,26
DA:317,52
DA:331,10
DA:345,9
DA:371,12
DA:391,10
DA:392,10
DA:393,2
DA:395,8
DA:406,4
DA:407,4
DA:420,62
DA:421,62
DA:422,62
DA:425,62
DA:426,62
DA:427,62
LF:102
LH:102
BRDA:98,0,0,2
BRDA:98,0,1,134
BRDA:98,1,0,136
BRDA:98,1,1,134
BRDA:99,2,0,14
BRDA:99,2,1,120
BRDA:129,3,0,2
BRDA:129,3,1,105
BRDA:135,4,0,4
BRDA:135,4,1,101
BRDA:146,5,0,4
BRDA:146,5,1,101
BRDA:149,6,0,2
BRDA:149,6,1,2
BRDA:161,7,0,103
BRDA:161,7,1,2
BRDA:165,8,0,2
BRDA:165,8,1,0
BRDA:171,9,0,4
BRDA:171,9,1,103
BRDA:189,10,0,57
BRDA:189,10,1,113
BRDA:190,11,0,189
BRDA:190,11,1,86
BRDA:191,12,0,189
BRDA:191,12,1,140
BRDA:192,13,0,189
BRDA:192,13,1,157
BRDA:196,14,0,189
BRDA:196,14,1,12
BRDA:197,15,0,12
BRDA:197,15,1,158
BRDA:198,16,0,12
BRDA:198,16,1,158
BRDA:203,17,0,10
BRDA:203,17,1,179
BRDA:207,18,0,4
BRDA:207,18,1,6
BRDA:222,19,0,170
BRDA:222,19,1,82
BRDA:223,20,0,88
BRDA:223,20,1,101
BRDA:223,21,0,189
BRDA:223,21,1,88
BRDA:227,22,0,57
BRDA:227,22,1,113
BRDA:229,23,0,30
BRDA:229,23,1,27
BRDA:234,24,0,84
BRDA:234,24,1,86
BRDA:236,25,0,13
BRDA:236,25,1,71
BRDA:241,26,0,8
BRDA:241,26,1,162
BRDA:246,27,0,18
BRDA:246,27,1,152
BRDA:255,28,0,12
BRDA:255,28,1,158
BRDA:269,29,0,2
BRDA:269,29,1,187
BRDA:379,30,0,12
BRDA:379,30,1,2
BRDA:392,31,0,2
BRDA:392,31,1,8
BRDA:406,32,0,4
BRDA:406,32,1,0
BRF:66
BRH:64
end_of_record
TN:
SF:src/model/OutputDataCreator.ts
FN:53,(anonymous_0)
FN:60,(anonymous_1)
FN:63,(anonymous_2)
FN:67,(anonymous_3)
FN:73,(anonymous_4)
FN:76,(anonymous_5)
FN:80,(anonymous_6)
FN:96,(anonymous_7)
FN:105,(anonymous_8)
FNF:9
FNH:9
FNDA:2,(anonymous_0)
FNDA:3,(anonymous_1)
FNDA:3,(anonymous_2)
FNDA:74,(anonymous_3)
FNDA:119,(anonymous_4)
FNDA:119,(anonymous_5)
FNDA:28,(anonymous_6)
FNDA:4,(anonymous_7)
FNDA:2,(anonymous_8)
DA:59,2
DA:60,3
DA:64,3
DA:72,74
DA:73,119
DA:77,119
DA:87,28
DA:93,26
DA:95,2
DA:96,2
DA:97,4
DA:111,2
LF:12
LH:12
BRDA:87,0,0,26
BRDA:87,0,1,2
BRF:2
BRH:2
end_of_record
TN:
SF:src/model/PaymentRequest.ts
FN:22,(anonymous_0)
FN:35,(anonymous_1)
FN:38,(anonymous_2)
FN:72,(anonymous_3)
FN:84,(anonymous_4)
FN:94,(anonymous_5)
FN:116,(anonymous_6)
FN:117,(anonymous_7)
FN:131,(anonymous_8)
FN:165,(anonymous_9)
FN:182,(anonymous_10)
FN:184,(anonymous_11)
FN:209,(anonymous_12)
FNF:13
FNH:12
FNDA:64,(anonymous_0)
FNDA:6,(anonymous_1)
FNDA:4,(anonymous_2)
FNDA:4,(anonymous_3)
FNDA:0,(anonymous_4)
FNDA:12,(anonymous_5)
FNDA:2,(anonymous_6)
FNDA:2,(anonymous_7)
FNDA:24,(anonymous_8)
FNDA:20,(anonymous_9)
FNDA:74,(anonymous_10)
FNDA:8,(anonymous_11)
FNDA:74,(anonymous_12)
DA:23,64
DA:24,64
DA:26,64
DA:27,64
DA:28,64
DA:29,64
DA:30,64
DA:32,64
DA:36,6
DA:37,6
DA:38,4
DA:44,6
DA:45,6
DA:47,6
DA:48,6
DA:50,6
DA:51,6
DA:53,6
DA:54,6
DA:56,6
DA:57,4
DA:59,6
DA:60,4
DA:62,6
DA:63,4
DA:69,6
DA:73,4
DA:74,4
DA:75,4
DA:76,4
DA:85,0
DA:95,12
DA:112,12
DA:113,12
DA:117,2
DA:132,24
DA:133,24
DA:134,24
DA:135,4
DA:137,20
DA:138,4
DA:144,16
DA:148,24
DA:149,24
DA:150,24
DA:156,24
DA:157,24
DA:158,24
DA:159,24
DA:160,24
DA:161,2
DA:165,12
DA:166,20
DA:168,24
DA:169,2
DA:172,12
DA:183,10
DA:184,8
DA:190,10
DA:197,10
DA:210,28
DA:213,28
DA:214,22
DA:215,22
DA:216,16
DA:223,16
DA:236,12
DA:237,2
DA:239,10
DA:240,10
DA:241,2
DA:243,8
DA:244,8
DA:245,8
DA:246,8
LF:75
LH:74
BRDA:29,0,0,64
BRDA:32,1,0,58
BRDA:32,1,1,6
BRDA:37,2,0,4
BRDA:37,2,1,2
BRDA:44,3,0,6
BRDA:44,3,1,0
BRDA:47,4,0,6
BRDA:47,4,1,0
BRDA:50,5,0,6
BRDA:50,5,1,0
BRDA:53,6,0,6
BRDA:53,6,1,0
BRDA:56,7,0,4
BRDA:56,7,1,2
BRDA:59,8,0,4
BRDA:59,8,1,2
BRDA:62,9,0,4
BRDA:62,9,1,2
BRDA:97,10,0,10
BRDA:97,10,1,2
BRDA:103,11,0,4
BRDA:103,11,1,8
BRDA:134,12,0,4
BRDA:134,12,1,20
BRDA:134,13,0,24
BRDA:134,13,1,22
BRDA:134,13,2,8
BRDA:137,14,0,4
BRDA:137,14,1,16
BRDA:146,15,0,16
BRDA:146,15,1,0
BRDA:148,16,0,24
BRDA:148,16,1,8
BRDA:150,17,0,4
BRDA:150,17,1,8
BRDA:152,18,0,6
BRDA:152,18,1,2
BRDA:160,19,0,2
BRDA:160,19,1,22
BRDA:165,20,0,12
BRDA:165,20,1,0
BRDA:166,21,0,20
BRDA:166,21,1,20
BRDA:168,22,0,2
BRDA:168,22,1,22
BRDA:183,23,0,8
BRDA:183,23,1,2
BRDA:190,24,0,6
BRDA:190,24,1,4
BRDA:213,25,0,16
BRDA:213,25,1,12
BRDA:216,26,0,4
BRDA:216,26,1,12
BRDA:220,27,0,4
BRDA:220,27,1,2
BRDA:230,28,0,16
BRDA:230,28,1,4
BRDA:236,29,0,2
BRDA:236,29,1,10
BRDA:240,30,0,2
BRDA:240,30,1,8
BRDA:148,31,0,12
BRDA:148,31,1,4
BRF:64
BRH:58
end_of_record
TN:
SF:src/model/SigAll.ts
FN:76,computeDigests
FN:81,(anonymous_1)
FN:91,serializePackage
FN:109,deserializePackage
FN:210,signPackage
FN:234,extractSwapPackage
FN:240,(anonymous_6)
FN:244,extractMeltPackage
FN:250,(anonymous_8)
FN:255,buildSigningPackage
FN:265,(anonymous_10)
FN:279,(anonymous_11)
FN:285,mergeSwapPackage
FN:290,mergeMeltPackage
FN:298,mergeSignatures
FNF:15
FNH:15
FNDA:74,computeDigests
FNDA:114,(anonymous_1)
FNDA:20,serializePackage
FNDA:48,deserializePackage
FNDA:30,signPackage
FNDA:40,extractSwapPackage
FNDA:76,(anonymous_6)
FNDA:12,extractMeltPackage
FNDA:12,(anonymous_8)
FNDA:52,buildSigningPackage
FNDA:88,(anonymous_10)
FNDA:54,(anonymous_11)
FNDA:14,mergeSwapPackage
FNDA:6,mergeMeltPackage
FNDA:20,mergeSignatures
DA:18,48
DA:81,114
DA:82,74
DA:83,74
DA:85,74
DA:93,20
DA:95,20
DA:97,20
DA:98,20
DA:100,20
DA:101,20
DA:103,20
DA:104,20
DA:106,20
DA:113,48
DA:114,2
DA:117,46
DA:120,46
DA:121,46
DA:123,1
DA:131,45
DA:132,45
DA:134,3
DA:140,42
DA:141,2
DA:144,40
DA:146,40
DA:147,40
DA:148,2
DA:151,38
DA:152,38
DA:153,2
DA:156,36
DA:157,2
DA:160,34
DA:161,20
DA:163,20
DA:165,20
DA:167,18
DA:170,30
DA:171,2
DA:174,28
DA:175,30
DA:177,30
DA:179,28
DA:180,2
DA:183,26
DA:185,24
DA:188,22
DA:191,20
DA:192,20
DA:193,4
DA:197,16
DA:198,4
DA:199,4
DA:200,2
DA:202,2
DA:203,0
DA:207,14
DA:211,30
DA:213,30
DA:214,0
DA:218,30
DA:219,30
DA:220,28
DA:224,30
DA:225,0
DA:228,30
DA:236,40
DA:237,40
DA:240,76
DA:247,12
DA:250,12
DA:262,52
DA:265,88
DA:266,52
DA:267,52
DA:269,52
DA:270,0
DA:275,52
DA:279,54
DA:286,14
DA:287,14
DA:294,6
DA:295,6
DA:299,20
DA:300,4
DA:303,16
DA:305,16
DA:306,16
DA:307,16
DA:308,20
DA:316,20
DA:438,48
LF:94
LH:90
BRDA:95,0,0,4
BRDA:95,0,1,16
BRDA:100,1,0,20
BRDA:100,1,1,0
BRDA:101,2,0,2
BRDA:101,2,1,18
BRDA:103,3,0,20
BRDA:103,3,1,0
BRDA:113,4,0,2
BRDA:113,4,1,46
BRDA:124,5,0,1
BRDA:124,5,1,0
BRDA:135,6,0,3
BRDA:135,6,1,0
BRDA:140,7,0,2
BRDA:140,7,1,40
BRDA:140,8,0,42
BRDA:140,8,1,42
BRDA:147,9,0,2
BRDA:147,9,1,38
BRDA:152,10,0,2
BRDA:152,10,1,36
BRDA:152,11,0,38
BRDA:152,11,1,6
BRDA:156,12,0,2
BRDA:156,12,1,34
BRDA:163,13,0,0
BRDA:163,13,1,20
BRDA:163,14,0,20
BRDA:163,14,1,20
BRDA:165,15,0,2
BRDA:165,15,1,18
BRDA:167,16,0,2
BRDA:167,16,1,16
BRDA:170,17,0,2
BRDA:170,17,1,28
BRDA:177,18,0,2
BRDA:177,18,1,28
BRDA:177,19,0,30
BRDA:177,19,1,28
BRDA:179,20,0,2
BRDA:179,20,1,26
BRDA:179,21,0,28
BRDA:179,21,1,4
BRDA:183,22,0,2
BRDA:183,22,1,24
BRDA:183,23,0,26
BRDA:183,23,1,24
BRDA:185,24,0,2
BRDA:185,24,1,22
BRDA:185,25,0,24
BRDA:185,25,1,22
BRDA:192,26,0,4
BRDA:192,26,1,16
BRDA:192,27,0,20
BRDA:192,27,1,18
BRDA:192,27,2,18
BRDA:197,28,0,4
BRDA:197,28,1,12
BRDA:199,29,0,2
BRDA:199,29,1,2
BRDA:202,30,0,0
BRDA:202,30,1,2
BRDA:202,31,0,2
BRDA:202,31,1,2
BRDA:213,32,0,0
BRDA:213,32,1,30
BRDA:219,33,0,28
BRDA:219,33,1,2
BRDA:224,34,0,0
BRDA:224,34,1,30
BRDA:230,35,0,30
BRDA:230,35,1,26
BRDA:236,36,0,40
BRDA:236,36,1,0
BRDA:236,37,0,40
BRDA:236,37,1,0
BRDA:269,38,0,0
BRDA:269,38,1,52
BRDA:278,39,0,12
BRDA:278,39,1,40
BRDA:299,40,0,4
BRDA:299,40,1,16
BRDA:303,41,0,0
BRDA:303,41,1,16
BRDA:307,42,0,16
BRDA:307,42,1,12
BRDA:311,43,0,20
BRDA:311,43,1,12
BRF:89
BRH:77
end_of_record
TN:
SF:src/model/types/NUT03.ts
FNF:0
FNH:0
LF:0
LH:0
BRF:0
BRH:0
end_of_record
TN:
SF:src/model/types/NUT04.ts
FNF:0
FNH:0
DA:3,55
LF:1
LH:1
BRF:0
BRH:0
end_of_record
TN:
SF:src/model/types/NUT05.ts
FNF:0
FNH:0
DA:6,55
LF:1
LH:1
BRF:0
BRH:0
end_of_record
TN:
SF:src/model/types/NUT06.ts
FNF:0
FNH:0
LF:0
LH:0
BRF:0
BRH:0
end_of_record
TN:
SF:src/model/types/NUT07.ts
FNF:0
FNH:0
DA:13,55
LF:1
LH:1
BRF:0
BRH:0
end_of_record
TN:
SF:src/model/types/NUT19.ts
FNF:0
FNH:0
LF:0
LH:0
BRF:0
BRH:0
end_of_record
TN:
SF:src/model/types/NUT23.ts
FNF:0
FNH:0
LF:0
LH:0
BRF:0
BRH:0
end_of_record
TN:
SF:src/model/types/NUT25.ts
FNF:0
FNH:0
LF:0
LH:0
BRF:0
BRH:0
end_of_record
TN:
SF:src/model/types/NUT29.ts
FNF:0
FNH:0
LF:0
LH:0
BRF:0
BRH:0
end_of_record
TN:
SF:src/model/types/NUT30.ts
FNF:0
FNH:0
LF:0
LH:0
BRF:0
BRH:0
end_of_record
TN:
SF:src/model/types/blinded.ts
FNF:0
FNH:0
LF:0
LH:0
BRF:0
BRH:0
end_of_record
TN:
SF:src/model/types/jsonrpc.ts
FNF:0
FNH:0
LF:0
LH:0
BRF:0
BRH:0
end_of_record
TN:
SF:src/model/types/keyset.ts
FNF:0
FNH:0
LF:0
LH:0
BRF:0
BRH:0
end_of_record
TN:
SF:src/model/types/proof.ts
FNF:0
FNH:0
LF:0
LH:0
BRF:0
BRH:0
end_of_record
TN:
SF:src/model/types/token.ts
FNF:0
FNH:0
LF:0
LH:0
BRF:0
BRH:0
end_of_record
TN:
SF:src/model/types/token.v4.ts
FNF:0
FNH:0
LF:0
LH:0
BRF:0
BRH:0
end_of_record
TN:
SF:src/transport/WSConnection.ts
FN:10,(anonymous_0)
FN:23,(anonymous_1)
FN:35,(anonymous_2)
FN:67,(anonymous_3)
FN:74,(anonymous_4)
FN:78,(anonymous_5)
FN:81,(anonymous_6)
FN:86,(anonymous_7)
FN:93,(anonymous_8)
FN:112,(anonymous_9)
FN:117,(anonymous_10)
FN:127,(anonymous_11)
FN:131,(anonymous_12)
FN:136,(anonymous_13)
FN:145,(anonymous_14)
FN:152,(anonymous_15)
FN:176,(anonymous_16)
FN:185,(anonymous_17)
FN:199,(anonymous_18)
FN:205,(anonymous_19)
FN:216,(anonymous_20)
FN:228,(anonymous_21)
FN:261,(anonymous_22)
FN:269,(anonymous_23)
FN:273,(anonymous_24)
FN:281,(anonymous_25)
FN:286,(anonymous_26)
FN:292,(anonymous_27)
FN:327,(anonymous_28)
FN:342,(anonymous_29)
FN:354,(anonymous_30)
FN:379,(anonymous_31)
FN:394,(anonymous_32)
FN:398,(anonymous_33)
FN:410,(anonymous_34)
FN:414,(anonymous_35)
FN:427,(anonymous_36)
FNF:37
FNH:37
FNDA:42,(anonymous_0)
FNDA:42,(anonymous_1)
FNDA:42,(anonymous_2)
FNDA:76,(anonymous_3)
FNDA:2,(anonymous_4)
FNDA:66,(anonymous_5)
FNDA:66,(anonymous_6)
FNDA:66,(anonymous_7)
FNDA:8,(anonymous_8)
FNDA:8,(anonymous_9)
FNDA:8,(anonymous_10)
FNDA:2,(anonymous_11)
FNDA:58,(anonymous_12)
FNDA:4,(anonymous_13)
FNDA:38,(anonymous_14)
FNDA:46,(anonymous_15)
FNDA:11,(anonymous_16)
FNDA:38,(anonymous_17)
FNDA:30,(anonymous_18)
FNDA:72,(anonymous_19)
FNDA:31,(anonymous_20)
FNDA:46,(anonymous_21)
FNDA:44,(anonymous_22)
FNDA:30,(anonymous_23)
FNDA:16,(anonymous_24)
FNDA:4,(anonymous_25)
FNDA:8,(anonymous_26)
FNDA:68,(anonymous_27)
FNDA:6,(anonymous_28)
FNDA:34,(anonymous_29)
FNDA:18,(anonymous_30)
FNDA:16,(anonymous_31)
FNDA:2,(anonymous_32)
FNDA:4,(anonymous_33)
FNDA:36,(anonymous_34)
FNDA:18,(anonymous_35)
FNDA:11,(anonymous_36)
DA:9,42
DA:11,42
DA:19,76
DA:20,76
DA:21,76
DA:24,42
DA:25,42
DA:26,2
DA:28,40
DA:30,42
DA:31,42
DA:32,42
DA:36,42
DA:37,42
DA:38,42
DA:39,42
DA:40,42
DA:41,42
DA:59,76
DA:60,76
DA:63,76
DA:65,76
DA:68,76
DA:69,76
DA:70,76
DA:71,76
DA:75,2
DA:79,66
DA:81,66
DA:82,66
DA:83,66
DA:84,66
DA:86,66
DA:87,66
DA:88,66
DA:89,66
DA:90,66
DA:93,66
DA:94,8
DA:95,6
DA:96,6
DA:97,6
DA:98,6
DA:99,6
DA:103,6
DA:104,6
DA:108,6
DA:109,6
DA:112,66
DA:113,8
DA:114,8
DA:115,8
DA:116,8
DA:117,8
DA:120,66
DA:121,66
DA:123,2
DA:124,2
DA:127,64
DA:128,2
DA:131,64
DA:132,58
DA:133,58
DA:136,64
DA:137,4
DA:138,2
DA:139,2
DA:141,2
DA:145,64
DA:146,38
DA:147,38
DA:148,36
DA:152,64
DA:153,46
DA:155,46
DA:156,2
DA:157,2
DA:158,2
DA:161,44
DA:165,44
DA:166,46
DA:167,46
DA:169,46
DA:170,46
DA:171,19
DA:173,25
DA:176,44
DA:180,66
DA:186,38
DA:187,6
DA:188,2
DA:190,4
DA:191,4
DA:194,32
DA:195,32
DA:196,32
DA:200,30
DA:206,72
DA:207,6
DA:208,6
DA:211,72
DA:212,4
DA:217,31
DA:218,31
DA:219,31
DA:220,10
DA:221,10
DA:233,46
DA:234,2
DA:237,44
DA:239,44
DA:240,44
DA:242,4
DA:244,4
DA:247,4
DA:248,4
DA:252,4
DA:253,4
DA:255,4
DA:256,4
DA:257,4
DA:266,44
DA:270,30
DA:274,16
DA:275,2
DA:277,14
DA:278,12
DA:279,12
DA:281,2
DA:282,4
DA:287,8
DA:288,6
DA:293,68
DA:294,30
DA:295,30
DA:296,30
DA:298,30
DA:301,38
DA:303,38
DA:304,38
DA:306,38
DA:307,20
DA:308,20
DA:309,20
DA:311,16
DA:312,6
DA:313,6
DA:314,6
DA:316,10
DA:317,10
DA:320,8
DA:321,8
DA:322,2
DA:325,6
DA:326,6
DA:327,6
DA:328,6
DA:329,6
DA:331,2
DA:338,2
DA:347,34
DA:348,2
DA:349,2
DA:352,32
DA:353,32
DA:354,32
DA:356,18
DA:362,32
DA:363,32
DA:365,2
DA:366,2
DA:369,30
DA:384,16
DA:386,16
DA:387,4
DA:388,4
DA:391,12
DA:392,12
DA:394,12
DA:396,2
DA:398,4
DA:402,16
DA:403,16
DA:405,2
DA:406,2
DA:411,36
DA:415,18
DA:416,15
DA:417,15
DA:421,15
DA:423,18
DA:424,18
DA:428,11
LF:193
LH:193
BRDA:25,0,0,2
BRDA:25,0,1,40
BRDA:36,1,0,0
BRDA:36,1,1,42
BRDA:39,2,0,40
BRDA:39,2,1,2
BRDA:71,3,0,76
BRDA:71,3,1,60
BRDA:78,4,0,66
BRDA:79,5,0,0
BRDA:79,5,1,66
BRDA:87,6,0,0
BRDA:87,6,1,66
BRDA:89,7,0,64
BRDA:89,7,1,2
BRDA:94,8,0,2
BRDA:94,8,1,6
BRDA:115,9,0,8
BRDA:115,9,1,0
BRDA:137,10,0,2
BRDA:137,10,1,2
BRDA:147,11,0,36
BRDA:147,11,1,2
BRDA:155,12,0,2
BRDA:155,12,1,44
BRDA:156,13,0,2
BRDA:156,13,1,0
BRDA:157,14,0,2
BRDA:157,14,1,0
BRDA:165,15,0,4
BRDA:165,15,1,40
BRDA:166,16,0,46
BRDA:166,16,1,0
BRDA:167,17,0,44
BRDA:167,17,1,0
BRDA:169,18,0,46
BRDA:169,18,1,40
BRDA:169,18,2,15
BRDA:170,19,0,19
BRDA:170,19,1,25
BRDA:186,20,0,6
BRDA:186,20,1,32
BRDA:187,21,0,2
BRDA:187,21,1,4
BRDA:200,22,0,30
BRDA:200,22,1,28
BRDA:206,23,0,6
BRDA:206,23,1,66
BRDA:233,24,0,2
BRDA:233,24,1,44
BRDA:255,25,0,4
BRDA:255,25,1,0
BRDA:274,26,0,2
BRDA:274,26,1,14
BRDA:277,27,0,12
BRDA:277,27,1,2
BRDA:287,28,0,6
BRDA:287,28,1,2
BRDA:293,29,0,30
BRDA:293,29,1,38
BRDA:294,30,0,30
BRDA:294,30,1,0
BRDA:306,31,0,20
BRDA:306,31,1,16
BRDA:306,32,0,38
BRDA:306,32,1,20
BRDA:307,33,0,20
BRDA:307,33,1,0
BRDA:311,34,0,6
BRDA:311,34,1,10
BRDA:311,35,0,16
BRDA:311,35,1,6
BRDA:312,36,0,6
BRDA:312,36,1,0
BRDA:316,37,0,10
BRDA:316,37,1,0
BRDA:317,38,0,2
BRDA:317,38,1,8
BRDA:321,39,0,2
BRDA:321,39,1,6
BRDA:325,40,0,6
BRDA:325,40,1,0
BRDA:347,41,0,2
BRDA:347,41,1,32
BRDA:386,42,0,4
BRDA:386,42,1,12
BRDA:398,43,0,12
BRDA:398,43,1,4
BRDA:415,44,0,15
BRDA:415,44,1,3
BRF:90
BRH:76
end_of_record
TN:
SF:src/transport/request.ts
FN:40,detectBrowserLike
FN:62,buildRequestHeaders
FN:83,errorMessage
FN:169,parseRetryAfter
FN:200,setGlobalRequestOptions
FN:209,setRequestLogger
FN:218,(anonymous_6)
FN:234,isRetryableError
FN:240,waitWithAbort
FN:242,(anonymous_9)
FN:245,(anonymous_10)
FN:251,(anonymous_11)
FN:259,(anonymous_12)
FN:266,getEndpointPathnameSafe
FN:277,endpointPathMatchesCachedPath
FN:286,requestWithRetry
FN:308,(anonymous_16)
FN:355,_request
FN:388,(anonymous_18)
FN:394,(anonymous_19)
FN:397,(anonymous_20)
FN:507,parseErrorBody
FN:532,request
FN:542,(anonymous_23)
FNF:24
FNH:24
FNDA:63,detectBrowserLike
FNDA:913,buildRequestHeaders
FNDA:67,errorMessage
FNDA:846,parseRetryAfter
FNDA:93,setGlobalRequestOptions
FNDA:261,setRequestLogger
FNDA:8,(anonymous_6)
FNDA:65,isRetryableError
FNDA:54,waitWithAbort
FNDA:50,(anonymous_9)
FNDA:4,(anonymous_10)
FNDA:2,(anonymous_11)
FNDA:1,(anonymous_12)
FNDA:855,getEndpointPathnameSafe
FNDA:23,endpointPathMatchesCachedPath
FNDA:855,requestWithRetry
FNDA:72,(anonymous_16)
FNDA:906,_request
FNDA:3,(anonymous_18)
FNDA:4,(anonymous_19)
FNDA:3,(anonymous_20)
FNDA:24,parseErrorBody
FNDA:855,request
FNDA:3,(anonymous_23)
DA:41,63
DA:42,43
DA:49,55
DA:67,913
DA:84,67
DA:170,846
DA:172,11
DA:173,11
DA:176,10
DA:177,5
DA:181,5
DA:182,3
DA:183,3
DA:184,2
DA:188,3
DA:191,55
DA:192,55
DA:201,93
DA:210,261
DA:213,55
DA:214,55
DA:215,55
DA:219,8
DA:220,8
DA:221,8
DA:235,65
DA:236,62
DA:237,4
DA:241,54
DA:242,50
DA:245,4
DA:246,4
DA:247,1
DA:248,1
DA:251,3
DA:252,2
DA:253,2
DA:254,2
DA:257,3
DA:259,3
DA:260,1
DA:261,1
DA:267,855
DA:268,855
DA:270,3
DA:271,2
DA:273,1
DA:278,23
DA:279,2
DA:287,855
DA:288,855
DA:289,855
DA:293,855
DA:301,855
DA:302,834
DA:305,21
DA:306,21
DA:308,21
DA:309,72
DA:310,72
DA:312,65
DA:313,60
DA:314,60
DA:316,60
DA:317,56
DA:319,56
DA:321,56
DA:322,2
DA:326,2
DA:328,54
DA:329,54
DA:335,54
DA:336,51
DA:339,9
DA:340,9
DA:343,21
DA:367,906
DA:370,906
DA:371,906
DA:372,906
DA:374,906
DA:375,906
DA:376,906
DA:377,906
DA:378,3
DA:382,903
DA:383,906
DA:387,906
DA:388,10
DA:390,10
DA:391,7
DA:393,3
DA:394,4
DA:395,3
DA:396,3
DA:397,3
DA:398,3
DA:399,3
DA:401,3
DA:406,903
DA:407,903
DA:419,66
DA:420,66
DA:421,66
DA:422,3
DA:424,63
DA:425,2
DA:427,61
DA:428,1
DA:432,60
DA:434,903
DA:435,903
DA:439,837
DA:442,837
DA:443,820
DA:451,820
DA:458,837
DA:461,25
DA:462,25
DA:464,1
DA:465,1
DA:468,25
DA:469,5
DA:472,20
DA:479,5
DA:482,15
DA:483,15
DA:484,9
DA:485,6
DA:486,5
DA:489,15
DA:492,812
DA:493,812
DA:494,812
DA:495,1
DA:497,811
DA:499,2
DA:500,2
DA:508,24
DA:510,23
DA:511,23
DA:513,1
DA:515,22
DA:520,20
DA:522,2
DA:533,855
DA:534,855
DA:535,855
DA:538,855
DA:541,855
DA:542,3
DA:543,3
DA:548,3
DA:556,855
DA:557,810
LF:155
LH:155
BRDA:41,0,0,20
BRDA:41,0,1,43
BRDA:41,1,0,63
BRDA:41,1,1,21
BRDA:43,2,0,43
BRDA:43,2,1,4
BRDA:43,2,2,4
BRDA:65,3,0,913
BRDA:69,4,0,99
BRDA:69,4,1,814
BRDA:70,5,0,3
BRDA:70,5,1,910
BRDA:84,6,0,63
BRDA:84,6,1,4
BRDA:170,7,0,835
BRDA:170,7,1,11
BRDA:173,8,0,1
BRDA:173,8,1,10
BRDA:176,9,0,5
BRDA:176,9,1,5
BRDA:181,10,0,3
BRDA:181,10,1,2
BRDA:183,11,0,2
BRDA:183,11,1,1
BRDA:235,12,0,3
BRDA:235,12,1,62
BRDA:236,13,0,58
BRDA:236,13,1,4
BRDA:237,14,0,4
BRDA:237,14,1,4
BRDA:241,15,0,50
BRDA:241,15,1,4
BRDA:246,16,0,1
BRDA:246,16,1,3
BRDA:270,17,0,2
BRDA:270,17,1,1
BRDA:278,18,0,21
BRDA:278,18,1,2
BRDA:289,19,0,855
BRDA:289,19,1,738
BRDA:293,20,0,855
BRDA:293,20,1,854
BRDA:293,20,2,21
BRDA:301,21,0,834
BRDA:301,21,1,21
BRDA:312,22,0,60
BRDA:312,22,1,5
BRDA:314,23,0,60
BRDA:314,23,1,56
BRDA:314,23,2,56
BRDA:316,24,0,56
BRDA:316,24,1,4
BRDA:321,25,0,2
BRDA:321,25,1,54
BRDA:374,26,0,98
BRDA:374,26,1,808
BRDA:376,27,0,906
BRDA:376,27,1,895
BRDA:377,28,0,3
BRDA:377,28,1,903
BRDA:382,29,0,10
BRDA:382,29,1,893
BRDA:387,30,0,10
BRDA:387,30,1,896
BRDA:390,31,0,7
BRDA:390,31,1,3
BRDA:421,32,0,3
BRDA:421,32,1,63
BRDA:424,33,0,2
BRDA:424,33,1,61
BRDA:427,34,0,1
BRDA:427,34,1,60
BRDA:427,35,0,61
BRDA:427,35,1,61
BRDA:427,35,2,60
BRDA:442,36,0,820
BRDA:442,36,1,17
BRDA:442,37,0,837
BRDA:442,37,1,820
BRDA:447,38,0,820
BRDA:447,38,1,814
BRDA:448,39,0,820
BRDA:448,39,1,817
BRDA:458,40,0,25
BRDA:458,40,1,812
BRDA:468,41,0,5
BRDA:468,41,1,20
BRDA:472,42,0,5
BRDA:472,42,1,15
BRDA:473,43,0,20
BRDA:473,43,1,8
BRDA:473,43,2,6
BRDA:473,43,3,6
BRDA:473,43,4,5
BRDA:483,44,0,9
BRDA:483,44,1,6
BRDA:483,45,0,15
BRDA:483,45,1,9
BRDA:485,46,0,5
BRDA:485,46,1,1
BRDA:485,47,0,6
BRDA:485,47,1,6
BRDA:494,48,0,1
BRDA:494,48,1,811
BRDA:508,49,0,1
BRDA:508,49,1,23
BRDA:515,50,0,20
BRDA:515,50,1,2
BRDA:516,51,0,22
BRDA:516,51,1,21
BRDA:516,51,2,21
BRDA:516,51,3,14
BRDA:516,51,4,13
BRDA:538,52,0,821
BRDA:538,52,1,34
BRDA:541,53,0,3
BRDA:541,53,1,852
BRDA:541,54,0,855
BRDA:541,54,1,821
BRDA:541,54,2,3
BRF:120
BRH:120
end_of_record
TN:
SF:src/utils/Bytes.ts
FN:13,getBufferConstructor
FN:18,(anonymous_1)
FN:37,(anonymous_2)
FN:40,(anonymous_3)
FN:41,(anonymous_4)
FN:44,(anonymous_5)
FN:49,(anonymous_6)
FN:53,(anonymous_7)
FN:54,(anonymous_8)
FN:64,(anonymous_9)
FN:68,(anonymous_10)
FN:74,(anonymous_11)
FN:91,(anonymous_12)
FN:102,(anonymous_13)
FN:106,(anonymous_14)
FN:115,(anonymous_15)
FN:124,(anonymous_16)
FN:132,(anonymous_17)
FNF:18
FNH:18
FNDA:970,getBufferConstructor
FNDA:76,(anonymous_1)
FNDA:2118,(anonymous_2)
FNDA:76,(anonymous_3)
FNDA:10866,(anonymous_4)
FNDA:76,(anonymous_5)
FNDA:76,(anonymous_6)
FNDA:76,(anonymous_7)
FNDA:5246,(anonymous_8)
FNDA:76,(anonymous_9)
FNDA:76,(anonymous_10)
FNDA:76,(anonymous_11)
FNDA:76,(anonymous_12)
FNDA:15623,(anonymous_13)
FNDA:76,(anonymous_14)
FNDA:76,(anonymous_15)
FNDA:76,(anonymous_16)
FNDA:76,(anonymous_17)
DA:14,970
DA:19,140
DA:20,140
DA:21,4
DA:23,136
DA:24,8
DA:26,128
DA:27,4
DA:29,128
DA:30,128
DA:31,2
DA:33,126
DA:34,126
DA:35,0
DA:37,2118
DA:41,10866
DA:45,169
DA:46,169
DA:50,96
DA:54,5246
DA:55,2558
DA:56,2558
DA:57,2558
DA:58,5246
DA:59,5246
DA:61,2558
DA:65,6
DA:69,66
DA:70,66
DA:71,66
DA:75,454
DA:76,454
DA:77,385
DA:80,69
DA:81,1
DA:82,1
DA:83,2
DA:84,2
DA:86,1
DA:88,68
DA:92,516
DA:94,516
DA:95,516
DA:96,110
DA:98,516
DA:99,516
DA:100,422
DA:102,15623
DA:107,188
DA:108,128
DA:109,128
DA:110,2404
DA:112,128
DA:116,130
DA:117,130
DA:118,126
DA:119,88
DA:121,62
DA:125,190
DA:126,190
DA:127,5861
DA:129,190
DA:133,0
DA:134,0
DA:136,0
DA:137,0
DA:140,0
DA:141,0
DA:142,0
DA:143,0
DA:144,0
DA:147,0
DA:148,0
DA:149,0
DA:150,0
DA:151,0
DA:153,0
LF:77
LH:61
BRDA:20,0,0,4
BRDA:20,0,1,136
BRDA:23,1,0,8
BRDA:23,1,1,128
BRDA:23,2,0,136
BRDA:23,2,1,134
BRDA:26,3,0,4
BRDA:26,3,1,124
BRDA:26,4,0,128
BRDA:26,4,1,126
BRDA:30,5,0,2
BRDA:30,5,1,126
BRDA:34,6,0,0
BRDA:34,6,1,126
BRDA:76,7,0,385
BRDA:76,7,1,69
BRDA:80,8,0,1
BRDA:80,8,1,68
BRDA:99,9,0,422
BRDA:99,9,1,94
BRDA:107,10,0,60
BRDA:107,10,1,128
BRDA:118,11,0,38
BRDA:118,11,1,88
BRDA:119,12,0,30
BRDA:119,12,1,58
BRDA:133,13,0,0
BRDA:133,13,1,0
BRDA:136,14,0,0
BRDA:136,14,1,0
BRF:30
BRH:25
end_of_record
TN:
SF:src/utils/JSONInt.ts
FN:81,isRecord
FN:85,toBigIntCtor
FN:90,getSafeBigIntLimits
FN:104,(anonymous_3)
FN:111,(anonymous_4)
FN:120,(anonymous_5)
FN:133,(anonymous_6)
FN:171,(anonymous_7)
FN:195,(anonymous_8)
FN:250,(anonymous_9)
FN:306,(anonymous_10)
FN:314,(anonymous_11)
FN:324,(anonymous_12)
FN:335,(anonymous_13)
FN:341,(anonymous_14)
FN:345,(anonymous_15)
FN:351,(anonymous_16)
FN:355,(anonymous_17)
FN:359,(anonymous_18)
FN:364,walkReviver
FN:386,parse
FN:400,quoteString
FN:408,isToJSONCapable
FN:417,unboxBoxedPrimitive
FN:424,stringify
FN:443,(anonymous_25)
FN:445,(anonymous_26)
FNF:27
FNH:27
FNDA:18,isRecord
FNDA:965,toBigIntCtor
FNDA:1594,getSafeBigIntLimits
FNDA:965,(anonymous_3)
FNDA:965,(anonymous_4)
FNDA:29243,(anonymous_5)
FNDA:7838,(anonymous_6)
FNDA:2175,(anonymous_7)
FNDA:36627,(anonymous_8)
FNDA:1606,(anonymous_9)
FNDA:3141,(anonymous_10)
FNDA:1091,(anonymous_11)
FNDA:108955,(anonymous_12)
FNDA:97127,(anonymous_13)
FNDA:190815,(anonymous_14)
FNDA:623351,(anonymous_15)
FNDA:13543,(anonymous_16)
FNDA:664370,(anonymous_17)
FNDA:23,(anonymous_18)
FNDA:22,walkReviver
FNDA:967,parse
FNDA:2256,quoteString
FNDA:1701,isToJSONCapable
FNDA:1955,unboxBoxedPrimitive
FNDA:188,stringify
FNDA:4,(anonymous_25)
FNDA:1955,(anonymous_26)
DA:24,76
DA:82,18
DA:86,965
DA:87,965
DA:94,1594
DA:95,24
DA:96,24
DA:98,1594
DA:102,965
DA:105,965
DA:106,965
DA:107,965
DA:108,965
DA:112,965
DA:113,965
DA:114,965
DA:115,2
DA:117,940
DA:121,29243
DA:122,29243
DA:123,29243
DA:124,21405
DA:125,19230
DA:126,4749
DA:127,3143
DA:128,497
DA:129,29
DA:130,2
DA:134,7838
DA:135,7838
DA:136,7838
DA:137,7838
DA:138,7838
DA:139,3
DA:140,3
DA:143,7835
DA:144,22146
DA:145,22146
DA:146,2
DA:148,22141
DA:149,22141
DA:150,22141
DA:152,22141
DA:158,22141
DA:159,22141
DA:160,22141
DA:161,7826
DA:162,7826
DA:164,14313
DA:165,14313
DA:168,0
DA:172,2175
DA:173,2175
DA:174,2175
DA:175,2175
DA:176,67
DA:177,67
DA:180,2108
DA:181,6137
DA:182,6137
DA:183,6137
DA:184,6137
DA:185,2106
DA:186,2106
DA:188,4031
DA:189,4031
DA:192,0
DA:196,36627
DA:197,36627
DA:198,36627
DA:199,526134
DA:200,526134
DA:201,36618
DA:203,489516
DA:204,90
DA:205,90
DA:209,76
DA:210,76
DA:212,0
DA:213,0
DA:215,0
DA:216,0
DA:218,10
DA:219,10
DA:221,0
DA:222,0
DA:224,0
DA:225,0
DA:227,2
DA:228,2
DA:229,2
DA:231,0
DA:232,0
DA:233,0
DA:236,2
DA:238,86
DA:241,489426
DA:242,0
DA:244,489426
DA:247,2
DA:251,1606
DA:253,1606
DA:255,1606
DA:256,519
DA:258,1087
DA:261,1604
DA:262,2
DA:263,2
DA:266,1604
DA:267,1604
DA:268,2
DA:269,2
DA:270,2
DA:271,2
DA:274,1602
DA:276,1602
DA:278,1606
DA:279,2
DA:280,2
DA:281,2
DA:284,1600
DA:285,6
DA:287,2
DA:288,2
DA:289,2
DA:292,2
DA:294,2
DA:298,1594
DA:299,1594
DA:300,1594
DA:301,10
DA:303,1584
DA:307,3141
DA:308,0
DA:310,3141
DA:311,3141
DA:315,1091
DA:316,1091
DA:317,7705
DA:319,1091
DA:320,4
DA:325,108955
DA:326,108065
DA:327,108065
DA:328,54
DA:329,54
DA:331,108011
DA:336,97127
DA:337,7
DA:342,190815
DA:346,623351
DA:347,623351
DA:348,623351
DA:352,13543
DA:356,664370
DA:360,23
DA:369,22
DA:370,22
DA:371,4
DA:372,12
DA:373,12
DA:374,10
DA:376,18
DA:377,2
DA:378,4
DA:379,4
DA:380,2
DA:383,22
DA:387,967
DA:388,967
DA:389,967
DA:390,2
DA:395,965
DA:396,965
DA:397,6
DA:401,2256
DA:402,2256
DA:403,0
DA:405,2256
DA:409,1701
DA:418,1955
DA:419,14
DA:421,1941
DA:429,188
DA:430,188
DA:431,188
DA:433,188
DA:434,2
DA:435,186
DA:436,0
DA:439,188
DA:440,0
DA:443,188
DA:445,188
DA:446,1955
DA:452,1955
DA:453,254
DA:454,1701
DA:455,2
DA:457,1955
DA:458,6
DA:460,1955
DA:462,1955
DA:464,883
DA:466,40
DA:468,5
DA:471,285
DA:473,82
DA:475,660
DA:476,659
DA:477,4
DA:479,655
DA:480,655
DA:481,655
DA:483,655
DA:484,655
DA:485,203
DA:486,203
DA:487,203
DA:488,312
DA:489,312
DA:492,203
DA:497,203
DA:498,203
DA:501,452
DA:502,452
DA:503,660
DA:504,660
DA:505,1455
DA:506,1455
DA:507,1373
DA:512,448
DA:517,660
DA:518,660
DA:520,655
DA:524,0
DA:528,188
DA:529,188
DA:530,188
LF:239
LH:220
BRDA:82,0,0,18
BRDA:82,0,1,2
BRDA:82,0,2,2
BRDA:87,1,0,959
BRDA:87,1,1,6
BRDA:94,2,0,24
BRDA:94,2,1,1570
BRDA:114,3,0,2
BRDA:114,3,1,963
BRDA:123,4,0,7838
BRDA:123,4,1,21405
BRDA:124,5,0,2175
BRDA:124,5,1,19230
BRDA:125,6,0,14481
BRDA:125,6,1,4749
BRDA:126,7,0,1606
BRDA:126,7,1,3143
BRDA:126,8,0,4749
BRDA:126,8,1,4747
BRDA:127,9,0,2646
BRDA:127,9,1,497
BRDA:128,10,0,468
BRDA:128,10,1,29
BRDA:129,11,0,27
BRDA:129,11,1,2
BRDA:130,12,0,2
BRDA:130,12,1,0
BRDA:138,13,0,3
BRDA:138,13,1,7835
BRDA:145,14,0,2
BRDA:145,14,1,22144
BRDA:145,15,0,22146
BRDA:145,15,1,4
BRDA:160,16,0,7826
BRDA:160,16,1,14315
BRDA:175,17,0,67
BRDA:175,17,1,2108
BRDA:184,18,0,2106
BRDA:184,18,1,4031
BRDA:200,19,0,36618
BRDA:200,19,1,489516
BRDA:203,20,0,90
BRDA:203,20,1,489426
BRDA:205,21,0,76
BRDA:205,21,1,76
BRDA:205,21,2,76
BRDA:205,21,3,0
BRDA:205,21,4,0
BRDA:205,21,5,10
BRDA:205,21,6,0
BRDA:205,21,7,0
BRDA:205,21,8,2
BRDA:205,21,9,2
BRDA:228,22,0,2
BRDA:228,22,1,0
BRDA:241,23,0,0
BRDA:241,23,1,489426
BRDA:253,24,0,2
BRDA:253,24,1,1604
BRDA:255,25,0,519
BRDA:255,25,1,1087
BRDA:261,26,0,2
BRDA:261,26,1,1602
BRDA:267,27,0,2
BRDA:267,27,1,1602
BRDA:267,28,0,1604
BRDA:267,28,1,1602
BRDA:270,29,0,2
BRDA:270,29,1,0
BRDA:270,30,0,2
BRDA:270,30,1,0
BRDA:276,31,0,1602
BRDA:276,31,1,1600
BRDA:276,31,2,1600
BRDA:278,32,0,2
BRDA:278,32,1,1604
BRDA:280,33,0,0
BRDA:280,33,1,2
BRDA:284,34,0,6
BRDA:284,34,1,1594
BRDA:285,35,0,2
BRDA:285,35,1,2
BRDA:285,35,2,2
BRDA:288,36,0,0
BRDA:288,36,1,2
BRDA:300,37,0,10
BRDA:300,37,1,1584
BRDA:300,38,0,1594
BRDA:300,38,1,1584
BRDA:307,39,0,0
BRDA:307,39,1,3141
BRDA:319,40,0,4
BRDA:319,40,1,1087
BRDA:327,41,0,54
BRDA:327,41,1,108011
BRDA:327,42,0,108065
BRDA:327,42,1,108011
BRDA:327,42,2,108011
BRDA:327,42,3,108011
BRDA:336,43,0,7
BRDA:336,43,1,97120
BRDA:352,44,0,13543
BRDA:352,44,1,12758
BRDA:370,45,0,4
BRDA:370,45,1,18
BRDA:373,46,0,2
BRDA:373,46,1,10
BRDA:376,47,0,2
BRDA:376,47,1,16
BRDA:379,48,0,2
BRDA:379,48,1,2
BRDA:388,49,0,967
BRDA:388,49,1,961
BRDA:389,50,0,2
BRDA:389,50,1,965
BRDA:389,51,0,967
BRDA:389,51,1,6
[...]
BRDA:675,33,1,133
BRDA:679,34,0,4
BRDA:679,34,1,129
BRDA:705,35,0,100
BRDA:706,36,0,100
BRDA:712,37,0,1
BRDA:712,37,1,99
BRDA:731,38,0,99
BRDA:731,38,1,94
BRDA:735,39,0,2
BRDA:735,39,1,98
BRDA:735,40,0,100
BRDA:735,40,1,95
BRDA:751,41,0,11
BRDA:751,41,1,88
BRDA:775,42,0,1
BRDA:775,42,1,85
BRDA:776,43,0,85
BRDA:776,43,1,0
BRDA:794,44,0,101
BRDA:794,44,1,2
BRDA:797,45,0,103
BRDA:797,45,1,102
BRDA:797,45,2,102
BRDA:812,46,0,74
BRDA:812,46,1,25
BRDA:812,46,2,2
BRDA:812,46,3,1
BRDA:812,46,4,1
BRDA:812,46,5,0
BRDA:879,47,0,28
BRDA:888,48,0,28
BRDA:888,48,1,0
BRDA:979,49,0,26
BRDA:979,49,1,12
BRDA:980,50,0,26
BRDA:980,50,1,18
BRDA:984,51,0,4
BRDA:984,51,1,22
BRDA:987,52,0,19
BRDA:987,52,1,3
BRDA:1003,53,0,40
BRDA:1003,53,1,40
BRDA:1021,54,0,2
BRDA:1021,54,1,33
BRDA:1044,55,0,3
BRDA:1044,55,1,15
BRDA:1081,56,0,21
BRDA:1081,57,0,21
BRDA:1081,58,0,21
BRDA:1081,59,0,21
BRDA:1081,59,1,8
BRDA:1082,60,0,0
BRDA:1082,60,1,21
BRDA:1135,61,0,18
BRDA:1135,62,0,18
BRDA:1135,62,1,11
BRDA:1137,63,0,18
BRDA:1137,63,1,13
BRDA:1149,64,0,38
BRDA:1149,64,1,38
BRDA:1149,64,2,32
BRDA:1149,64,3,6
BRDA:1151,65,0,5
BRDA:1151,65,1,13
BRDA:1152,66,0,18
BRDA:1152,66,1,18
BRDA:1152,66,2,17
BRDA:1152,66,3,13
BRDA:1152,66,4,13
BRDA:1159,67,0,0
BRDA:1159,67,1,5
BRDA:1160,68,0,1
BRDA:1160,68,1,4
BRDA:1161,69,0,5
BRDA:1161,69,1,0
BRDA:1162,70,0,2
BRDA:1162,70,1,3
BRDA:1162,71,0,5
BRDA:1162,71,1,3
BRDA:1174,72,0,2
BRDA:1174,72,1,10
BRDA:1176,73,0,6
BRDA:1176,73,1,12
BRDA:1181,74,0,6
BRDA:1181,74,1,0
BRDA:1221,75,0,21
BRDA:1221,76,0,21
BRDA:1221,76,1,5
BRDA:1224,77,0,21
BRDA:1224,77,1,1
BRDA:1236,78,0,21
BRDA:1236,78,1,0
BRDA:1251,79,0,1
BRDA:1251,79,1,20
BRDA:1259,80,0,0
BRDA:1259,80,1,20
BRDA:1272,81,0,20
BRDA:1272,81,1,2
BRDA:1282,82,0,7
BRDA:1282,82,1,12
BRDA:1325,83,0,28
BRDA:1325,83,1,0
BRDA:1326,84,0,10
BRDA:1326,84,1,18
BRDA:1327,85,0,10
BRDA:1327,85,1,18
BRDA:1332,86,0,1
BRDA:1332,86,1,27
BRDA:1366,87,0,39
BRDA:1366,87,1,19
BRDA:1405,88,0,41
BRDA:1406,89,0,41
BRDA:1439,90,0,1
BRDA:1439,90,1,0
BRDA:1528,91,0,7
BRDA:1531,92,0,2
BRDA:1531,92,1,3
BRDA:1547,93,0,68
BRDA:1548,94,0,68
BRDA:1554,95,0,2
BRDA:1554,95,1,87
BRDA:1554,96,0,89
BRDA:1554,96,1,15
BRDA:1555,97,0,0
BRDA:1555,97,1,89
BRDA:1555,98,0,89
BRDA:1555,98,1,0
BRDA:1567,99,0,83
BRDA:1567,99,1,6
BRDA:1573,100,0,1
BRDA:1573,100,1,3
BRDA:1607,101,0,2
BRDA:1608,102,0,2
BRDA:1609,103,0,2
BRDA:1620,104,0,2
BRDA:1620,104,1,3
BRDA:1645,105,0,2
BRDA:1645,105,1,1
BRDA:1648,106,0,2
BRDA:1648,106,1,1
BRDA:1674,107,0,3
BRDA:1674,107,1,2
BRDA:1725,108,0,3
BRDA:1725,108,1,0
BRDA:1746,109,0,2
BRDA:1746,109,1,4
BRDA:1748,110,0,0
BRDA:1748,110,1,2
BRDA:1759,111,0,4
BRDA:1759,111,1,0
BRDA:1790,112,0,0
BRDA:1790,112,1,0
BRDA:1815,113,0,0
BRDA:1815,113,1,3
BRDA:1815,114,0,3
BRDA:1815,114,1,2
BRDA:1820,115,0,2
BRDA:1820,115,1,0
BRDA:1846,116,0,1
BRDA:1846,116,1,0
BRDA:1872,117,0,1
BRDA:1872,117,1,1
BRDA:1887,118,0,0
BRDA:1887,118,1,1
BRDA:1933,119,0,1
BRDA:1933,119,1,1
BRDA:1952,120,0,1
BRDA:1952,120,1,1
BRDA:1969,121,0,1
BRDA:1969,121,1,1
BRDA:1985,122,0,67
BRDA:1985,122,1,5
BRDA:1985,122,2,0
BRDA:1986,123,0,67
BRDA:1986,123,1,45
BRDA:1998,124,0,112
BRDA:1998,124,1,97
BRDA:2002,125,0,112
BRDA:2002,125,1,4
BRDA:2013,126,0,21
BRDA:2013,126,1,10
BRDA:2013,127,0,31
BRDA:2013,127,1,23
BRDA:2016,128,0,7
BRDA:2016,128,1,3
BRDA:2016,129,0,10
BRDA:2016,129,1,3
BRDA:2039,130,0,71
BRDA:2039,130,1,36
BRDA:2039,130,2,36
BRDA:2043,131,0,71
BRDA:2043,131,1,35
BRDA:2043,131,2,1
BRDA:2043,131,3,0
BRDA:2056,132,0,32
BRDA:2056,132,1,31
BRDA:2056,132,2,31
BRDA:2108,133,0,1
BRDA:2108,133,1,7
BRDA:2215,134,0,32
BRDA:2215,134,1,28
BRDA:2216,135,0,32
BRDA:2216,135,1,11
BRDA:2234,136,0,2
BRDA:2234,136,1,25
BRDA:2251,137,0,13
BRDA:2251,137,1,14
BRDA:2251,138,0,27
BRDA:2251,138,1,13
BRDA:2257,139,0,14
BRDA:2257,139,1,11
BRDA:2258,140,0,11
BRDA:2258,140,1,3
BRDA:2260,141,0,14
BRDA:2260,141,1,3
BRDA:2263,142,0,11
BRDA:2263,142,1,2
BRDA:2265,143,0,0
BRDA:2265,143,1,2
BRDA:2298,144,0,3
BRDA:2298,144,1,4
BRDA:2299,145,0,7
BRDA:2299,145,1,5
BRDA:2299,145,2,4
BRDA:2376,146,0,7
BRDA:2376,146,1,11
BRDA:2378,147,0,18
BRDA:2378,147,1,11
BRDA:2380,148,0,3
BRDA:2380,148,1,15
BRDA:2382,149,0,2
BRDA:2382,149,1,1
BRDA:2391,150,0,2
BRDA:2391,150,1,13
BRDA:2392,151,0,1
BRDA:2392,151,1,1
BRDA:2399,152,0,15
BRDA:2399,152,1,9
BRDA:2411,153,0,30
BRDA:2411,153,1,6
BRDA:2412,154,0,6
BRDA:2412,154,1,9
BRDA:2422,155,0,14
BRDA:2422,155,1,14
BRDA:2434,156,0,0
BRDA:2434,156,1,14
BRDA:2449,157,0,6
BRDA:2449,157,1,25
BRDA:2450,158,0,6
BRDA:2450,158,1,25
BRDA:2450,159,0,31
BRDA:2450,159,1,6
BRDA:2456,160,0,3
BRDA:2456,160,1,22
BRDA:2456,161,0,25
BRDA:2456,161,1,3
BRDA:2470,162,0,4
BRDA:2470,162,1,9
BRDA:2479,163,0,4
BRDA:2479,163,1,9
BRDA:2544,164,0,5
BRDA:2544,164,1,0
BRDA:2563,165,0,0
BRDA:2563,165,1,1
BRDA:2565,166,0,0
BRDA:2565,166,1,1
BRDA:2572,167,0,1
BRDA:2572,167,1,0
BRDA:2578,168,0,0
BRDA:2578,168,1,1
BRDA:2578,169,0,1
BRDA:2578,169,1,0
BRDA:2591,170,0,0
BRDA:2591,170,1,0
BRDA:2592,171,0,1
BRDA:2592,171,1,0
BRDA:2612,172,0,2
BRDA:2612,172,1,0
BRDA:2616,173,0,2
BRDA:2616,173,1,0
BRDA:2645,174,0,2
BRDA:2645,174,1,0
BRDA:2670,175,0,1
BRDA:2670,175,1,1
BRDA:2705,176,0,1
BRDA:2705,176,1,1
BRDA:2720,177,0,10
BRDA:2720,177,1,1
BRDA:2899,178,0,27
BRDA:2899,178,1,25
BRDA:2900,179,0,27
BRDA:2900,180,0,27
BRDA:2900,180,1,22
BRDA:2924,181,0,1
BRDA:2924,181,1,25
BRDA:2930,182,0,16
BRDA:2930,182,1,9
BRDA:2930,183,0,25
BRDA:2930,183,1,23
BRDA:2938,184,0,16
BRDA:2938,184,1,1
BRDA:2939,185,0,0
BRDA:2939,185,1,16
BRDA:2940,186,0,15
BRDA:2940,186,1,0
BRDA:2951,187,0,2
BRDA:2951,187,1,13
BRDA:3006,188,0,0
BRDA:3006,188,1,20
BRDA:3006,189,0,20
BRDA:3006,189,1,16
BRDA:3014,190,0,1
BRDA:3014,190,1,19
BRDA:3026,191,0,1
BRDA:3026,191,1,19
BRDA:3037,192,0,20
BRDA:3037,192,1,3
BRDA:3039,193,0,1
BRDA:3039,193,1,17
BRDA:3053,194,0,6
BRDA:3053,194,1,12
BRDA:3160,195,0,2
BRDA:3160,195,1,1
BRDA:3160,195,2,3
BRDA:2263,196,0,11
BRDA:2263,196,1,2
BRF:394
BRH:345
end_of_record
TN:
SF:src/wallet/WalletCounters.ts
FN:9,(anonymous_0)
FN:13,(anonymous_1)
FN:21,(anonymous_2)
FN:31,(anonymous_3)
FN:44,(anonymous_4)
FNF:5
FNH:5
FNDA:258,(anonymous_0)
FNDA:35,(anonymous_1)
FNDA:12,(anonymous_2)
FNDA:8,(anonymous_3)
FNDA:12,(anonymous_4)
DA:9,258
DA:14,35
DA:15,35
DA:23,12
DA:33,8
DA:34,6
DA:35,6
DA:37,2
DA:46,12
DA:47,10
DA:49,2
LF:11
LH:11
BRDA:33,0,0,6
BRDA:33,0,1,2
BRDA:46,1,0,10
BRDA:46,1,1,2
BRF:4
BRH:4
end_of_record
TN:
SF:src/wallet/WalletEvents.ts
FN:22,safeStringify
FN:25,(anonymous_1)
FN:37,normalizeError
FN:43,makeAbortError
FN:49,cancelSafely
FN:52,(anonymous_5)
FN:60,(anonymous_6)
FN:66,(anonymous_7)
FN:72,(anonymous_8)
FN:79,(anonymous_9)
FN:83,(anonymous_10)
FN:85,(anonymous_11)
FN:93,(anonymous_12)
FN:104,(anonymous_13)
FN:111,(anonymous_14)
FN:124,(anonymous_15)
FN:134,(anonymous_16)
FN:139,(anonymous_17)
FN:144,(anonymous_18)
FN:149,(anonymous_19)
FN:177,(anonymous_20)
FN:182,(anonymous_21)
FN:188,(anonymous_22)
FN:202,(anonymous_23)
FN:214,(anonymous_24)
FN:226,(anonymous_25)
FN:233,(anonymous_26)
FN:250,(anonymous_27)
FN:262,(anonymous_28)
FN:274,(anonymous_29)
FN:281,(anonymous_30)
FN:303,(anonymous_31)
FN:327,(anonymous_32)
FN:333,(anonymous_33)
FN:373,(anonymous_34)
FN:412,(anonymous_35)
FN:416,(anonymous_36)
FN:424,(anonymous_37)
FN:439,(anonymous_38)
FN:447,(anonymous_39)
FN:457,(anonymous_40)
FN:462,(anonymous_41)
FN:485,(anonymous_42)
FN:531,(anonymous_43)
FN:587,(anonymous_44)
FN:597,(anonymous_45)
FN:605,(anonymous_46)
FN:611,(anonymous_47)
FN:643,(anonymous_48)
FN:653,(anonymous_49)
FN:659,(anonymous_50)
FN:672,(anonymous_51)
FN:712,(anonymous_52)
FN:719,(anonymous_53)
FN:728,(anonymous_54)
FN:739,(anonymous_55)
FNF:56
FNH:54
FNDA:6,safeStringify
FNDA:12,(anonymous_1)
FNDA:28,normalizeError
FNDA:6,makeAbortError
FNDA:84,cancelSafely
FNDA:78,(anonymous_5)
FNDA:6,(anonymous_6)
FNDA:332,(anonymous_7)
FNDA:88,(anonymous_8)
FNDA:6,(anonymous_9)
FNDA:2,(anonymous_10)
FNDA:4,(anonymous_11)
FNDA:22,(anonymous_12)
FNDA:22,(anonymous_13)
FNDA:22,(anonymous_14)
FNDA:4,(anonymous_15)
FNDA:4,(anonymous_16)
FNDA:6,(anonymous_17)
FNDA:8,(anonymous_18)
FNDA:0,(anonymous_19)
FNDA:4,(anonymous_20)
FNDA:2,(anonymous_21)
FNDA:20,(anonymous_22)
FNDA:45,(anonymous_23)
FNDA:40,(anonymous_24)
FNDA:42,(anonymous_25)
FNDA:10,(anonymous_26)
FNDA:15,(anonymous_27)
FNDA:10,(anonymous_28)
FNDA:12,(anonymous_29)
FNDA:8,(anonymous_30)
FNDA:28,(anonymous_31)
FNDA:46,(anonymous_32)
FNDA:18,(anonymous_33)
FNDA:12,(anonymous_34)
FNDA:14,(anonymous_35)
FNDA:14,(anonymous_36)
FNDA:22,(anonymous_37)
FNDA:2,(anonymous_38)
FNDA:2,(anonymous_39)
FNDA:4,(anonymous_40)
FNDA:14,(anonymous_41)
FNDA:0,(anonymous_42)
FNDA:10,(anonymous_43)
FNDA:18,(anonymous_44)
FNDA:18,(anonymous_45)
FNDA:42,(anonymous_46)
FNDA:32,(anonymous_47)
FNDA:12,(anonymous_48)
FNDA:2,(anonymous_49)
FNDA:4,(anonymous_50)
FNDA:16,(anonymous_51)
FNDA:12,(anonymous_52)
FNDA:12,(anonymous_53)
FNDA:16,(anonymous_54)
FNDA:6,(anonymous_55)
DA:23,6
DA:24,6
DA:25,6
DA:26,12
DA:27,4
DA:28,4
DA:30,12
DA:33,4
DA:38,28
DA:39,6
DA:40,28
DA:44,6
DA:45,6
DA:46,6
DA:50,84
DA:51,84
DA:53,78
DA:54,78
DA:58,78
DA:66,332
DA:69,332
DA:76,88
DA:77,10
DA:78,6
DA:79,6
DA:83,4
DA:84,4
DA:85,4
DA:86,4
DA:87,4
DA:104,22
DA:105,22
DA:106,22
DA:107,22
DA:111,22
DA:112,22
DA:113,22
DA:114,22
DA:115,22
DA:116,4
DA:117,4
DA:119,22
DA:120,22
DA:124,22
DA:127,22
DA:128,6
DA:129,6
DA:133,22
DA:134,4
DA:138,22
DA:141,6
DA:142,6
DA:144,8
DA:149,22
DA:181,4
DA:182,4
DA:183,4
DA:189,20
DA:190,4
DA:208,45
DA:209,45
DA:210,45
DA:212,45
DA:213,45
DA:214,45
DA:215,45
DA:232,42
DA:235,10
DA:256,15
DA:257,15
DA:258,15
DA:260,15
DA:261,15
DA:262,15
DA:263,15
DA:280,12
DA:283,8
DA:309,28
DA:310,28
DA:311,28
DA:313,28
DA:317,28
DA:318,28
DA:319,34
DA:320,34
DA:321,4
DA:323,30
DA:325,24
DA:327,24
DA:328,46
DA:329,46
DA:330,36
DA:332,24
DA:333,24
DA:335,24
DA:377,12
DA:416,14
DA:417,14
DA:418,14
DA:419,14
DA:420,14
DA:421,14
DA:422,14
DA:424,14
DA:425,22
DA:426,14
DA:427,14
DA:428,24
DA:430,14
DA:431,14
DA:432,2
DA:433,2
DA:435,14
DA:436,14
DA:439,14
DA:441,14
DA:442,2
DA:443,2
DA:446,14
DA:447,2
DA:448,2
DA:453,14
DA:455,12
DA:456,28
DA:459,4
DA:460,4
DA:464,14
DA:465,6
DA:466,6
DA:468,8
DA:470,8
DA:471,8
DA:472,4
DA:473,4
DA:476,8
DA:477,6
DA:482,28
DA:485,28
DA:486,0
DA:487,0
DA:488,0
DA:490,0
DA:492,0
DA:493,0
DA:494,0
DA:495,0
DA:498,0
DA:499,0
DA:504,12
DA:535,10
DA:597,18
DA:598,18
DA:599,18
DA:600,18
DA:602,18
DA:603,18
DA:605,18
DA:606,42
DA:607,42
DA:608,42
DA:611,18
DA:612,32
DA:613,12
DA:614,4
DA:615,4
DA:616,4
DA:617,4
DA:622,4
DA:624,8
DA:625,8
DA:629,8
DA:632,20
DA:634,24
DA:637,18
DA:641,18
DA:645,12
DA:646,12
DA:653,18
DA:654,2
DA:655,2
DA:656,2
DA:659,18
DA:660,4
DA:661,4
DA:664,18
DA:665,18
DA:666,4
DA:667,2
DA:669,18
DA:670,30
DA:671,30
DA:672,16
DA:677,18
DA:678,2
DA:679,2
DA:682,18
DA:683,18
DA:716,12
DA:717,12
DA:719,12
DA:720,12
DA:721,10
DA:722,10
DA:728,12
DA:729,16
DA:731,6
DA:732,6
DA:734,10
DA:735,10
DA:738,12
DA:739,6
DA:743,12
LF:212
LH:202
BRDA:26,0,0,4
BRDA:26,0,1,8
BRDA:26,1,0,12
BRDA:26,1,1,4
BRDA:27,2,0,0
BRDA:27,2,1,4
BRDA:38,3,0,22
BRDA:38,3,1,6
BRDA:39,4,0,0
BRDA:39,4,1,6
BRDA:50,5,0,0
BRDA:50,5,1,84
BRDA:76,6,0,78
BRDA:76,6,1,10
BRDA:77,7,0,6
BRDA:77,7,1,4
BRDA:102,8,0,22
BRDA:112,9,0,0
BRDA:112,9,1,22
BRDA:115,10,0,4
BRDA:115,10,1,18
BRDA:119,11,0,6
BRDA:119,11,1,16
BRDA:120,12,0,16
BRDA:120,12,1,6
BRDA:127,13,0,6
BRDA:127,13,1,16
BRDA:128,14,0,0
BRDA:128,14,1,6
BRDA:133,15,0,4
BRDA:133,15,1,18
BRDA:133,16,0,22
BRDA:133,16,1,4
BRDA:210,17,0,0
BRDA:210,17,1,45
BRDA:235,18,0,8
BRDA:235,18,1,2
BRDA:258,19,0,0
BRDA:258,19,1,15
BRDA:283,20,0,6
BRDA:283,20,1,2
BRDA:311,21,0,0
BRDA:311,21,1,28
BRDA:320,22,0,4
BRDA:320,22,1,30
BRDA:329,23,0,10
BRDA:329,23,1,36
BRDA:425,24,0,8
BRDA:425,24,1,14
BRDA:431,25,0,2
BRDA:431,25,1,12
BRDA:435,26,0,2
BRDA:435,26,1,12
BRDA:436,27,0,10
BRDA:436,27,1,4
BRDA:441,28,0,2
BRDA:441,28,1,12
BRDA:442,29,0,0
BRDA:442,29,1,2
BRDA:446,30,0,2
BRDA:446,30,1,12
BRDA:446,31,0,14
BRDA:446,31,1,2
BRDA:453,32,0,2
BRDA:453,32,1,12
BRDA:464,33,0,6
BRDA:464,33,1,8
BRDA:471,34,0,4
BRDA:471,34,1,4
BRDA:476,35,0,6
BRDA:476,35,1,2
BRDA:476,36,0,8
BRDA:476,36,1,8
BRDA:477,37,0,6
BRDA:477,37,1,0
BRDA:486,38,0,0
BRDA:486,38,1,0
BRDA:493,39,0,0
BRDA:493,39,1,0
BRDA:498,40,0,0
BRDA:498,40,1,0
BRDA:498,41,0,0
BRDA:498,41,1,0
BRDA:499,42,0,0
BRDA:499,42,1,0
BRDA:602,43,0,10
BRDA:602,43,1,8
BRDA:602,44,0,18
BRDA:602,44,1,10
BRDA:603,45,0,18
BRDA:603,45,1,12
BRDA:608,46,0,16
BRDA:608,46,1,26
BRDA:612,47,0,12
BRDA:612,47,1,20
BRDA:613,48,0,4
BRDA:613,48,1,8
BRDA:615,49,0,4
BRDA:615,49,1,0
BRDA:665,50,0,4
BRDA:665,50,1,14
BRDA:666,51,0,2
BRDA:666,51,1,2
BRDA:669,52,0,18
BRDA:669,52,1,18
BRDA:671,53,0,14
BRDA:671,53,1,16
BRDA:677,54,0,2
BRDA:677,54,1,16
BRDA:683,55,0,4
BRDA:683,55,1,14
BRDA:720,56,0,2
BRDA:720,56,1,10
BRDA:729,57,0,6
BRDA:729,57,1,10
BRF:115
BRH:94
end_of_record
TN:
SF:src/wallet/WalletOps.ts
FN:47,(anonymous_0)
FN:48,(anonymous_1)
FN:51,(anonymous_2)
FN:59,(anonymous_3)
FN:62,(anonymous_4)
FN:68,(anonymous_5)
FN:71,(anonymous_6)
FN:74,(anonymous_7)
FN:80,(anonymous_8)
FN:108,(anonymous_9)
FN:121,(anonymous_10)
FN:132,(anonymous_11)
FN:143,(anonymous_12)
FN:154,(anonymous_13)
FN:165,(anonymous_14)
FN:175,(anonymous_15)
FN:186,(anonymous_16)
FN:197,(anonymous_17)
FN:208,(anonymous_18)
FN:218,(anonymous_19)
FN:228,(anonymous_20)
FN:238,(anonymous_21)
FN:248,(anonymous_22)
FN:260,(anonymous_23)
FN:270,(anonymous_24)
FN:281,(anonymous_25)
FN:293,(anonymous_26)
FN:305,(anonymous_27)
FN:319,(anonymous_28)
FN:380,(anonymous_29)
FN:392,(anonymous_30)
FN:405,(anonymous_31)
FN:418,(anonymous_32)
FN:431,(anonymous_33)
FN:441,(anonymous_34)
FN:451,(anonymous_35)
FN:461,(anonymous_36)
FN:471,(anonymous_37)
FN:483,(anonymous_38)
FN:493,(anonymous_39)
FN:505,(anonymous_40)
FN:514,(anonymous_41)
FN:548,(anonymous_42)
FN:565,(anonymous_43)
FN:578,(anonymous_44)
FN:591,(anonymous_45)
FN:604,(anonymous_46)
FN:614,(anonymous_47)
FN:624,(anonymous_48)
FN:634,(anonymous_49)
FN:648,(anonymous_50)
FN:658,(anonymous_51)
FN:671,(anonymous_52)
FN:743,(anonymous_53)
FN:775,(anonymous_54)
FN:787,(anonymous_55)
FN:798,(anonymous_56)
FN:809,(anonymous_57)
FN:820,(anonymous_58)
FN:830,(anonymous_59)
FN:840,(anonymous_60)
FN:850,(anonymous_61)
FN:860,(anonymous_62)
FN:872,(anonymous_63)
FN:887,(anonymous_64)
FN:928,(anonymous_65)
FN:939,(anonymous_66)
FN:949,(anonymous_67)
FN:959,(anonymous_68)
FN:970,(anonymous_69)
FNF:70
FNH:70
FNDA:366,(anonymous_0)
FNDA:36,(anonymous_1)
FNDA:20,(anonymous_2)
FNDA:20,(anonymous_3)
FNDA:20,(anonymous_4)
FNDA:10,(anonymous_5)
FNDA:10,(anonymous_6)
FNDA:8,(anonymous_7)
FNDA:10,(anonymous_8)
FNDA:36,(anonymous_9)
FNDA:6,(anonymous_10)
FNDA:2,(anonymous_11)
FNDA:4,(anonymous_12)
FNDA:2,(anonymous_13)
FNDA:2,(anonymous_14)
FNDA:2,(anonymous_15)
FNDA:4,(anonymous_16)
FNDA:4,(anonymous_17)
FNDA:2,(anonymous_18)
FNDA:2,(anonymous_19)
FNDA:12,(anonymous_20)
FNDA:4,(anonymous_21)
FNDA:6,(anonymous_22)
FNDA:2,(anonymous_23)
FNDA:2,(anonymous_24)
FNDA:6,(anonymous_25)
FNDA:6,(anonymous_26)
FNDA:4,(anonymous_27)
FNDA:32,(anonymous_28)
FNDA:20,(anonymous_29)
FNDA:2,(anonymous_30)
FNDA:6,(anonymous_31)
FNDA:2,(anonymous_32)
FNDA:2,(anonymous_33)
FNDA:2,(anonymous_34)
FNDA:4,(anonymous_35)
FNDA:6,(anonymous_36)
FNDA:4,(anonymous_37)
FNDA:2,(anonymous_38)
FNDA:2,(anonymous_39)
FNDA:2,(anonymous_40)
FNDA:18,(anonymous_41)
FNDA:50,(anonymous_42)
FNDA:4,(anonymous_43)
FNDA:8,(anonymous_44)
FNDA:2,(anonymous_45)
FNDA:4,(anonymous_46)
FNDA:4,(anonymous_47)
FNDA:8,(anonymous_48)
FNDA:30,(anonymous_49)
FNDA:4,(anonymous_50)
FNDA:6,(anonymous_51)
FNDA:54,(anonymous_52)
FNDA:16,(anonymous_53)
FNDA:18,(anonymous_54)
FNDA:2,(anonymous_55)
FNDA:2,(anonymous_56)
FNDA:2,(anonymous_57)
FNDA:2,(anonymous_58)
FNDA:2,(anonymous_59)
FNDA:6,(anonymous_60)
FNDA:4,(anonymous_61)
FNDA:6,(anonymous_62)
FNDA:2,(anonymous_63)
FNDA:16,(anonymous_64)
FNDA:10,(anonymous_65)
FNDA:2,(anonymous_66)
FNDA:10,(anonymous_67)
FNDA:2,(anonymous_68)
FNDA:10,(anonymous_69)
DA:47,366
DA:49,36
DA:52,20
DA:60,20
DA:63,20
DA:69,10
DA:72,10
DA:75,8
DA:81,10
DA:103,36
DA:109,36
DA:111,36
DA:113,36
DA:122,6
DA:123,6
DA:133,2
DA:134,2
DA:144,4
DA:145,4
DA:155,2
DA:156,2
DA:166,2
DA:167,2
DA:176,2
DA:177,2
DA:187,4
DA:188,4
DA:198,4
DA:199,4
DA:209,2
DA:210,2
DA:219,2
DA:220,2
DA:229,12
DA:230,12
DA:239,4
DA:240,4
DA:249,6
DA:250,6
DA:261,2
DA:262,2
DA:271,2
DA:272,2
DA:282,6
DA:283,6
DA:294,6
DA:295,6
DA:307,4
DA:311,4
DA:322,32
DA:323,4
DA:329,28
DA:331,4
DA:332,2
DA:334,4
DA:342,24
DA:344,4
DA:345,2
DA:347,4
DA:355,20
DA:359,32
DA:378,20
DA:381,20
DA:382,20
DA:393,2
DA:394,2
DA:406,6
DA:407,6
DA:419,2
DA:420,2
DA:432,2
DA:433,2
DA:442,2
DA:443,2
DA:452,4
DA:453,4
DA:462,6
DA:463,6
DA:472,4
DA:473,4
DA:484,2
DA:485,2
DA:494,2
DA:495,2
DA:506,2
DA:515,18
DA:542,50
DA:549,50
DA:550,50
DA:552,50
DA:554,50
DA:555,50
DA:566,4
DA:567,4
DA:579,8
DA:580,8
DA:592,2
DA:593,2
DA:605,4
DA:606,4
DA:615,4
DA:616,4
DA:625,8
DA:626,8
DA:637,30
DA:638,30
DA:649,4
DA:650,4
DA:659,6
DA:660,6
DA:687,54
DA:688,20
DA:689,20
DA:690,20
DA:692,20
DA:693,4
DA:695,16
DA:705,34
DA:706,22
DA:707,22
DA:708,22
DA:709,4
DA:711,18
DA:721,12
DA:722,12
DA:723,12
DA:724,4
DA:726,8
DA:744,16
DA:745,10
DA:773,18
DA:776,18
DA:777,18
DA:778,18
DA:779,18
DA:788,2
DA:789,2
DA:799,2
DA:800,2
DA:810,2
DA:811,2
DA:821,2
DA:822,2
DA:831,2
DA:832,2
DA:841,6
DA:842,6
DA:851,4
DA:852,4
DA:861,6
DA:862,6
DA:873,2
DA:889,16
DA:898,16
DA:925,10
DA:929,10
DA:930,10
DA:931,10
DA:940,2
DA:941,2
DA:950,10
DA:951,10
DA:960,2
DA:961,2
DA:972,10
DA:973,6
DA:976,10
DA:977,2
DA:980,8
LF:169
LH:169
BRDA:132,0,0,2
BRDA:186,1,0,4
BRDA:228,2,0,12
BRDA:281,3,0,6
BRDA:293,4,0,6
BRDA:308,5,0,4
BRDA:308,5,1,2
BRDA:309,6,0,2
BRDA:309,6,1,2
BRDA:322,7,0,4
BRDA:322,7,1,28
BRDA:322,8,0,32
BRDA:322,8,1,26
BRDA:322,8,2,12
BRDA:322,8,3,10
BRDA:329,9,0,4
BRDA:329,9,1,24
BRDA:331,10,0,2
BRDA:331,10,1,2
BRDA:342,11,0,4
BRDA:342,11,1,20
BRDA:344,12,0,2
BRDA:344,12,1,2
BRDA:356,13,0,20
BRDA:356,13,1,8
BRDA:357,14,0,10
BRDA:357,14,1,10
BRDA:405,15,0,6
BRDA:461,16,0,6
BRDA:578,17,0,8
BRDA:687,18,0,20
BRDA:687,18,1,34
BRDA:689,19,0,16
BRDA:689,19,1,4
BRDA:692,20,0,4
BRDA:692,20,1,16
BRDA:692,21,0,20
BRDA:692,21,1,4
BRDA:705,22,0,22
BRDA:705,22,1,12
BRDA:708,23,0,4
BRDA:708,23,1,18
BRDA:723,24,0,4
BRDA:723,24,1,8
BRDA:798,25,0,2
BRDA:972,26,0,6
BRDA:972,26,1,4
BRDA:972,27,0,10
BRDA:972,27,1,8
BRDA:976,28,0,2
BRDA:976,28,1,8
BRF:51
BRH:51
end_of_record
TN:
SF:src/wallet/_internal.ts
FN:10,getKeysetAmountsAsc
FN:11,(anonymous_1)
FN:12,(anonymous_2)
FN:25,getKeepAmounts
FN:34,(anonymous_4)
FN:36,(anonymous_5)
FN:54,(anonymous_6)
FN:60,stringifyOutputTypeForLog
FN:66,(anonymous_8)
FN:71,(anonymous_9)
FN:77,(anonymous_10)
FN:83,(anonymous_11)
FN:88,(anonymous_12)
FNF:13
FNH:13
FNDA:10,getKeysetAmountsAsc
FNDA:516,(anonymous_1)
FNDA:506,(anonymous_2)
FNDA:10,getKeepAmounts
FNDA:52,(anonymous_4)
FNDA:3080,(anonymous_5)
FNDA:75,(anonymous_6)
FNDA:118,stringifyOutputTypeForLog
FNDA:7,(anonymous_8)
FNDA:6,(anonymous_9)
FNDA:52,(anonymous_10)
FNDA:7,(anonymous_11)
FNDA:173,(anonymous_12)
DA:11,516
DA:12,506
DA:13,10
DA:31,10
DA:32,10
DA:33,10
DA:34,52
DA:35,10
DA:36,3080
DA:37,516
DA:38,516
DA:39,529
DA:40,529
DA:41,484
DA:43,45
DA:44,45
DA:47,10
DA:48,10
DA:49,7
DA:50,15
DA:51,15
DA:54,75
DA:61,118
DA:63,3
DA:66,7
DA:69,5
DA:71,6
DA:74,29
DA:77,52
DA:80,6
DA:83,7
DA:86,73
DA:88,173
DA:91,2
LF:34
LH:34
BRDA:40,0,0,484
BRDA:40,0,1,45
BRDA:48,1,0,7
BRDA:48,1,1,3
BRDA:61,2,0,3
BRDA:61,2,1,5
BRDA:61,2,2,29
BRDA:61,2,3,6
BRDA:61,2,4,73
BRDA:61,2,5,2
BRDA:71,3,0,5
BRDA:71,3,1,2
BRDA:77,4,0,29
BRDA:77,4,1,2
BRDA:83,5,0,6
BRDA:83,5,1,2
BRDA:88,6,0,73
BRDA:88,6,1,2
BRF:18
BRH:18
end_of_record
TN:
SF:src/wallet/types/config.ts
FNF:0
FNH:0
LF:0
LH:0
BRF:0
BRH:0
end_of_record
TN:
SF:src/wallet/types/payloads.ts
FNF:0
FNH:0
LF:0
LH:0
BRF:0
BRH:0
end_of_record
TN:
SF:src/wallet/types/payment-requests.ts
FN:32,(anonymous_0)
FNF:1
FNH:1
FNDA:74,(anonymous_0)
DA:32,74
DA:33,74
DA:34,74
LF:3
LH:3
BRF:0
BRH:0
end_of_record
TN:
SF:src/wallet/types/responses.ts
FNF:0
FNH:0
LF:0
LH:0
BRF:0
BRH:0
end_of_record
