TN:
SF:src/auth/AuthManager.ts
FN:105,(anonymous_0)
FN:137,(anonymous_1)
FN:155,(anonymous_2)
FN:159,(anonymous_3)
FN:170,(anonymous_4)
FN:173,(anonymous_5)
FN:176,(anonymous_6)
FN:183,(anonymous_7)
FN:191,(anonymous_8)
FN:198,(anonymous_9)
FN:211,(anonymous_10)
FN:224,(anonymous_11)
FN:245,(anonymous_12)
FN:253,(anonymous_13)
FN:281,(anonymous_14)
FN:297,(anonymous_15)
FN:311,(anonymous_16)
FN:331,(anonymous_17)
FN:335,(anonymous_18)
FN:348,(anonymous_19)
FN:349,(anonymous_20)
FN:359,(anonymous_21)
FN:377,(anonymous_22)
FN:380,(anonymous_23)
FN:383,(anonymous_24)
FN:398,(anonymous_25)
FN:427,(anonymous_26)
FN:428,(anonymous_27)
FN:440,(anonymous_28)
FN:451,(anonymous_29)
FN:459,(anonymous_30)
FN:480,(anonymous_31)
FN:498,(anonymous_32)
FN:503,(anonymous_33)
FN:532,serializeBAT
FN:427,(anonymous_26)
FN:428,(anonymous_27)
FNF:37
FNH:36
FNDA:74,(anonymous_0)
FNDA:35,(anonymous_1)
FNDA:95,(anonymous_2)
FNDA:38,(anonymous_3)
FNDA:9,(anonymous_4)
FNDA:5,(anonymous_5)
FNDA:2,(anonymous_6)
FNDA:5,(anonymous_7)
FNDA:31,(anonymous_8)
FNDA:19,(anonymous_9)
FNDA:35,(anonymous_10)
FNDA:20,(anonymous_11)
FNDA:58,(anonymous_12)
FNDA:42,(anonymous_13)
FNDA:20,(anonymous_14)
FNDA:5,(anonymous_15)
FNDA:5,(anonymous_16)
FNDA:1,(anonymous_17)
FNDA:0,(anonymous_18)
FNDA:2,(anonymous_19)
FNDA:4,(anonymous_20)
FNDA:4,(anonymous_21)
FNDA:5,(anonymous_22)
FNDA:5,(anonymous_23)
FNDA:5,(anonymous_24)
FNDA:26,(anonymous_25)
FNDA:4,(anonymous_26)
FNDA:3,(anonymous_27)
FNDA:17,(anonymous_28)
FNDA:14,(anonymous_29)
FNDA:15,(anonymous_30)
FNDA:20,(anonymous_31)
FNDA:19,(anonymous_32)
FNDA:19,(anonymous_33)
FNDA:4,serializeBAT
FNDA:4,(anonymous_26)
FNDA:3,(anonymous_27)
DA:86,74
DA:88,74
DA:89,61
DA:95,74
DA:98,74
DA:99,74
DA:100,74
DA:106,74
DA:107,74
DA:108,74
DA:109,74
DA:110,74
DA:112,74
DA:113,74
DA:115,74
DA:116,2
DA:121,74
DA:122,2
DA:141,35
DA:142,4
DA:145,35
DA:147,35
DA:148,35
DA:149,35
DA:150,35
DA:151,35
DA:156,95
DA:157,95
DA:158,85
DA:159,85
DA:160,38
DA:161,2
DA:162,2
DA:164,36
DA:166,85
DA:167,85
DA:171,9
DA:174,5
DA:177,2
DA:178,2
DA:180,1
DA:184,5
DA:192,31
DA:201,19
DA:202,19
DA:203,19
DA:204,19
DA:212,35
DA:213,8
DA:216,27
DA:217,4
DA:221,23
DA:222,20
DA:223,20
DA:224,20
DA:225,20
DA:226,20
DA:228,19
DA:230,1
DA:233,20
DA:235,23
DA:236,23
DA:237,23
DA:239,23
DA:241,23
DA:246,58
DA:247,58
DA:248,52
DA:249,44
DA:254,42
DA:255,41
DA:256,41
DA:257,41
DA:258,41
DA:259,41
DA:261,42
DA:262,39
DA:265,2
DA:266,2
DA:268,41
DA:269,41
DA:282,20
DA:283,19
DA:284,15
DA:285,15
DA:286,15
DA:287,15
DA:288,15
DA:304,5
DA:305,1
DA:311,5
DA:312,5
DA:313,5
DA:314,1
DA:318,4
DA:319,4
DA:324,4
DA:332,1
DA:333,1
DA:335,1
DA:336,1
DA:337,3
DA:338,3
DA:339,2
DA:340,2
DA:349,4
DA:360,4
DA:361,3
DA:362,3
DA:363,2
DA:364,2
DA:365,2
DA:366,2
DA:367,4
DA:369,1
DA:371,1
DA:378,5
DA:380,5
DA:381,5
DA:383,5
DA:384,5
DA:385,5
DA:386,5
DA:387,5
DA:389,5
DA:391,5
DA:399,26
DA:400,8
DA:405,8
DA:407,26
DA:409,8
DA:421,8
DA:422,2
DA:424,6
DA:425,2
DA:427,4
DA:428,4
DA:431,4
DA:432,4
DA:433,4
DA:441,17
DA:442,16
DA:443,16
DA:448,17
DA:452,14
DA:453,13
DA:460,15
DA:463,15
DA:464,15
DA:466,15
DA:467,7
DA:468,7
DA:469,1
DA:471,6
DA:472,1
DA:478,13
DA:479,13
DA:480,20
DA:482,13
DA:483,13
DA:485,13
DA:494,13
DA:495,1
DA:498,19
DA:503,19
DA:504,12
DA:505,19
DA:506,1
DA:510,11
DA:511,2
DA:514,9
DA:515,9
DA:534,4
DA:535,4
DA:536,4
LF:175
LH:175
BRDA:107,0,0,74
BRDA:107,0,1,22
BRDA:108,1,0,74
BRDA:108,1,1,65
BRDA:109,2,0,74
BRDA:109,2,1,39
BRDA:110,3,0,74
BRDA:110,3,1,46
BRDA:115,4,0,2
BRDA:115,4,1,72
BRDA:121,5,0,2
BRDA:121,5,1,72
BRDA:141,6,0,4
BRDA:141,6,1,31
BRDA:141,7,0,35
BRDA:141,7,1,4
BRDA:145,8,0,3
BRDA:145,8,1,32
BRDA:145,9,0,35
BRDA:145,9,1,4
BRDA:157,10,0,10
BRDA:157,10,1,85
BRDA:158,11,0,50
BRDA:158,11,1,35
BRDA:160,12,0,2
BRDA:160,12,1,36
BRDA:160,13,0,38
BRDA:160,13,1,37
BRDA:160,13,2,12
BRDA:212,14,0,8
BRDA:212,14,1,27
BRDA:216,15,0,4
BRDA:216,15,1,23
BRDA:216,16,0,27
BRDA:216,16,1,24
BRDA:221,17,0,20
BRDA:221,17,1,3
BRDA:228,18,0,4
BRDA:228,18,1,15
BRDA:239,19,0,18
BRDA:239,19,1,5
BRDA:241,20,0,19
BRDA:241,20,1,4
BRDA:245,21,0,58
BRDA:247,22,0,6
BRDA:247,22,1,52
BRDA:248,23,0,8
BRDA:248,23,1,44
BRDA:254,24,0,1
BRDA:254,24,1,41
BRDA:256,25,0,26
BRDA:256,25,1,15
BRDA:260,26,0,41
BRDA:260,26,1,3
BRDA:260,27,0,1
BRDA:260,27,1,2
BRDA:261,28,0,39
BRDA:261,28,1,2
BRDA:261,29,0,42
BRDA:261,29,1,39
BRDA:266,30,0,1
BRDA:266,30,1,1
BRDA:283,31,0,4
BRDA:283,31,1,15
BRDA:287,32,0,0
BRDA:287,32,1,15
BRDA:304,33,0,1
BRDA:304,33,1,4
BRDA:304,34,0,5
BRDA:304,34,1,5
BRDA:313,35,0,1
BRDA:313,35,1,4
BRDA:331,36,0,1
BRDA:332,37,0,1
BRDA:332,37,1,0
BRDA:337,38,0,0
BRDA:337,38,1,3
BRDA:337,39,0,3
BRDA:337,39,1,3
BRDA:337,39,2,3
BRDA:337,39,3,3
BRDA:338,40,0,2
BRDA:338,40,1,1
BRDA:349,41,0,2
BRDA:349,41,1,2
BRDA:360,42,0,1
BRDA:360,42,1,3
BRDA:362,43,0,1
BRDA:362,43,1,2
BRDA:366,44,0,1
BRDA:366,44,1,0
BRDA:367,45,0,1
BRDA:367,45,1,3
BRDA:367,46,0,4
BRDA:367,46,1,1
BRDA:378,47,0,5
BRDA:378,47,1,4
BRDA:391,48,0,4
BRDA:391,48,1,1
BRDA:399,49,0,8
BRDA:399,49,1,18
BRDA:407,50,0,8
BRDA:407,50,1,18
BRDA:421,51,0,2
BRDA:421,51,1,6
BRDA:421,52,0,8
BRDA:421,52,1,7
BRDA:424,53,0,2
BRDA:424,53,1,4
BRDA:424,54,0,6
BRDA:424,54,1,5
BRDA:441,55,0,1
BRDA:441,55,1,16
BRDA:452,56,0,1
BRDA:452,56,1,13
BRDA:460,57,0,0
BRDA:460,57,1,15
BRDA:466,58,0,7
BRDA:466,58,1,8
BRDA:468,59,0,1
BRDA:468,59,1,6
BRDA:471,60,0,1
BRDA:471,60,1,5
BRDA:483,61,0,5
BRDA:483,61,1,8
BRDA:490,62,0,5
BRDA:490,62,1,8
BRDA:494,63,0,1
BRDA:494,63,1,12
BRDA:494,64,0,13
BRDA:494,64,1,13
BRDA:505,65,0,1
BRDA:505,65,1,18
BRDA:510,66,0,2
BRDA:510,66,1,9
BRDA:510,67,0,11
BRDA:510,67,1,5
BRF:137
BRH:132
end_of_record
TN:
SF:src/auth/AuthProvider.ts
FNF:0
FNH:0
LF:0
LH:0
BRF:0
BRH:0
end_of_record
TN:
SF:src/auth/OIDCAuth.ts
FN:57,assertHttpUrl
FN:91,(anonymous_1)
FN:100,(anonymous_2)
FN:108,(anonymous_3)
FN:112,(anonymous_4)
FN:119,(anonymous_5)
FN:126,(anonymous_6)
FN:127,(anonymous_7)
FN:132,(anonymous_8)
FN:166,(anonymous_9)
FN:182,(anonymous_10)
FN:218,(anonymous_11)
FN:234,(anonymous_12)
FN:255,(anonymous_13)
FN:292,(anonymous_14)
FN:309,(anonymous_15)
FN:315,(anonymous_16)
FN:319,(anonymous_17)
FN:325,(anonymous_18)
FN:357,(anonymous_19)
FN:367,(anonymous_20)
FN:370,(anonymous_21)
FN:383,(anonymous_22)
FN:390,(anonymous_23)
FN:415,(anonymous_24)
FN:434,(anonymous_25)
FN:444,(anonymous_26)
FN:445,(anonymous_27)
FN:452,(anonymous_28)
FN:453,(anonymous_29)
FN:460,(anonymous_30)
FN:461,(anonymous_31)
FN:463,(anonymous_32)
FN:468,(anonymous_33)
FN:506,(anonymous_34)
FN:541,(anonymous_35)
FN:544,(anonymous_36)
FN:546,(anonymous_37)
FN:444,(anonymous_26)
FN:452,(anonymous_28)
FNF:40
FNH:40
FNDA:29,assertHttpUrl
FNDA:68,(anonymous_1)
FNDA:77,(anonymous_2)
FNDA:2,(anonymous_3)
FNDA:2,(anonymous_4)
FNDA:64,(anonymous_5)
FNDA:38,(anonymous_6)
FNDA:41,(anonymous_7)
FNDA:106,(anonymous_8)
FNDA:4,(anonymous_9)
FNDA:6,(anonymous_10)
FNDA:4,(anonymous_11)
FNDA:17,(anonymous_12)
FNDA:7,(anonymous_13)
FNDA:13,(anonymous_14)
FNDA:13,(anonymous_15)
FNDA:45,(anonymous_16)
FNDA:14,(anonymous_17)
FNDA:12,(anonymous_18)
FNDA:6,(anonymous_19)
FNDA:14,(anonymous_20)
FNDA:7,(anonymous_21)
FNDA:27,(anonymous_22)
FNDA:24,(anonymous_23)
FNDA:23,(anonymous_24)
FNDA:61,(anonymous_25)
FNDA:60,(anonymous_26)
FNDA:60,(anonymous_27)
FNDA:35,(anonymous_28)
FNDA:35,(anonymous_29)
FNDA:91,(anonymous_30)
FNDA:620,(anonymous_31)
FNDA:310,(anonymous_32)
FNDA:69,(anonymous_33)
FNDA:26,(anonymous_34)
FNDA:24,(anonymous_35)
FNDA:24,(anonymous_36)
FNDA:3,(anonymous_37)
FNDA:60,(anonymous_26)
FNDA:35,(anonymous_28)
DA:59,29
DA:60,29
DA:62,1
DA:64,28
DA:65,3
DA:80,77
DA:82,77
DA:92,0
DA:93,0
DA:94,0
DA:96,0
DA:97,0
DA:101,77
DA:102,77
DA:103,77
DA:104,77
DA:105,77
DA:109,2
DA:113,2
DA:120,64
DA:127,41
DA:133,106
DA:134,67
DA:138,67
DA:141,67
DA:142,67
DA:144,2
DA:145,2
DA:147,67
DA:148,3
DA:150,64
DA:151,64
DA:152,1
DA:154,63
DA:155,63
DA:168,4
DA:169,4
DA:172,4
DA:173,4
DA:174,4
DA:176,4
DA:189,6
DA:190,6
DA:192,6
DA:193,6
DA:194,1
DA:198,6
DA:206,6
DA:208,6
DA:209,1
DA:211,5
DA:212,5
DA:219,4
DA:220,4
DA:227,4
DA:228,3
DA:229,3
DA:235,17
DA:236,17
DA:237,17
DA:239,16
DA:240,16
DA:242,16
DA:243,16
DA:244,8
DA:246,14
DA:256,7
DA:258,7
DA:259,7
DA:260,7
DA:261,11
DA:262,11
DA:267,11
DA:268,11
DA:269,5
DA:270,5
DA:272,6
DA:273,11
DA:274,3
DA:275,1
DA:276,1
DA:278,2
DA:279,11
DA:298,13
DA:300,13
DA:302,13
DA:304,13
DA:305,13
DA:306,13
DA:307,13
DA:309,13
DA:310,13
DA:313,13
DA:315,13
DA:316,45
DA:319,13
DA:320,14
DA:321,14
DA:322,14
DA:323,17
DA:325,17
DA:326,12
DA:327,12
DA:329,16
DA:330,16
DA:331,16
DA:336,16
DA:341,12
DA:342,12
DA:343,7
DA:344,7
DA:346,3
DA:347,17
DA:348,2
DA:349,2
DA:350,2
DA:352,0
DA:353,17
DA:357,13
DA:358,6
DA:359,6
DA:361,6
DA:362,6
DA:365,13
DA:368,14
DA:371,7
DA:384,27
DA:385,27
DA:386,27
DA:387,27
DA:390,24
DA:391,24
DA:392,24
DA:397,24
DA:399,23
DA:400,23
DA:401,23
DA:403,24
DA:404,24
DA:405,24
DA:407,24
DA:408,22
DA:416,23
DA:417,23
DA:424,23
DA:425,23
DA:426,23
DA:439,61
DA:440,1
DA:441,1
DA:444,60
DA:445,60
DA:449,60
DA:450,60
DA:451,44
DA:452,35
DA:453,35
DA:461,620
DA:462,91
DA:463,310
DA:472,69
DA:474,69
DA:483,69
DA:486,69
DA:487,69
DA:489,1
DA:490,1
DA:492,69
DA:493,3
DA:494,3
DA:495,3
DA:497,66
DA:498,66
DA:500,3
DA:501,3
DA:511,26
DA:513,26
DA:523,23
DA:525,23
DA:526,23
DA:528,1
DA:530,23
DA:531,23
DA:533,3
DA:534,3
DA:543,24
DA:544,24
DA:545,24
DA:546,24
DA:547,3
DA:548,3
LF:191
LH:185
BRDA:64,0,0,3
BRDA:64,0,1,25
BRDA:64,1,0,28
BRDA:64,1,1,28
BRDA:93,2,0,0
BRDA:93,2,1,0
BRDA:96,3,0,0
BRDA:96,3,1,0
BRDA:96,3,2,0
BRDA:102,4,0,77
BRDA:102,4,1,72
BRDA:103,5,0,77
BRDA:103,5,1,36
BRDA:104,6,0,77
BRDA:104,6,1,70
BRDA:113,7,0,2
BRDA:113,7,1,1
BRDA:133,8,0,39
BRDA:133,8,1,67
BRDA:142,9,0,66
BRDA:142,9,1,1
BRDA:147,10,0,3
BRDA:147,10,1,64
BRDA:147,11,0,67
BRDA:147,11,1,67
BRDA:151,12,0,1
BRDA:151,12,1,63
BRDA:151,13,0,64
BRDA:151,13,1,63
BRDA:190,14,0,6
BRDA:190,14,1,6
BRDA:193,15,0,1
BRDA:193,15,1,5
BRDA:193,16,0,6
BRDA:193,16,1,1
BRDA:195,17,0,1
BRDA:195,17,1,0
BRDA:203,18,0,6
BRDA:203,18,1,5
BRDA:206,19,0,1
BRDA:206,19,1,5
BRDA:208,20,0,1
BRDA:208,20,1,5
BRDA:237,21,0,1
BRDA:237,21,1,16
BRDA:243,22,0,8
BRDA:243,22,1,8
BRDA:255,23,0,7
BRDA:259,24,0,6
BRDA:259,24,1,1
BRDA:268,25,0,5
BRDA:268,25,1,6
BRDA:272,26,0,6
BRDA:272,26,1,1
BRDA:273,27,0,3
BRDA:273,27,1,8
BRDA:274,28,0,1
BRDA:274,28,1,2
BRDA:278,29,0,2
BRDA:278,29,1,1
BRDA:278,29,2,1
BRDA:292,30,0,13
BRDA:302,31,0,9
BRDA:302,31,1,4
BRDA:302,32,0,13
BRDA:302,32,1,9
BRDA:305,33,0,12
BRDA:305,33,1,1
BRDA:316,34,0,7
BRDA:316,34,1,38
BRDA:342,35,0,7
BRDA:342,35,1,5
BRDA:346,36,0,3
BRDA:346,36,1,0
BRDA:347,37,0,1
BRDA:347,37,1,16
BRDA:348,38,0,2
BRDA:348,38,1,0
BRDA:352,39,0,0
BRDA:352,39,1,0
BRDA:352,39,2,0
BRDA:387,40,0,3
BRDA:387,40,1,24
BRDA:387,41,0,27
BRDA:387,41,1,4
BRDA:407,42,0,22
BRDA:407,42,1,2
BRDA:437,43,0,61
BRDA:439,44,0,1
BRDA:439,44,1,60
BRDA:440,45,0,1
BRDA:440,45,1,1
BRDA:440,45,2,1
BRDA:451,46,0,9
BRDA:451,46,1,35
BRDA:487,47,0,68
BRDA:487,47,1,1
BRDA:492,48,0,3
BRDA:492,48,1,66
BRDA:493,49,0,3
BRDA:493,49,1,1
BRDA:494,50,0,3
BRDA:494,50,1,2
BRDA:494,50,2,1
BRDA:498,51,0,66
BRDA:498,51,1,1
BRDA:526,52,0,23
BRDA:526,52,1,0
BRDA:531,53,0,23
BRDA:531,53,1,1
BRF:110
BRH:98
end_of_record
TN:
SF:src/auth/createAuthWallet.ts
FN:22,createAuthWallet
FNF:1
FNH:1
FNDA:22,createAuthWallet
DA:31,22
DA:38,22
DA:41,22
DA:47,22
DA:50,22
DA:51,22
DA:53,22
LF:7
LH:7
BRDA:32,0,0,22
BRDA:32,0,1,19
BRDA:33,1,0,22
BRDA:33,1,1,19
BRF:4
BRH:4
end_of_record
TN:
SF:src/crypto/NUT01.ts
FN:31,serializeMintKeys
FN:33,(anonymous_1)
FN:39,deserializeMintKeys
FN:41,(anonymous_3)
FN:47,getPubKeyFromPrivKey
FN:63,createNewMintKeys
FN:111,verifyUnblindedSignature
FNF:7
FNH:7
FNDA:55,serializeMintKeys
FNDA:1000,(anonymous_1)
FNDA:2,deserializeMintKeys
FNDA:128,(anonymous_3)
FNDA:448,getPubKeyFromPrivKey
FNDA:21,createNewMintKeys
FNDA:16,verifyUnblindedSignature
DA:11,90
DA:32,55
DA:33,55
DA:34,1000
DA:36,55
DA:40,2
DA:41,2
DA:42,128
DA:44,2
DA:48,448
DA:75,21
DA:76,12
DA:78,9
DA:79,21
DA:80,21
DA:81,21
DA:83,21
DA:84,7
DA:86,9
DA:87,296
DA:88,296
DA:89,168
DA:90,168
DA:91,168
DA:93,0
DA:96,128
DA:99,296
DA:100,296
DA:102,9
DA:108,9
DA:112,16
DA:113,16
DA:114,16
DA:115,16
LF:34
LH:33
BRDA:75,0,0,12
BRDA:75,0,1,9
BRDA:75,1,0,21
BRDA:75,1,1,15
BRDA:75,1,2,13
BRDA:78,2,0,9
BRDA:78,3,0,9
BRDA:78,4,0,9
BRDA:78,4,1,4
BRDA:83,5,0,7
BRDA:83,5,1,14
BRDA:88,6,0,168
BRDA:88,6,1,128
BRDA:90,7,0,168
BRDA:90,7,1,0
BRF:15
BRH:14
end_of_record
TN:
SF:src/crypto/NUT10.ts
FN:27,createSecret
FN:46,parseSecret
FN:83,(anonymous_2)
FN:85,(anonymous_3)
FN:114,assertSecretKind
FN:132,getSecretKind
FN:141,getSecretData
FN:151,getDataField
FN:166,getTags
FN:178,hasTag
FN:179,(anonymous_10)
FN:189,getTag
FN:190,(anonymous_12)
FN:203,getTagScalar
FN:223,getTagInt
FNF:15
FNH:15
FNDA:138,createSecret
FNDA:6944,parseSecret
FNDA:9400,(anonymous_2)
FNDA:21526,(anonymous_3)
FNDA:1346,assertSecretKind
FNDA:442,getSecretKind
FNDA:5100,getSecretData
FNDA:364,getDataField
FNDA:4734,getTags
FNDA:6,hasTag
FNDA:22,(anonymous_10)
FNDA:3516,getTag
FNDA:4290,(anonymous_12)
FNDA:2746,getTagScalar
FNDA:592,getTagInt
DA:28,138
DA:36,138
DA:49,6944
DA:50,2
DA:52,6942
DA:53,6942
DA:54,1116
DA:56,5826
DA:59,98
DA:63,6844
DA:71,18
DA:73,6826
DA:74,6826
DA:75,8
DA:77,6818
DA:79,5628
DA:80,10
DA:83,5618
DA:85,21526
DA:87,5618
DA:88,14
DA:92,6794
DA:118,1346
DA:119,1346
DA:120,1346
DA:121,1346
DA:122,18
DA:124,1216
DA:133,442
DA:142,5100
DA:152,364
DA:153,364
DA:167,4734
DA:168,4734
DA:179,22
DA:190,4290
DA:191,3516
DA:192,1130
DA:204,2746
DA:205,2746
DA:206,906
DA:207,8
DA:209,898
DA:224,592
DA:225,592
DA:229,138
DA:230,592
DA:231,32
DA:233,106
LF:49
LH:49
BRDA:49,0,0,2
BRDA:49,0,1,6942
BRDA:49,1,0,6944
BRDA:49,1,1,1118
BRDA:53,2,0,1116
BRDA:53,2,1,5826
BRDA:63,3,0,18
BRDA:63,3,1,6826
BRDA:64,4,0,6844
BRDA:64,4,1,6840
BRDA:64,4,2,6836
BRDA:64,4,3,6832
BRDA:64,4,4,6830
BRDA:64,4,5,6828
BRDA:74,5,0,8
BRDA:74,5,1,6818
BRDA:74,6,0,6826
BRDA:74,6,1,6822
BRDA:77,7,0,5628
BRDA:77,7,1,1190
BRDA:79,8,0,10
BRDA:79,8,1,5618
BRDA:85,9,0,9400
BRDA:85,9,1,9398
BRDA:85,9,2,9396
BRDA:85,10,0,21526
BRDA:85,10,1,21522
BRDA:87,11,0,14
BRDA:87,11,1,5604
BRDA:97,12,0,6794
BRDA:97,12,1,1190
BRDA:118,13,0,1342
BRDA:118,13,1,4
BRDA:121,14,0,18
BRDA:121,14,1,1328
BRDA:168,15,0,4734
BRDA:168,15,1,822
BRDA:191,16,0,2386
BRDA:191,16,1,1130
BRDA:191,17,0,3516
BRDA:191,17,1,1136
BRDA:205,18,0,1840
BRDA:205,18,1,906
BRDA:206,19,0,8
BRDA:206,19,1,898
BRDA:225,20,0,450
BRDA:225,20,1,142
BRDA:229,21,0,114
BRDA:229,21,1,24
BRDA:230,22,0,32
BRDA:230,22,1,560
BRF:51
BRH:51
end_of_record
TN:
SF:src/crypto/NUT11.ts
FN:138,isP2PKKnownTagKey
FN:153,createP2PKsecret
FN:171,parseP2PKSecret
FN:196,normalizePubkey
FN:214,dedupeP2PKPubkeys
FN:238,normalizeP2PKOptions
FN:305,getP2PKExpectedWitnessPubkeys
FN:328,getP2PKSigFlag
FN:339,getP2PKWitnessSignatures
FN:355,parseWitnessData
FN:402,signP2PKProofs
FN:409,(anonymous_11)
FN:411,(anonymous_12)
FN:440,assertSignerAuthorised
FN:444,(anonymous_14)
FN:462,signP2PKProof
FN:478,(anonymous_16)
FN:512,hasP2PKSignedProof
FN:526,(anonymous_18)
FN:559,verifyP2PKSpendingConditions
FN:655,isP2PKSpendAuthorised
FN:677,maybeDeriveP2BKPrivateKeys
FN:705,assertSigAllInputs
FN:735,buildP2PKSigAllMessageV0
FN:764,isP2PKSigAll
FN:765,(anonymous_25)
FN:778,assertNoDuplicateP2PKTags
FN:790,assertSigFlag
FN:796,assertPositiveInteger
FN:811,assertSpendingConditionRules
FN:846,getP2PKWitnessPubkeys
FN:853,(anonymous_31)
FN:860,getP2PKWitnessRefundkeys
FN:865,(anonymous_33)
FN:872,getLocktime
FN:880,deriveLockState
FN:888,resolveNSigs
FN:893,resolveNSigsRefund
FNF:38
FNH:38
FNDA:1650,isP2PKKnownTagKey
FNDA:62,createP2PKsecret
FNDA:1348,parseP2PKSecret
FNDA:2031,normalizePubkey
FNDA:1462,dedupeP2PKPubkeys
FNDA:297,normalizeP2PKOptions
FNDA:176,getP2PKExpectedWitnessPubkeys
FNDA:534,getP2PKSigFlag
FNDA:274,getP2PKWitnessSignatures
FNDA:432,parseWitnessData
FNDA:39,signP2PKProofs
FNDA:47,(anonymous_11)
FNDA:48,(anonymous_12)
FNDA:132,assertSignerAuthorised
FNDA:154,(anonymous_14)
FNDA:98,signP2PKProof
FNDA:144,(anonymous_16)
FNDA:22,hasP2PKSignedProof
FNDA:10,(anonymous_18)
FNDA:202,verifyP2PKSpendingConditions
FNDA:78,isP2PKSpendAuthorised
FNDA:52,maybeDeriveP2BKPrivateKeys
FNDA:106,assertSigAllInputs
FNDA:126,buildP2PKSigAllMessageV0
FNDA:287,isP2PKSigAll
FNDA:308,(anonymous_25)
FNDA:1210,assertNoDuplicateP2PKTags
FNDA:476,assertSigFlag
FNDA:377,assertPositiveInteger
FNDA:457,assertSpendingConditionRules
FNDA:372,getP2PKWitnessPubkeys
FNDA:454,(anonymous_31)
FNDA:360,getP2PKWitnessRefundkeys
FNDA:114,(anonymous_33)
FNDA:504,getLocktime
FNDA:330,deriveLockState
FNDA:132,resolveNSigs
FNDA:160,resolveNSigsRefund
DA:30,90
DA:35,90
DA:124,90
DA:139,1650
DA:154,62
DA:155,62
DA:156,62
DA:173,1348
DA:174,10
DA:179,1338
DA:180,1338
DA:181,1338
DA:182,1338
DA:183,1184
DA:197,2031
DA:198,2031
DA:199,40
DA:200,18
DA:215,1462
DA:216,1462
DA:217,1462
DA:218,1463
DA:219,1463
DA:220,1463
DA:221,1413
DA:222,1413
DA:225,1448
DA:239,297
DA:240,297
DA:244,297
DA:245,297
DA:246,2
DA:250,291
DA:251,297
DA:252,6
DA:256,285
DA:264,283
DA:265,297
DA:268,297
DA:276,297
DA:306,176
DA:307,176
DA:308,176
DA:309,176
DA:311,176
DA:312,130
DA:315,26
DA:316,20
DA:318,6
DA:329,534
DA:330,534
DA:340,274
DA:341,274
DA:342,2
DA:344,270
DA:356,432
DA:357,262
DA:358,4
DA:363,258
DA:364,258
DA:370,8
DA:373,250
DA:374,238
DA:380,432
DA:381,72
DA:383,238
DA:409,47
DA:410,39
DA:411,39
DA:412,48
DA:413,48
DA:414,48
DA:415,60
DA:416,60
DA:420,14
DA:421,14
DA:424,48
DA:441,132
DA:442,132
DA:443,132
DA:444,154
DA:445,12
DA:447,120
DA:463,98
DA:465,98
DA:466,98
DA:467,4
DA:469,90
DA:470,4
DA:472,86
DA:474,98
DA:477,98
DA:478,98
DA:479,144
DA:482,98
DA:483,2
DA:488,74
DA:489,2
DA:495,72
DA:496,72
DA:497,72
DA:501,98
DA:513,22
DA:514,6
DA:517,16
DA:518,12
DA:519,4
DA:520,4
DA:523,12
DA:526,12
DA:527,10
DA:565,202
DA:566,180
DA:567,22
DA:568,4
DA:569,4
DA:573,198
DA:576,198
DA:577,198
DA:578,198
DA:586,198
DA:587,198
DA:588,198
DA:592,198
DA:593,202
DA:596,202
DA:597,202
DA:600,202
DA:605,202
DA:611,202
DA:614,202
DA:615,58
DA:616,58
DA:617,58
DA:621,102
DA:622,64
DA:623,64
DA:624,64
DA:628,38
DA:629,38
DA:630,26
DA:631,16
DA:632,16
DA:633,16
DA:635,10
DA:636,10
DA:637,10
DA:641,12
DA:642,12
DA:643,12
DA:660,78
DA:678,52
DA:679,52
DA:680,52
DA:681,40
DA:684,12
DA:685,12
DA:687,12
DA:688,12
DA:690,12
DA:691,10
DA:706,106
DA:708,102
DA:709,102
DA:710,94
DA:711,94
DA:713,106
DA:714,22
DA:715,22
DA:716,18
DA:717,14
DA:718,12
DA:719,4
DA:740,126
DA:742,126
DA:743,138
DA:746,126
DA:747,172
DA:750,126
DA:751,30
DA:753,126
DA:765,287
DA:766,308
DA:767,308
DA:769,92
DA:779,1210
DA:780,1210
DA:781,1628
DA:782,1628
DA:783,1620
DA:784,20
DA:786,1600
DA:791,476
DA:792,6
DA:797,377
DA:798,16
DA:800,361
DA:818,457
DA:820,457
DA:821,319
DA:822,319
DA:823,14
DA:829,433
DA:830,58
DA:831,58
DA:832,4
DA:834,48
DA:835,5
DA:841,418
DA:842,6
DA:847,372
DA:848,372
DA:850,372
DA:851,2
DA:853,454
DA:854,372
DA:855,8
DA:857,360
DA:861,360
DA:862,360
DA:863,2
DA:865,358
DA:866,358
DA:867,4
DA:869,352
DA:875,504
DA:876,504
DA:877,504
DA:884,330
DA:885,86
DA:889,132
DA:890,124
DA:894,160
DA:895,30
DA:897,130
LF:235
LH:235
BRDA:173,0,0,10
BRDA:173,0,1,1338
BRDA:173,1,0,1348
BRDA:173,1,1,1014
BRDA:182,2,0,438
BRDA:182,2,1,900
BRDA:198,3,0,1991
BRDA:198,3,1,40
BRDA:198,4,0,2031
BRDA:198,4,1,1993
BRDA:198,4,2,800
BRDA:199,5,0,22
BRDA:199,5,1,18
BRDA:220,6,0,1413
BRDA:220,6,1,50
BRDA:239,7,0,86
BRDA:239,7,1,211
BRDA:240,8,0,297
BRDA:240,8,1,194
BRDA:244,9,0,297
BRDA:244,9,1,26
BRDA:245,10,0,2
BRDA:245,10,1,295
BRDA:245,11,0,297
BRDA:245,11,1,16
BRDA:250,12,0,26
BRDA:250,12,1,265
BRDA:251,13,0,6
BRDA:251,13,1,291
BRDA:256,14,0,38
BRDA:256,14,1,247
BRDA:264,15,0,269
BRDA:264,15,1,14
BRDA:264,16,0,269
BRDA:264,16,1,229
BRDA:277,17,0,189
BRDA:277,17,1,63
BRDA:278,18,0,96
BRDA:278,18,1,156
BRDA:279,19,0,86
BRDA:279,19,1,166
BRDA:280,20,0,30
BRDA:280,20,1,222
BRDA:280,21,0,297
BRDA:280,21,1,246
BRDA:281,22,0,13
BRDA:281,22,1,239
BRDA:281,23,0,297
BRDA:281,23,1,35
BRDA:284,24,0,20
BRDA:284,24,1,232
BRDA:285,25,0,46
BRDA:285,25,1,206
BRDA:286,26,0,34
BRDA:286,26,1,218
BRDA:287,27,0,16
BRDA:287,27,1,236
BRDA:311,28,0,130
BRDA:311,28,1,46
BRDA:311,29,0,176
BRDA:311,29,1,154
BRDA:315,30,0,20
BRDA:315,30,1,6
BRDA:315,31,0,26
BRDA:315,31,1,26
BRDA:330,32,0,534
BRDA:330,32,1,270
BRDA:340,33,0,274
BRDA:340,33,1,104
BRDA:341,34,0,2
BRDA:341,34,1,272
BRDA:356,35,0,170
BRDA:356,35,1,262
BRDA:357,36,0,4
BRDA:357,36,1,258
BRDA:357,37,0,262
BRDA:357,37,1,136
BRDA:365,38,0,132
BRDA:365,38,1,126
BRDA:373,39,0,12
BRDA:373,39,1,238
BRDA:373,40,0,250
BRDA:373,40,1,244
BRDA:376,41,0,172
BRDA:376,41,1,66
BRDA:380,42,0,72
BRDA:380,42,1,360
BRDA:380,43,0,432
BRDA:380,43,1,78
BRDA:405,44,0,39
BRDA:409,45,0,45
BRDA:409,45,1,2
BRDA:410,46,0,20
BRDA:410,46,1,19
BRDA:420,47,0,14
BRDA:420,47,1,0
BRDA:441,48,0,130
BRDA:441,48,1,2
BRDA:444,49,0,12
BRDA:444,49,1,120
BRDA:466,50,0,4
BRDA:466,50,1,94
BRDA:466,51,0,98
BRDA:466,51,1,6
BRDA:469,52,0,4
BRDA:469,52,1,86
BRDA:469,53,0,90
BRDA:469,53,1,88
BRDA:472,54,0,86
BRDA:472,54,1,84
BRDA:482,55,0,2
BRDA:482,55,1,96
BRDA:488,56,0,2
BRDA:488,56,1,72
BRDA:498,57,0,4
BRDA:498,57,1,68
BRDA:498,58,0,72
BRDA:498,58,1,18
BRDA:499,59,0,98
BRDA:499,59,1,54
BRDA:513,60,0,6
BRDA:513,60,1,16
BRDA:517,61,0,12
BRDA:517,61,1,4
BRDA:519,62,0,4
BRDA:519,62,1,0
BRDA:561,63,0,202
BRDA:565,64,0,180
BRDA:565,64,1,22
BRDA:567,65,0,4
BRDA:567,65,1,18
BRDA:592,66,0,28
BRDA:592,66,1,132
BRDA:597,67,0,38
BRDA:597,67,1,122
BRDA:614,68,0,58
BRDA:614,68,1,144
BRDA:614,69,0,202
BRDA:614,69,1,132
BRDA:614,69,2,124
BRDA:621,70,0,64
BRDA:621,70,1,38
BRDA:629,71,0,26
BRDA:629,71,1,12
BRDA:630,72,0,16
BRDA:630,72,1,10
BRDA:630,73,0,26
BRDA:630,73,1,26
BRDA:657,74,0,78
BRDA:678,75,0,26
BRDA:678,75,1,26
BRDA:680,76,0,40
BRDA:680,76,1,12
BRDA:690,77,0,2
BRDA:690,77,1,10
BRDA:690,78,0,12
BRDA:690,78,1,2
BRDA:706,79,0,4
BRDA:706,79,1,102
BRDA:709,80,0,4
BRDA:709,80,1,98
BRDA:711,81,0,94
BRDA:711,81,1,0
BRDA:715,82,0,2
BRDA:715,82,1,20
BRDA:716,83,0,4
BRDA:716,83,1,14
BRDA:717,84,0,2
BRDA:717,84,1,12
BRDA:718,85,0,4
BRDA:718,85,1,8
BRDA:718,86,0,12
BRDA:718,86,1,0
BRDA:750,87,0,30
BRDA:750,87,1,96
BRDA:782,88,0,8
BRDA:782,88,1,1620
BRDA:783,89,0,20
BRDA:783,89,1,1600
BRDA:791,90,0,6
BRDA:791,90,1,470
BRDA:797,91,0,16
BRDA:797,91,1,361
BRDA:797,92,0,377
BRDA:797,92,1,373
BRDA:820,93,0,319
BRDA:820,93,1,138
BRDA:822,94,0,14
BRDA:822,94,1,305
BRDA:829,95,0,58
BRDA:829,95,1,375
BRDA:831,96,0,4
BRDA:831,96,1,54
BRDA:834,97,0,5
BRDA:834,97,1,43
BRDA:841,98,0,6
BRDA:841,98,1,412
BRDA:841,99,0,418
BRDA:841,99,1,130
BRDA:847,100,0,310
BRDA:847,100,1,62
BRDA:848,101,0,372
BRDA:848,101,1,236
BRDA:850,102,0,2
BRDA:850,102,1,370
BRDA:853,103,0,308
BRDA:853,103,1,62
BRDA:854,104,0,8
BRDA:854,104,1,364
BRDA:861,105,0,360
BRDA:861,105,1,282
BRDA:862,106,0,2
BRDA:862,106,1,358
BRDA:866,107,0,4
BRDA:866,107,1,354
BRDA:876,108,0,146
BRDA:876,108,1,358
BRDA:876,109,0,504
BRDA:876,109,1,150
BRDA:877,110,0,142
BRDA:877,110,1,362
BRDA:877,111,0,504
BRDA:877,111,1,146
BRDA:882,112,0,330
BRDA:884,113,0,244
BRDA:884,113,1,86
BRDA:885,114,0,12
BRDA:885,114,1,74
BRDA:889,115,0,8
BRDA:889,115,1,124
BRDA:889,116,0,132
BRDA:889,116,1,96
BRDA:890,117,0,124
BRDA:890,117,1,90
BRDA:894,118,0,30
BRDA:894,118,1,130
BRDA:894,119,0,160
BRDA:894,119,1,38
BRDA:895,120,0,30
BRDA:895,120,1,22
BRDA:330,121,0,309
BRDA:330,121,1,135
BRDA:441,122,0,130
BRDA:441,122,1,2
BRDA:597,123,0,38
BRDA:597,123,1,122
BRDA:847,124,0,155
BRDA:847,124,1,31
BRDA:848,125,0,186
BRDA:848,125,1,118
BRDA:861,126,0,180
BRDA:861,126,1,141
BRDA:890,127,0,62
BRDA:890,127,1,45
BRDA:895,128,0,30
BRDA:895,128,1,76
BRF:256
BRH:252
end_of_record
TN:
SF:src/crypto/NUT12.ts
FN:14,deriveDLEQNonce
FN:32,(anonymous_1)
FN:50,(anonymous_2)
FN:70,(anonymous_3)
FNF:4
FNH:4
FNDA:70,deriveDLEQNonce
FNDA:54,(anonymous_1)
FNDA:13,(anonymous_2)
FNDA:72,(anonymous_3)
DA:12,90
DA:20,70
DA:21,70
DA:22,70
DA:23,70
DA:32,90
DA:38,54
DA:39,54
DA:40,54
DA:41,54
DA:42,54
DA:43,54
DA:44,54
DA:45,54
DA:46,59
DA:47,54
DA:50,90
DA:56,13
DA:57,2
DA:58,38
DA:59,11
DA:60,11
DA:61,11
DA:62,11
DA:70,90
DA:71,72
DA:72,72
DA:73,72
DA:74,72
DA:75,72
DA:76,72
DA:77,72
DA:78,72
DA:79,72
DA:81,72
DA:82,72
DA:83,72
LF:37
LH:37
BRDA:56,0,0,2
BRDA:56,0,1,11
BRF:2
BRH:2
end_of_record
TN:
SF:src/crypto/NUT13.ts
FN:17,(anonymous_0)
FN:22,(anonymous_1)
FN:33,(anonymous_2)
FN:40,(anonymous_3)
FN:66,deriveSecretAndBlindingFactor
FN:89,createSecretAndBlindingFactorDeriver
FN:100,(anonymous_6)
FN:103,(anonymous_7)
FN:107,getDerivationKind
FN:130,assertSeed
FN:142,deriveBip32SecretAndBlindingFactor
FN:161,deriveHmacSecretAndBlindingFactor
FN:177,deriveHmac
FNF:13
FNH:13
FNDA:90,(anonymous_0)
FNDA:90,(anonymous_1)
FNDA:34,(anonymous_2)
FNDA:10,(anonymous_3)
FNDA:120,deriveSecretAndBlindingFactor
FNDA:202,createSecretAndBlindingFactorDeriver
FNDA:126,(anonymous_6)
FNDA:94,(anonymous_7)
FNDA:168,getDerivationKind
FNDA:202,assertSeed
FNDA:126,deriveBip32SecretAndBlindingFactor
FNDA:94,deriveHmacSecretAndBlindingFactor
FNDA:160,deriveHmac
DA:13,90
DA:15,90
DA:17,90
DA:18,90
DA:19,90
DA:22,90
DA:23,90
DA:24,90
DA:33,90
DA:34,34
DA:40,90
DA:45,10
DA:71,120
DA:72,120
DA:93,202
DA:94,202
DA:96,137
DA:97,87
DA:100,126
DA:103,94
DA:110,168
DA:111,15
DA:113,153
DA:114,153
DA:115,153
DA:116,2
DA:118,151
DA:119,0
DA:121,151
DA:122,72
DA:124,79
DA:125,75
DA:127,4
DA:133,202
DA:138,34
DA:148,126
DA:149,2
DA:151,124
DA:152,124
DA:153,124
DA:158,124
DA:168,94
DA:169,14
DA:171,80
DA:183,160
DA:191,160
DA:193,80
DA:194,80
DA:196,80
DA:199,160
DA:201,160
DA:202,106
DA:205,80
DA:210,80
DA:213,80
LF:55
LH:54
BRDA:17,0,0,90
BRDA:17,0,1,90
BRDA:22,1,0,90
BRDA:22,1,1,90
BRDA:94,2,0,87
BRDA:94,2,1,75
BRDA:110,3,0,15
BRDA:110,3,1,153
BRDA:110,4,0,168
BRDA:110,4,1,17
BRDA:115,5,0,2
BRDA:115,5,1,151
BRDA:115,6,0,153
BRDA:115,6,1,151
BRDA:115,6,2,77
BRDA:118,7,0,0
BRDA:118,7,1,151
BRDA:118,8,0,151
BRDA:118,8,1,2
BRDA:121,9,0,72
BRDA:121,9,1,79
BRDA:121,10,0,151
BRDA:121,10,1,149
BRDA:124,11,0,75
BRDA:124,11,1,4
BRDA:124,12,0,79
BRDA:124,12,1,77
BRDA:133,13,0,34
BRDA:133,13,1,168
BRDA:134,14,0,202
BRDA:134,14,1,198
BRDA:134,14,2,178
BRDA:148,15,0,2
BRDA:148,15,1,124
BRDA:148,16,0,126
BRDA:148,16,1,126
BRDA:148,16,2,124
BRDA:168,17,0,14
BRDA:168,17,1,80
BRDA:168,18,0,94
BRDA:168,18,1,82
BRDA:191,19,0,80
BRDA:191,19,1,80
BRDA:201,20,0,80
BRDA:201,20,1,80
BRDA:205,21,0,0
BRDA:205,21,1,80
BRF:47
BRH:45
end_of_record
TN:
SF:src/crypto/NUT14.ts
FN:29,createHTLCsecret
FN:43,parseHTLCSecret
FN:58,createHTLCHash
FN:76,verifyHTLCHash
FN:106,verifyHTLCSpendingConditions
FN:183,isHTLCSpendAuthorised
FN:198,getHTLCWitnessPreimage
FNF:7
FNH:7
FNDA:40,createHTLCsecret
FNDA:22,parseHTLCSecret
FNDA:62,createHTLCHash
FNDA:40,verifyHTLCHash
FNDA:56,verifyHTLCSpendingConditions
FNDA:38,isHTLCSpendAuthorised
FNDA:58,getHTLCWitnessPreimage
DA:30,40
DA:31,2
DA:33,38
DA:44,22
DA:59,62
DA:60,62
DA:61,26
DA:64,36
DA:65,62
DA:66,62
DA:77,40
DA:78,40
DA:82,18
DA:114,56
DA:115,56
DA:116,56
DA:121,56
DA:122,56
DA:123,4
DA:130,50
DA:133,50
DA:134,12
DA:139,38
DA:140,4
DA:144,34
DA:145,34
DA:148,10
DA:149,10
DA:150,10
DA:155,24
DA:156,24
DA:157,2
DA:158,2
DA:159,2
DA:162,22
DA:163,6
DA:164,6
DA:165,6
DA:169,16
DA:170,16
DA:171,16
DA:188,38
DA:199,58
LF:43
LH:43
BRDA:30,0,0,2
BRDA:30,0,1,38
BRDA:60,1,0,26
BRDA:60,1,1,36
BRDA:60,2,0,62
BRDA:60,2,1,54
BRDA:64,3,0,28
BRDA:64,3,1,8
BRDA:108,4,0,56
BRDA:116,5,0,52
BRDA:116,5,1,4
BRDA:122,6,0,4
BRDA:122,6,1,52
BRDA:133,7,0,12
BRDA:133,7,1,38
BRDA:133,8,0,50
BRDA:133,8,1,22
BRDA:139,9,0,4
BRDA:139,9,1,34
BRDA:139,10,0,38
BRDA:139,10,1,28
BRDA:145,11,0,10
BRDA:145,11,1,24
BRDA:145,12,0,34
BRDA:145,12,1,26
BRDA:156,13,0,2
BRDA:156,13,1,22
BRDA:156,14,0,24
BRDA:156,14,1,2
BRDA:162,15,0,6
BRDA:162,15,1,16
BRDA:185,16,0,38
BRDA:64,17,0,28
BRDA:64,17,1,8
BRDA:116,18,0,52
BRDA:116,18,1,4
BRF:36
BRH:36
end_of_record
TN:
SF:src/crypto/NUT20.ts
FN:15,amountToMinimalBytes
FN:26,constructMessage
FN:49,constructLegacyMessage
FN:62,isCompressedPubkey
FN:70,signMintQuote
FN:78,verifyMintQuoteSignature
FN:94,signMintQuoteAmended
FN:102,verifyMintQuoteSignatureAmended
FNF:8
FNH:8
FNDA:141,amountToMinimalBytes
FNDA:78,constructMessage
FNDA:40,constructLegacyMessage
FNDA:66,isCompressedPubkey
FNDA:24,signMintQuote
FNDA:20,verifyMintQuoteSignature
FNDA:36,signMintQuoteAmended
FNDA:46,verifyMintQuoteSignatureAmended
DA:11,90
DA:16,141
DA:17,141
DA:18,135
DA:19,135
DA:29,78
DA:30,78
DA:31,78
DA:32,78
DA:33,78
DA:34,78
DA:35,141
DA:36,141
DA:37,141
DA:38,141
DA:39,141
DA:40,141
DA:42,74
DA:53,40
DA:54,40
DA:55,95
DA:57,40
DA:63,66
DA:75,24
DA:84,20
DA:87,16
DA:88,16
DA:90,2
DA:99,36
DA:108,46
DA:111,42
DA:112,42
DA:114,4
LF:33
LH:33
BRDA:17,0,0,4
BRDA:17,0,1,137
BRDA:19,1,0,127
BRDA:19,1,1,8
BRDA:63,2,0,66
BRDA:63,2,1,62
BRDA:84,3,0,4
BRDA:84,3,1,16
BRDA:108,4,0,4
BRDA:108,4,1,42
BRF:10
BRH:10
end_of_record
TN:
SF:src/crypto/NUT28.ts
FN:38,deriveP2BKBlindedPubkeys
FN:56,(anonymous_1)
FN:84,deriveP2BKSecretKeys
FN:98,(anonymous_3)
FN:125,deriveP2BKSecretKey
FN:191,deriveP2BKBlindingTweakFromECDH
FNF:6
FNH:6
FNDA:72,deriveP2BKBlindedPubkeys
FNDA:126,(anonymous_1)
FNDA:28,deriveP2BKSecretKeys
FNDA:610,(anonymous_3)
FNDA:644,deriveP2BKSecretKey
FNDA:736,deriveP2BKBlindingTweakFromECDH
DA:14,90
DA:21,90
DA:43,72
DA:44,72
DA:45,72
DA:46,4
DA:50,68
DA:52,66
DA:53,72
DA:54,72
DA:56,72
DA:57,126
DA:58,126
DA:59,126
DA:60,126
DA:61,126
DA:63,72
DA:90,28
DA:91,28
DA:92,28
DA:93,28
DA:94,28
DA:95,28
DA:96,30
DA:97,30
DA:98,30
DA:99,610
DA:100,610
DA:101,610
DA:102,610
DA:105,26
DA:132,644
DA:133,644
DA:134,644
DA:135,644
DA:136,640
DA:138,636
DA:139,644
DA:141,634
DA:142,634
DA:144,634
DA:145,6
DA:146,4
DA:148,628
DA:150,626
DA:151,626
DA:152,626
DA:153,626
DA:155,624
DA:156,624
DA:157,624
DA:158,564
DA:161,60
DA:162,60
DA:163,60
DA:164,644
DA:165,58
DA:198,736
DA:199,2
DA:202,734
DA:203,734
DA:207,734
DA:208,734
DA:210,0
DA:211,0
DA:212,0
DA:215,734
LF:67
LH:64
BRDA:41,0,0,72
BRDA:43,1,0,62
BRDA:43,1,1,10
BRDA:45,2,0,4
BRDA:45,2,1,68
BRDA:50,3,0,2
BRDA:50,3,1,66
BRDA:52,4,0,66
BRDA:52,4,1,34
BRDA:60,5,0,0
BRDA:60,5,1,126
BRDA:88,6,0,28
BRDA:90,7,0,24
BRDA:90,7,1,4
BRDA:91,8,0,14
BRDA:91,8,1,14
BRDA:92,9,0,22
BRDA:92,9,1,6
BRDA:102,10,0,46
BRDA:102,10,1,564
BRDA:133,11,0,632
BRDA:133,11,1,12
BRDA:134,12,0,24
BRDA:134,12,1,620
BRDA:135,13,0,4
BRDA:135,13,1,640
BRDA:135,14,0,644
BRDA:135,14,1,642
BRDA:136,15,0,4
BRDA:136,15,1,636
BRDA:136,16,0,640
BRDA:136,16,1,638
BRDA:138,17,0,636
BRDA:138,17,1,10
BRDA:139,18,0,2
BRDA:139,18,1,642
BRDA:144,19,0,6
BRDA:144,19,1,628
BRDA:145,20,0,2
BRDA:145,20,1,4
BRDA:148,21,0,2
BRDA:148,21,1,626
BRDA:153,22,0,2
BRDA:153,22,1,624
BRDA:157,23,0,564
BRDA:157,23,1,60
BRDA:163,24,0,22
BRDA:163,24,1,38
BRDA:164,25,0,2
BRDA:164,25,1,642
BRDA:198,26,0,2
BRDA:198,26,1,734
BRDA:198,27,0,736
BRDA:198,27,1,736
BRDA:198,27,2,736
BRDA:208,28,0,0
BRDA:208,28,1,734
BRDA:208,29,0,734
BRDA:208,29,1,734
BRDA:211,30,0,0
BRDA:211,30,1,0
BRDA:211,31,0,0
BRDA:211,31,1,0
BRDA:133,32,0,632
BRDA:133,32,1,12
BRDA:134,33,0,24
BRDA:134,33,1,620
BRF:67
BRH:61
end_of_record
TN:
SF:src/crypto/core.ts
FN:47,hashToCurve
FN:67,hash_e
FN:68,(anonymous_2)
FN:73,pointFromBytes
FN:77,pointFromHex
FN:90,assertSecpPoint
FN:105,(anonymous_6)
FN:109,(anonymous_7)
FN:123,createRandomSecretKey
FN:127,createBlindSignature
FN:145,createRandomRawBlindedMessage
FN:158,blindMessage
FN:170,unblindSignature
FN:179,constructUnblindedSignature
FN:203,computeMessageDigest
FN:222,(anonymous_15)
FN:239,(anonymous_16)
FN:257,(anonymous_17)
FN:286,(anonymous_18)
FN:310,toXOnlyPubkey
FN:328,findSigningKey
FN:353,getValidSigners
FN:365,(anonymous_22)
FN:366,(anonymous_23)
FN:381,(anonymous_24)
FN:109,(anonymous_7)
FNF:26
FNH:26
FNDA:4306,hashToCurve
FNDA:126,hash_e
FNDA:500,(anonymous_2)
FNDA:22,pointFromBytes
FNDA:9559,pointFromHex
FNDA:156,assertSecpPoint
FNDA:111,(anonymous_6)
FNDA:35,(anonymous_7)
FNDA:819,createRandomSecretKey
FNDA:84,createBlindSignature
FNDA:32,createRandomRawBlindedMessage
FNDA:851,blindMessage
FNDA:201,unblindSignature
FNDA:199,constructUnblindedSignature
FNDA:548,computeMessageDigest
FNDA:190,(anonymous_15)
FNDA:82,(anonymous_16)
FNDA:392,(anonymous_17)
FNDA:462,(anonymous_18)
FNDA:704,toXOnlyPubkey
FNDA:33,findSigningKey
FNDA:206,getValidSigners
FNDA:244,(anonymous_22)
FNDA:220,(anonymous_23)
FNDA:10,(anonymous_24)
FNDA:43,(anonymous_7)
DA:45,90
DA:48,4306
DA:51,4306
DA:52,4306
DA:53,4306
DA:54,4306
DA:55,4306
DA:56,8582
DA:57,8582
DA:58,8582
DA:59,8582
DA:61,4276
DA:64,0
DA:68,500
DA:69,126
DA:70,126
DA:74,22
DA:78,9559
DA:91,156
DA:92,156
DA:94,4
DA:103,90
DA:105,90
DA:109,111
DA:110,103
DA:111,111
DA:112,33
DA:113,78
DA:114,74
DA:115,4
DA:116,2
DA:118,2
DA:120,109
DA:124,819
DA:132,84
DA:133,84
DA:134,84
DA:146,32
DA:147,32
DA:148,32
DA:159,851
DA:160,851
DA:161,673
DA:162,178
DA:163,4
DA:165,847
DA:166,847
DA:167,847
DA:175,201
DA:176,201
DA:185,199
DA:186,199
DA:205,548
DA:206,8
DA:208,540
DA:209,540
DA:222,90
DA:223,190
DA:224,190
DA:225,190
DA:226,190
DA:239,90
DA:240,82
DA:241,82
DA:257,90
DA:263,392
DA:264,392
DA:266,4
DA:267,2
DA:270,2
DA:286,90
DA:292,462
DA:293,462
DA:294,462
DA:296,16
DA:297,2
DA:300,14
DA:311,704
DA:312,700
DA:313,700
DA:329,33
DA:330,33
DA:331,33
DA:332,38
DA:333,38
DA:334,16
DA:335,8
DA:336,8
DA:339,3
DA:360,206
DA:361,206
DA:362,252
DA:363,252
DA:365,206
DA:366,244
DA:381,90
DA:387,10
DA:388,4
DA:389,4
LF:99
LH:98
BRDA:111,0,0,33
BRDA:111,0,1,78
BRDA:111,1,0,111
BRDA:111,1,1,33
BRDA:113,2,0,74
BRDA:113,2,1,4
BRDA:115,3,0,2
BRDA:115,3,1,2
BRDA:160,4,0,673
BRDA:160,4,1,178
BRDA:162,5,0,4
BRDA:162,5,1,174
BRDA:203,6,0,548
BRDA:205,7,0,8
BRDA:205,7,1,540
BRDA:209,8,0,66
BRDA:209,8,1,474
BRDA:223,9,0,46
BRDA:223,9,1,144
BRDA:224,10,0,182
BRDA:224,10,1,8
BRDA:261,11,0,392
BRDA:266,12,0,2
BRDA:266,12,1,2
BRDA:290,13,0,462
BRDA:293,14,0,16
BRDA:293,14,1,446
BRDA:296,15,0,2
BRDA:296,15,1,14
BRDA:311,16,0,4
BRDA:311,16,1,700
BRDA:313,17,0,548
BRDA:313,17,1,152
BRDA:313,18,0,700
BRDA:313,18,1,550
BRDA:313,18,2,263
BRDA:329,19,0,7
BRDA:329,19,1,26
BRDA:333,20,0,22
BRDA:333,20,1,16
BRDA:334,21,0,8
BRDA:334,21,1,8
BRDA:363,22,0,244
BRDA:363,22,1,8
BRDA:385,23,0,10
BRDA:387,24,0,6
BRDA:387,24,1,4
BRDA:387,25,0,10
BRDA:387,25,1,8
BRDA:209,26,0,66
BRDA:209,26,1,474
BRDA:223,27,0,46
BRDA:223,27,1,144
BRDA:224,28,0,182
BRDA:224,28,1,8
BRDA:293,29,0,16
BRDA:293,29,1,446
BRF:57
BRH:57
end_of_record
TN:
SF:src/logger/ConsoleLogger.ts
FN:27,escapeControlChars
FN:29,(anonymous_1)
FN:40,sanitizeContextValue
FN:49,(anonymous_3)
FN:78,(anonymous_4)
FN:82,(anonymous_5)
FN:85,(anonymous_6)
FN:101,(anonymous_7)
FN:104,(anonymous_8)
FN:107,(anonymous_9)
FN:116,(anonymous_10)
FN:119,(anonymous_11)
FN:122,(anonymous_12)
FN:125,(anonymous_13)
FN:128,(anonymous_14)
FN:132,(anonymous_15)
FN:144,measureTime
FN:147,(anonymous_17)
FNF:18
FNH:18
FNDA:368,escapeControlChars
FNDA:70,(anonymous_1)
FNDA:647,sanitizeContextValue
FNDA:45,(anonymous_3)
FNDA:50,(anonymous_4)
FNDA:101,(anonymous_5)
FNDA:97,(anonymous_6)
FNDA:97,(anonymous_7)
FNDA:97,(anonymous_8)
FNDA:101,(anonymous_9)
FNDA:21,(anonymous_10)
FNDA:6,(anonymous_11)
FNDA:16,(anonymous_12)
FNDA:52,(anonymous_13)
FNDA:2,(anonymous_14)
FNDA:4,(anonymous_15)
FNDA:207,measureTime
FNDA:3479,(anonymous_17)
DA:5,94
DA:13,94
DA:21,94
DA:28,368
DA:30,70
DA:41,647
DA:42,390
DA:43,8
DA:48,382
DA:49,226
DA:50,187
DA:51,187
DA:52,182
DA:53,182
DA:54,525
DA:61,182
DA:79,50
DA:83,101
DA:86,97
DA:88,21
DA:90,6
DA:92,16
DA:94,52
DA:96,2
DA:98,0
DA:102,97
DA:105,97
DA:108,101
DA:109,97
DA:110,97
DA:111,97
DA:112,97
DA:113,20
DA:117,21
DA:120,6
DA:123,16
DA:126,52
DA:129,2
DA:133,4
DA:145,207
DA:146,207
DA:148,3479
LF:42
LH:41
BRDA:30,0,0,70
BRDA:30,0,1,4
BRDA:41,1,0,257
BRDA:41,1,1,390
BRDA:42,2,0,8
BRDA:42,2,1,382
BRDA:45,3,0,2
BRDA:45,3,1,6
BRDA:48,4,0,156
BRDA:48,4,1,226
BRDA:48,5,0,382
BRDA:48,5,1,380
BRDA:48,5,2,378
BRDA:49,6,0,39
BRDA:49,6,1,187
BRDA:51,7,0,5
BRDA:51,7,1,182
BRDA:51,8,0,187
BRDA:51,8,1,5
BRDA:78,9,0,50
BRDA:86,10,0,21
BRDA:86,10,1,6
BRDA:86,10,2,16
BRDA:86,10,3,52
BRDA:86,10,4,2
BRDA:86,10,5,0
BRDA:105,11,0,77
BRDA:105,11,1,20
BRDA:108,12,0,4
BRDA:108,12,1,97
BRDA:112,13,0,77
BRDA:112,13,1,20
BRDA:112,14,0,97
BRDA:112,14,1,77
BRF:34
BRH:33
end_of_record
TN:
SF:src/logger/Logger.ts
FNF:0
FNH:0
LF:0
LH:0
BRF:0
BRH:0
end_of_record
TN:
SF:src/logger/NullLogger.ts
FN:6,(anonymous_0)
FN:7,(anonymous_1)
FN:8,(anonymous_2)
FN:9,(anonymous_3)
FN:10,(anonymous_4)
FN:11,(anonymous_5)
FNF:6
FNH:4
FNDA:249,(anonymous_0)
FNDA:136,(anonymous_1)
FNDA:242,(anonymous_2)
FNDA:1263,(anonymous_3)
FNDA:0,(anonymous_4)
FNDA:0,(anonymous_5)
DA:5,94
LF:1
LH:1
BRF:0
BRH:0
end_of_record
TN:
SF:src/logger/helpers.ts
FN:14,fail
FN:32,failIf
FN:51,failIfNullish
FN:83,safeCallback
FN:94,(anonymous_4)
FNF:5
FNH:5
FNDA:150,fail
FNDA:213807,failIf
FNDA:2895,failIfNullish
FNDA:2006,safeCallback
FNDA:4,(anonymous_4)
DA:19,150
DA:20,150
DA:38,213807
DA:57,2895
DA:89,2006
DA:91,1985
DA:92,1985
DA:93,1985
DA:94,4
DA:95,4
DA:96,4
DA:107,14
DA:108,14
LF:13
LH:13
BRDA:16,0,0,150
BRDA:35,1,0,213807
BRDA:38,2,0,130
BRDA:38,2,1,213677
BRDA:54,3,0,2895
BRDA:57,4,0,5
BRDA:57,4,1,2890
BRDA:86,5,0,2006
BRDA:89,6,0,21
BRDA:89,6,1,1985
BRDA:93,7,0,4
BRDA:93,7,1,1981
BRDA:93,8,0,1985
BRDA:93,8,1,23
BRDA:97,9,0,4
BRDA:97,9,1,0
BRDA:99,10,0,4
BRDA:99,10,1,0
BRDA:109,11,0,14
BRDA:109,11,1,4
BRDA:111,12,0,14
BRDA:111,12,1,0
BRF:22
BRH:19
end_of_record
TN:
SF:src/mint/Mint.ts
FN:74,describeShape
FN:103,(anonymous_1)
FN:92,(anonymous_2)
FN:118,(anonymous_3)
FN:132,(anonymous_4)
FN:153,(anonymous_5)
FN:170,(anonymous_6)
FN:185,(anonymous_7)
FN:197,(anonymous_8)
FN:212,(anonymous_9)
FN:254,(anonymous_10)
FN:278,(anonymous_11)
FN:302,(anonymous_12)
FN:323,(anonymous_13)
FN:348,(anonymous_14)
FN:377,(anonymous_15)
FN:393,(anonymous_16)
FN:410,(anonymous_17)
FN:431,(anonymous_18)
FN:461,(anonymous_19)
FN:483,(anonymous_20)
FN:502,(anonymous_21)
FN:524,(anonymous_22)
FN:537,(anonymous_23)
FN:551,(anonymous_24)
FN:567,(anonymous_25)
FN:604,(anonymous_26)
FN:619,(anonymous_27)
FN:639,(anonymous_28)
FN:650,(anonymous_29)
FN:686,(anonymous_30)
FN:710,(anonymous_31)
FN:740,(anonymous_32)
FN:761,(anonymous_33)
FN:791,(anonymous_34)
FN:823,(anonymous_35)
FN:840,(anonymous_36)
FN:857,(anonymous_37)
FN:891,(anonymous_38)
FN:945,(anonymous_39)
FN:965,(anonymous_40)
FN:985,(anonymous_41)
FN:1003,(anonymous_42)
FN:1045,(anonymous_43)
FN:1073,(anonymous_44)
FN:1083,(anonymous_45)
FN:1097,(anonymous_46)
FN:1108,(anonymous_47)
FN:1145,(anonymous_48)
FN:1176,(anonymous_49)
FN:1182,(anonymous_50)
FN:1198,(anonymous_51)
FN:1220,(anonymous_52)
FN:1232,(anonymous_53)
FN:1277,(anonymous_54)
FN:1293,(anonymous_55)
FN:1309,(anonymous_56)
FN:1313,(anonymous_57)
FN:1319,(anonymous_58)
FN:1323,(anonymous_59)
FN:1332,(anonymous_60)
FN:1333,(anonymous_61)
FN:1345,(anonymous_62)
FN:1346,(anonymous_63)
FN:1355,(anonymous_64)
FN:1374,(anonymous_65)
FN:1387,(anonymous_66)
FN:1416,(anonymous_67)
FN:1431,(anonymous_68)
FN:1444,(anonymous_69)
FN:1465,(anonymous_70)
FN:1483,(anonymous_71)
FN:1503,(anonymous_72)
FN:1533,(anonymous_73)
FN:1570,(anonymous_74)
FN:1577,(anonymous_75)
FN:1597,(anonymous_76)
FN:1611,(anonymous_77)
FN:1073,(anonymous_44)
FN:1097,(anonymous_46)
FN:1346,(anonymous_63)
FNF:81
FNH:81
FNDA:5,describeShape
FNDA:285,(anonymous_1)
FNDA:1738,(anonymous_2)
FNDA:654,(anonymous_3)
FNDA:13,(anonymous_4)
FNDA:26,(anonymous_5)
FNDA:491,(anonymous_6)
FNDA:43,(anonymous_7)
FNDA:492,(anonymous_8)
FNDA:72,(anonymous_9)
FNDA:51,(anonymous_10)
FNDA:21,(anonymous_11)
FNDA:16,(anonymous_12)
FNDA:4,(anonymous_13)
FNDA:32,(anonymous_14)
FNDA:17,(anonymous_15)
FNDA:5,(anonymous_16)
FNDA:3,(anonymous_17)
FNDA:16,(anonymous_18)
FNDA:15,(anonymous_19)
FNDA:10,(anonymous_20)
FNDA:2,(anonymous_21)
FNDA:4,(anonymous_22)
FNDA:6,(anonymous_23)
FNDA:2,(anonymous_24)
FNDA:36,(anonymous_25)
FNDA:3,(anonymous_26)
FNDA:2,(anonymous_27)
FNDA:19,(anonymous_28)
FNDA:25,(anonymous_29)
FNDA:52,(anonymous_30)
FNDA:24,(anonymous_31)
FNDA:14,(anonymous_32)
FNDA:5,(anonymous_33)
FNDA:53,(anonymous_34)
FNDA:24,(anonymous_35)
FNDA:5,(anonymous_36)
FNDA:15,(anonymous_37)
FNDA:41,(anonymous_38)
FNDA:8,(anonymous_39)
FNDA:2,(anonymous_40)
FNDA:2,(anonymous_41)
FNDA:17,(anonymous_42)
FNDA:540,(anonymous_43)
FNDA:626,(anonymous_44)
FNDA:518,(anonymous_45)
FNDA:1688,(anonymous_46)
FNDA:10,(anonymous_47)
FNDA:8,(anonymous_48)
FNDA:4,(anonymous_49)
FNDA:9,(anonymous_50)
FNDA:371,(anonymous_51)
FNDA:371,(anonymous_52)
FNDA:371,(anonymous_53)
FNDA:38,(anonymous_54)
FNDA:300,(anonymous_55)
FNDA:126,(anonymous_56)
FNDA:193,(anonymous_57)
FNDA:6,(anonymous_58)
FNDA:10,(anonymous_59)
FNDA:108,(anonymous_60)
FNDA:123,(anonymous_61)
FNDA:1191,(anonymous_62)
FNDA:4632,(anonymous_63)
FNDA:100,(anonymous_64)
FNDA:1046,(anonymous_65)
FNDA:91,(anonymous_66)
FNDA:89,(anonymous_67)
FNDA:3,(anonymous_68)
FNDA:48,(anonymous_69)
FNDA:24,(anonymous_70)
FNDA:7,(anonymous_71)
FNDA:131,(anonymous_72)
FNDA:130,(anonymous_73)
FNDA:86,(anonymous_74)
FNDA:95,(anonymous_75)
FNDA:25,(anonymous_76)
FNDA:24,(anonymous_77)
FNDA:626,(anonymous_44)
FNDA:1688,(anonymous_46)
FNDA:4630,(anonymous_63)
DA:75,5
DA:91,285
DA:92,285
DA:93,1738
DA:111,285
DA:112,285
DA:113,285
DA:114,285
DA:115,285
DA:119,654
DA:133,13
DA:154,26
DA:155,26
DA:156,1
DA:158,25
DA:171,491
DA:172,491
DA:177,490
DA:186,43
DA:187,9
DA:189,34
DA:190,33
DA:191,33
DA:198,492
DA:213,72
DA:219,72
DA:226,60
DA:227,2
DA:228,2
DA:230,58
DA:231,58
DA:233,58
DA:259,51
DA:260,51
DA:266,47
DA:282,21
DA:306,16
DA:307,16
DA:308,11
DA:310,16
DA:327,4
DA:353,32
DA:354,32
DA:360,31
DA:361,32
DA:362,1
DA:363,1
DA:365,26
DA:381,17
DA:397,5
DA:414,3
DA:436,16
DA:437,16
DA:438,16
DA:444,16
DA:451,13
DA:453,3
DA:458,3
DA:461,10
DA:462,15
DA:463,2
DA:467,2
DA:469,13
DA:487,10
DA:506,2
DA:525,4
DA:538,6
DA:552,2
DA:575,36
DA:576,36
DA:583,31
DA:584,3
DA:585,3
DA:587,28
DA:588,28
DA:589,28
DA:608,3
DA:623,2
DA:647,19
DA:648,19
DA:650,25
DA:652,19
DA:659,16
DA:660,2
DA:661,2
DA:663,14
DA:664,14
DA:665,14
DA:691,52
DA:692,52
DA:698,49
DA:714,24
DA:721,23
DA:727,24
DA:744,14
DA:765,5
DA:796,53
DA:797,53
DA:803,44
DA:804,53
DA:805,1
DA:809,1
DA:811,23
DA:827,24
DA:844,5
DA:861,15
DA:899,41
DA:900,41
DA:906,41
DA:913,38
DA:914,38
DA:922,41
DA:923,1
DA:928,1
DA:930,36
DA:951,8
DA:971,2
DA:989,2
DA:1007,17
DA:1015,17
DA:1020,2
DA:1021,2
DA:1024,15
DA:1029,15
DA:1030,2110
DA:1033,14
DA:1050,540
DA:1052,540
DA:1054,21
DA:1056,540
DA:1057,540
DA:1065,532
DA:1066,1
DA:1067,1
DA:1069,531
DA:1071,531
DA:1073,626
DA:1084,518
DA:1085,518
DA:1090,516
DA:1091,1
DA:1092,1
DA:1094,515
DA:1095,515
DA:1097,1688
DA:1112,10
DA:1113,10
DA:1122,10
DA:1129,4
DA:1130,4
DA:1133,6
DA:1134,6
DA:1135,6
DA:1146,8
DA:1147,8
DA:1148,8
DA:1150,8
DA:1151,5
DA:1153,8
DA:1154,8
DA:1156,8
DA:1157,6
DA:1160,8
DA:1162,2
DA:1163,2
DA:1164,2
DA:1168,2
DA:1169,2
DA:1177,4
DA:1178,3
DA:1183,9
DA:1203,371
DA:1204,8
DA:1205,4
DA:1206,4
DA:1207,3
DA:1209,1
DA:1225,371
DA:1226,8
DA:1227,4
DA:1228,4
DA:1229,4
DA:1241,371
DA:1242,371
DA:1243,371
DA:1244,8
DA:1247,371
DA:1248,371
DA:1249,371
DA:1254,371
DA:1255,371
DA:1280,38
DA:1281,13
DA:1282,13
DA:1283,8
DA:1287,13
DA:1288,4
DA:1290,13
DA:1295,300
DA:1296,288
DA:1298,12
DA:1312,126
DA:1313,193
DA:1322,6
DA:1323,10
DA:1333,108
DA:1334,123
DA:1335,123
DA:1336,123
DA:1337,123
DA:1346,4632
DA:1347,5
DA:1348,5
DA:1356,100
DA:1357,4
DA:1364,4
DA:1375,1046
DA:1376,2
DA:1377,2
DA:1379,1044
DA:1392,91
DA:1393,91
DA:1394,2
DA:1395,2
DA:1397,89
DA:1398,89
DA:1399,89
DA:1400,48
DA:1401,41
DA:1402,24
DA:1403,17
DA:1404,7
DA:1406,85
DA:1417,89
DA:1418,40
DA:1419,40
DA:1421,89
DA:1432,3
DA:1433,1
DA:1435,2
DA:1445,48
DA:1446,48
DA:1451,48
DA:1456,4
DA:1457,3
DA:1469,24
DA:1470,24
DA:1471,24
DA:1476,24
DA:1477,24
DA:1484,7
DA:1489,7
DA:1490,7
DA:1509,131
DA:1510,131
DA:1511,1
DA:1512,1
DA:1514,130
DA:1515,130
DA:1518,38
DA:1519,38
DA:1521,130
DA:1522,130
DA:1523,86
DA:1524,35
DA:1525,25
DA:1527,107
DA:1534,130
DA:1535,130
DA:1540,130
DA:1542,27
DA:1543,2
DA:1547,2
DA:1549,25
DA:1551,126
DA:1562,5
DA:1563,5
DA:1577,95
DA:1578,86
DA:1579,82
DA:1581,86
DA:1585,4
DA:1586,4
DA:1591,82
DA:1599,25
DA:1600,1
DA:1601,1
DA:1603,24
DA:1608,3
DA:1609,3
DA:1611,21
DA:1612,24
DA:1614,24
DA:1615,4
DA:1616,4
DA:1618,20
DA:1625,21
DA:1626,21
DA:1631,3
DA:1632,3
LF:300
LH:300
BRDA:75,0,0,3
BRDA:75,0,1,2
BRDA:112,1,0,285
BRDA:112,1,1,103
BRDA:114,2,0,285
BRDA:114,2,1,222
BRDA:155,3,0,1
BRDA:155,3,1,25
BRDA:160,4,0,25
BRDA:160,4,1,24
BRDA:160,4,2,1
BRDA:171,5,0,491
BRDA:171,5,1,488
BRDA:186,6,0,9
BRDA:186,6,1,34
BRDA:198,7,0,488
BRDA:198,7,1,4
BRDA:226,8,0,2
BRDA:226,8,1,58
BRDA:226,9,0,60
BRDA:226,9,1,60
BRDA:307,10,0,11
BRDA:307,10,1,5
BRDA:361,11,0,1
BRDA:361,11,1,31
BRDA:451,12,0,3
BRDA:451,12,1,10
BRDA:451,13,0,13
BRDA:451,13,1,11
BRDA:455,14,0,1
BRDA:455,14,1,2
BRDA:462,15,0,2
BRDA:462,15,1,13
BRDA:583,16,0,3
BRDA:583,16,1,28
BRDA:583,17,0,31
BRDA:583,17,1,31
BRDA:589,18,0,0
BRDA:589,18,1,26
BRDA:659,19,0,2
BRDA:659,19,1,14
BRDA:659,20,0,16
BRDA:659,20,1,16
BRDA:665,21,0,0
BRDA:665,21,1,13
BRDA:722,22,0,23
BRDA:722,22,1,21
BRDA:804,23,0,1
BRDA:804,23,1,52
BRDA:922,24,0,1
BRDA:922,24,1,40
BRDA:1015,25,0,2
BRDA:1015,25,1,15
BRDA:1016,26,0,17
BRDA:1016,26,1,17
BRDA:1016,26,2,16
BRDA:1050,27,0,540
BRDA:1050,27,1,539
BRDA:1052,28,0,21
BRDA:1052,28,1,519
BRDA:1056,29,0,540
BRDA:1056,29,1,540
BRDA:1058,30,0,21
BRDA:1058,30,1,519
BRDA:1065,31,0,1
BRDA:1065,31,1,531
BRDA:1065,32,0,532
BRDA:1065,32,1,532
BRDA:1084,33,0,518
BRDA:1084,33,1,518
BRDA:1090,34,0,1
BRDA:1090,34,1,515
BRDA:1090,35,0,516
BRDA:1090,35,1,516
BRDA:1112,36,0,10
BRDA:1112,36,1,10
BRDA:1122,37,0,4
BRDA:1122,37,1,6
BRDA:1123,38,0,10
BRDA:1123,38,1,10
BRDA:1123,38,2,9
BRDA:1123,38,3,8
BRDA:1123,38,4,7
BRDA:1150,39,0,3
BRDA:1150,39,1,5
BRDA:1153,40,0,5
BRDA:1153,40,1,3
BRDA:1156,41,0,6
BRDA:1156,41,1,2
BRDA:1177,42,0,3
BRDA:1177,42,1,1
BRDA:1203,43,0,363
BRDA:1203,43,1,8
BRDA:1204,44,0,8
BRDA:1204,44,1,0
BRDA:1205,45,0,4
BRDA:1205,45,1,-4
BRDA:1206,46,0,3
BRDA:1206,46,1,1
BRDA:1225,47,0,363
BRDA:1225,47,1,8
BRDA:1226,48,0,8
BRDA:1226,48,1,0
BRDA:1227,49,0,4
BRDA:1227,49,1,-4
BRDA:1235,50,0,371
BRDA:1241,51,0,371
BRDA:1241,51,1,349
BRDA:1243,52,0,8
BRDA:1243,52,1,363
BRDA:1250,53,0,371
BRDA:1250,53,1,371
BRDA:1251,54,0,4
BRDA:1251,54,1,367
BRDA:1252,55,0,4
BRDA:1252,55,1,367
BRDA:1262,56,0,288
BRDA:1262,56,1,83
BRDA:1262,57,0,371
BRDA:1262,57,1,367
BRDA:1262,57,2,365
BRDA:1263,58,0,3
BRDA:1263,58,1,368
BRDA:1263,59,0,371
BRDA:1263,59,1,3
BRDA:1265,60,0,371
BRDA:1265,60,1,371
BRDA:1280,61,0,25
BRDA:1280,61,1,13
BRDA:1282,62,0,8
BRDA:1282,62,1,5
BRDA:1287,63,0,4
BRDA:1287,63,1,9
BRDA:1287,64,0,13
BRDA:1287,64,1,5
BRDA:1295,65,0,288
BRDA:1295,65,1,12
BRDA:1295,66,0,300
BRDA:1295,66,1,299
BRDA:1346,67,0,1186
BRDA:1346,67,1,5
BRDA:1356,68,0,96
BRDA:1356,68,1,4
BRDA:1375,69,0,2
BRDA:1375,69,1,1044
BRDA:1393,70,0,2
BRDA:1393,70,1,89
BRDA:1399,71,0,48
BRDA:1399,71,1,41
BRDA:1401,72,0,24
BRDA:1401,72,1,17
BRDA:1403,73,0,7
BRDA:1403,73,1,10
BRDA:1406,74,0,6
BRDA:1406,74,1,79
BRDA:1417,75,0,40
BRDA:1417,75,1,49
BRDA:1417,76,0,89
BRDA:1417,76,1,40
BRDA:1432,77,0,1
BRDA:1432,77,1,2
BRDA:1432,78,0,3
BRDA:1432,78,1,1
BRDA:1435,79,0,1
BRDA:1435,79,1,1
BRDA:1451,80,0,4
BRDA:1451,80,1,44
BRDA:1452,81,0,48
BRDA:1452,81,1,43
BRDA:1456,82,0,3
BRDA:1456,82,1,1
BRDA:1456,83,0,4
BRDA:1456,83,1,3
BRDA:1470,84,0,11
BRDA:1470,84,1,13
BRDA:1507,85,0,131
BRDA:1510,86,0,1
BRDA:1510,86,1,130
BRDA:1515,87,0,38
BRDA:1515,87,1,92
BRDA:1518,88,0,7
BRDA:1518,88,1,31
BRDA:1518,89,0,38
BRDA:1518,89,1,32
BRDA:1519,90,0,9
BRDA:1519,90,1,29
BRDA:1522,91,0,86
BRDA:1522,91,1,35
BRDA:1522,92,0,130
BRDA:1522,92,1,59
BRDA:1524,93,0,25
BRDA:1524,93,1,10
BRDA:1527,94,0,3
BRDA:1527,94,1,104
BRDA:1540,95,0,27
BRDA:1540,95,1,103
BRDA:1542,96,0,2
BRDA:1542,96,1,25
BRDA:1542,97,0,27
BRDA:1542,97,1,26
BRDA:1551,98,0,5
BRDA:1551,98,1,121
BRDA:1552,99,0,126
BRDA:1552,99,1,126
BRDA:1552,99,2,125
BRDA:1552,99,3,125
BRDA:1552,99,4,124
BRDA:1552,99,5,123
BRDA:1552,99,6,122
BRDA:1577,100,0,95
BRDA:1577,100,1,36
BRDA:1578,101,0,82
BRDA:1578,101,1,4
BRDA:1578,102,0,86
BRDA:1578,102,1,84
BRDA:1581,103,0,4
BRDA:1581,103,1,82
BRDA:1582,104,0,86
BRDA:1582,104,1,6
BRDA:1582,104,2,83
BRDA:1582,104,3,3
BRDA:1599,105,0,1
BRDA:1599,105,1,24
BRDA:1599,106,0,25
BRDA:1599,106,1,5
BRDA:1603,107,0,3
BRDA:1603,107,1,21
BRDA:1604,108,0,24
BRDA:1604,108,1,23
BRDA:1604,108,2,22
BRDA:1614,109,0,4
BRDA:1614,109,1,20
BRDA:1626,110,0,3
BRDA:1626,110,1,18
BRDA:1627,111,0,21
BRDA:1627,111,1,16
BRDA:1627,111,2,7
BRDA:1627,111,3,15
BRDA:1627,111,4,6
BRDA:1058,112,0,21
BRDA:1058,112,1,519
BRF:241
BRH:235
end_of_record
TN:
SF:src/mint/types/payloads.ts
FNF:0
FNH:0
LF:0
LH:0
BRF:0
BRH:0
end_of_record
TN:
SF:src/mint/types/responses.ts
FNF:0
FNH:0
LF:0
LH:0
BRF:0
BRH:0
end_of_record
TN:
SF:src/model/Amount.ts
FN:6,(anonymous_0)
FN:36,(anonymous_1)
FN:59,(anonymous_2)
FN:108,(anonymous_3)
FN:112,(anonymous_4)
FN:123,(anonymous_5)
FN:132,(anonymous_6)
FN:144,(anonymous_7)
FN:151,(anonymous_8)
FN:158,(anonymous_9)
FN:166,(anonymous_10)
FN:171,(anonymous_11)
FN:180,(anonymous_12)
FN:185,(anonymous_13)
FN:194,(anonymous_14)
FN:221,(anonymous_15)
FN:251,(anonymous_16)
FN:277,(anonymous_17)
FN:296,(anonymous_18)
FN:323,(anonymous_19)
FN:341,(anonymous_20)
FN:346,(anonymous_21)
FN:350,(anonymous_22)
FN:361,(anonymous_23)
FN:368,(anonymous_24)
FN:372,(anonymous_25)
FN:376,(anonymous_26)
FN:380,(anonymous_27)
FN:388,(anonymous_28)
FN:394,(anonymous_29)
FN:400,(anonymous_30)
FN:415,(anonymous_31)
FN:421,(anonymous_32)
FN:446,(anonymous_33)
FN:459,(anonymous_34)
FN:463,(anonymous_35)
FN:467,(anonymous_36)
FN:478,(anonymous_37)
FN:486,(anonymous_38)
FN:490,(anonymous_39)
FN:503,(anonymous_40)
FN:507,(anonymous_41)
FN:518,(anonymous_42)
FN:525,(anonymous_43)
FN:529,(anonymous_44)
FN:537,(anonymous_45)
FN:543,(anonymous_46)
FN:548,(anonymous_47)
FN:553,(anonymous_48)
FN:558,(anonymous_49)
FN:563,(anonymous_50)
FN:567,(anonymous_51)
FN:571,(anonymous_52)
FN:575,(anonymous_53)
FN:579,(anonymous_54)
FN:585,(anonymous_55)
FN:595,(anonymous_56)
FN:599,(anonymous_57)
FN:603,(anonymous_58)
FN:607,(anonymous_59)
FN:611,(anonymous_60)
FN:615,(anonymous_61)
FN:623,(anonymous_62)
FN:628,(anonymous_63)
FN:643,(anonymous_64)
FNF:65
FNH:65
FNDA:125,(anonymous_0)
FNDA:1577405,(anonymous_1)
FNDA:1463275,(anonymous_2)
FNDA:1463275,(anonymous_3)
FNDA:1463275,(anonymous_4)
FNDA:106132,(anonymous_5)
FNDA:366042,(anonymous_6)
FNDA:2,(anonymous_7)
FNDA:19439,(anonymous_8)
FNDA:37,(anonymous_9)
FNDA:37132,(anonymous_10)
FNDA:260844,(anonymous_11)
FNDA:260542,(anonymous_12)
FNDA:260527,(anonymous_13)
FNDA:6,(anonymous_14)
FNDA:4187,(anonymous_15)
FNDA:24,(anonymous_16)
FNDA:16,(anonymous_17)
FNDA:18,(anonymous_18)
FNDA:24,(anonymous_19)
FNDA:366052,(anonymous_20)
FNDA:544120,(anonymous_21)
FNDA:3980,(anonymous_22)
FNDA:570951,(anonymous_23)
FNDA:120,(anonymous_24)
FNDA:16,(anonymous_25)
FNDA:298041,(anonymous_26)
FNDA:25,(anonymous_27)
FNDA:1463275,(anonymous_28)
FNDA:1463275,(anonymous_29)
FNDA:1463275,(anonymous_30)
FNDA:4,(anonymous_31)
FNDA:74,(anonymous_32)
FNDA:148,(anonymous_33)
FNDA:96,(anonymous_34)
FNDA:96,(anonymous_35)
FNDA:96,(anonymous_36)
FNDA:54,(anonymous_37)
FNDA:2,(anonymous_38)
FNDA:2,(anonymous_39)
FNDA:26,(anonymous_40)
FNDA:6,(anonymous_41)
FNDA:40,(anonymous_42)
FNDA:4,(anonymous_43)
FNDA:4,(anonymous_44)
FNDA:98,(anonymous_45)
FNDA:8,(anonymous_46)
FNDA:4,(anonymous_47)
FNDA:6,(anonymous_48)
FNDA:42,(anonymous_49)
FNDA:6,(anonymous_50)
FNDA:4,(anonymous_51)
FNDA:6,(anonymous_52)
FNDA:4,(anonymous_53)
FNDA:6,(anonymous_54)
FNDA:6,(anonymous_55)
FNDA:2,(anonymous_56)
FNDA:2,(anonymous_57)
FNDA:2,(anonymous_58)
FNDA:2,(anonymous_59)
FNDA:2,(anonymous_60)
FNDA:2,(anonymous_61)
FNDA:96,(anonymous_62)
FNDA:96,(anonymous_63)
FNDA:96,(anonymous_64)
DA:7,125
DA:8,125
DA:9,125
DA:33,1577405
DA:39,1577405
DA:40,2
DA:42,1577403
DA:43,8
DA:45,1577395
DA:46,1577395
DA:60,2051530
DA:61,1298964
DA:62,2
DA:64,1298962
DA:67,752566
DA:68,2400
DA:69,4
DA:71,2396
DA:74,750166
DA:76,461642
DA:77,24
DA:79,461618
DA:80,8
DA:82,461610
DA:83,7
DA:85,461603
DA:88,288524
DA:92,288510
DA:93,2
DA:96,288508
DA:97,10
DA:101,288498
DA:105,14
DA:109,48
DA:113,18
DA:124,106132
DA:133,366042
DA:134,14
DA:138,366028
DA:145,2
DA:152,19439
DA:159,37
DA:167,37132
DA:168,37132
DA:172,260844
DA:173,260844
DA:174,260844
DA:175,2
DA:177,260842
DA:181,260542
DA:182,260542
DA:186,260527
DA:187,260527
DA:188,2
DA:191,260525
DA:195,6
DA:196,6
DA:197,2
DA:200,4
DA:222,4187
DA:223,4
DA:227,4183
DA:228,4
DA:233,4179
DA:234,4179
DA:235,4179
DA:252,24
DA:253,4
DA:257,20
DA:258,4
DA:263,16
DA:264,16
DA:265,16
DA:278,16
DA:279,16
DA:280,16
DA:281,2
DA:283,14
DA:297,18
DA:298,18
DA:299,18
DA:300,2
DA:302,16
DA:324,24
DA:325,24
DA:326,24
DA:327,4
DA:329,20
DA:331,16
DA:342,366052
DA:343,366052
DA:347,544120
DA:351,3980
DA:362,570951
DA:363,570951
DA:364,17315
DA:365,433
DA:369,120
DA:373,16
DA:377,298041
DA:381,25
DA:389,20
DA:390,20
DA:391,20
DA:395,20
DA:396,20
DA:397,20
DA:401,1584
DA:402,1584
DA:403,51708
DA:405,1584
DA:416,4
DA:422,74
DA:423,74
DA:424,74
DA:447,148
DA:448,16
DA:450,132
DA:451,132
DA:452,132
DA:460,98
DA:464,8
DA:468,6
DA:479,54
DA:487,2
DA:491,2
DA:504,26
DA:508,6
DA:519,40
DA:520,20
DA:526,4
DA:530,4
DA:538,98
DA:539,30
DA:544,8
DA:545,8
DA:549,4
DA:550,4
DA:554,6
DA:555,6
DA:559,42
DA:560,42
DA:564,6
DA:568,4
DA:572,6
DA:576,4
DA:580,6
DA:581,6
DA:582,6
DA:586,6
DA:587,6
DA:588,6
DA:596,2
DA:600,2
DA:604,2
DA:608,2
DA:612,2
DA:616,2
DA:624,10
DA:625,10
DA:629,8
DA:630,8
DA:644,12
DA:645,12
DA:646,12
DA:647,12
DA:648,18
DA:649,6
DA:650,12
DA:651,6
DA:653,12
DA:654,12
DA:656,6
DA:657,2
DA:659,4
LF:175
LH:175
BRDA:39,0,0,2
BRDA:39,0,1,1577403
BRDA:42,1,0,8
BRDA:42,1,1,1577395
BRDA:60,2,0,1298964
BRDA:60,2,1,752566
BRDA:61,3,0,2
BRDA:61,3,1,1298962
BRDA:67,4,0,2400
BRDA:67,4,1,750166
BRDA:68,5,0,4
BRDA:68,5,1,2396
BRDA:74,6,0,461642
BRDA:74,6,1,288524
BRDA:76,7,0,24
BRDA:76,7,1,461618
BRDA:76,8,0,461642
BRDA:76,8,1,461628
BRDA:79,9,0,8
BRDA:79,9,1,461610
BRDA:82,10,0,7
BRDA:82,10,1,461603
BRDA:88,11,0,288510
BRDA:88,11,1,14
BRDA:92,12,0,2
BRDA:92,12,1,288508
BRDA:96,13,0,10
BRDA:96,13,1,288498
BRDA:133,14,0,14
BRDA:133,14,1,366028
BRDA:174,15,0,2
BRDA:174,15,1,260842
BRDA:187,16,0,2
BRDA:187,16,1,260525
BRDA:196,17,0,2
BRDA:196,17,1,4
BRDA:221,18,0,4187
BRDA:222,19,0,4
BRDA:222,19,1,4183
BRDA:222,20,0,4187
BRDA:222,20,1,4185
BRDA:227,21,0,4
BRDA:227,21,1,4179
BRDA:227,22,0,4183
BRDA:227,22,1,4181
BRDA:251,23,0,24
BRDA:252,24,0,4
BRDA:252,24,1,20
BRDA:252,25,0,24
BRDA:252,25,1,22
BRDA:257,26,0,4
BRDA:257,26,1,16
BRDA:257,27,0,20
BRDA:257,27,1,18
BRDA:280,28,0,2
BRDA:280,28,1,14
BRDA:283,29,0,14
BRDA:283,29,1,12
BRDA:299,30,0,2
BRDA:299,30,1,16
BRDA:326,31,0,4
BRDA:326,31,1,20
BRDA:329,32,0,4
BRDA:329,32,1,16
BRDA:363,33,0,553636
BRDA:363,33,1,17315
BRDA:364,34,0,16882
BRDA:364,34,1,433
BRDA:391,35,0,10
BRDA:391,35,1,10
BRDA:397,36,0,8
BRDA:397,36,1,12
BRDA:447,37,0,16
BRDA:447,37,1,132
BRDA:447,38,0,148
BRDA:447,38,1,142
BRDA:519,39,0,20
BRDA:519,39,1,20
BRDA:521,40,0,14
BRDA:521,40,1,6
BRDA:538,41,0,30
BRDA:538,41,1,68
BRDA:625,42,0,6
BRDA:625,42,1,2
BRDA:630,43,0,4
BRDA:630,43,1,2
BRDA:648,44,0,6
BRDA:648,44,1,12
BRDA:650,45,0,6
BRDA:650,45,1,6
BRDA:656,46,0,2
BRDA:656,46,1,4
BRDA:659,47,0,2
BRDA:659,47,1,2
BRF:94
BRH:94
end_of_record
TN:
SF:src/model/BlindedMessage.ts
FN:10,(anonymous_0)
FN:16,(anonymous_1)
FN:20,(anonymous_2)
FNF:3
FNH:2
FNDA:781,(anonymous_0)
FNDA:0,(anonymous_1)
FNDA:781,(anonymous_2)
DA:11,781
DA:12,781
DA:13,781
DA:17,0
DA:21,781
LF:5
LH:4
BRF:0
BRH:0
end_of_record
TN:
SF:src/model/Errors.ts
FN:10,(anonymous_0)
FN:30,(anonymous_1)
FN:42,(anonymous_2)
FN:65,(anonymous_3)
FN:99,(anonymous_4)
FN:128,(anonymous_5)
FN:147,(anonymous_6)
FN:164,(anonymous_7)
FN:179,isMintOperationError
FNF:9
FNH:9
FNDA:1977,(anonymous_0)
FNDA:60,(anonymous_1)
FNDA:94,(anonymous_2)
FNDA:22,(anonymous_3)
FNDA:4,(anonymous_4)
FNDA:12,(anonymous_5)
FNDA:16,(anonymous_6)
FNDA:22,(anonymous_7)
FNDA:36,isMintOperationError
DA:11,1977
DA:12,1977
DA:13,1977
DA:14,372
DA:21,1977
DA:31,60
DA:32,60
DA:33,60
DA:34,60
DA:43,94
DA:44,94
DA:45,94
DA:66,22
DA:68,22
DA:73,22
DA:74,22
DA:75,22
DA:76,22
DA:77,22
DA:104,4
DA:108,4
DA:109,4
DA:110,4
DA:111,4
DA:129,12
DA:135,12
DA:136,12
DA:137,12
DA:149,16
DA:151,16
DA:152,16
DA:153,16
DA:165,22
DA:166,22
DA:167,22
DA:168,22
DA:180,36
LF:37
LH:37
BRDA:13,0,0,372
BRDA:13,0,1,1605
BRDA:66,1,0,22
BRDA:66,1,1,10
BRDA:68,2,0,3
BRDA:68,2,1,19
BRDA:70,3,0,12
BRDA:70,3,1,7
BRDA:130,4,0,6
BRDA:130,4,1,6
BRDA:165,5,0,22
BRDA:165,5,1,2
BRDA:181,6,0,36
BRDA:181,6,1,21
BRDA:181,6,2,17
BRDA:181,6,3,5
BRF:16
BRH:16
end_of_record
TN:
SF:src/model/MintInfo.ts
FN:49,(anonymous_0)
FN:61,(anonymous_1)
FN:95,(anonymous_2)
FN:104,(anonymous_3)
FN:119,(anonymous_4)
FN:125,(anonymous_5)
FN:128,(anonymous_6)
FN:141,(anonymous_7)
FN:165,(anonymous_8)
FN:175,(anonymous_9)
FN:185,(anonymous_10)
FN:206,(anonymous_11)
FN:223,(anonymous_12)
FN:266,(anonymous_13)
FN:310,(anonymous_14)
FN:344,(anonymous_15)
FN:348,(anonymous_16)
FN:352,(anonymous_17)
FN:371,(anonymous_18)
FN:375,(anonymous_19)
FN:383,(anonymous_20)
FN:390,(anonymous_21)
FN:397,(anonymous_22)
FN:414,(anonymous_23)
FN:428,(anonymous_24)
FN:437,(anonymous_25)
FN:457,(anonymous_26)
FN:489,(anonymous_27)
FN:490,(anonymous_28)
FN:504,(anonymous_29)
FN:511,(anonymous_30)
FN:523,(anonymous_31)
FN:526,(anonymous_32)
FN:529,(anonymous_33)
FN:532,(anonymous_34)
FN:535,(anonymous_35)
FN:538,(anonymous_36)
FN:541,(anonymous_37)
FN:544,(anonymous_38)
FN:547,(anonymous_39)
FN:550,(anonymous_40)
FN:557,(anonymous_41)
FN:563,(anonymous_42)
FN:566,(anonymous_43)
FN:573,(anonymous_44)
FN:584,(anonymous_45)
FN:585,(anonymous_46)
FN:597,(anonymous_47)
FN:600,(anonymous_48)
FN:603,(anonymous_49)
FN:608,(anonymous_50)
FN:125,(anonymous_5)
FNF:52
FNH:50
FNDA:712,(anonymous_0)
FNDA:67,(anonymous_1)
FNDA:67,(anonymous_2)
FNDA:67,(anonymous_3)
FNDA:67,(anonymous_4)
FNDA:12224,(anonymous_5)
FNDA:12222,(anonymous_6)
FNDA:67,(anonymous_7)
FNDA:67,(anonymous_8)
FNDA:67,(anonymous_9)
FNDA:67,(anonymous_10)
FNDA:67,(anonymous_11)
FNDA:67,(anonymous_12)
FNDA:67,(anonymous_13)
FNDA:472,(anonymous_14)
FNDA:64,(anonymous_15)
FNDA:9,(anonymous_16)
FNDA:73,(anonymous_17)
FNDA:16,(anonymous_18)
FNDA:128,(anonymous_19)
FNDA:13,(anonymous_20)
FNDA:13,(anonymous_21)
FNDA:252,(anonymous_22)
FNDA:49,(anonymous_23)
FNDA:67,(anonymous_24)
FNDA:1392,(anonymous_25)
FNDA:1392,(anonymous_26)
FNDA:0,(anonymous_27)
FNDA:0,(anonymous_28)
FNDA:67,(anonymous_29)
FNDA:31865,(anonymous_30)
FNDA:18,(anonymous_31)
FNDA:15,(anonymous_32)
FNDA:1,(anonymous_33)
FNDA:1,(anonymous_34)
FNDA:7,(anonymous_35)
FNDA:4,(anonymous_36)
FNDA:102,(anonymous_37)
FNDA:1,(anonymous_38)
FNDA:1,(anonymous_39)
FNDA:2,(anonymous_40)
FNDA:8,(anonymous_41)
FNDA:4,(anonymous_42)
FNDA:4,(anonymous_43)
FNDA:23,(anonymous_44)
FNDA:19,(anonymous_45)
FNDA:37,(anonymous_46)
FNDA:107,(anonymous_47)
FNDA:250,(anonymous_48)
FNDA:25,(anonymous_49)
FNDA:66,(anonymous_50)
FNDA:10480,(anonymous_5)
DA:50,712
DA:51,712
DA:52,712
DA:54,712
DA:55,712
DA:57,712
DA:58,712
DA:63,1203
DA:64,10
DA:65,10
DA:67,1193
DA:96,13
DA:97,13
DA:109,2081
DA:110,4
DA:111,4
DA:113,2077
DA:120,2077
DA:121,2
DA:122,2
DA:125,10591
DA:126,12224
DA:128,2075
DA:129,12222
DA:130,12222
DA:131,12222
DA:142,696
DA:145,15
DA:146,15
DA:148,8
DA:151,8
DA:154,7
DA:155,4
DA:156,4
DA:160,4
DA:162,3
DA:169,18
DA:170,16
DA:172,14
DA:179,1003
DA:180,1000
DA:182,998
DA:189,27
DA:191,25
DA:210,111
DA:211,109
DA:213,17
DA:227,48
DA:229,46
DA:230,46
DA:231,46
DA:237,2
DA:243,46
DA:244,2
DA:248,2
DA:251,46
DA:270,38
DA:272,36
DA:273,36
DA:274,36
DA:280,6
DA:286,36
DA:287,3
DA:291,3
DA:296,36
DA:311,472
DA:314,128
DA:324,16
DA:327,13
DA:330,13
DA:333,252
DA:336,49
DA:339,1
DA:345,64
DA:349,9
DA:353,73
DA:356,65
DA:357,65
DA:358,65
DA:361,63
DA:364,46
DA:365,22
DA:368,32
DA:372,16
DA:376,128
DA:377,128
DA:378,115
DA:380,13
DA:384,13
DA:385,9
DA:387,4
DA:391,13
DA:392,8
DA:394,5
DA:398,252
DA:399,252
DA:400,18
DA:401,10
DA:411,242
DA:415,49
DA:416,49
DA:417,25
DA:419,24
DA:429,4323
DA:430,20
DA:434,20
DA:438,1392
DA:439,45
DA:440,45
DA:441,45
DA:442,6190
DA:443,6188
DA:444,6188
DA:445,6188
DA:446,6188
DA:447,6184
DA:448,6184
DA:449,6182
DA:454,45
DA:458,1392
DA:460,41
DA:461,41
DA:463,41
DA:464,6182
DA:469,6182
DA:470,6182
DA:473,6182
DA:474,4
DA:475,4
DA:479,6178
DA:480,2
DA:481,2
DA:485,6176
DA:489,41
DA:490,41
DA:492,41
DA:505,100545
DA:506,33400
DA:507,33398
DA:508,4
DA:510,33394
DA:511,31865
DA:513,28385
DA:514,28385
DA:515,68357
DA:517,28125
DA:524,18
DA:527,15
DA:530,1
DA:533,1
DA:536,7
DA:539,4
DA:542,102
DA:545,1
DA:548,1
DA:551,2
DA:558,8
DA:564,4
DA:567,4
DA:574,23
DA:585,19
DA:587,37
DA:598,107
DA:599,107
DA:600,250
DA:604,25
DA:606,25
DA:608,25
DA:609,66
LF:169
LH:169
BRDA:50,0,0,712
BRDA:50,0,1,123
BRDA:61,1,0,1203
BRDA:63,2,0,10
BRDA:63,2,1,1193
BRDA:63,3,0,1203
BRDA:63,3,1,1197
BRDA:69,4,0,1097
BRDA:69,4,1,96
BRDA:72,5,0,4
BRDA:72,5,1,1189
BRDA:75,6,0,1045
BRDA:75,6,1,148
BRDA:78,7,0,1036
BRDA:78,7,1,155
BRDA:81,8,0,18
BRDA:81,8,1,1171
BRDA:82,9,0,1003
BRDA:82,9,1,186
BRDA:83,10,0,27
BRDA:83,10,1,1162
BRDA:84,11,0,111
BRDA:84,11,1,1075
BRDA:85,12,0,48
BRDA:85,12,1,1138
BRDA:86,13,0,38
BRDA:86,13,1,1148
BRDA:109,14,0,4
BRDA:109,14,1,2077
BRDA:120,15,0,2
BRDA:120,15,1,2075
BRDA:142,16,0,681
BRDA:142,16,1,15
BRDA:154,17,0,4
BRDA:154,17,1,3
BRDA:154,18,0,7
BRDA:154,18,1,5
BRDA:169,19,0,2
BRDA:169,19,1,16
BRDA:170,20,0,2
BRDA:170,20,1,14
BRDA:179,21,0,3
BRDA:179,21,1,1000
BRDA:180,22,0,2
BRDA:180,22,1,998
BRDA:189,23,0,2
BRDA:189,23,1,25
BRDA:193,24,0,21
BRDA:193,24,1,4
BRDA:210,25,0,2
BRDA:210,25,1,109
BRDA:211,26,0,92
BRDA:211,26,1,17
BRDA:227,27,0,2
BRDA:227,27,1,46
BRDA:243,28,0,2
BRDA:243,28,1,44
BRDA:253,29,0,40
BRDA:253,29,1,6
BRDA:270,30,0,2
BRDA:270,30,1,36
BRDA:286,31,0,3
BRDA:286,31,1,33
BRDA:297,32,0,12
BRDA:297,32,1,24
BRDA:311,33,0,74
BRDA:311,33,1,128
BRDA:311,33,2,2
BRDA:311,33,3,2
BRDA:311,33,4,2
BRDA:311,33,5,3
BRDA:311,33,6,3
BRDA:311,33,7,9
BRDA:311,33,8,9
BRDA:311,33,9,16
BRDA:311,33,10,13
BRDA:311,33,11,13
BRDA:311,33,12,252
BRDA:311,33,13,49
BRDA:311,33,14,1
BRDA:353,34,0,8
BRDA:353,34,1,65
BRDA:358,35,0,2
BRDA:358,35,1,63
BRDA:358,36,0,65
BRDA:358,36,1,63
BRDA:361,37,0,17
BRDA:361,37,1,46
BRDA:365,38,0,14
BRDA:365,38,1,8
BRDA:372,39,0,11
BRDA:372,39,1,5
BRDA:377,40,0,115
BRDA:377,40,1,13
BRDA:377,41,0,128
BRDA:377,41,1,124
BRDA:377,41,2,119
BRDA:380,42,0,13
BRDA:380,42,1,4
BRDA:384,43,0,9
BRDA:384,43,1,4
BRDA:384,44,0,13
BRDA:384,44,1,11
BRDA:391,45,0,8
BRDA:391,45,1,5
BRDA:391,46,0,13
BRDA:391,46,1,10
BRDA:399,47,0,10
BRDA:399,47,1,242
BRDA:399,48,0,252
BRDA:399,48,1,14
BRDA:399,49,0,14
BRDA:399,49,1,4
BRDA:406,50,0,2
BRDA:406,50,1,8
BRDA:416,51,0,25
BRDA:416,51,1,24
BRDA:429,52,0,4303
BRDA:429,52,1,20
BRDA:438,53,0,1347
BRDA:438,53,1,45
BRDA:442,54,0,6188
BRDA:442,54,1,2
BRDA:442,55,0,6190
BRDA:442,55,1,6188
BRDA:446,56,0,6184
BRDA:446,56,1,4
BRDA:446,57,0,6188
BRDA:446,57,1,6186
BRDA:448,58,0,6182
BRDA:448,58,1,2
BRDA:448,59,0,6184
BRDA:448,59,1,6180
BRDA:458,60,0,1351
BRDA:458,60,1,41
BRDA:469,61,0,6
BRDA:469,61,1,6176
BRDA:470,62,0,4
BRDA:470,62,1,6178
BRDA:473,63,0,4
BRDA:473,63,1,6178
BRDA:479,64,0,2
BRDA:479,64,1,6176
BRDA:504,65,0,100545
BRDA:505,66,0,67145
BRDA:505,66,1,33400
BRDA:505,67,0,100545
BRDA:505,67,1,93571
BRDA:506,68,0,2
BRDA:506,68,1,33398
BRDA:507,69,0,4
BRDA:507,69,1,33394
BRDA:510,70,0,5009
BRDA:510,70,1,28385
BRDA:587,71,0,37
BRDA:587,71,1,19
BRDA:587,71,2,15
BRDA:587,71,3,8
BRDA:598,72,0,56
BRDA:598,72,1,51
BRDA:599,73,0,3
BRDA:599,73,1,104
BRDA:600,74,0,250
BRDA:600,74,1,105
BRDA:603,75,0,25
BRDA:603,76,0,25
BRDA:604,77,0,25
BRDA:604,77,1,2
BRDA:606,78,0,0
BRDA:606,78,1,25
BRDA:609,79,0,66
BRDA:609,79,1,40
BRDA:609,79,2,18
BRF:173
BRH:172
end_of_record
TN:
SF:src/model/OutputData.ts
FN:92,assertValidTagKey
FN:99,isOutputDataFactory
FN:111,(anonymous_2)
FN:134,(anonymous_3)
FN:189,(anonymous_4)
FN:200,(anonymous_5)
FN:207,(anonymous_6)
FN:273,(anonymous_7)
FN:314,(anonymous_8)
FN:316,(anonymous_9)
FN:319,(anonymous_10)
FN:331,(anonymous_11)
FN:342,(anonymous_12)
FN:351,(anonymous_13)
FN:370,(anonymous_14)
FN:371,(anonymous_15)
FN:399,(anonymous_16)
FN:420,(anonymous_17)
FN:455,createSingleDeterministicDataFromBytes
FNF:19
FNH:19
FNDA:162,assertValidTagKey
FNDA:4,isOutputDataFactory
FNDA:831,(anonymous_2)
FNDA:197,(anonymous_3)
FNDA:73,(anonymous_4)
FNDA:123,(anonymous_5)
FNDA:73,(anonymous_6)
FNDA:62,(anonymous_7)
FNDA:73,(anonymous_8)
FNDA:15,(anonymous_9)
FNDA:73,(anonymous_10)
FNDA:73,(anonymous_11)
FNDA:134,(anonymous_12)
FNDA:73,(anonymous_13)
FNDA:73,(anonymous_14)
FNDA:52,(anonymous_15)
FNDA:73,(anonymous_16)
FNDA:73,(anonymous_17)
FNDA:146,createSingleDeterministicDataFromBytes
DA:77,73
DA:93,162
DA:94,158
DA:95,30
DA:102,4
DA:119,831
DA:120,12
DA:122,819
DA:123,4
DA:125,815
DA:126,2
DA:128,813
DA:129,813
DA:130,813
DA:131,813
DA:135,197
DA:136,2
DA:142,195
DA:143,2
DA:148,193
DA:149,28
DA:155,193
DA:156,193
DA:159,193
DA:160,31
DA:161,31
DA:162,28
DA:163,4
DA:167,189
DA:168,189
DA:169,189
DA:184,197
DA:186,187
DA:195,20
DA:199,20
DA:200,123
DA:213,265
DA:214,265
DA:215,265
DA:216,265
DA:217,265
DA:218,265
DA:221,265
DA:222,265
DA:223,265
DA:224,265
DA:225,265
DA:229,265
DA:230,46
DA:232,103
DA:233,46
DA:235,4
DA:238,42
DA:239,42
DA:241,46
DA:242,46
DA:246,246
DA:248,246
DA:249,265
DA:250,96
DA:253,246
DA:254,57
DA:255,57
DA:256,30
DA:260,246
DA:261,86
DA:262,86
DA:263,13
DA:267,246
DA:268,34
DA:272,246
DA:273,20
DA:274,62
DA:275,62
DA:277,20
DA:281,246
DA:282,265
DA:290,265
DA:294,265
DA:295,265
DA:296,2
DA:302,244
DA:303,244
DA:306,244
DA:315,9
DA:316,15
DA:320,391
DA:321,391
DA:322,391
DA:323,391
DA:324,391
DA:338,76
DA:341,76
DA:342,76
DA:343,134
DA:357,14
DA:371,52
DA:400,22
DA:421,29
DA:422,29
DA:423,5
DA:426,26
DA:427,24
DA:428,24
DA:429,26
DA:430,24
DA:431,2
DA:435,16
DA:446,15
DA:447,15
DA:460,146
DA:461,146
DA:462,146
DA:465,146
DA:466,146
DA:467,146
LF:116
LH:116
BRDA:93,0,0,4
BRDA:93,0,1,158
BRDA:93,1,0,162
BRDA:93,1,1,158
BRDA:94,2,0,30
BRDA:94,2,1,128
BRDA:119,3,0,12
BRDA:119,3,1,819
BRDA:119,4,0,831
BRDA:119,4,1,823
BRDA:122,5,0,4
BRDA:122,5,1,815
BRDA:122,6,0,819
BRDA:122,6,1,817
BRDA:125,7,0,2
BRDA:125,7,1,813
BRDA:135,8,0,2
BRDA:135,8,1,195
BRDA:142,9,0,2
BRDA:142,9,1,193
BRDA:142,10,0,195
BRDA:142,10,1,166
BRDA:148,11,0,28
BRDA:148,11,1,165
BRDA:159,12,0,28
BRDA:159,12,1,165
BRDA:162,13,0,4
BRDA:162,13,1,24
BRDA:174,14,0,189
BRDA:174,14,1,22
BRDA:184,15,0,4
BRDA:184,15,1,193
BRDA:199,16,0,4
BRDA:199,16,1,16
BRDA:199,17,0,20
BRDA:199,17,1,6
BRDA:215,18,0,57
BRDA:215,18,1,189
BRDA:216,19,0,265
BRDA:216,19,1,160
BRDA:217,20,0,265
BRDA:217,20,1,216
BRDA:218,21,0,265
BRDA:218,21,1,233
BRDA:222,22,0,265
BRDA:222,22,1,12
BRDA:223,23,0,12
BRDA:223,23,1,234
BRDA:224,24,0,12
BRDA:224,24,1,234
BRDA:229,25,0,46
BRDA:229,25,1,219
BRDA:233,26,0,4
BRDA:233,26,1,42
BRDA:248,27,0,246
BRDA:248,27,1,150
BRDA:249,28,0,96
BRDA:249,28,1,169
BRDA:249,29,0,265
BRDA:249,29,1,96
BRDA:253,30,0,57
BRDA:253,30,1,189
BRDA:255,31,0,30
BRDA:255,31,1,27
BRDA:260,32,0,86
BRDA:260,32,1,160
BRDA:262,33,0,13
BRDA:262,33,1,73
BRDA:267,34,0,34
BRDA:267,34,1,212
BRDA:272,35,0,20
BRDA:272,35,1,226
BRDA:281,36,0,12
BRDA:281,36,1,234
BRDA:295,37,0,2
BRDA:295,37,1,263
BRDA:408,38,0,22
BRDA:408,38,1,4
BRDA:422,39,0,5
BRDA:422,39,1,24
BRDA:430,40,0,2
BRDA:430,40,1,22
BRDA:443,41,0,6
BRDA:443,41,1,10
BRDA:446,42,0,15
BRDA:446,42,1,0
BRDA:199,43,0,4
BRDA:199,43,1,16
BRDA:443,44,0,6
BRDA:443,44,1,10
BRF:90
BRH:89
end_of_record
TN:
SF:src/model/OutputDataCreator.ts
FN:64,(anonymous_0)
FN:80,(anonymous_1)
FN:83,(anonymous_2)
FN:91,(anonymous_3)
FN:100,(anonymous_4)
FN:106,(anonymous_5)
FN:109,(anonymous_6)
FN:113,(anonymous_7)
FN:139,(anonymous_8)
FN:148,(anonymous_9)
FNF:10
FNH:10
FNDA:10,(anonymous_0)
FNDA:18,(anonymous_1)
FNDA:12,(anonymous_2)
FNDA:2,(anonymous_3)
FNDA:143,(anonymous_4)
FNDA:326,(anonymous_5)
FNDA:326,(anonymous_6)
FNDA:68,(anonymous_7)
FNDA:8,(anonymous_8)
FNDA:2,(anonymous_9)
DA:70,10
DA:73,4
DA:75,6
DA:79,6
DA:80,18
DA:83,12
DA:84,2
DA:88,4
DA:97,2
DA:105,143
DA:106,326
DA:110,326
DA:120,68
DA:126,56
DA:128,12
DA:131,12
DA:132,12
DA:137,6
DA:139,6
DA:140,8
DA:154,2
LF:21
LH:21
BRDA:70,0,0,4
BRDA:70,0,1,6
BRDA:79,1,0,4
BRDA:79,1,1,2
BRDA:79,2,0,6
BRDA:79,2,1,4
BRDA:83,3,0,2
BRDA:83,3,1,8
BRDA:83,4,0,10
BRDA:83,4,1,4
BRDA:120,5,0,56
BRDA:120,5,1,12
BRDA:132,6,0,6
BRDA:132,6,1,6
BRDA:133,7,0,12
BRDA:133,7,1,10
BRDA:133,7,2,8
BRDA:133,7,3,6
BRDA:79,8,0,4
BRDA:79,8,1,2
BRF:20
BRH:20
end_of_record
TN:
SF:src/model/PaymentRequest.ts
FN:27,(anonymous_0)
FN:40,(anonymous_1)
FN:43,(anonymous_2)
FN:77,(anonymous_3)
FN:89,(anonymous_4)
FN:99,(anonymous_5)
FN:121,(anonymous_6)
FN:122,(anonymous_7)
FN:136,(anonymous_8)
FN:170,(anonymous_9)
FN:187,(anonymous_10)
FN:189,(anonymous_11)
FN:214,(anonymous_12)
FNF:13
FNH:13
FNDA:90,(anonymous_0)
FNDA:16,(anonymous_1)
FNDA:8,(anonymous_2)
FNDA:10,(anonymous_3)
FNDA:2,(anonymous_4)
FNDA:14,(anonymous_5)
FNDA:8,(anonymous_6)
FNDA:6,(anonymous_7)
FNDA:28,(anonymous_8)
FNDA:22,(anonymous_9)
FNDA:90,(anonymous_10)
FNDA:10,(anonymous_11)
FNDA:90,(anonymous_12)
DA:28,90
DA:29,90
DA:31,90
DA:32,90
DA:33,90
DA:34,90
DA:35,90
DA:37,90
DA:41,16
DA:42,16
DA:43,8
DA:49,16
DA:50,12
DA:52,16
DA:53,14
DA:55,16
DA:56,14
DA:58,16
DA:59,6
DA:61,16
DA:62,4
DA:64,16
DA:65,4
DA:67,16
DA:68,4
DA:74,16
DA:78,10
DA:79,10
DA:80,10
DA:81,10
DA:90,2
DA:100,14
DA:117,14
DA:118,14
DA:122,8
DA:137,28
DA:138,28
DA:139,28
DA:140,4
DA:142,24
DA:143,4
DA:149,20
DA:153,28
DA:154,28
DA:155,28
DA:161,28
DA:162,28
DA:163,28
DA:164,28
DA:165,28
DA:166,2
DA:170,16
DA:171,22
DA:173,28
DA:174,4
DA:177,16
DA:188,16
DA:189,10
DA:195,16
DA:202,16
DA:215,40
DA:218,40
DA:219,30
DA:220,30
DA:221,20
DA:228,20
DA:241,20
DA:242,2
DA:244,18
DA:245,18
DA:246,2
DA:248,16
DA:249,16
DA:250,16
DA:251,16
LF:75
LH:75
BRDA:34,0,0,90
BRDA:37,1,0,76
BRDA:37,1,1,14
BRDA:42,2,0,8
BRDA:42,2,1,8
BRDA:49,3,0,12
BRDA:49,3,1,4
BRDA:52,4,0,14
BRDA:52,4,1,2
BRDA:55,5,0,14
BRDA:55,5,1,2
BRDA:58,6,0,6
BRDA:58,6,1,10
BRDA:61,7,0,4
BRDA:61,7,1,12
BRDA:64,8,0,4
BRDA:64,8,1,12
BRDA:67,9,0,4
BRDA:67,9,1,12
BRDA:102,10,0,12
BRDA:102,10,1,2
BRDA:108,11,0,6
BRDA:108,11,1,8
BRDA:139,12,0,4
BRDA:139,12,1,24
BRDA:139,13,0,28
BRDA:139,13,1,26
BRDA:139,13,2,8
BRDA:142,14,0,4
BRDA:142,14,1,20
BRDA:151,15,0,20
BRDA:151,15,1,2
BRDA:153,16,0,28
BRDA:153,16,1,12
BRDA:155,17,0,4
BRDA:155,17,1,12
BRDA:157,18,0,10
BRDA:157,18,1,2
BRDA:165,19,0,2
BRDA:165,19,1,26
BRDA:170,20,0,16
BRDA:170,20,1,2
BRDA:171,21,0,22
BRDA:171,21,1,22
BRDA:173,22,0,4
BRDA:173,22,1,24
BRDA:188,23,0,10
BRDA:188,23,1,6
BRDA:195,24,0,6
BRDA:195,24,1,10
BRDA:218,25,0,20
BRDA:218,25,1,20
BRDA:221,26,0,6
BRDA:221,26,1,14
BRDA:225,27,0,6
BRDA:225,27,1,2
BRDA:235,28,0,20
BRDA:235,28,1,6
BRDA:241,29,0,2
BRDA:241,29,1,18
BRDA:245,30,0,2
BRDA:245,30,1,16
BRDA:153,31,0,14
BRDA:153,31,1,6
BRF:64
BRH:64
end_of_record
TN:
SF:src/model/SigAll.ts
FN:78,computeDigests
FN:83,(anonymous_1)
FN:91,serializePackage
FN:108,deserializePackage
FN:203,(anonymous_4)
FN:214,(anonymous_5)
FN:215,(anonymous_6)
FN:226,isCompressedSecpPoint
FN:243,assertSignable
FN:251,(anonymous_9)
FN:256,(anonymous_10)
FN:268,signPackage
FN:281,extractSwapPackage
FN:287,(anonymous_13)
FN:291,extractMeltPackage
FN:297,(anonymous_15)
FN:302,buildSigningPackage
FN:312,(anonymous_17)
FN:317,mergeSwapPackage
FN:322,mergeMeltPackage
FN:330,mergeSignatures
FNF:21
FNH:21
FNDA:64,computeDigests
FNDA:102,(anonymous_1)
FNDA:30,serializePackage
FNDA:76,deserializePackage
FNDA:6,(anonymous_4)
FNDA:26,(anonymous_5)
FNDA:30,(anonymous_6)
FNDA:148,isCompressedSecpPoint
FNDA:68,assertSignable
FNDA:58,(anonymous_9)
FNDA:90,(anonymous_10)
FNDA:68,signPackage
FNDA:52,extractSwapPackage
FNDA:96,(anonymous_13)
FNDA:16,extractMeltPackage
FNDA:16,(anonymous_15)
FNDA:68,buildSigningPackage
FNDA:70,(anonymous_17)
FNDA:20,mergeSwapPackage
FNDA:6,mergeMeltPackage
FNDA:26,mergeSignatures
DA:29,60
DA:83,102
DA:84,64
DA:86,64
DA:93,30
DA:95,30
DA:97,30
DA:98,30
DA:100,30
DA:102,30
DA:103,30
DA:105,30
DA:109,76
DA:110,2
DA:113,74
DA:114,2
DA:117,72
DA:120,72
DA:121,72
DA:123,4
DA:131,68
DA:132,68
DA:134,6
DA:140,62
DA:141,2
DA:144,60
DA:146,60
DA:147,60
DA:148,2
DA:151,58
DA:152,58
DA:153,2
DA:158,56
DA:159,2
DA:162,54
DA:163,2
DA:166,52
DA:167,34
DA:169,34
DA:171,30
DA:173,28
DA:176,44
DA:177,2
DA:180,42
DA:181,44
DA:183,44
DA:185,40
DA:186,2
DA:189,38
DA:191,34
DA:194,30
DA:197,28
DA:198,6
DA:199,6
DA:203,6
DA:205,2
DA:210,26
DA:214,26
DA:215,30
DA:221,60
DA:222,60
DA:223,60
DA:227,148
DA:228,146
DA:229,146
DA:230,146
DA:232,2
DA:244,68
DA:245,4
DA:247,64
DA:248,2
DA:250,62
DA:251,62
DA:252,58
DA:253,2
DA:256,62
DA:257,90
DA:258,2
DA:261,62
DA:262,6
DA:265,46
DA:269,68
DA:272,68
DA:273,68
DA:275,68
DA:283,52
DA:284,52
DA:287,96
DA:294,16
DA:297,16
DA:308,68
DA:312,70
DA:318,20
DA:319,20
DA:326,6
DA:327,6
DA:331,26
DA:332,4
DA:335,22
DA:337,20
DA:338,20
DA:339,20
DA:340,26
DA:348,26
DA:471,60
LF:105
LH:105
BRDA:95,0,0,4
BRDA:95,0,1,26
BRDA:100,1,0,4
BRDA:100,1,1,26
BRDA:102,2,0,30
BRDA:102,2,1,0
BRDA:109,3,0,2
BRDA:109,3,1,74
BRDA:113,4,0,2
BRDA:113,4,1,72
BRDA:124,5,0,4
BRDA:124,5,1,0
BRDA:135,6,0,6
BRDA:135,6,1,0
BRDA:140,7,0,2
BRDA:140,7,1,60
BRDA:140,8,0,62
BRDA:140,8,1,62
BRDA:147,9,0,2
BRDA:147,9,1,58
BRDA:152,10,0,2
BRDA:152,10,1,56
BRDA:152,11,0,58
BRDA:152,11,1,8
BRDA:158,12,0,2
BRDA:158,12,1,54
BRDA:158,13,0,56
BRDA:158,13,1,6
BRDA:158,13,2,4
BRDA:162,14,0,2
BRDA:162,14,1,52
BRDA:169,15,0,4
BRDA:169,15,1,30
BRDA:169,16,0,34
BRDA:169,16,1,32
BRDA:171,17,0,2
BRDA:171,17,1,28
BRDA:173,18,0,2
BRDA:173,18,1,26
BRDA:176,19,0,2
BRDA:176,19,1,42
BRDA:183,20,0,4
BRDA:183,20,1,40
BRDA:183,21,0,44
BRDA:183,21,1,42
BRDA:185,22,0,2
BRDA:185,22,1,38
BRDA:185,23,0,40
BRDA:185,23,1,4
BRDA:189,24,0,4
BRDA:189,24,1,34
BRDA:189,25,0,38
BRDA:189,25,1,36
BRDA:191,26,0,4
BRDA:191,26,1,30
BRDA:191,27,0,34
BRDA:191,27,1,32
BRDA:197,28,0,6
BRDA:197,28,1,22
BRDA:199,29,0,2
BRDA:199,29,1,4
BRDA:200,30,0,6
BRDA:200,30,1,6
BRDA:200,30,2,6
BRDA:200,30,3,6
BRDA:213,31,0,4
BRDA:213,31,1,22
BRDA:216,32,0,4
BRDA:216,32,1,22
BRDA:227,33,0,2
BRDA:227,33,1,146
BRDA:244,34,0,4
BRDA:244,34,1,64
BRDA:247,35,0,2
BRDA:247,35,1,62
BRDA:247,36,0,64
BRDA:247,36,1,58
BRDA:252,37,0,2
BRDA:252,37,1,56
BRDA:257,38,0,2
BRDA:257,38,1,88
BRDA:261,39,0,6
BRDA:261,39,1,56
BRDA:261,40,0,62
BRDA:261,40,1,14
BRDA:277,41,0,68
BRDA:277,41,1,40
BRDA:283,42,0,52
BRDA:283,42,1,2
BRDA:283,43,0,52
BRDA:283,43,1,2
BRDA:311,44,0,16
BRDA:311,44,1,52
BRDA:331,45,0,4
BRDA:331,45,1,22
BRDA:335,46,0,2
BRDA:335,46,1,20
BRDA:339,47,0,20
BRDA:339,47,1,14
BRDA:343,48,0,26
BRDA:343,48,1,14
BRF:101
BRH:98
end_of_record
TN:
SF:src/model/types/NUT03.ts
FNF:0
FNH:0
LF:0
LH:0
BRF:0
BRH:0
end_of_record
TN:
SF:src/model/types/NUT04.ts
FNF:0
FNH:0
DA:5,67
LF:1
LH:1
BRF:0
BRH:0
end_of_record
TN:
SF:src/model/types/NUT05.ts
FNF:0
FNH:0
DA:6,67
LF:1
LH:1
BRF:0
BRH:0
end_of_record
TN:
SF:src/model/types/NUT06.ts
FNF:0
FNH:0
LF:0
LH:0
BRF:0
BRH:0
end_of_record
TN:
SF:src/model/types/NUT07.ts
FNF:0
FNH:0
DA:13,67
LF:1
LH:1
BRF:0
BRH:0
end_of_record
TN:
SF:src/model/types/NUT19.ts
FNF:0
FNH:0
LF:0
LH:0
BRF:0
BRH:0
end_of_record
TN:
SF:src/model/types/NUT23.ts
FNF:0
FNH:0
LF:0
LH:0
BRF:0
BRH:0
end_of_record
TN:
SF:src/model/types/NUT25.ts
FNF:0
FNH:0
LF:0
LH:0
BRF:0
BRH:0
end_of_record
TN:
SF:src/model/types/NUT29.ts
FNF:0
FNH:0
LF:0
LH:0
BRF:0
BRH:0
end_of_record
TN:
SF:src/model/types/NUT30.ts
FNF:0
FNH:0
LF:0
LH:0
BRF:0
BRH:0
end_of_record
TN:
SF:src/model/types/blinded.ts
FNF:0
FNH:0
LF:0
LH:0
BRF:0
BRH:0
end_of_record
TN:
SF:src/model/types/jsonrpc.ts
FNF:0
FNH:0
LF:0
LH:0
BRF:0
BRH:0
end_of_record
TN:
SF:src/model/types/keyset.ts
FNF:0
FNH:0
LF:0
LH:0
BRF:0
BRH:0
end_of_record
TN:
SF:src/model/types/proof.ts
FNF:0
FNH:0
LF:0
LH:0
BRF:0
BRH:0
end_of_record
TN:
SF:src/model/types/token.ts
FNF:0
FNH:0
LF:0
LH:0
BRF:0
BRH:0
end_of_record
TN:
SF:src/model/types/token.v4.ts
FNF:0
FNH:0
LF:0
LH:0
BRF:0
BRH:0
end_of_record
TN:
SF:src/transport/WSConnection.ts
FN:15,(anonymous_0)
FN:28,(anonymous_1)
FN:40,(anonymous_2)
FN:74,(anonymous_3)
FN:81,(anonymous_4)
FN:85,(anonymous_5)
FN:88,(anonymous_6)
FN:93,(anonymous_7)
FN:100,(anonymous_8)
FN:100,(anonymous_9)
FN:102,(anonymous_10)
FN:121,(anonymous_11)
FN:126,(anonymous_12)
FN:140,(anonymous_13)
FN:142,(anonymous_14)
FN:146,(anonymous_15)
FN:152,(anonymous_16)
FN:162,(anonymous_17)
FN:173,(anonymous_18)
FN:184,(anonymous_19)
FN:211,(anonymous_20)
FN:220,(anonymous_21)
FN:234,(anonymous_22)
FN:240,(anonymous_23)
FN:254,(anonymous_24)
FN:266,(anonymous_25)
FN:299,(anonymous_26)
FN:307,(anonymous_27)
FN:311,(anonymous_28)
FN:319,(anonymous_29)
FN:324,(anonymous_30)
FN:333,(anonymous_31)
FN:363,(anonymous_32)
FN:371,(anonymous_33)
FN:393,(anonymous_34)
FN:405,(anonymous_35)
FN:430,(anonymous_36)
FN:445,(anonymous_37)
FN:449,(anonymous_38)
FN:461,(anonymous_39)
FN:465,(anonymous_40)
FN:482,(anonymous_41)
FNF:42
FNH:42
FNDA:41082,(anonymous_0)
FNDA:41082,(anonymous_1)
FNDA:41082,(anonymous_2)
FNDA:106,(anonymous_3)
FNDA:2,(anonymous_4)
FNDA:102,(anonymous_5)
FNDA:102,(anonymous_6)
FNDA:106,(anonymous_7)
FNDA:4,(anonymous_8)
FNDA:4,(anonymous_9)
FNDA:12,(anonymous_10)
FNDA:12,(anonymous_11)
FNDA:8,(anonymous_12)
FNDA:41190,(anonymous_13)
FNDA:2,(anonymous_14)
FNDA:92,(anonymous_15)
FNDA:6,(anonymous_16)
FNDA:41092,(anonymous_17)
FNDA:2,(anonymous_18)
FNDA:68,(anonymous_19)
FNDA:11,(anonymous_20)
FNDA:56,(anonymous_21)
FNDA:44,(anonymous_22)
FNDA:119,(anonymous_23)
FNDA:86,(anonymous_24)
FNDA:66,(anonymous_25)
FNDA:64,(anonymous_26)
FNDA:44,(anonymous_27)
FNDA:16,(anonymous_28)
FNDA:4,(anonymous_29)
FNDA:8,(anonymous_30)
FNDA:66,(anonymous_31)
FNDA:1014,(anonymous_32)
FNDA:4,(anonymous_33)
FNDA:52,(anonymous_34)
FNDA:30,(anonymous_35)
FNDA:16,(anonymous_36)
FNDA:2,(anonymous_37)
FNDA:6,(anonymous_38)
FNDA:61,(anonymous_39)
FNDA:44,(anonymous_40)
FNDA:13,(anonymous_41)
DA:10,67
DA:14,41082
DA:16,41082
DA:24,106
DA:25,106
DA:26,106
DA:29,41082
DA:30,41082
DA:31,41008
DA:33,74
DA:35,41082
DA:36,41082
DA:37,41082
DA:41,41082
DA:42,41082
DA:43,41082
DA:44,41082
DA:45,41082
DA:46,41082
DA:64,106
DA:65,106
DA:70,106
DA:72,106
DA:75,106
DA:76,106
DA:77,106
DA:78,106
DA:82,2
DA:86,102
DA:88,102
DA:89,102
DA:90,102
DA:91,102
DA:93,102
DA:94,106
DA:95,102
DA:96,102
DA:97,102
DA:98,102
DA:100,102
DA:102,102
DA:103,12
DA:104,10
DA:105,10
DA:106,10
DA:107,10
DA:108,10
DA:112,10
DA:113,10
DA:117,10
DA:118,10
DA:121,102
DA:122,12
DA:123,12
DA:124,12
DA:125,12
DA:126,12
DA:130,102
DA:131,102
DA:132,102
DA:134,2
DA:135,2
DA:140,41190
DA:142,100
DA:143,2
DA:146,100
DA:147,92
DA:148,90
DA:149,90
DA:152,100
DA:153,6
DA:154,4
DA:155,2
DA:156,2
DA:158,2
DA:162,100
DA:163,41092
DA:164,41082
DA:165,4
DA:168,4
DA:169,4
DA:173,4
DA:174,2
DA:176,4
DA:178,41078
DA:179,41078
DA:180,72
DA:184,100
DA:187,68
DA:188,63
DA:190,63
DA:191,2
DA:192,2
DA:193,2
DA:196,61
DA:200,61
DA:201,68
DA:202,68
DA:204,68
DA:205,68
DA:206,26
DA:208,35
DA:211,61
DA:215,102
DA:221,56
DA:222,6
DA:223,2
DA:225,4
DA:226,4
DA:229,50
DA:230,50
DA:231,50
DA:235,44
DA:241,119
DA:242,6
DA:243,6
DA:246,119
DA:247,40014
DA:251,119
DA:255,86
DA:256,86
DA:257,86
DA:258,16
DA:259,16
DA:271,66
DA:272,2
DA:275,64
DA:277,64
DA:278,64
DA:280,4
DA:282,4
DA:285,4
DA:286,4
DA:290,4
DA:291,4
DA:293,4
DA:294,4
DA:295,4
DA:304,64
DA:308,44
DA:312,16
DA:313,4
DA:315,12
DA:316,10
DA:317,10
DA:319,2
DA:320,4
DA:325,8
DA:326,6
DA:334,66
DA:335,1068
DA:337,1068
DA:340,1068
DA:342,1068
DA:343,34
DA:344,32
DA:345,32
DA:347,1030
DA:348,8
DA:349,8
DA:350,8
DA:352,1022
DA:353,1022
DA:356,1020
DA:357,1020
DA:358,2
DA:361,1018
DA:362,1014
DA:363,1014
DA:364,1014
DA:369,1014
DA:370,1014
DA:371,4
DA:372,4
DA:376,2
DA:383,4
DA:387,66
DA:388,66
DA:389,66
DA:398,52
DA:399,2
DA:400,2
DA:403,50
DA:404,50
DA:405,50
DA:407,30
DA:413,50
DA:414,50
DA:416,2
DA:417,2
DA:420,48
DA:435,16
DA:437,16
DA:438,2
DA:439,2
DA:442,14
DA:443,14
DA:445,14
DA:447,2
DA:449,6
DA:453,16
DA:454,16
DA:456,2
DA:457,2
DA:462,61
DA:466,44
DA:468,44
DA:469,44
DA:470,37
DA:471,37
DA:475,37
DA:477,44
DA:478,44
DA:479,44
DA:483,13
LF:215
LH:215
BRDA:30,0,0,41008
BRDA:30,0,1,74
BRDA:41,1,0,0
BRDA:41,1,1,41082
BRDA:44,2,0,74
BRDA:44,2,1,41008
BRDA:78,3,0,106
BRDA:78,3,1,84
BRDA:85,4,0,102
BRDA:86,5,0,0
BRDA:86,5,1,102
BRDA:94,6,0,4
[...]
BRDA:2351,173,0,6
BRDA:2351,173,1,2
BRDA:2400,174,0,1
BRDA:2400,174,1,1
BRDA:2419,175,0,3
BRDA:2419,175,1,1
BRDA:2438,176,0,1
BRDA:2438,176,1,1
BRDA:2453,177,0,101
BRDA:2453,177,1,6
BRDA:2453,177,2,0
BRDA:2466,178,0,3
BRDA:2466,178,1,170
BRDA:2466,179,0,173
BRDA:2466,179,1,25
BRDA:2468,180,0,170
BRDA:2468,180,1,148
BRDA:2472,181,0,173
BRDA:2472,181,1,148
BRDA:2476,182,0,173
BRDA:2476,182,1,4
BRDA:2487,183,0,32
BRDA:2487,183,1,12
BRDA:2487,184,0,44
BRDA:2487,184,1,34
BRDA:2490,185,0,9
BRDA:2490,185,1,3
BRDA:2490,186,0,12
BRDA:2490,186,1,5
BRDA:2513,187,0,98
BRDA:2513,187,1,50
BRDA:2513,187,2,49
BRDA:2523,188,0,49
BRDA:2523,188,1,48
BRDA:2523,188,2,48
BRDA:2575,189,0,2
BRDA:2575,189,1,8
BRDA:2682,190,0,46
BRDA:2682,190,1,40
BRDA:2683,191,0,46
BRDA:2683,191,1,21
BRDA:2701,192,0,3
BRDA:2701,192,1,37
BRDA:2718,193,0,14
BRDA:2718,193,1,26
BRDA:2718,194,0,40
BRDA:2718,194,1,15
BRDA:2724,195,0,15
BRDA:2724,195,1,23
BRDA:2725,196,0,12
BRDA:2725,196,1,3
BRDA:2727,197,0,15
BRDA:2727,197,1,3
BRDA:2730,198,0,12
BRDA:2730,198,1,2
BRDA:2732,199,0,0
BRDA:2732,199,1,2
BRDA:2765,200,0,3
BRDA:2765,200,1,5
BRDA:2766,201,0,8
BRDA:2766,201,1,5
BRDA:2766,201,2,4
BRDA:2852,202,0,7
BRDA:2852,202,1,20
BRDA:2854,203,0,28
BRDA:2854,203,1,20
BRDA:2856,204,0,3
BRDA:2856,204,1,25
BRDA:2858,205,0,2
BRDA:2858,205,1,1
BRDA:2867,206,0,2
BRDA:2867,206,1,22
BRDA:2868,207,0,1
BRDA:2868,207,1,1
BRDA:2875,208,0,24
BRDA:2875,208,1,17
BRDA:2887,209,0,39
BRDA:2887,209,1,8
BRDA:2888,210,0,8
BRDA:2888,210,1,14
BRDA:2898,211,0,20
BRDA:2898,211,1,20
BRDA:2910,212,0,0
BRDA:2910,212,1,20
BRDA:2925,213,0,7
BRDA:2925,213,1,32
BRDA:2926,214,0,7
BRDA:2926,214,1,32
BRDA:2926,215,0,39
BRDA:2926,215,1,7
BRDA:2932,216,0,3
BRDA:2932,216,1,29
BRDA:2932,217,0,32
BRDA:2932,217,1,3
BRDA:2946,218,0,5
BRDA:2946,218,1,14
BRDA:2955,219,0,5
BRDA:2955,219,1,14
BRDA:3031,220,0,6
BRDA:3031,220,1,1
BRDA:3046,221,0,16
BRDA:3046,221,1,7
BRDA:3058,222,0,3
BRDA:3058,222,1,26
BRDA:3058,223,0,29
BRDA:3058,223,1,6
BRDA:3058,223,2,29
BRDA:3060,224,0,20
BRDA:3060,224,1,6
BRDA:3080,225,0,3
BRDA:3080,225,1,12
BRDA:3082,226,0,3
BRDA:3082,226,1,12
BRDA:3089,227,0,14
BRDA:3089,227,1,0
BRDA:3095,228,0,1
BRDA:3095,228,1,13
BRDA:3095,229,0,15
BRDA:3095,229,1,1
BRDA:3112,230,0,2
BRDA:3112,230,1,10
BRDA:3112,231,0,12
BRDA:3112,231,1,3
BRDA:3119,232,0,12
BRDA:3119,232,1,1
BRDA:3120,233,0,15
BRDA:3120,233,1,1
BRDA:3140,234,0,5
BRDA:3140,234,1,1
BRDA:3144,235,0,5
BRDA:3144,235,1,1
BRDA:3154,236,0,2
BRDA:3154,236,1,4
BRDA:3154,237,0,6
BRDA:3154,237,1,1
BRDA:3190,238,0,4
BRDA:3190,238,1,1
BRDA:3215,239,0,4
BRDA:3215,239,1,4
BRDA:3253,240,0,1
BRDA:3253,240,1,1
BRDA:3268,241,0,16
BRDA:3268,241,1,1
BRDA:3271,242,0,9
BRDA:3271,242,1,0
BRDA:3271,243,0,9
BRDA:3271,243,1,2
BRDA:3467,244,0,43
BRDA:3467,244,1,40
BRDA:3468,245,0,43
BRDA:3468,246,0,43
BRDA:3468,246,1,35
BRDA:3480,247,0,1
BRDA:3480,247,1,1
BRDA:3480,248,0,2
BRDA:3480,248,1,1
BRDA:3511,249,0,2
BRDA:3511,249,1,38
BRDA:3517,250,0,26
BRDA:3517,250,1,12
BRDA:3517,251,0,38
BRDA:3517,251,1,35
BRDA:3539,252,0,3
BRDA:3539,252,1,22
BRDA:3597,253,0,0
BRDA:3597,253,1,30
BRDA:3597,254,0,30
BRDA:3597,254,1,21
BRDA:3605,255,0,1
BRDA:3605,255,1,29
BRDA:3614,256,0,8
BRDA:3614,256,1,22
BRDA:3626,257,0,1
BRDA:3626,257,1,25
BRDA:3641,258,0,26
BRDA:3641,258,1,4
BRDA:3644,259,0,11
BRDA:3644,259,1,19
BRDA:3656,260,0,1
BRDA:3656,260,1,21
BRDA:3666,261,0,7
BRDA:3666,261,1,15
BRDA:3696,262,0,25
BRDA:3696,262,1,0
BRDA:3701,263,0,3
BRDA:3701,263,1,29
BRDA:3713,264,0,3
BRDA:3713,264,1,21
BRDA:3728,265,0,1
BRDA:3728,265,1,152
BRDA:3813,266,0,2
BRDA:3813,266,1,1
BRDA:3813,266,2,3
BRDA:2730,267,0,12
BRDA:2730,267,1,2
BRF:539
BRH:519
end_of_record
TN:
SF:src/wallet/WalletCounters.ts
FN:9,(anonymous_0)
FN:13,(anonymous_1)
FN:21,(anonymous_2)
FN:31,(anonymous_3)
FN:44,(anonymous_4)
FNF:5
FNH:5
FNDA:481,(anonymous_0)
FNDA:39,(anonymous_1)
FNDA:12,(anonymous_2)
FNDA:8,(anonymous_3)
FNDA:12,(anonymous_4)
DA:9,481
DA:14,39
DA:15,39
DA:23,12
DA:33,8
DA:34,6
DA:35,6
DA:37,2
DA:46,12
DA:47,10
DA:49,2
LF:11
LH:11
BRDA:33,0,0,6
BRDA:33,0,1,2
BRDA:46,1,0,10
BRDA:46,1,1,2
BRF:4
BRH:4
end_of_record
TN:
SF:src/wallet/WalletEvents.ts
FN:24,noop
FN:28,safeStringify
FN:31,(anonymous_2)
FN:44,normalizeMintQuoteUpdate
FN:53,normalizeMeltQuoteUpdate
FN:58,(anonymous_5)
FN:62,normalizeError
FN:68,makeAbortError
FN:74,cancelSafely
FN:77,(anonymous_9)
FN:85,(anonymous_10)
FN:91,(anonymous_11)
FN:100,(anonymous_12)
FN:109,(anonymous_13)
FN:111,(anonymous_14)
FN:119,(anonymous_15)
FN:130,(anonymous_16)
FN:137,(anonymous_17)
FN:150,(anonymous_18)
FN:160,(anonymous_19)
FN:165,(anonymous_20)
FN:170,(anonymous_21)
FN:175,(anonymous_22)
FN:203,(anonymous_23)
FN:208,(anonymous_24)
FN:214,(anonymous_25)
FN:229,(anonymous_26)
FN:234,(anonymous_27)
FN:241,(anonymous_28)
FN:259,(anonymous_29)
FN:275,(anonymous_30)
FN:287,(anonymous_31)
FN:299,(anonymous_32)
FN:306,(anonymous_33)
FN:323,(anonymous_34)
FN:338,(anonymous_35)
FN:349,(anonymous_36)
FN:361,(anonymous_37)
FN:368,(anonymous_38)
FN:390,(anonymous_39)
FN:418,(anonymous_40)
FN:424,(anonymous_41)
FN:464,(anonymous_42)
FN:503,(anonymous_43)
FN:507,(anonymous_44)
FN:515,(anonymous_45)
FN:530,(anonymous_46)
FN:538,(anonymous_47)
FN:548,(anonymous_48)
FN:553,(anonymous_49)
FN:576,(anonymous_50)
FN:622,(anonymous_51)
FN:678,(anonymous_52)
FN:688,(anonymous_53)
FN:696,(anonymous_54)
FN:702,(anonymous_55)
FN:734,(anonymous_56)
FN:744,(anonymous_57)
FN:750,(anonymous_58)
FN:763,(anonymous_59)
FN:803,(anonymous_60)
FN:810,(anonymous_61)
FN:819,(anonymous_62)
FN:830,(anonymous_63)
FNF:64
FNH:64
FNDA:8,noop
FNDA:12,safeStringify
FNDA:30,(anonymous_2)
FNDA:43,normalizeMintQuoteUpdate
FNDA:15,normalizeMeltQuoteUpdate
FNDA:2,(anonymous_5)
FNDA:60,normalizeError
FNDA:12,makeAbortError
FNDA:156,cancelSafely
FNDA:134,(anonymous_9)
FNDA:20,(anonymous_10)
FNDA:686,(anonymous_11)
FNDA:158,(anonymous_12)
FNDA:8,(anonymous_13)
FNDA:14,(anonymous_14)
FNDA:48,(anonymous_15)
FNDA:48,(anonymous_16)
FNDA:50,(anonymous_17)
FNDA:8,(anonymous_18)
FNDA:6,(anonymous_19)
FNDA:16,(anonymous_20)
FNDA:18,(anonymous_21)
FNDA:2,(anonymous_22)
FNDA:6,(anonymous_23)
FNDA:2,(anonymous_24)
FNDA:35,(anonymous_25)
FNDA:10,(anonymous_26)
FNDA:2,(anonymous_27)
FNDA:28,(anonymous_28)
FNDA:119,(anonymous_29)
FNDA:43,(anonymous_30)
FNDA:86,(anonymous_31)
FNDA:102,(anonymous_32)
FNDA:34,(anonymous_33)
FNDA:21,(anonymous_34)
FNDA:15,(anonymous_35)
FNDA:8,(anonymous_36)
FNDA:12,(anonymous_37)
FNDA:8,(anonymous_38)
FNDA:38,(anonymous_39)
FNDA:58,(anonymous_40)
FNDA:26,(anonymous_41)
FNDA:36,(anonymous_42)
FNDA:38,(anonymous_43)
FNDA:38,(anonymous_44)
FNDA:48,(anonymous_45)
FNDA:4,(anonymous_46)
FNDA:2,(anonymous_47)
FNDA:18,(anonymous_48)
FNDA:22,(anonymous_49)
FNDA:12,(anonymous_50)
FNDA:10,(anonymous_51)
FNDA:24,(anonymous_52)
FNDA:24,(anonymous_53)
FNDA:56,(anonymous_54)
FNDA:44,(anonymous_55)
FNDA:12,(anonymous_56)
FNDA:2,(anonymous_57)
FNDA:8,(anonymous_58)
FNDA:22,(anonymous_59)
FNDA:16,(anonymous_60)
FNDA:14,(anonymous_61)
FNDA:18,(anonymous_62)
FNDA:8,(anonymous_63)
DA:29,12
DA:30,12
DA:31,12
DA:32,30
DA:33,12
DA:34,10
DA:36,28
DA:39,4
DA:45,43
DA:54,15
DA:58,2
DA:63,60
DA:64,14
DA:65,60
DA:69,12
DA:70,12
DA:71,12
DA:75,156
DA:76,154
DA:78,134
DA:79,134
DA:83,134
DA:91,686
DA:94,686
DA:97,686
DA:104,158
DA:105,16
DA:106,0
DA:107,0
DA:109,16
DA:110,16
DA:111,16
DA:112,14
DA:113,14
DA:130,48
DA:131,48
DA:132,48
DA:133,48
DA:137,48
DA:138,50
DA:139,48
DA:140,48
DA:141,48
DA:142,8
DA:143,8
DA:145,48
DA:146,48
DA:150,48
DA:153,48
DA:154,12
DA:155,10
DA:159,46
DA:160,8
DA:164,46
DA:167,16
DA:168,16
DA:170,18
DA:175,48
DA:207,6
DA:208,6
DA:209,6
DA:215,35
DA:216,6
DA:233,10
DA:234,10
DA:235,10
DA:242,28
DA:243,22
DA:245,6
DA:246,6
DA:247,6
DA:267,119
DA:268,117
DA:269,113
DA:270,109
DA:271,109
DA:273,105
DA:275,105
DA:277,43
DA:278,43
DA:280,2
DA:281,2
DA:284,41
DA:286,105
DA:287,105
DA:288,105
DA:305,102
DA:308,34
DA:331,21
DA:332,21
DA:333,21
DA:334,19
DA:335,19
DA:337,17
DA:338,17
DA:340,15
DA:341,15
DA:343,2
DA:344,2
DA:346,13
DA:348,17
DA:349,17
DA:350,17
DA:367,12
DA:370,8
DA:398,38
DA:399,36
DA:400,36
DA:401,34
DA:402,34
DA:404,32
DA:408,32
DA:409,32
DA:410,38
DA:411,38
DA:412,4
DA:414,34
DA:416,28
DA:418,28
DA:419,58
DA:420,58
DA:421,48
DA:423,28
DA:424,28
DA:426,28
DA:468,36
DA:507,38
DA:508,38
DA:509,38
DA:510,38
DA:511,38
DA:512,38
DA:513,38
DA:515,38
DA:516,48
DA:517,38
DA:518,38
DA:519,46
DA:521,38
DA:522,38
DA:523,4
DA:524,4
DA:526,38
DA:527,38
DA:530,38
DA:532,38
DA:533,6
DA:534,4
DA:537,36
DA:538,4
DA:539,2
DA:544,36
DA:546,34
DA:547,66
DA:550,18
DA:551,18
DA:555,22
DA:556,8
DA:557,8
DA:559,14
DA:561,14
DA:562,14
DA:563,10
DA:564,10
DA:567,14
DA:568,8
DA:573,66
DA:576,66
DA:577,12
DA:578,2
DA:579,2
DA:581,10
DA:583,10
DA:584,10
DA:585,10
DA:586,10
DA:589,10
DA:590,4
DA:595,34
DA:626,10
DA:688,24
DA:689,24
DA:690,24
DA:691,24
DA:693,24
DA:694,24
DA:696,24
DA:697,56
DA:698,56
DA:699,56
DA:702,24
DA:703,44
DA:704,14
DA:705,4
DA:706,4
DA:707,4
DA:708,4
DA:713,4
DA:715,10
DA:716,10
DA:720,10
DA:723,30
DA:725,34
DA:728,24
DA:732,24
DA:736,12
DA:737,12
DA:744,24
DA:745,2
DA:746,2
DA:747,2
DA:750,24
DA:751,8
DA:752,8
DA:755,24
DA:756,24
DA:757,10
DA:758,8
DA:760,24
DA:761,42
DA:762,40
DA:763,22
DA:768,22
DA:769,2
DA:770,2
DA:773,24
DA:774,24
DA:807,16
DA:808,16
DA:810,16
DA:811,14
DA:812,12
DA:813,12
DA:819,16
DA:820,18
DA:822,6
DA:823,6
DA:825,12
DA:826,12
DA:829,16
DA:830,8
DA:834,16
LF:242
LH:240
BRDA:32,0,0,12
BRDA:32,0,1,18
BRDA:32,1,0,30
BRDA:32,1,1,14
BRDA:33,2,0,2
BRDA:33,2,1,10
BRDA:47,3,0,43
BRDA:47,3,1,8
BRDA:48,4,0,43
BRDA:48,4,1,2
BRDA:49,5,0,43
BRDA:49,5,1,2
BRDA:56,6,0,15
BRDA:56,6,1,8
BRDA:57,7,0,15
BRDA:57,7,1,2
BRDA:58,8,0,15
BRDA:58,8,1,2
BRDA:63,9,0,46
BRDA:63,9,1,14
BRDA:64,10,0,2
BRDA:64,10,1,12
BRDA:75,11,0,2
BRDA:75,11,1,154
BRDA:104,12,0,142
BRDA:104,12,1,16
BRDA:105,13,0,0
BRDA:105,13,1,16
BRDA:128,14,0,48
BRDA:138,15,0,2
BRDA:138,15,1,48
BRDA:141,16,0,8
BRDA:141,16,1,40
BRDA:145,17,0,12
BRDA:145,17,1,36
BRDA:146,18,0,32
BRDA:146,18,1,16
BRDA:153,19,0,12
BRDA:153,19,1,36
BRDA:154,20,0,2
BRDA:154,20,1,10
BRDA:159,21,0,8
BRDA:159,21,1,38
BRDA:159,22,0,46
BRDA:159,22,1,10
BRDA:242,23,0,22
BRDA:242,23,1,6
BRDA:267,24,0,2
BRDA:267,24,1,117
BRDA:269,25,0,4
BRDA:269,25,1,109
BRDA:271,26,0,4
BRDA:271,26,1,105
BRDA:308,27,0,32
BRDA:308,27,1,2
BRDA:331,28,0,0
BRDA:331,28,1,21
BRDA:333,29,0,2
BRDA:333,29,1,19
BRDA:335,30,0,2
BRDA:335,30,1,17
BRDA:370,31,0,6
BRDA:370,31,1,2
BRDA:398,32,0,2
BRDA:398,32,1,36
BRDA:400,33,0,2
BRDA:400,33,1,34
BRDA:402,34,0,2
BRDA:402,34,1,32
BRDA:411,35,0,4
BRDA:411,35,1,34
BRDA:420,36,0,10
BRDA:420,36,1,48
BRDA:516,37,0,10
BRDA:516,37,1,38
BRDA:522,38,0,4
BRDA:522,38,1,34
BRDA:526,39,0,6
BRDA:526,39,1,32
BRDA:527,40,0,22
BRDA:527,40,1,16
BRDA:532,41,0,6
BRDA:532,41,1,32
BRDA:533,42,0,2
BRDA:533,42,1,4
BRDA:537,43,0,4
BRDA:537,43,1,32
BRDA:537,44,0,36
BRDA:537,44,1,6
BRDA:544,45,0,2
BRDA:544,45,1,34
BRDA:555,46,0,8
BRDA:555,46,1,14
BRDA:562,47,0,10
BRDA:562,47,1,4
BRDA:567,48,0,8
BRDA:567,48,1,6
BRDA:567,49,0,14
BRDA:567,49,1,14
BRDA:568,50,0,8
BRDA:568,50,1,2
BRDA:577,51,0,2
BRDA:577,51,1,10
BRDA:584,52,0,10
BRDA:584,52,1,0
BRDA:589,53,0,4
BRDA:589,53,1,6
BRDA:589,54,0,10
BRDA:589,54,1,10
BRDA:590,55,0,4
BRDA:590,55,1,2
BRDA:693,56,0,12
BRDA:693,56,1,12
BRDA:693,57,0,24
BRDA:693,57,1,14
BRDA:694,58,0,24
BRDA:694,58,1,16
BRDA:699,59,0,22
BRDA:699,59,1,34
BRDA:703,60,0,14
BRDA:703,60,1,30
BRDA:704,61,0,4
BRDA:704,61,1,10
BRDA:706,62,0,4
BRDA:706,62,1,0
BRDA:756,63,0,10
BRDA:756,63,1,14
BRDA:757,64,0,2
BRDA:757,64,1,8
BRDA:760,65,0,24
BRDA:760,65,1,22
BRDA:762,66,0,18
BRDA:762,66,1,22
BRDA:768,67,0,2
BRDA:768,67,1,20
BRDA:774,68,0,10
BRDA:774,68,1,14
BRDA:811,69,0,2
BRDA:811,69,1,12
BRDA:820,70,0,6
BRDA:820,70,1,12
BRF:141
BRH:137
end_of_record
TN:
SF:src/wallet/WalletOps.ts
FN:48,(anonymous_0)
FN:49,(anonymous_1)
FN:52,(anonymous_2)
FN:60,(anonymous_3)
FN:63,(anonymous_4)
FN:69,(anonymous_5)
FN:72,(anonymous_6)
FN:75,(anonymous_7)
FN:81,(anonymous_8)
FN:109,(anonymous_9)
FN:122,(anonymous_10)
FN:133,(anonymous_11)
FN:146,(anonymous_12)
FN:155,(anonymous_13)
FN:165,(anonymous_14)
FN:176,(anonymous_15)
FN:186,(anonymous_16)
FN:197,(anonymous_17)
FN:210,(anonymous_18)
FN:219,(anonymous_19)
FN:229,(anonymous_20)
FN:239,(anonymous_21)
FN:249,(anonymous_22)
FN:259,(anonymous_23)
FN:269,(anonymous_24)
FN:281,(anonymous_25)
FN:291,(anonymous_26)
FN:302,(anonymous_27)
FN:314,(anonymous_28)
FN:327,(anonymous_29)
FN:349,(anonymous_30)
FN:410,(anonymous_31)
FN:422,(anonymous_32)
FN:435,(anonymous_33)
FN:449,(anonymous_34)
FN:458,(anonymous_35)
FN:470,(anonymous_36)
FN:480,(anonymous_37)
FN:490,(anonymous_38)
FN:500,(anonymous_39)
FN:510,(anonymous_40)
FN:522,(anonymous_41)
FN:532,(anonymous_42)
FN:544,(anonymous_43)
FN:553,(anonymous_44)
FN:587,(anonymous_45)
FN:604,(anonymous_46)
FN:617,(anonymous_47)
FN:631,(anonymous_48)
FN:640,(anonymous_49)
FN:652,(anonymous_50)
FN:662,(anonymous_51)
FN:672,(anonymous_52)
FN:682,(anonymous_53)
FN:696,(anonymous_54)
FN:706,(anonymous_55)
FN:719,(anonymous_56)
FN:792,(anonymous_57)
FN:824,(anonymous_58)
FN:836,(anonymous_59)
FN:847,(anonymous_60)
FN:860,(anonymous_61)
FN:869,(anonymous_62)
FN:879,(anonymous_63)
FN:889,(anonymous_64)
FN:899,(anonymous_65)
FN:909,(anonymous_66)
FN:919,(anonymous_67)
FN:931,(anonymous_68)
FN:948,(anonymous_69)
FN:989,(anonymous_70)
FN:1000,(anonymous_71)
FN:1010,(anonymous_72)
FN:1020,(anonymous_73)
FN:1031,(anonymous_74)
FNF:75
FNH:75
FNDA:622,(anonymous_0)
FNDA:54,(anonymous_1)
FNDA:22,(anonymous_2)
FNDA:22,(anonymous_3)
FNDA:22,(anonymous_4)
FNDA:12,(anonymous_5)
FNDA:12,(anonymous_6)
FNDA:8,(anonymous_7)
FNDA:12,(anonymous_8)
FNDA:54,(anonymous_9)
FNDA:8,(anonymous_10)
FNDA:2,(anonymous_11)
FNDA:6,(anonymous_12)
FNDA:4,(anonymous_13)
FNDA:2,(anonymous_14)
FNDA:2,(anonymous_15)
FNDA:4,(anonymous_16)
FNDA:4,(anonymous_17)
FNDA:6,(anonymous_18)
FNDA:4,(anonymous_19)
FNDA:2,(anonymous_20)
FNDA:2,(anonymous_21)
FNDA:12,(anonymous_22)
FNDA:4,(anonymous_23)
FNDA:10,(anonymous_24)
FNDA:2,(anonymous_25)
FNDA:2,(anonymous_26)
FNDA:12,(anonymous_27)
FNDA:12,(anonymous_28)
FNDA:8,(anonymous_29)
FNDA:46,(anonymous_30)
FNDA:22,(anonymous_31)
FNDA:2,(anonymous_32)
FNDA:6,(anonymous_33)
FNDA:4,(anonymous_34)
FNDA:2,(anonymous_35)
FNDA:2,(anonymous_36)
FNDA:2,(anonymous_37)
FNDA:4,(anonymous_38)
FNDA:6,(anonymous_39)
FNDA:4,(anonymous_40)
FNDA:2,(anonymous_41)
FNDA:2,(anonymous_42)
FNDA:2,(anonymous_43)
FNDA:20,(anonymous_44)
FNDA:56,(anonymous_45)
FNDA:4,(anonymous_46)
FNDA:8,(anonymous_47)
FNDA:4,(anonymous_48)
FNDA:2,(anonymous_49)
FNDA:4,(anonymous_50)
FNDA:4,(anonymous_51)
FNDA:8,(anonymous_52)
FNDA:30,(anonymous_53)
FNDA:4,(anonymous_54)
FNDA:6,(anonymous_55)
FNDA:60,(anonymous_56)
FNDA:16,(anonymous_57)
FNDA:20,(anonymous_58)
FNDA:2,(anonymous_59)
FNDA:2,(anonymous_60)
FNDA:4,(anonymous_61)
FNDA:2,(anonymous_62)
FNDA:2,(anonymous_63)
FNDA:2,(anonymous_64)
FNDA:6,(anonymous_65)
FNDA:4,(anonymous_66)
FNDA:6,(anonymous_67)
FNDA:2,(anonymous_68)
FNDA:18,(anonymous_69)
FNDA:12,(anonymous_70)
FNDA:2,(anonymous_71)
FNDA:12,(anonymous_72)
FNDA:4,(anonymous_73)
FNDA:12,(anonymous_74)
DA:48,622
DA:50,54
DA:53,22
DA:61,22
DA:64,22
DA:70,12
DA:73,12
DA:76,8
DA:82,12
DA:104,54
DA:110,54
DA:112,54
DA:114,54
DA:123,8
DA:124,8
DA:134,2
DA:135,2
DA:147,6
DA:148,6
DA:149,6
DA:156,4
DA:166,2
DA:167,2
DA:177,2
DA:178,2
DA:187,4
DA:188,4
DA:198,4
DA:199,4
DA:211,6
DA:212,6
DA:213,6
DA:220,4
DA:230,2
DA:231,2
DA:240,2
DA:241,2
DA:250,12
DA:251,12
DA:260,4
DA:261,4
DA:270,10
DA:271,10
DA:282,2
DA:283,2
DA:292,2
DA:293,2
DA:303,12
DA:304,12
DA:315,12
DA:316,12
DA:330,8
DA:331,4
DA:337,4
DA:341,8
DA:352,46
DA:353,4
DA:359,42
DA:361,8
DA:362,4
DA:364,8
DA:372,34
DA:374,8
DA:375,4
DA:377,8
DA:385,26
DA:389,46
DA:408,22
DA:411,22
DA:412,22
DA:423,2
DA:424,2
DA:436,6
DA:437,6
DA:450,4
DA:451,4
DA:452,4
DA:459,2
DA:471,2
DA:472,2
DA:481,2
DA:482,2
DA:491,4
DA:492,4
DA:501,6
DA:502,6
DA:511,4
DA:512,4
DA:523,2
DA:524,2
DA:533,2
DA:534,2
DA:545,2
DA:554,20
DA:581,56
DA:588,56
DA:589,56
DA:591,56
DA:593,56
DA:594,56
DA:605,4
DA:606,4
DA:618,8
DA:619,8
DA:632,4
DA:633,4
DA:634,4
DA:641,2
DA:653,4
DA:654,4
DA:663,4
DA:664,4
DA:673,8
DA:674,8
DA:685,30
DA:686,30
DA:697,4
DA:698,4
DA:707,6
DA:708,6
DA:735,60
DA:736,22
DA:737,22
DA:738,22
DA:740,22
DA:741,4
DA:743,18
DA:753,38
DA:754,24
DA:755,24
DA:756,24
DA:757,6
DA:759,18
DA:769,14
DA:770,14
DA:771,14
DA:772,6
DA:774,8
DA:793,16
DA:794,10
DA:822,20
DA:825,20
DA:826,20
DA:827,20
DA:828,20
DA:837,2
DA:838,2
DA:848,2
DA:849,2
DA:861,4
DA:862,4
DA:863,4
DA:870,2
DA:880,2
DA:881,2
DA:890,2
DA:891,2
DA:900,6
DA:901,6
DA:910,4
DA:911,4
DA:920,6
DA:921,6
DA:932,2
DA:950,18
DA:959,18
DA:986,12
DA:990,12
DA:991,12
DA:992,12
DA:1001,2
DA:1002,2
DA:1011,12
DA:1012,12
DA:1021,4
DA:1022,4
DA:1033,12
DA:1034,6
DA:1037,12
DA:1038,2
DA:1043,10
LF:181
LH:181
BRDA:133,0,0,2
BRDA:147,1,0,2
BRDA:147,1,1,4
BRDA:197,2,0,4
BRDA:211,3,0,2
BRDA:211,3,1,4
BRDA:249,4,0,12
BRDA:302,5,0,12
BRDA:314,6,0,12
BRDA:330,7,0,4
BRDA:330,7,1,4
BRDA:330,8,0,8
BRDA:330,8,1,6
BRDA:338,9,0,4
BRDA:338,9,1,2
BRDA:339,10,0,2
BRDA:339,10,1,2
BRDA:352,11,0,4
BRDA:352,11,1,42
BRDA:352,12,0,46
BRDA:352,12,1,36
BRDA:352,12,2,20
BRDA:352,12,3,18
BRDA:359,13,0,8
BRDA:359,13,1,34
BRDA:361,14,0,4
BRDA:361,14,1,4
BRDA:372,15,0,8
BRDA:372,15,1,26
BRDA:374,16,0,4
BRDA:374,16,1,4
BRDA:386,17,0,26
BRDA:386,17,1,10
BRDA:387,18,0,14
BRDA:387,18,1,12
BRDA:435,19,0,6
BRDA:450,20,0,2
BRDA:450,20,1,2
BRDA:500,21,0,6
BRDA:617,22,0,8
BRDA:632,23,0,2
BRDA:632,23,1,2
BRDA:735,24,0,22
BRDA:735,24,1,38
BRDA:737,25,0,18
BRDA:737,25,1,4
BRDA:740,26,0,4
BRDA:740,26,1,18
BRDA:740,27,0,22
BRDA:740,27,1,4
BRDA:753,28,0,24
BRDA:753,28,1,14
BRDA:756,29,0,6
BRDA:756,29,1,18
BRDA:771,30,0,6
BRDA:771,30,1,8
BRDA:847,31,0,2
BRDA:861,32,0,2
BRDA:861,32,1,2
BRDA:1033,33,0,6
BRDA:1033,33,1,6
BRDA:1033,34,0,12
BRDA:1033,34,1,8
BRDA:1037,35,0,2
BRDA:1037,35,1,10
BRF:65
BRH:65
end_of_record
TN:
SF:src/wallet/_internal.ts
FN:16,ceilLog2
FN:20,getKeysetAmountsAsc
FN:21,(anonymous_2)
FN:22,(anonymous_3)
FN:26,assertSplitBudget
FN:43,getKeepAmounts
FN:52,(anonymous_6)
FN:54,(anonymous_7)
FN:75,(anonymous_8)
FN:81,stringifyOutputTypeForLog
FN:87,(anonymous_10)
FN:92,(anonymous_11)
FN:98,(anonymous_12)
FN:106,(anonymous_13)
FN:107,(anonymous_14)
FN:113,(anonymous_15)
FN:119,(anonymous_16)
FN:107,(anonymous_14)
FNF:18
FNH:18
FNDA:47,ceilLog2
FNDA:14,getKeysetAmountsAsc
FNDA:520,(anonymous_2)
FNDA:506,(anonymous_3)
FNDA:32440,assertSplitBudget
FNDA:14,getKeepAmounts
FNDA:54,(anonymous_6)
FNDA:3082,(anonymous_7)
FNDA:75,(anonymous_8)
FNDA:211,stringifyOutputTypeForLog
FNDA:20,(anonymous_10)
FNDA:6,(anonymous_11)
FNDA:81,(anonymous_12)
FNDA:4,(anonymous_13)
FNDA:2,(anonymous_14)
FNDA:7,(anonymous_15)
FNDA:367,(anonymous_16)
FNDA:16,(anonymous_14)
DA:17,47
DA:21,520
DA:22,506
DA:23,14
DA:27,32440
DA:28,4
DA:49,14
DA:50,14
DA:51,14
DA:52,54
DA:53,14
DA:54,3082
DA:55,520
DA:56,520
DA:57,32915
DA:58,32915
DA:59,484
DA:61,32431
DA:62,32431
DA:63,32431
DA:66,12
DA:67,12
DA:68,10
DA:69,9
DA:70,9
DA:71,15
DA:72,15
DA:75,75
DA:82,211
DA:84,9
DA:87,20
DA:90,5
DA:92,6
DA:95,53
DA:98,81
DA:102,8
DA:103,8
DA:106,4
DA:107,4
DA:110,8
DA:113,7
DA:117,134
DA:119,367
DA:122,2
LF:44
LH:44
BRDA:17,0,0,4
BRDA:17,0,1,43
BRDA:27,1,0,4
BRDA:27,1,1,32436
BRDA:58,2,0,484
BRDA:58,2,1,32431
BRDA:67,3,0,9
BRDA:67,3,1,3
BRDA:82,4,0,9
BRDA:82,4,1,5
BRDA:82,4,2,53
BRDA:82,4,3,8
BRDA:82,4,4,134
BRDA:82,4,5,2
BRDA:92,5,0,5
BRDA:92,5,1,2
BRDA:98,6,0,53
BRDA:98,6,1,2
BRDA:103,7,0,2
BRDA:103,7,1,6
BRDA:106,8,0,2
BRDA:106,8,1,0
BRDA:113,9,0,8
BRDA:113,9,1,4
BRDA:119,10,0,134
BRDA:119,10,1,2
BRF:26
BRH:25
end_of_record
TN:
SF:src/wallet/types/config.ts
FNF:0
FNH:0
LF:0
LH:0
BRF:0
BRH:0
end_of_record
TN:
SF:src/wallet/types/payloads.ts
FNF:0
FNH:0
LF:0
LH:0
BRF:0
BRH:0
end_of_record
TN:
SF:src/wallet/types/payment-requests.ts
FN:32,(anonymous_0)
FNF:1
FNH:1
FNDA:92,(anonymous_0)
DA:32,92
DA:33,92
DA:34,92
LF:3
LH:3
BRF:0
BRH:0
end_of_record
TN:
SF:src/wallet/types/responses.ts
FNF:0
FNH:0
LF:0
LH:0
BRF:0
BRH:0
end_of_record
