<?xml version="1.0" encoding="UTF-8"?>
<coverage generated="1777989675966" clover="3.2.0">
  <project timestamp="1777989675966" name="All files">
    <metrics statements="4222" coveredstatements="3845" conditionals="2649" coveredconditionals="2198" methods="961" coveredmethods="895" elements="7832" coveredelements="6938" complexity="0" loc="4222" ncloc="4222" packages="13" files="61" classes="61"/>
    <package name="src">
      <metrics statements="0" coveredstatements="0" conditionals="0" coveredconditionals="0" methods="0" coveredmethods="0"/>
      <file name="index.ts" path="/home/runner/work/cashu-ts/cashu-ts/src/index.ts">
        <metrics statements="0" coveredstatements="0" conditionals="0" coveredconditionals="0" methods="0" coveredmethods="0"/>
      </file>
    </package>
    <package name="src.auth">
      <metrics statements="279" coveredstatements="273" conditionals="179" coveredconditionals="162" methods="66" coveredmethods="65"/>
      <file name="AuthManager.ts" path="/home/runner/work/cashu-ts/cashu-ts/src/auth/AuthManager.ts">
        <metrics statements="133" coveredstatements="133" conditionals="94" coveredconditionals="88" methods="35" coveredmethods="34"/>
        <line num="77" count="24" type="stmt"/>
        <line num="81" count="34" type="stmt"/>
        <line num="84" count="34" type="stmt"/>
        <line num="85" count="34" type="stmt"/>
        <line num="86" count="34" type="stmt"/>
        <line num="92" count="34" type="stmt"/>
        <line num="93" count="34" type="cond" truecount="2" falsecount="0"/>
        <line num="94" count="34" type="cond" truecount="2" falsecount="0"/>
        <line num="95" count="34" type="cond" truecount="2" falsecount="0"/>
        <line num="96" count="34" type="cond" truecount="2" falsecount="0"/>
        <line num="108" count="4" type="stmt"/>
        <line num="109" count="4" type="stmt"/>
        <line num="110" count="4" type="stmt"/>
        <line num="114" count="4" type="stmt"/>
        <line num="117" count="1" type="stmt"/>
        <line num="120" count="2" type="stmt"/>
        <line num="121" count="2" type="stmt"/>
        <line num="123" count="1" type="stmt"/>
        <line num="127" count="4" type="stmt"/>
        <line num="135" count="5" type="stmt"/>
        <line num="139" count="6" type="stmt"/>
        <line num="140" count="6" type="cond" truecount="2" falsecount="0"/>
        <line num="141" count="1" type="stmt"/>
        <line num="142" count="1" type="stmt"/>
        <line num="151" count="9" type="cond" truecount="2" falsecount="0"/>
        <line num="152" count="2" type="stmt"/>
        <line num="155" count="7" type="cond" truecount="4" falsecount="0"/>
        <line num="156" count="3" type="stmt"/>
        <line num="160" count="4" type="cond" truecount="1" falsecount="1"/>
        <line num="161" count="4" type="stmt"/>
        <line num="162" count="4" type="stmt"/>
        <line num="163" count="4" type="stmt"/>
        <line num="164" count="3" type="stmt"/>
        <line num="166" count="1" type="stmt"/>
        <line num="168" count="4" type="stmt"/>
        <line num="172" count="4" type="stmt"/>
        <line num="173" count="4" type="cond" truecount="2" falsecount="0"/>
        <line num="178" count="13" type="stmt"/>
        <line num="179" count="13" type="cond" truecount="2" falsecount="0"/>
        <line num="180" count="11" type="cond" truecount="2" falsecount="0"/>
        <line num="181" count="9" type="stmt"/>
        <line num="186" count="9" type="cond" truecount="2" falsecount="0"/>
        <line num="187" count="8" type="stmt"/>
        <line num="188" count="8" type="stmt"/>
        <line num="189" count="8" type="cond" truecount="2" falsecount="0"/>
        <line num="190" count="8" type="cond" truecount="4" falsecount="0"/>
        <line num="191" count="6" type="stmt"/>
        <line num="194" count="2" type="stmt"/>
        <line num="195" count="2" type="cond" truecount="2" falsecount="0"/>
        <line num="197" count="8" type="stmt"/>
        <line num="210" count="13" type="stmt"/>
        <line num="211" count="12" type="cond" truecount="2" falsecount="0"/>
        <line num="212" count="8" type="stmt"/>
        <line num="213" count="8" type="stmt"/>
        <line num="214" count="8" type="stmt"/>
        <line num="215" count="8" type="cond" truecount="1" falsecount="1"/>
        <line num="216" count="8" type="stmt"/>
        <line num="232" count="5" type="cond" truecount="4" falsecount="0"/>
        <line num="233" count="1" type="stmt"/>
        <line num="239" count="5" type="stmt"/>
        <line num="240" count="5" type="stmt"/>
        <line num="241" count="5" type="cond" truecount="2" falsecount="0"/>
        <line num="242" count="1" type="stmt"/>
        <line num="246" count="4" type="stmt"/>
        <line num="247" count="4" type="stmt"/>
        <line num="252" count="4" type="stmt"/>
        <line num="260" count="1" type="cond" truecount="1" falsecount="1"/>
        <line num="261" count="1" type="stmt"/>
        <line num="263" count="1" type="stmt"/>
        <line num="264" count="1" type="stmt"/>
        <line num="265" count="3" type="cond" truecount="5" falsecount="1"/>
        <line num="266" count="3" type="cond" truecount="2" falsecount="0"/>
        <line num="267" count="2" type="stmt"/>
        <line num="268" count="2" type="stmt"/>
        <line num="277" count="4" type="cond" truecount="2" falsecount="0"/>
        <line num="288" count="4" type="cond" truecount="2" falsecount="0"/>
        <line num="289" count="3" type="stmt"/>
        <line num="290" count="3" type="cond" truecount="2" falsecount="0"/>
        <line num="291" count="2" type="stmt"/>
        <line num="292" count="2" type="stmt"/>
        <line num="293" count="2" type="stmt"/>
        <line num="294" count="2" type="cond" truecount="1" falsecount="1"/>
        <line num="295" count="4" type="cond" truecount="4" falsecount="0"/>
        <line num="297" count="1" type="stmt"/>
        <line num="301" count="1" type="stmt"/>
        <line num="308" count="5" type="cond" truecount="2" falsecount="0"/>
        <line num="310" count="5" type="stmt"/>
        <line num="311" count="5" type="stmt"/>
        <line num="313" count="5" type="stmt"/>
        <line num="314" count="5" type="stmt"/>
        <line num="315" count="5" type="stmt"/>
        <line num="316" count="5" type="stmt"/>
        <line num="317" count="5" type="stmt"/>
        <line num="319" count="5" type="stmt"/>
        <line num="321" count="5" type="cond" truecount="2" falsecount="0"/>
        <line num="329" count="14" type="cond" truecount="2" falsecount="0"/>
        <line num="330" count="3" type="stmt"/>
        <line num="334" count="3" type="stmt"/>
        <line num="336" count="14" type="cond" truecount="2" falsecount="0"/>
        <line num="338" count="3" type="stmt"/>
        <line num="348" count="3" type="stmt"/>
        <line num="349" count="3" type="stmt"/>
        <line num="352" count="3" type="stmt"/>
        <line num="353" count="3" type="stmt"/>
        <line num="361" count="10" type="cond" truecount="2" falsecount="0"/>
        <line num="362" count="9" type="stmt"/>
        <line num="363" count="9" type="stmt"/>
        <line num="368" count="10" type="stmt"/>
        <line num="372" count="8" type="cond" truecount="2" falsecount="0"/>
        <line num="373" count="7" type="stmt"/>
        <line num="380" count="8" type="cond" truecount="1" falsecount="1"/>
        <line num="383" count="8" type="stmt"/>
        <line num="385" count="8" type="cond" truecount="2" falsecount="0"/>
        <line num="386" count="2" type="stmt"/>
        <line num="387" count="2" type="cond" truecount="2" falsecount="0"/>
        <line num="388" count="1" type="stmt"/>
        <line num="394" count="7" type="stmt"/>
        <line num="395" count="7" type="stmt"/>
        <line num="396" count="11" type="stmt"/>
        <line num="398" count="7" type="stmt"/>
        <line num="399" count="7" type="cond" truecount="2" falsecount="0"/>
        <line num="401" count="7" type="stmt"/>
        <line num="407" count="7" type="cond" truecount="4" falsecount="0"/>
        <line num="408" count="1" type="stmt"/>
        <line num="411" count="10" type="stmt"/>
        <line num="412" count="6" type="stmt"/>
        <line num="413" count="10" type="cond" truecount="2" falsecount="0"/>
        <line num="414" count="1" type="stmt"/>
        <line num="418" count="5" type="stmt"/>
        <line num="419" count="5" type="stmt"/>
        <line num="438" count="4" type="stmt"/>
        <line num="439" count="4" type="stmt"/>
        <line num="440" count="4" type="stmt"/>
      </file>
      <file name="OIDCAuth.ts" path="/home/runner/work/cashu-ts/cashu-ts/src/auth/OIDCAuth.ts">
        <metrics statements="138" coveredstatements="132" conditionals="83" coveredconditionals="72" methods="28" coveredmethods="28"/>
        <line num="52" count="33" type="stmt"/>
        <line num="55" count="0" type="stmt"/>
        <line num="56" count="0" type="cond" truecount="0" falsecount="2"/>
        <line num="57" count="0" type="stmt"/>
        <line num="59" count="0" type="cond" truecount="0" falsecount="3"/>
        <line num="60" count="0" type="stmt"/>
        <line num="64" count="33" type="stmt"/>
        <line num="65" count="33" type="cond" truecount="2" falsecount="0"/>
        <line num="66" count="33" type="cond" truecount="2" falsecount="0"/>
        <line num="67" count="33" type="cond" truecount="2" falsecount="0"/>
        <line num="68" count="33" type="stmt"/>
        <line num="72" count="1" type="stmt"/>
        <line num="76" count="2" type="cond" truecount="2" falsecount="0"/>
        <line num="83" count="5" type="stmt"/>
        <line num="89" count="36" type="cond" truecount="2" falsecount="0"/>
        <line num="90" count="30" type="stmt"/>
        <line num="94" count="30" type="stmt"/>
        <line num="96" count="30" type="stmt"/>
        <line num="97" count="30" type="cond" truecount="2" falsecount="0"/>
        <line num="99" count="2" type="stmt"/>
        <line num="101" count="30" type="cond" truecount="4" falsecount="0"/>
        <line num="102" count="3" type="stmt"/>
        <line num="104" count="27" type="stmt"/>
        <line num="105" count="27" type="cond" truecount="4" falsecount="0"/>
        <line num="106" count="1" type="stmt"/>
        <line num="108" count="26" type="stmt"/>
        <line num="109" count="26" type="stmt"/>
        <line num="122" count="2" type="stmt"/>
        <line num="123" count="2" type="stmt"/>
        <line num="126" count="2" type="stmt"/>
        <line num="127" count="2" type="stmt"/>
        <line num="128" count="2" type="stmt"/>
        <line num="130" count="2" type="stmt"/>
        <line num="143" count="2" type="stmt"/>
        <line num="144" count="2" type="cond" truecount="2" falsecount="0"/>
        <line num="145" count="2" type="stmt"/>
        <line num="153" count="2" type="cond" truecount="2" falsecount="0"/>
        <line num="155" count="2" type="cond" truecount="2" falsecount="0"/>
        <line num="156" count="1" type="stmt"/>
        <line num="158" count="1" type="stmt"/>
        <line num="165" count="3" type="stmt"/>
        <line num="166" count="3" type="stmt"/>
        <line num="173" count="3" type="stmt"/>
        <line num="174" count="2" type="stmt"/>
        <line num="175" count="2" type="stmt"/>
        <line num="181" count="6" type="stmt"/>
        <line num="182" count="6" type="stmt"/>
        <line num="183" count="6" type="cond" truecount="2" falsecount="0"/>
        <line num="185" count="5" type="stmt"/>
        <line num="186" count="5" type="stmt"/>
        <line num="190" count="4" type="stmt"/>
        <line num="192" count="4" type="stmt"/>
        <line num="193" count="4" type="stmt"/>
        <line num="194" count="8" type="stmt"/>
        <line num="195" count="8" type="stmt"/>
        <line num="200" count="8" type="stmt"/>
        <line num="201" count="8" type="cond" truecount="2" falsecount="0"/>
        <line num="202" count="2" type="stmt"/>
        <line num="203" count="2" type="stmt"/>
        <line num="205" count="6" type="cond" truecount="2" falsecount="0"/>
        <line num="206" count="8" type="cond" truecount="2" falsecount="0"/>
        <line num="207" count="3" type="cond" truecount="2" falsecount="0"/>
        <line num="208" count="1" type="stmt"/>
        <line num="209" count="1" type="stmt"/>
        <line num="211" count="2" type="cond" truecount="3" falsecount="0"/>
        <line num="212" count="8" type="stmt"/>
        <line num="230" count="4" type="stmt"/>
        <line num="231" count="4" type="cond" truecount="2" falsecount="0"/>
        <line num="232" count="4" type="stmt"/>
        <line num="234" count="4" type="stmt"/>
        <line num="235" count="4" type="stmt"/>
        <line num="236" count="4" type="stmt"/>
        <line num="237" count="4" type="stmt"/>
        <line num="238" count="7" type="cond" truecount="2" falsecount="0"/>
        <line num="239" count="6" type="stmt"/>
        <line num="240" count="6" type="stmt"/>
        <line num="245" count="6" type="stmt"/>
        <line num="246" count="6" type="cond" truecount="2" falsecount="0"/>
        <line num="247" count="3" type="stmt"/>
        <line num="248" count="3" type="stmt"/>
        <line num="250" count="3" type="cond" truecount="1" falsecount="1"/>
        <line num="251" count="7" type="cond" truecount="2" falsecount="0"/>
        <line num="252" count="2" type="cond" truecount="1" falsecount="1"/>
        <line num="253" count="2" type="stmt"/>
        <line num="254" count="2" type="stmt"/>
        <line num="256" count="0" type="cond" truecount="0" falsecount="3"/>
        <line num="257" count="7" type="stmt"/>
        <line num="261" count="4" type="stmt"/>
        <line num="262" count="1" type="stmt"/>
        <line num="265" count="4" type="stmt"/>
        <line num="271" count="1" type="stmt"/>
        <line num="272" count="1" type="stmt"/>
        <line num="277" count="1" type="stmt"/>
        <line num="278" count="1" type="stmt"/>
        <line num="279" count="1" type="stmt"/>
        <line num="285" count="5" type="stmt"/>
        <line num="286" count="5" type="stmt"/>
        <line num="293" count="5" type="stmt"/>
        <line num="294" count="5" type="stmt"/>
        <line num="295" count="5" type="stmt"/>
        <line num="305" count="13" type="cond" truecount="2" falsecount="0"/>
        <line num="306" count="1" type="cond" truecount="3" falsecount="0"/>
        <line num="307" count="1" type="stmt"/>
        <line num="310" count="12" type="stmt"/>
        <line num="311" count="12" type="stmt"/>
        <line num="314" count="12" type="stmt"/>
        <line num="315" count="5" type="stmt"/>
        <line num="316" count="5" type="stmt"/>
        <line num="324" count="194" type="stmt"/>
        <line num="325" count="29" type="stmt"/>
        <line num="326" count="97" type="stmt"/>
        <line num="335" count="16" type="stmt"/>
        <line num="336" count="16" type="stmt"/>
        <line num="337" count="16" type="stmt"/>
        <line num="345" count="16" type="stmt"/>
        <line num="347" count="16" type="stmt"/>
        <line num="348" count="16" type="cond" truecount="2" falsecount="0"/>
        <line num="350" count="1" type="stmt"/>
        <line num="352" count="16" type="cond" truecount="2" falsecount="0"/>
        <line num="353" count="2" type="cond" truecount="2" falsecount="0"/>
        <line num="354" count="2" type="cond" truecount="3" falsecount="0"/>
        <line num="355" count="2" type="stmt"/>
        <line num="357" count="14" type="stmt"/>
        <line num="358" count="14" type="cond" truecount="2" falsecount="0"/>
        <line num="360" count="2" type="stmt"/>
        <line num="361" count="2" type="stmt"/>
        <line num="370" count="17" type="stmt"/>
        <line num="371" count="17" type="stmt"/>
        <line num="372" count="17" type="stmt"/>
        <line num="380" count="16" type="stmt"/>
        <line num="382" count="16" type="stmt"/>
        <line num="383" count="16" type="cond" truecount="1" falsecount="1"/>
        <line num="385" count="1" type="stmt"/>
        <line num="387" count="16" type="stmt"/>
        <line num="388" count="16" type="cond" truecount="2" falsecount="0"/>
        <line num="390" count="1" type="stmt"/>
        <line num="391" count="1" type="stmt"/>
        <line num="396" count="14" type="stmt"/>
      </file>
      <file name="createAuthWallet.ts" path="/home/runner/work/cashu-ts/cashu-ts/src/auth/createAuthWallet.ts">
        <metrics statements="8" coveredstatements="8" conditionals="2" coveredconditionals="2" methods="3" coveredmethods="3"/>
        <line num="29" count="4" type="stmt"/>
        <line num="35" count="4" type="stmt"/>
        <line num="38" count="4" type="stmt"/>
        <line num="41" count="4" type="stmt"/>
        <line num="45" count="4" type="stmt"/>
        <line num="48" count="4" type="stmt"/>
        <line num="49" count="4" type="stmt"/>
        <line num="51" count="4" type="stmt"/>
      </file>
      <file name="index.ts" path="/home/runner/work/cashu-ts/cashu-ts/src/auth/index.ts">
        <metrics statements="0" coveredstatements="0" conditionals="0" coveredconditionals="0" methods="0" coveredmethods="0"/>
      </file>
    </package>
    <package name="src.crypto">
      <metrics statements="513" coveredstatements="492" conditionals="346" coveredconditionals="313" methods="101" coveredmethods="95"/>
      <file name="NUT01.ts" path="/home/runner/work/cashu-ts/cashu-ts/src/crypto/NUT01.ts">
        <metrics statements="32" coveredstatements="31" conditionals="10" coveredconditionals="9" methods="7" coveredmethods="7"/>
        <line num="10" count="55" type="stmt"/>
        <line num="31" count="10" type="stmt"/>
        <line num="32" count="10" type="stmt"/>
        <line num="33" count="640" type="stmt"/>
        <line num="35" count="10" type="stmt"/>
        <line num="39" count="2" type="stmt"/>
        <line num="40" count="2" type="stmt"/>
        <line num="41" count="128" type="stmt"/>
        <line num="43" count="2" type="stmt"/>
        <line num="47" count="334" type="stmt"/>
        <line num="72" count="4" type="cond" truecount="4" falsecount="0"/>
        <line num="73" count="4" type="stmt"/>
        <line num="74" count="4" type="stmt"/>
        <line num="75" count="4" type="stmt"/>
        <line num="77" count="4" type="cond" truecount="2" falsecount="0"/>
        <line num="78" count="2" type="stmt"/>
        <line num="80" count="4" type="stmt"/>
        <line num="81" count="256" type="stmt"/>
        <line num="82" count="256" type="cond" truecount="2" falsecount="0"/>
        <line num="83" count="128" type="stmt"/>
        <line num="84" count="128" type="cond" truecount="1" falsecount="1"/>
        <line num="85" count="128" type="stmt"/>
        <line num="87" count="0" type="stmt"/>
        <line num="90" count="128" type="stmt"/>
        <line num="93" count="256" type="stmt"/>
        <line num="94" count="256" type="stmt"/>
        <line num="96" count="4" type="stmt"/>
        <line num="102" count="4" type="stmt"/>
        <line num="106" count="2" type="stmt"/>
        <line num="107" count="2" type="stmt"/>
        <line num="108" count="2" type="stmt"/>
        <line num="109" count="2" type="stmt"/>
      </file>
      <file name="NUT10.ts" path="/home/runner/work/cashu-ts/cashu-ts/src/crypto/NUT10.ts">
        <metrics statements="42" coveredstatements="42" conditionals="43" coveredconditionals="43" methods="15" coveredmethods="15"/>
        <line num="25" count="40" type="stmt"/>
        <line num="33" count="40" type="stmt"/>
        <line num="45" count="4453" type="stmt"/>
        <line num="46" count="4453" type="cond" truecount="2" falsecount="0"/>
        <line num="47" count="527" type="stmt"/>
        <line num="49" count="3926" type="stmt"/>
        <line num="52" count="49" type="stmt"/>
        <line num="56" count="4404" type="cond" truecount="2" falsecount="0"/>
        <line num="64" count="2" type="stmt"/>
        <line num="66" count="4402" type="stmt"/>
        <line num="67" count="4402" type="cond" truecount="4" falsecount="0"/>
        <line num="68" count="4" type="stmt"/>
        <line num="70" count="4398" type="cond" truecount="2" falsecount="0"/>
        <line num="72" count="3454" type="cond" truecount="2" falsecount="0"/>
        <line num="73" count="2" type="stmt"/>
        <line num="76" count="3452" type="stmt"/>
        <line num="78" count="15492" type="cond" truecount="5" falsecount="0"/>
        <line num="80" count="3452" type="cond" truecount="2" falsecount="0"/>
        <line num="81" count="4" type="stmt"/>
        <line num="85" count="4392" type="stmt"/>
        <line num="111" count="1617" type="cond" truecount="2" falsecount="0"/>
        <line num="112" count="1617" type="stmt"/>
        <line num="113" count="1617" type="stmt"/>
        <line num="114" count="1617" type="cond" truecount="2" falsecount="0"/>
        <line num="115" count="20" type="stmt"/>
        <line num="117" count="1536" type="stmt"/>
        <line num="126" count="186" type="stmt"/>
        <line num="135" count="2630" type="stmt"/>
        <line num="145" count="160" type="stmt"/>
        <line num="146" count="160" type="stmt"/>
        <line num="160" count="2470" type="stmt"/>
        <line num="161" count="2470" type="cond" truecount="2" falsecount="0"/>
        <line num="172" count="22" type="stmt"/>
        <line num="183" count="3770" type="stmt"/>
        <line num="184" count="2464" type="cond" truecount="4" falsecount="0"/>
        <line num="185" count="788" type="stmt"/>
        <line num="196" count="2070" type="stmt"/>
        <line num="197" count="2070" type="cond" truecount="4" falsecount="0"/>
        <line num="208" count="380" type="stmt"/>
        <line num="209" count="380" type="cond" truecount="2" falsecount="0"/>
        <line num="210" count="122" type="stmt"/>
        <line num="211" count="122" type="cond" truecount="2" falsecount="0"/>
      </file>
      <file name="NUT11.ts" path="/home/runner/work/cashu-ts/cashu-ts/src/crypto/NUT11.ts">
        <metrics statements="182" coveredstatements="177" conditionals="144" coveredconditionals="136" methods="32" coveredmethods="28"/>
        <line num="21" count="55" type="stmt"/>
        <line num="26" count="55" type="stmt"/>
        <line num="61" count="34" type="stmt"/>
        <line num="62" count="34" type="stmt"/>
        <line num="63" count="34" type="stmt"/>
        <line num="80" count="1601" type="cond" truecount="1" falsecount="1"/>
        <line num="81" count="0" type="stmt"/>
        <line num="84" count="1601" type="stmt"/>
        <line num="85" count="1601" type="stmt"/>
        <line num="86" count="1601" type="cond" truecount="4" falsecount="0"/>
        <line num="87" count="4" type="stmt"/>
        <line num="89" count="1532" type="stmt"/>
        <line num="107" count="78" type="stmt"/>
        <line num="108" count="78" type="stmt"/>
        <line num="109" count="78" type="stmt"/>
        <line num="110" count="78" type="stmt"/>
        <line num="111" count="78" type="stmt"/>
        <line num="114" count="78" type="cond" truecount="4" falsecount="0"/>
        <line num="115" count="62" type="stmt"/>
        <line num="119" count="10" type="cond" truecount="4" falsecount="0"/>
        <line num="120" count="6" type="stmt"/>
        <line num="121" count="6" type="stmt"/>
        <line num="126" count="10" type="stmt"/>
        <line num="138" count="174" type="stmt"/>
        <line num="141" count="174" type="stmt"/>
        <line num="142" count="174" type="cond" truecount="2" falsecount="0"/>
        <line num="143" count="154" type="stmt"/>
        <line num="147" count="174" type="cond" truecount="4" falsecount="0"/>
        <line num="148" count="174" type="stmt"/>
        <line num="149" count="174" type="stmt"/>
        <line num="161" count="220" type="stmt"/>
        <line num="162" count="220" type="cond" truecount="4" falsecount="0"/>
        <line num="173" count="274" type="stmt"/>
        <line num="174" count="274" type="stmt"/>
        <line num="175" count="274" type="cond" truecount="5" falsecount="0"/>
        <line num="176" count="194" type="stmt"/>
        <line num="178" count="78" type="stmt"/>
        <line num="195" count="264" type="stmt"/>
        <line num="196" count="264" type="stmt"/>
        <line num="197" count="264" type="cond" truecount="2" falsecount="0"/>
        <line num="198" count="190" type="stmt"/>
        <line num="200" count="74" type="cond" truecount="2" falsecount="0"/>
        <line num="213" count="92" type="stmt"/>
        <line num="214" count="92" type="stmt"/>
        <line num="215" count="92" type="stmt"/>
        <line num="217" count="92" type="cond" truecount="4" falsecount="0"/>
        <line num="218" count="4" type="stmt"/>
        <line num="220" count="86" type="cond" truecount="4" falsecount="0"/>
        <line num="235" count="24" type="stmt"/>
        <line num="236" count="24" type="stmt"/>
        <line num="237" count="24" type="stmt"/>
        <line num="239" count="24" type="cond" truecount="4" falsecount="0"/>
        <line num="240" count="16" type="cond" truecount="4" falsecount="0"/>
        <line num="242" count="6" type="stmt"/>
        <line num="253" count="199" type="stmt"/>
        <line num="254" count="199" type="cond" truecount="4" falsecount="0"/>
        <line num="264" count="156" type="cond" truecount="2" falsecount="0"/>
        <line num="275" count="218" type="cond" truecount="2" falsecount="0"/>
        <line num="277" count="138" type="stmt"/>
        <line num="278" count="138" type="stmt"/>
        <line num="283" count="6" type="stmt"/>
        <line num="284" count="6" type="stmt"/>
        <line num="286" count="132" type="stmt"/>
        <line num="292" count="218" type="cond" truecount="4" falsecount="0"/>
        <line num="293" count="18" type="stmt"/>
        <line num="295" count="132" type="stmt"/>
        <line num="321" count="29" type="cond" truecount="1" falsecount="1"/>
        <line num="322" count="23" type="cond" truecount="2" falsecount="0"/>
        <line num="323" count="23" type="stmt"/>
        <line num="324" count="32" type="stmt"/>
        <line num="325" count="32" type="stmt"/>
        <line num="326" count="32" type="stmt"/>
        <line num="327" count="42" type="stmt"/>
        <line num="328" count="42" type="stmt"/>
        <line num="332" count="8" type="cond" truecount="1" falsecount="1"/>
        <line num="333" count="8" type="stmt"/>
        <line num="336" count="32" type="stmt"/>
        <line num="352" count="60" type="stmt"/>
        <line num="353" count="60" type="cond" truecount="2" falsecount="0"/>
        <line num="358" count="60" type="cond" truecount="2" falsecount="2"/>
        <line num="359" count="60" type="stmt"/>
        <line num="360" count="60" type="stmt"/>
        <line num="361" count="64" type="cond" truecount="4" falsecount="0"/>
        <line num="362" count="8" type="stmt"/>
        <line num="366" count="48" type="stmt"/>
        <line num="367" count="48" type="stmt"/>
        <line num="368" count="16" type="stmt"/>
        <line num="371" count="48" type="cond" truecount="2" falsecount="0"/>
        <line num="372" count="2" type="stmt"/>
        <line num="376" count="46" type="stmt"/>
        <line num="377" count="46" type="stmt"/>
        <line num="378" count="46" type="stmt"/>
        <line num="382" count="60" type="stmt"/>
        <line num="394" count="14" type="cond" truecount="2" falsecount="0"/>
        <line num="395" count="4" type="stmt"/>
        <line num="398" count="10" type="cond" truecount="4" falsecount="0"/>
        <line num="399" count="2" type="stmt"/>
        <line num="401" count="8" type="cond" truecount="2" falsecount="0"/>
        <line num="403" count="14" type="stmt"/>
        <line num="406" count="14" type="stmt"/>
        <line num="407" count="6" type="stmt"/>
        <line num="437" count="82" type="cond" truecount="4" falsecount="0"/>
        <line num="438" count="2" type="stmt"/>
        <line num="439" count="2" type="stmt"/>
        <line num="443" count="80" type="cond" truecount="2" falsecount="0"/>
        <line num="444" count="82" type="stmt"/>
        <line num="445" count="82" type="stmt"/>
        <line num="446" count="82" type="stmt"/>
        <line num="447" count="82" type="stmt"/>
        <line num="448" count="82" type="stmt"/>
        <line num="449" count="82" type="stmt"/>
        <line num="450" count="82" type="stmt"/>
        <line num="458" count="82" type="stmt"/>
        <line num="461" count="82" type="cond" truecount="5" falsecount="0"/>
        <line num="462" count="48" type="stmt"/>
        <line num="463" count="48" type="stmt"/>
        <line num="467" count="32" type="cond" truecount="2" falsecount="0"/>
        <line num="468" count="18" type="stmt"/>
        <line num="469" count="18" type="stmt"/>
        <line num="470" count="18" type="stmt"/>
        <line num="474" count="14" type="stmt"/>
        <line num="475" count="14" type="stmt"/>
        <line num="476" count="14" type="cond" truecount="2" falsecount="0"/>
        <line num="477" count="12" type="stmt"/>
        <line num="478" count="13" type="stmt"/>
        <line num="479" count="12" type="stmt"/>
        <line num="486" count="12" type="cond" truecount="4" falsecount="0"/>
        <line num="487" count="10" type="stmt"/>
        <line num="488" count="10" type="stmt"/>
        <line num="489" count="10" type="stmt"/>
        <line num="492" count="2" type="stmt"/>
        <line num="493" count="2" type="stmt"/>
        <line num="494" count="2" type="stmt"/>
        <line num="498" count="2" type="stmt"/>
        <line num="499" count="2" type="stmt"/>
        <line num="500" count="2" type="stmt"/>
        <line num="517" count="64" type="stmt"/>
        <line num="535" count="32" type="cond" truecount="2" falsecount="0"/>
        <line num="536" count="32" type="stmt"/>
        <line num="537" count="32" type="cond" truecount="2" falsecount="0"/>
        <line num="538" count="24" type="stmt"/>
        <line num="541" count="8" type="stmt"/>
        <line num="542" count="8" type="stmt"/>
        <line num="543" count="8" type="stmt"/>
        <line num="558" count="40" type="cond" truecount="2" falsecount="0"/>
        <line num="560" count="38" type="stmt"/>
        <line num="561" count="38" type="cond" truecount="2" falsecount="0"/>
        <line num="562" count="34" type="stmt"/>
        <line num="563" count="34" type="cond" truecount="1" falsecount="1"/>
        <line num="565" count="40" type="stmt"/>
        <line num="566" count="16" type="stmt"/>
        <line num="567" count="16" type="cond" truecount="1" falsecount="1"/>
        <line num="568" count="14" type="cond" truecount="2" falsecount="0"/>
        <line num="569" count="12" type="cond" truecount="2" falsecount="0"/>
        <line num="570" count="10" type="cond" truecount="3" falsecount="1"/>
        <line num="571" count="4" type="stmt"/>
        <line num="592" count="182" type="stmt"/>
        <line num="594" count="182" type="stmt"/>
        <line num="595" count="196" type="stmt"/>
        <line num="598" count="182" type="stmt"/>
        <line num="599" count="266" type="stmt"/>
        <line num="602" count="182" type="cond" truecount="2" falsecount="0"/>
        <line num="603" count="44" type="stmt"/>
        <line num="605" count="182" type="stmt"/>
        <line num="617" count="118" type="stmt"/>
        <line num="618" count="133" type="stmt"/>
        <line num="619" count="133" type="stmt"/>
        <line num="621" count="41" type="stmt"/>
        <line num="644" count="70" type="stmt"/>
        <line num="646" count="70" type="stmt"/>
        <line num="647" count="74" type="stmt"/>
        <line num="650" count="70" type="stmt"/>
        <line num="651" count="110" type="stmt"/>
        <line num="654" count="70" type="cond" truecount="2" falsecount="0"/>
        <line num="655" count="18" type="stmt"/>
        <line num="657" count="70" type="stmt"/>
        <line num="670" count="55" type="stmt"/>
        <line num="671" count="0" type="stmt"/>
        <line num="679" count="55" type="stmt"/>
        <line num="684" count="0" type="stmt"/>
        <line num="691" count="0" type="stmt"/>
        <line num="698" count="0" type="stmt"/>
      </file>
      <file name="NUT12.ts" path="/home/runner/work/cashu-ts/cashu-ts/src/crypto/NUT12.ts">
        <metrics statements="30" coveredstatements="30" conditionals="2" coveredconditionals="1" methods="3" coveredmethods="3"/>
        <line num="9" count="55" type="stmt"/>
        <line num="15" count="6" type="stmt"/>
        <line num="16" count="6" type="stmt"/>
        <line num="17" count="6" type="stmt"/>
        <line num="18" count="6" type="stmt"/>
        <line num="19" count="6" type="stmt"/>
        <line num="20" count="6" type="stmt"/>
        <line num="21" count="6" type="stmt"/>
        <line num="22" count="6" type="stmt"/>
        <line num="23" count="27" type="stmt"/>
        <line num="24" count="6" type="stmt"/>
        <line num="27" count="55" type="stmt"/>
        <line num="33" count="4" type="cond" truecount="1" falsecount="1"/>
        <line num="34" count="26" type="stmt"/>
        <line num="35" count="4" type="stmt"/>
        <line num="36" count="4" type="stmt"/>
        <line num="37" count="4" type="stmt"/>
        <line num="38" count="4" type="stmt"/>
        <line num="46" count="55" type="stmt"/>
        <line num="47" count="6" type="stmt"/>
        <line num="48" count="6" type="stmt"/>
        <line num="49" count="6" type="stmt"/>
        <line num="50" count="6" type="stmt"/>
        <line num="51" count="6" type="stmt"/>
        <line num="52" count="6" type="stmt"/>
        <line num="53" count="27" type="stmt"/>
        <line num="54" count="6" type="stmt"/>
        <line num="56" count="6" type="stmt"/>
        <line num="57" count="27" type="stmt"/>
        <line num="58" count="6" type="stmt"/>
      </file>
      <file name="NUT13.ts" path="/home/runner/work/cashu-ts/cashu-ts/src/crypto/NUT13.ts">
        <metrics statements="45" coveredstatements="40" conditionals="36" coveredconditionals="29" methods="5" coveredmethods="5"/>
        <line num="10" count="55" type="stmt"/>
        <line num="12" count="55" type="stmt"/>
        <line num="14" count="55" type="cond" truecount="2" falsecount="0"/>
        <line num="15" count="55" type="stmt"/>
        <line num="16" count="55" type="stmt"/>
        <line num="19" count="55" type="stmt"/>
        <line num="20" count="81" type="stmt"/>
        <line num="21" count="81" type="cond" truecount="4" falsecount="0"/>
        <line num="22" count="2" type="stmt"/>
        <line num="25" count="79" type="cond" truecount="4" falsecount="0"/>
        <line num="26" count="64" type="stmt"/>
        <line num="27" count="15" type="cond" truecount="3" falsecount="1"/>
        <line num="28" count="15" type="stmt"/>
        <line num="30" count="0" type="stmt"/>
        <line num="33" count="55" type="stmt"/>
        <line num="38" count="57" type="stmt"/>
        <line num="39" count="57" type="cond" truecount="2" falsecount="2"/>
        <line num="40" count="0" type="stmt"/>
        <line num="43" count="57" type="cond" truecount="4" falsecount="0"/>
        <line num="44" count="52" type="stmt"/>
        <line num="45" count="5" type="cond" truecount="3" falsecount="1"/>
        <line num="46" count="5" type="stmt"/>
        <line num="48" count="0" type="stmt"/>
        <line num="51" count="55" type="stmt"/>
        <line num="57" count="20" type="stmt"/>
        <line num="63" count="20" type="cond" truecount="2" falsecount="0"/>
        <line num="65" count="15" type="stmt"/>
        <line num="66" count="15" type="stmt"/>
        <line num="68" count="5" type="stmt"/>
        <line num="71" count="37" type="stmt"/>
        <line num="73" count="20" type="cond" truecount="2" falsecount="0"/>
        <line num="74" count="5" type="stmt"/>
        <line num="77" count="5" type="cond" truecount="1" falsecount="1"/>
        <line num="78" count="5" type="cond" truecount="1" falsecount="1"/>
        <line num="79" count="0" type="stmt"/>
        <line num="81" count="5" type="stmt"/>
        <line num="84" count="15" type="stmt"/>
        <line num="87" count="55" type="stmt"/>
        <line num="93" count="118" type="stmt"/>
        <line num="94" count="135" type="stmt"/>
        <line num="95" count="118" type="stmt"/>
        <line num="96" count="118" type="stmt"/>
        <line num="97" count="118" type="cond" truecount="1" falsecount="1"/>
        <line num="98" count="0" type="stmt"/>
        <line num="100" count="118" type="stmt"/>
      </file>
      <file name="NUT14.ts" path="/home/runner/work/cashu-ts/cashu-ts/src/crypto/NUT14.ts">
        <metrics statements="36" coveredstatements="35" conditionals="28" coveredconditionals="27" methods="7" coveredmethods="7"/>
        <line num="30" count="2" type="stmt"/>
        <line num="41" count="16" type="stmt"/>
        <line num="56" count="18" type="stmt"/>
        <line num="57" count="18" type="cond" truecount="3" falsecount="1"/>
        <line num="58" count="0" type="stmt"/>
        <line num="61" count="18" type="cond" truecount="4" falsecount="0"/>
        <line num="62" count="18" type="stmt"/>
        <line num="63" count="18" type="stmt"/>
        <line num="74" count="10" type="stmt"/>
        <line num="75" count="10" type="stmt"/>
        <line num="105" count="18" type="cond" truecount="2" falsecount="0"/>
        <line num="109" count="18" type="stmt"/>
        <line num="110" count="18" type="stmt"/>
        <line num="111" count="18" type="cond" truecount="4" falsecount="0"/>
        <line num="112" count="10" type="stmt"/>
        <line num="116" count="8" type="stmt"/>
        <line num="117" count="8" type="cond" truecount="2" falsecount="0"/>
        <line num="118" count="2" type="stmt"/>
        <line num="119" count="2" type="stmt"/>
        <line num="120" count="2" type="stmt"/>
        <line num="124" count="6" type="stmt"/>
        <line num="125" count="6" type="cond" truecount="2" falsecount="0"/>
        <line num="126" count="4" type="stmt"/>
        <line num="127" count="4" type="stmt"/>
        <line num="128" count="4" type="stmt"/>
        <line num="132" count="2" type="stmt"/>
        <line num="133" count="2" type="stmt"/>
        <line num="134" count="2" type="stmt"/>
        <line num="151" count="18" type="stmt"/>
        <line num="161" count="20" type="cond" truecount="2" falsecount="0"/>
        <line num="163" count="18" type="stmt"/>
        <line num="164" count="18" type="cond" truecount="2" falsecount="0"/>
        <line num="166" count="2" type="stmt"/>
        <line num="167" count="2" type="stmt"/>
        <line num="170" count="16" type="stmt"/>
        <line num="171" count="16" type="cond" truecount="4" falsecount="0"/>
      </file>
      <file name="NUT20.ts" path="/home/runner/work/cashu-ts/cashu-ts/src/crypto/NUT20.ts">
        <metrics statements="15" coveredstatements="15" conditionals="2" coveredconditionals="1" methods="3" coveredmethods="3"/>
        <line num="8" count="12" type="stmt"/>
        <line num="9" count="12" type="stmt"/>
        <line num="10" count="52" type="stmt"/>
        <line num="12" count="12" type="stmt"/>
        <line num="13" count="12" type="stmt"/>
        <line num="21" count="6" type="stmt"/>
        <line num="22" count="6" type="stmt"/>
        <line num="23" count="6" type="stmt"/>
        <line num="24" count="6" type="stmt"/>
        <line num="33" count="6" type="stmt"/>
        <line num="34" count="6" type="stmt"/>
        <line num="35" count="6" type="cond" truecount="1" falsecount="1"/>
        <line num="36" count="6" type="stmt"/>
        <line num="37" count="6" type="stmt"/>
        <line num="38" count="6" type="stmt"/>
      </file>
      <file name="NUT28.ts" path="/home/runner/work/cashu-ts/cashu-ts/src/crypto/NUT28.ts">
        <metrics statements="59" coveredstatements="56" conditionals="54" coveredconditionals="42" methods="6" coveredmethods="6"/>
        <line num="13" count="55" type="stmt"/>
        <line num="32" count="10" type="cond" truecount="1" falsecount="1"/>
        <line num="34" count="10" type="cond" truecount="2" falsecount="0"/>
        <line num="35" count="10" type="stmt"/>
        <line num="36" count="10" type="stmt"/>
        <line num="38" count="10" type="stmt"/>
        <line num="39" count="32" type="stmt"/>
        <line num="40" count="32" type="stmt"/>
        <line num="41" count="32" type="stmt"/>
        <line num="42" count="32" type="cond" truecount="1" falsecount="1"/>
        <line num="43" count="32" type="stmt"/>
        <line num="45" count="10" type="stmt"/>
        <line num="69" count="10" type="cond" truecount="2" falsecount="0"/>
        <line num="70" count="10" type="cond" truecount="1" falsecount="1"/>
        <line num="71" count="10" type="stmt"/>
        <line num="72" count="10" type="stmt"/>
        <line num="73" count="10" type="stmt"/>
        <line num="74" count="12" type="stmt"/>
        <line num="75" count="12" type="stmt"/>
        <line num="76" count="12" type="stmt"/>
        <line num="77" count="38" type="stmt"/>
        <line num="78" count="38" type="stmt"/>
        <line num="79" count="38" type="stmt"/>
        <line num="80" count="38" type="cond" truecount="2" falsecount="0"/>
        <line num="83" count="10" type="stmt"/>
        <line num="110" count="66" type="stmt"/>
        <line num="111" count="66" type="cond" truecount="4" falsecount="0"/>
        <line num="112" count="66" type="cond" truecount="4" falsecount="0"/>
        <line num="113" count="66" type="cond" truecount="4" falsecount="0"/>
        <line num="114" count="62" type="cond" truecount="4" falsecount="0"/>
        <line num="116" count="58" type="cond" truecount="2" falsecount="0"/>
        <line num="117" count="66" type="cond" truecount="1" falsecount="1"/>
        <line num="119" count="58" type="stmt"/>
        <line num="120" count="58" type="stmt"/>
        <line num="122" count="58" type="cond" truecount="2" falsecount="0"/>
        <line num="123" count="6" type="cond" truecount="2" falsecount="0"/>
        <line num="124" count="4" type="stmt"/>
        <line num="126" count="52" type="cond" truecount="1" falsecount="1"/>
        <line num="128" count="52" type="stmt"/>
        <line num="129" count="52" type="stmt"/>
        <line num="130" count="52" type="stmt"/>
        <line num="131" count="52" type="cond" truecount="1" falsecount="1"/>
        <line num="133" count="52" type="stmt"/>
        <line num="134" count="52" type="stmt"/>
        <line num="135" count="52" type="cond" truecount="2" falsecount="0"/>
        <line num="136" count="8" type="stmt"/>
        <line num="139" count="44" type="stmt"/>
        <line num="140" count="44" type="stmt"/>
        <line num="141" count="44" type="cond" truecount="2" falsecount="0"/>
        <line num="142" count="66" type="cond" truecount="1" falsecount="1"/>
        <line num="143" count="44" type="stmt"/>
        <line num="175" count="70" type="stmt"/>
        <line num="176" count="70" type="stmt"/>
        <line num="180" count="70" type="stmt"/>
        <line num="181" count="70" type="cond" truecount="3" falsecount="1"/>
        <line num="183" count="0" type="stmt"/>
        <line num="184" count="0" type="cond" truecount="0" falsecount="4"/>
        <line num="185" count="0" type="stmt"/>
        <line num="188" count="70" type="stmt"/>
      </file>
      <file name="core.ts" path="/home/runner/work/cashu-ts/cashu-ts/src/crypto/core.ts">
        <metrics statements="72" coveredstatements="66" conditionals="27" coveredconditionals="25" methods="23" coveredmethods="21"/>
        <line num="55" count="55" type="stmt"/>
        <line num="58" count="367" type="stmt"/>
        <line num="59" count="367" type="stmt"/>
        <line num="60" count="367" type="stmt"/>
        <line num="61" count="367" type="stmt"/>
        <line num="62" count="689" type="stmt"/>
        <line num="63" count="689" type="stmt"/>
        <line num="64" count="689" type="stmt"/>
        <line num="65" count="689" type="stmt"/>
        <line num="67" count="322" type="stmt"/>
        <line num="70" count="0" type="stmt"/>
        <line num="74" count="60" type="stmt"/>
        <line num="75" count="16" type="stmt"/>
        <line num="76" count="16" type="stmt"/>
        <line num="80" count="8" type="stmt"/>
        <line num="84" count="901" type="stmt"/>
        <line num="87" count="55" type="stmt"/>
        <line num="89" count="124" type="cond" truecount="2" falsecount="0"/>
        <line num="90" count="118" type="stmt"/>
        <line num="93" count="6" type="stmt"/>
        <line num="95" count="124" type="stmt"/>
        <line num="99" count="402" type="stmt"/>
        <line num="108" count="14" type="stmt"/>
        <line num="109" count="14" type="stmt"/>
        <line num="110" count="14" type="stmt"/>
        <line num="117" count="0" type="stmt"/>
        <line num="118" count="0" type="stmt"/>
        <line num="130" count="6" type="stmt"/>
        <line num="131" count="6" type="stmt"/>
        <line num="132" count="6" type="stmt"/>
        <line num="143" count="327" type="stmt"/>
        <line num="144" count="327" type="cond" truecount="2" falsecount="0"/>
        <line num="145" count="264" type="stmt"/>
        <line num="146" count="63" type="cond" truecount="2" falsecount="0"/>
        <line num="147" count="2" type="stmt"/>
        <line num="149" count="325" type="stmt"/>
        <line num="150" count="325" type="stmt"/>
        <line num="151" count="325" type="stmt"/>
        <line num="159" count="85" type="stmt"/>
        <line num="160" count="85" type="stmt"/>
        <line num="169" count="83" type="stmt"/>
        <line num="170" count="83" type="stmt"/>
        <line num="171" count="83" type="stmt"/>
        <line num="177" count="83" type="stmt"/>
        <line num="180" count="55" type="stmt"/>
        <line num="181" count="79" type="stmt"/>
        <line num="190" count="55" type="stmt"/>
        <line num="191" count="4" type="stmt"/>
        <line num="215" count="438" type="stmt"/>
        <line num="216" count="438" type="cond" truecount="4" falsecount="0"/>
        <line num="229" count="55" type="stmt"/>
        <line num="230" count="112" type="cond" truecount="4" falsecount="0"/>
        <line num="231" count="112" type="cond" truecount="4" falsecount="0"/>
        <line num="232" count="112" type="stmt"/>
        <line num="233" count="112" type="stmt"/>
        <line num="246" count="55" type="stmt"/>
        <line num="247" count="52" type="stmt"/>
        <line num="248" count="52" type="stmt"/>
        <line num="264" count="55" type="stmt"/>
        <line num="270" count="198" type="stmt"/>
        <line num="271" count="198" type="stmt"/>
        <line num="273" count="198" type="cond" truecount="2" falsecount="0"/>
        <line num="274" count="198" type="stmt"/>
        <line num="276" count="8" type="cond" truecount="1" falsecount="1"/>
        <line num="277" count="0" type="stmt"/>
        <line num="280" count="8" type="stmt"/>
        <line num="298" count="92" type="stmt"/>
        <line num="299" count="92" type="stmt"/>
        <line num="300" count="156" type="stmt"/>
        <line num="314" count="55" type="stmt"/>
        <line num="320" count="0" type="stmt"/>
        <line num="321" count="0" type="stmt"/>
      </file>
      <file name="index.ts" path="/home/runner/work/cashu-ts/cashu-ts/src/crypto/index.ts">
        <metrics statements="0" coveredstatements="0" conditionals="0" coveredconditionals="0" methods="0" coveredmethods="0"/>
      </file>
    </package>
    <package name="src.legacy">
      <metrics statements="17" coveredstatements="13" conditionals="22" coveredconditionals="14" methods="4" coveredmethods="4"/>
      <file name="nut-04.ts" path="/home/runner/work/cashu-ts/cashu-ts/src/legacy/nut-04.ts">
        <metrics statements="5" coveredstatements="2" conditionals="6" coveredconditionals="1" methods="1" coveredmethods="1"/>
        <line num="13" count="2" type="cond" truecount="1" falsecount="1"/>
        <line num="14" count="0" type="stmt"/>
        <line num="17" count="0" type="cond" truecount="0" falsecount="2"/>
        <line num="18" count="0" type="cond" truecount="0" falsecount="2"/>
        <line num="21" count="2" type="stmt"/>
      </file>
      <file name="nut-05.ts" path="/home/runner/work/cashu-ts/cashu-ts/src/legacy/nut-05.ts">
        <metrics statements="5" coveredstatements="4" conditionals="6" coveredconditionals="3" methods="1" coveredmethods="1"/>
        <line num="13" count="16" type="cond" truecount="2" falsecount="0"/>
        <line num="14" count="1" type="stmt"/>
        <line num="17" count="1" type="cond" truecount="1" falsecount="1"/>
        <line num="18" count="0" type="cond" truecount="0" falsecount="2"/>
        <line num="21" count="16" type="stmt"/>
      </file>
      <file name="nut-06.ts" path="/home/runner/work/cashu-ts/cashu-ts/src/legacy/nut-06.ts">
        <metrics statements="7" coveredstatements="7" conditionals="10" coveredconditionals="10" methods="2" coveredmethods="2"/>
        <line num="7" count="111" type="cond" truecount="4" falsecount="0"/>
        <line num="8" count="97" type="stmt"/>
        <line num="9" count="291" type="cond" truecount="2" falsecount="0"/>
        <line num="15" count="3" type="stmt"/>
        <line num="18" count="3" type="stmt"/>
        <line num="20" count="288" type="stmt"/>
        <line num="23" count="111" type="stmt"/>
      </file>
    </package>
    <package name="src.logger">
      <metrics statements="45" coveredstatements="41" conditionals="39" coveredconditionals="31" methods="25" coveredmethods="22"/>
      <file name="ConsoleLogger.ts" path="/home/runner/work/cashu-ts/cashu-ts/src/logger/ConsoleLogger.ts">
        <metrics statements="31" coveredstatements="30" conditionals="17" coveredconditionals="16" methods="14" coveredmethods="14"/>
        <line num="3" count="61" type="stmt"/>
        <line num="26" count="13" type="stmt"/>
        <line num="30" count="67" type="stmt"/>
        <line num="33" count="63" type="cond" truecount="5" falsecount="1"/>
        <line num="35" count="8" type="stmt"/>
        <line num="37" count="4" type="stmt"/>
        <line num="39" count="8" type="stmt"/>
        <line num="41" count="41" type="stmt"/>
        <line num="43" count="2" type="stmt"/>
        <line num="45" count="0" type="stmt"/>
        <line num="49" count="63" type="stmt"/>
        <line num="52" count="63" type="cond" truecount="2" falsecount="0"/>
        <line num="53" count="47" type="stmt"/>
        <line num="54" count="47" type="stmt"/>
        <line num="55" count="84" type="cond" truecount="2" falsecount="0"/>
        <line num="57" count="47" type="stmt"/>
        <line num="60" count="67" type="cond" truecount="2" falsecount="0"/>
        <line num="61" count="63" type="stmt"/>
        <line num="62" count="63" type="stmt"/>
        <line num="63" count="63" type="stmt"/>
        <line num="64" count="63" type="cond" truecount="4" falsecount="0"/>
        <line num="65" count="16" type="stmt"/>
        <line num="69" count="8" type="stmt"/>
        <line num="72" count="4" type="stmt"/>
        <line num="75" count="8" type="stmt"/>
        <line num="78" count="41" type="stmt"/>
        <line num="81" count="2" type="stmt"/>
        <line num="85" count="4" type="stmt"/>
        <line num="97" count="30" type="stmt"/>
        <line num="98" count="30" type="stmt"/>
        <line num="100" count="1044" type="stmt"/>
      </file>
      <file name="NullLogger.ts" path="/home/runner/work/cashu-ts/cashu-ts/src/logger/NullLogger.ts">
        <metrics statements="1" coveredstatements="1" conditionals="0" coveredconditionals="0" methods="6" coveredmethods="4"/>
        <line num="5" count="61" type="stmt"/>
      </file>
      <file name="helpers.ts" path="/home/runner/work/cashu-ts/cashu-ts/src/logger/helpers.ts">
        <metrics statements="13" coveredstatements="10" conditionals="22" coveredconditionals="15" methods="5" coveredmethods="4"/>
        <line num="17" count="57" type="stmt"/>
        <line num="18" count="57" type="stmt"/>
        <line num="36" count="770" type="cond" truecount="2" falsecount="0"/>
        <line num="55" count="194" type="cond" truecount="2" falsecount="0"/>
        <line num="87" count="66" type="cond" truecount="2" falsecount="0"/>
        <line num="89" count="36" type="stmt"/>
        <line num="90" count="36" type="stmt"/>
        <line num="91" count="36" type="cond" truecount="2" falsecount="2"/>
        <line num="92" count="0" type="stmt"/>
        <line num="93" count="0" type="stmt"/>
        <line num="94" count="0" type="stmt"/>
        <line num="105" count="14" type="stmt"/>
        <line num="106" count="14" type="stmt"/>
      </file>
      <file name="index.ts" path="/home/runner/work/cashu-ts/cashu-ts/src/logger/index.ts">
        <metrics statements="0" coveredstatements="0" conditionals="0" coveredconditionals="0" methods="0" coveredmethods="0"/>
      </file>
    </package>
    <package name="src.mint">
      <metrics statements="154" coveredstatements="126" conditionals="122" coveredconditionals="99" methods="45" coveredmethods="43"/>
      <file name="Mint.ts" path="/home/runner/work/cashu-ts/cashu-ts/src/mint/Mint.ts">
        <metrics statements="154" coveredstatements="126" conditionals="122" coveredconditionals="99" methods="45" coveredmethods="43"/>
        <line num="115" count="77" type="stmt"/>
        <line num="116" count="77" type="cond" truecount="2" falsecount="0"/>
        <line num="117" count="77" type="stmt"/>
        <line num="118" count="77" type="cond" truecount="2" falsecount="0"/>
        <line num="119" count="77" type="stmt"/>
        <line num="123" count="175" type="stmt"/>
        <line num="140" count="4" type="stmt"/>
        <line num="141" count="4" type="cond" truecount="1" falsecount="1"/>
        <line num="142" count="0" type="stmt"/>
        <line num="144" count="4" type="stmt"/>
        <line num="157" count="111" type="cond" truecount="2" falsecount="0"/>
        <line num="158" count="111" type="stmt"/>
        <line num="162" count="111" type="stmt"/>
        <line num="164" count="111" type="stmt"/>
        <line num="173" count="12" type="cond" truecount="2" falsecount="0"/>
        <line num="174" count="5" type="stmt"/>
        <line num="176" count="7" type="stmt"/>
        <line num="177" count="7" type="stmt"/>
        <line num="178" count="7" type="stmt"/>
        <line num="185" count="127" type="cond" truecount="1" falsecount="1"/>
        <line num="196" count="26" type="stmt"/>
        <line num="203" count="24" type="cond" truecount="4" falsecount="0"/>
        <line num="204" count="1" type="stmt"/>
        <line num="205" count="1" type="stmt"/>
        <line num="207" count="23" type="stmt"/>
        <line num="209" count="23" type="stmt"/>
        <line num="223" count="2" type="stmt"/>
        <line num="226" count="2" type="stmt"/>
        <line num="230" count="2" type="stmt"/>
        <line num="245" count="10" type="stmt"/>
        <line num="251" count="10" type="stmt"/>
        <line num="265" count="0" type="stmt"/>
        <line num="269" count="0" type="stmt"/>
        <line num="270" count="0" type="stmt"/>
        <line num="284" count="4" type="stmt"/>
        <line num="290" count="4" type="stmt"/>
        <line num="303" count="0" type="stmt"/>
        <line num="316" count="4" type="stmt"/>
        <line num="334" count="11" type="stmt"/>
        <line num="335" count="11" type="stmt"/>
        <line num="342" count="11" type="cond" truecount="4" falsecount="0"/>
        <line num="343" count="1" type="stmt"/>
        <line num="344" count="1" type="stmt"/>
        <line num="346" count="10" type="stmt"/>
        <line num="347" count="10" type="stmt"/>
        <line num="361" count="2" type="stmt"/>
        <line num="365" count="1" type="stmt"/>
        <line num="370" count="1" type="cond" truecount="1" falsecount="1"/>
        <line num="376" count="0" type="stmt"/>
        <line num="377" count="0" type="stmt"/>
        <line num="379" count="1" type="stmt"/>
        <line num="394" count="8" type="stmt"/>
        <line num="400" count="8" type="stmt"/>
        <line num="414" count="7" type="stmt"/>
        <line num="418" count="3" type="stmt"/>
        <line num="423" count="3" type="cond" truecount="1" falsecount="1"/>
        <line num="431" count="0" type="stmt"/>
        <line num="432" count="0" type="stmt"/>
        <line num="435" count="3" type="stmt"/>
        <line num="450" count="2" type="stmt"/>
        <line num="456" count="2" type="stmt"/>
        <line num="491" count="21" type="stmt"/>
        <line num="496" count="21" type="stmt"/>
        <line num="497" count="21" type="stmt"/>
        <line num="506" count="21" type="cond" truecount="1" falsecount="1"/>
        <line num="514" count="0" type="stmt"/>
        <line num="515" count="0" type="stmt"/>
        <line num="518" count="21" type="stmt"/>
        <line num="541" count="12" type="stmt"/>
        <line num="543" count="12" type="stmt"/>
        <line num="548" count="12" type="cond" truecount="2" falsecount="0"/>
        <line num="553" count="1" type="stmt"/>
        <line num="554" count="1" type="stmt"/>
        <line num="557" count="11" type="stmt"/>
        <line num="580" count="2" type="stmt"/>
        <line num="594" count="3" type="stmt"/>
        <line num="601" count="3" type="cond" truecount="3" falsecount="1"/>
        <line num="602" count="0" type="stmt"/>
        <line num="603" count="0" type="stmt"/>
        <line num="606" count="3" type="stmt"/>
        <line num="623" count="121" type="cond" truecount="2" falsecount="0"/>
        <line num="625" count="121" type="cond" truecount="1" falsecount="1"/>
        <line num="627" count="0" type="stmt"/>
        <line num="629" count="121" type="cond" truecount="2" falsecount="0"/>
        <line num="630" count="121" type="stmt"/>
        <line num="636" count="121" type="cond" truecount="3" falsecount="1"/>
        <line num="637" count="0" type="stmt"/>
        <line num="638" count="0" type="stmt"/>
        <line num="641" count="121" type="stmt"/>
        <line num="643" count="170" type="stmt"/>
        <line num="654" count="121" type="cond" truecount="2" falsecount="0"/>
        <line num="655" count="121" type="stmt"/>
        <line num="658" count="121" type="cond" truecount="3" falsecount="1"/>
        <line num="659" count="0" type="stmt"/>
        <line num="660" count="0" type="stmt"/>
        <line num="662" count="121" type="stmt"/>
        <line num="664" count="166" type="stmt"/>
        <line num="679" count="1" type="cond" truecount="2" falsecount="0"/>
        <line num="680" count="1" type="stmt"/>
        <line num="686" count="1" type="cond" truecount="4" falsecount="1"/>
        <line num="687" count="0" type="stmt"/>
        <line num="688" count="0" type="stmt"/>
        <line num="691" count="1" type="stmt"/>
        <line num="692" count="1" type="stmt"/>
        <line num="693" count="1" type="stmt"/>
        <line num="700" count="2" type="stmt"/>
        <line num="701" count="2" type="stmt"/>
        <line num="702" count="2" type="stmt"/>
        <line num="704" count="2" type="cond" truecount="1" falsecount="1"/>
        <line num="705" count="0" type="stmt"/>
        <line num="708" count="2" type="cond" truecount="1" falsecount="1"/>
        <line num="709" count="2" type="stmt"/>
        <line num="711" count="2" type="cond" truecount="2" falsecount="0"/>
        <line num="712" count="1" type="stmt"/>
        <line num="715" count="2" type="stmt"/>
        <line num="717" count="0" type="stmt"/>
        <line num="718" count="0" type="stmt"/>
        <line num="719" count="0" type="stmt"/>
        <line num="723" count="0" type="stmt"/>
        <line num="724" count="0" type="stmt"/>
        <line num="732" count="1" type="cond" truecount="1" falsecount="1"/>
        <line num="733" count="1" type="stmt"/>
        <line num="738" count="2" type="stmt"/>
        <line num="754" count="96" type="cond" truecount="2" falsecount="0"/>
        <line num="755" count="3" type="cond" truecount="1" falsecount="1"/>
        <line num="756" count="2" type="cond" truecount="1" falsecount="1"/>
        <line num="757" count="1" type="cond" truecount="1" falsecount="1"/>
        <line num="758" count="1" type="stmt"/>
        <line num="760" count="0" type="stmt"/>
        <line num="776" count="96" type="cond" truecount="2" falsecount="0"/>
        <line num="777" count="3" type="cond" truecount="1" falsecount="1"/>
        <line num="778" count="1" type="cond" truecount="1" falsecount="1"/>
        <line num="779" count="2" type="stmt"/>
        <line num="780" count="2" type="stmt"/>
        <line num="792" count="96" type="cond" truecount="2" falsecount="0"/>
        <line num="793" count="96" type="stmt"/>
        <line num="794" count="96" type="cond" truecount="2" falsecount="0"/>
        <line num="795" count="3" type="stmt"/>
        <line num="798" count="96" type="stmt"/>
        <line num="799" count="96" type="stmt"/>
        <line num="800" count="96" type="stmt"/>
        <line num="805" count="96" type="stmt"/>
        <line num="806" count="96" type="stmt"/>
        <line num="817" count="32" type="cond" truecount="3" falsecount="1"/>
        <line num="818" count="32" type="stmt"/>
        <line num="820" count="0" type="stmt"/>
        <line num="825" count="215" type="stmt"/>
        <line num="831" count="61" type="stmt"/>
        <line num="832" count="103" type="stmt"/>
        <line num="842" count="3" type="stmt"/>
        <line num="851" count="2" type="stmt"/>
        <line num="866" count="14" type="stmt"/>
        <line num="882" count="47" type="stmt"/>
        <line num="893" count="26" type="stmt"/>
      </file>
      <file name="index.ts" path="/home/runner/work/cashu-ts/cashu-ts/src/mint/index.ts">
        <metrics statements="0" coveredstatements="0" conditionals="0" coveredconditionals="0" methods="0" coveredmethods="0"/>
      </file>
    </package>
    <package name="src.model">
      <metrics statements="420" coveredstatements="400" conditionals="326" coveredconditionals="274" methods="113" coveredmethods="107"/>
      <file name="Amount.ts" path="/home/runner/work/cashu-ts/cashu-ts/src/model/Amount.ts">
        <metrics statements="70" coveredstatements="70" conditionals="36" coveredconditionals="34" methods="26" coveredmethods="26"/>
        <line num="3" count="50" type="stmt"/>
        <line num="4" count="50" type="stmt"/>
        <line num="27" count="11341" type="stmt"/>
        <line num="28" count="11341" type="stmt"/>
        <line num="42" count="13657" type="cond" truecount="2" falsecount="0"/>
        <line num="44" count="8099" type="cond" truecount="2" falsecount="0"/>
        <line num="45" count="72" type="cond" truecount="2" falsecount="0"/>
        <line num="46" count="2" type="stmt"/>
        <line num="48" count="70" type="stmt"/>
        <line num="51" count="8027" type="cond" truecount="2" falsecount="0"/>
        <line num="53" count="6748" type="cond" truecount="4" falsecount="0"/>
        <line num="54" count="8" type="stmt"/>
        <line num="56" count="6740" type="cond" truecount="2" falsecount="0"/>
        <line num="57" count="2" type="stmt"/>
        <line num="59" count="6738" type="cond" truecount="2" falsecount="0"/>
        <line num="60" count="4" type="stmt"/>
        <line num="62" count="6734" type="stmt"/>
        <line num="65" count="1279" type="cond" truecount="2" falsecount="0"/>
        <line num="67" count="1267" type="cond" truecount="2" falsecount="0"/>
        <line num="68" count="4" type="stmt"/>
        <line num="72" count="1263" type="stmt"/>
        <line num="76" count="12" type="stmt"/>
        <line num="80" count="10" type="stmt"/>
        <line num="84" count="2" type="stmt"/>
        <line num="95" count="50" type="stmt"/>
        <line num="104" count="3315" type="cond" truecount="2" falsecount="0"/>
        <line num="105" count="12" type="stmt"/>
        <line num="109" count="3303" type="stmt"/>
        <line num="116" count="239" type="stmt"/>
        <line num="123" count="426" type="stmt"/>
        <line num="127" count="2" type="stmt"/>
        <line num="135" count="572" type="stmt"/>
        <line num="136" count="572" type="stmt"/>
        <line num="140" count="794" type="stmt"/>
        <line num="141" count="794" type="stmt"/>
        <line num="142" count="794" type="cond" truecount="2" falsecount="0"/>
        <line num="143" count="2" type="stmt"/>
        <line num="145" count="792" type="stmt"/>
        <line num="149" count="683" type="stmt"/>
        <line num="150" count="683" type="stmt"/>
        <line num="154" count="687" type="stmt"/>
        <line num="155" count="687" type="cond" truecount="2" falsecount="0"/>
        <line num="156" count="2" type="stmt"/>
        <line num="159" count="685" type="stmt"/>
        <line num="163" count="4" type="stmt"/>
        <line num="164" count="4" type="cond" truecount="2" falsecount="0"/>
        <line num="165" count="2" type="stmt"/>
        <line num="168" count="2" type="stmt"/>
        <line num="179" count="3321" type="stmt"/>
        <line num="180" count="3321" type="stmt"/>
        <line num="184" count="2008" type="stmt"/>
        <line num="188" count="3272" type="stmt"/>
        <line num="199" count="1960" type="stmt"/>
        <line num="200" count="1960" type="cond" truecount="2" falsecount="0"/>
        <line num="201" count="1193" type="cond" truecount="2" falsecount="0"/>
        <line num="202" count="142" type="stmt"/>
        <line num="206" count="18" type="stmt"/>
        <line num="210" count="4" type="stmt"/>
        <line num="214" count="665" type="stmt"/>
        <line num="218" count="4" type="stmt"/>
        <line num="226" count="2" type="stmt"/>
        <line num="227" count="2" type="stmt"/>
        <line num="228" count="2" type="cond" truecount="1" falsecount="1"/>
        <line num="232" count="2" type="stmt"/>
        <line num="233" count="2" type="stmt"/>
        <line num="234" count="2" type="cond" truecount="1" falsecount="1"/>
        <line num="238" count="528" type="stmt"/>
        <line num="239" count="528" type="stmt"/>
        <line num="240" count="851" type="stmt"/>
        <line num="242" count="528" type="stmt"/>
      </file>
      <file name="BlindedMessage.ts" path="/home/runner/work/cashu-ts/cashu-ts/src/model/BlindedMessage.ts">
        <metrics statements="5" coveredstatements="4" conditionals="0" coveredconditionals="0" methods="3" coveredmethods="2"/>
        <line num="15" count="307" type="stmt"/>
        <line num="16" count="307" type="stmt"/>
        <line num="17" count="307" type="stmt"/>
        <line num="21" count="0" type="stmt"/>
        <line num="25" count="307" type="stmt"/>
      </file>
      <file name="Errors.ts" path="/home/runner/work/cashu-ts/cashu-ts/src/model/Errors.ts">
        <metrics statements="11" coveredstatements="11" conditionals="2" coveredconditionals="1" methods="3" coveredmethods="3"/>
        <line num="7" count="10" type="stmt"/>
        <line num="8" count="10" type="stmt"/>
        <line num="9" count="10" type="stmt"/>
        <line num="10" count="10" type="stmt"/>
        <line num="19" count="68" type="stmt"/>
        <line num="20" count="68" type="stmt"/>
        <line num="21" count="68" type="stmt"/>
        <line num="33" count="1" type="cond" truecount="1" falsecount="1"/>
        <line num="34" count="1" type="stmt"/>
        <line num="35" count="1" type="stmt"/>
        <line num="36" count="1" type="stmt"/>
      </file>
      <file name="MintInfo.ts" path="/home/runner/work/cashu-ts/cashu-ts/src/model/MintInfo.ts">
        <metrics statements="90" coveredstatements="86" conditionals="98" coveredconditionals="79" methods="34" coveredmethods="31"/>
        <line num="31" count="267" type="stmt"/>
        <line num="33" count="267" type="stmt"/>
        <line num="34" count="267" type="stmt"/>
        <line num="36" count="267" type="stmt"/>
        <line num="37" count="267" type="stmt"/>
        <line num="43" count="267" type="stmt"/>
        <line num="64" count="460" type="stmt"/>
        <line num="66" count="1481" type="stmt"/>
        <line num="85" count="13" type="cond" truecount="1" falsecount="1"/>
        <line num="87" count="13" type="stmt"/>
        <line num="96" count="22" type="cond" truecount="1" falsecount="1"/>
        <line num="98" count="22" type="stmt"/>
        <line num="110" count="84" type="cond" truecount="10" falsecount="4"/>
        <line num="113" count="1" type="stmt"/>
        <line num="123" count="1" type="stmt"/>
        <line num="126" count="1" type="stmt"/>
        <line num="129" count="1" type="stmt"/>
        <line num="132" count="79" type="stmt"/>
        <line num="135" count="1" type="stmt"/>
        <line num="141" count="45" type="stmt"/>
        <line num="145" count="4" type="stmt"/>
        <line num="149" count="49" type="cond" truecount="2" falsecount="0"/>
        <line num="152" count="45" type="stmt"/>
        <line num="153" count="45" type="stmt"/>
        <line num="154" count="45" type="cond" truecount="3" falsecount="1"/>
        <line num="157" count="45" type="cond" truecount="2" falsecount="0"/>
        <line num="160" count="37" type="stmt"/>
        <line num="161" count="22" type="cond" truecount="2" falsecount="0"/>
        <line num="164" count="23" type="stmt"/>
        <line num="168" count="1" type="cond" truecount="1" falsecount="1"/>
        <line num="172" count="1" type="stmt"/>
        <line num="173" count="1" type="cond" truecount="4" falsecount="1"/>
        <line num="174" count="1" type="stmt"/>
        <line num="176" count="0" type="cond" truecount="0" falsecount="2"/>
        <line num="180" count="1" type="cond" truecount="3" falsecount="1"/>
        <line num="181" count="1" type="stmt"/>
        <line num="183" count="0" type="stmt"/>
        <line num="187" count="1" type="cond" truecount="3" falsecount="1"/>
        <line num="188" count="1" type="stmt"/>
        <line num="190" count="0" type="stmt"/>
        <line num="194" count="79" type="stmt"/>
        <line num="195" count="79" type="cond" truecount="5" falsecount="1"/>
        <line num="196" count="13" type="stmt"/>
        <line num="197" count="7" type="stmt"/>
        <line num="207" count="72" type="stmt"/>
        <line num="213" count="528" type="cond" truecount="2" falsecount="0"/>
        <line num="214" count="23" type="stmt"/>
        <line num="215" count="23" type="stmt"/>
        <line num="216" count="28" type="cond" truecount="3" falsecount="1"/>
        <line num="217" count="28" type="stmt"/>
        <line num="218" count="28" type="stmt"/>
        <line num="219" count="28" type="stmt"/>
        <line num="220" count="28" type="cond" truecount="3" falsecount="1"/>
        <line num="221" count="28" type="stmt"/>
        <line num="222" count="28" type="cond" truecount="3" falsecount="1"/>
        <line num="223" count="28" type="stmt"/>
        <line num="228" count="23" type="stmt"/>
        <line num="232" count="528" type="cond" truecount="2" falsecount="0"/>
        <line num="234" count="22" type="stmt"/>
        <line num="235" count="22" type="stmt"/>
        <line num="237" count="22" type="stmt"/>
        <line num="238" count="28" type="stmt"/>
        <line num="243" count="28" type="cond" truecount="2" falsecount="0"/>
        <line num="244" count="28" type="cond" truecount="2" falsecount="0"/>
        <line num="247" count="28" type="cond" truecount="2" falsecount="0"/>
        <line num="248" count="4" type="stmt"/>
        <line num="249" count="4" type="stmt"/>
        <line num="253" count="24" type="cond" truecount="2" falsecount="0"/>
        <line num="254" count="2" type="stmt"/>
        <line num="255" count="2" type="stmt"/>
        <line num="259" count="22" type="stmt"/>
        <line num="263" count="22" type="stmt"/>
        <line num="264" count="22" type="stmt"/>
        <line num="266" count="22" type="stmt"/>
        <line num="272" count="112" type="stmt"/>
        <line num="275" count="7" type="stmt"/>
        <line num="278" count="1" type="stmt"/>
        <line num="281" count="1" type="stmt"/>
        <line num="284" count="6" type="stmt"/>
        <line num="287" count="4" type="stmt"/>
        <line num="290" count="18" type="stmt"/>
        <line num="293" count="1" type="stmt"/>
        <line num="296" count="1" type="stmt"/>
        <line num="303" count="0" type="stmt"/>
        <line num="314" count="8" type="stmt"/>
        <line num="316" count="20" type="cond" truecount="4" falsecount="0"/>
        <line num="323" count="4" type="cond" truecount="1" falsecount="1"/>
        <line num="325" count="4" type="cond" truecount="1" falsecount="1"/>
        <line num="327" count="4" type="stmt"/>
        <line num="328" count="5" type="cond" truecount="3" falsecount="0"/>
      </file>
      <file name="OutputData.ts" path="/home/runner/work/cashu-ts/cashu-ts/src/model/OutputData.ts">
        <metrics statements="99" coveredstatements="89" conditionals="70" coveredconditionals="58" methods="21" coveredmethods="20"/>
        <line num="66" count="28" type="stmt"/>
        <line num="82" count="136" type="cond" truecount="4" falsecount="0"/>
        <line num="83" count="134" type="cond" truecount="2" falsecount="0"/>
        <line num="84" count="14" type="stmt"/>
        <line num="95" count="28" type="stmt"/>
        <line num="100" count="0" type="stmt"/>
        <line num="105" count="28" type="stmt"/>
        <line num="107" count="4" type="cond" truecount="1" falsecount="1"/>
        <line num="110" count="73" type="stmt"/>
        <line num="111" count="73" type="cond" truecount="1" falsecount="1"/>
        <line num="112" count="0" type="stmt"/>
        <line num="113" count="0" type="stmt"/>
        <line num="126" count="309" type="stmt"/>
        <line num="127" count="309" type="stmt"/>
        <line num="128" count="309" type="stmt"/>
        <line num="133" count="73" type="cond" truecount="1" falsecount="1"/>
        <line num="134" count="0" type="stmt"/>
        <line num="140" count="73" type="stmt"/>
        <line num="143" count="73" type="cond" truecount="1" falsecount="1"/>
        <line num="144" count="0" type="stmt"/>
        <line num="145" count="0" type="stmt"/>
        <line num="146" count="0" type="cond" truecount="0" falsecount="2"/>
        <line num="147" count="0" type="stmt"/>
        <line num="151" count="73" type="stmt"/>
        <line num="157" count="73" type="stmt"/>
        <line num="158" count="73" type="stmt"/>
        <line num="170" count="73" type="stmt"/>
        <line num="171" count="73" type="cond" truecount="1" falsecount="1"/>
        <line num="173" count="73" type="stmt"/>
        <line num="182" count="135" type="stmt"/>
        <line num="183" count="135" type="stmt"/>
        <line num="187" count="193" type="stmt"/>
        <line num="189" count="193" type="cond" truecount="2" falsecount="0"/>
        <line num="190" count="193" type="cond" truecount="2" falsecount="0"/>
        <line num="191" count="193" type="cond" truecount="2" falsecount="0"/>
        <line num="192" count="193" type="stmt"/>
        <line num="197" count="193" type="cond" truecount="1" falsecount="1"/>
        <line num="198" count="0" type="stmt"/>
        <line num="202" count="193" type="cond" truecount="2" falsecount="0"/>
        <line num="203" count="193" type="cond" truecount="2" falsecount="0"/>
        <line num="204" count="193" type="cond" truecount="2" falsecount="0"/>
        <line num="205" count="193" type="stmt"/>
        <line num="209" count="193" type="cond" truecount="2" falsecount="0"/>
        <line num="210" count="4" type="stmt"/>
        <line num="211" count="31" type="stmt"/>
        <line num="212" count="4" type="cond" truecount="1" falsecount="1"/>
        <line num="214" count="0" type="stmt"/>
        <line num="217" count="4" type="stmt"/>
        <line num="218" count="4" type="stmt"/>
        <line num="220" count="4" type="stmt"/>
        <line num="221" count="4" type="stmt"/>
        <line num="225" count="193" type="stmt"/>
        <line num="227" count="193" type="cond" truecount="2" falsecount="0"/>
        <line num="228" count="193" type="cond" truecount="4" falsecount="0"/>
        <line num="229" count="99" type="stmt"/>
        <line num="232" count="193" type="cond" truecount="2" falsecount="0"/>
        <line num="233" count="64" type="stmt"/>
        <line num="234" count="64" type="cond" truecount="2" falsecount="0"/>
        <line num="235" count="43" type="stmt"/>
        <line num="239" count="193" type="cond" truecount="2" falsecount="0"/>
        <line num="240" count="95" type="stmt"/>
        <line num="241" count="95" type="cond" truecount="2" falsecount="0"/>
        <line num="242" count="26" type="stmt"/>
        <line num="246" count="193" type="cond" truecount="2" falsecount="0"/>
        <line num="247" count="8" type="stmt"/>
        <line num="251" count="193" type="cond" truecount="2" falsecount="0"/>
        <line num="252" count="18" type="stmt"/>
        <line num="253" count="60" type="stmt"/>
        <line num="254" count="60" type="stmt"/>
        <line num="256" count="18" type="stmt"/>
        <line num="260" count="193" type="cond" truecount="2" falsecount="0"/>
        <line num="261" count="193" type="stmt"/>
        <line num="271" count="193" type="stmt"/>
        <line num="275" count="193" type="stmt"/>
        <line num="276" count="193" type="cond" truecount="2" falsecount="0"/>
        <line num="277" count="2" type="stmt"/>
        <line num="280" count="191" type="stmt"/>
        <line num="281" count="191" type="stmt"/>
        <line num="284" count="191" type="stmt"/>
        <line num="291" count="191" type="cond" truecount="4" falsecount="0"/>
        <line num="293" count="191" type="stmt"/>
        <line num="301" count="61" type="stmt"/>
        <line num="302" count="61" type="stmt"/>
        <line num="306" count="61" type="stmt"/>
        <line num="307" count="61" type="stmt"/>
        <line num="308" count="61" type="stmt"/>
        <line num="309" count="61" type="stmt"/>
        <line num="310" count="61" type="stmt"/>
        <line num="324" count="49" type="stmt"/>
        <line num="325" count="24" type="stmt"/>
        <line num="326" count="49" type="stmt"/>
        <line num="340" count="55" type="stmt"/>
        <line num="341" count="55" type="stmt"/>
        <line num="342" count="55" type="stmt"/>
        <line num="343" count="55" type="stmt"/>
        <line num="346" count="55" type="stmt"/>
        <line num="347" count="55" type="stmt"/>
        <line num="348" count="55" type="stmt"/>
        <line num="363" count="9" type="stmt"/>
      </file>
[...]
        <line num="90" count="4" type="stmt"/>
        <line num="91" count="4" type="stmt"/>
        <line num="92" count="4" type="stmt"/>
        <line num="93" count="4" type="stmt"/>
        <line num="94" count="4" type="stmt"/>
        <line num="111" count="22" type="stmt"/>
        <line num="112" count="22" type="stmt"/>
        <line num="113" count="22" type="stmt"/>
        <line num="114" count="22" type="stmt"/>
        <line num="118" count="22" type="stmt"/>
        <line num="119" count="22" type="cond" truecount="1" falsecount="1"/>
        <line num="120" count="22" type="stmt"/>
        <line num="121" count="22" type="stmt"/>
        <line num="122" count="22" type="cond" truecount="2" falsecount="0"/>
        <line num="123" count="4" type="stmt"/>
        <line num="124" count="4" type="stmt"/>
        <line num="126" count="22" type="cond" truecount="2" falsecount="0"/>
        <line num="127" count="22" type="cond" truecount="2" falsecount="0"/>
        <line num="131" count="22" type="stmt"/>
        <line num="134" count="22" type="cond" truecount="2" falsecount="0"/>
        <line num="135" count="6" type="cond" truecount="1" falsecount="1"/>
        <line num="136" count="6" type="stmt"/>
        <line num="140" count="22" type="cond" truecount="4" falsecount="0"/>
        <line num="141" count="4" type="stmt"/>
        <line num="145" count="22" type="stmt"/>
        <line num="148" count="6" type="stmt"/>
        <line num="149" count="6" type="stmt"/>
        <line num="151" count="8" type="stmt"/>
        <line num="156" count="22" type="stmt"/>
        <line num="188" count="4" type="stmt"/>
        <line num="189" count="4" type="stmt"/>
        <line num="190" count="4" type="stmt"/>
        <line num="196" count="19" type="stmt"/>
        <line num="197" count="4" type="stmt"/>
        <line num="215" count="8" type="stmt"/>
        <line num="216" count="8" type="stmt"/>
        <line num="217" count="8" type="stmt"/>
        <line num="224" count="18" type="stmt"/>
        <line num="225" count="8" type="stmt"/>
        <line num="243" count="45" type="stmt"/>
        <line num="244" count="45" type="stmt"/>
        <line num="245" count="45" type="cond" truecount="1" falsecount="1"/>
        <line num="247" count="45" type="stmt"/>
        <line num="248" count="45" type="stmt"/>
        <line num="249" count="45" type="stmt"/>
        <line num="250" count="45" type="stmt"/>
        <line num="267" count="42" type="stmt"/>
        <line num="270" count="10" type="cond" truecount="2" falsecount="0"/>
        <line num="291" count="15" type="stmt"/>
        <line num="292" count="15" type="stmt"/>
        <line num="293" count="15" type="cond" truecount="1" falsecount="1"/>
        <line num="295" count="15" type="stmt"/>
        <line num="296" count="15" type="stmt"/>
        <line num="297" count="15" type="stmt"/>
        <line num="298" count="15" type="stmt"/>
        <line num="315" count="12" type="stmt"/>
        <line num="318" count="8" type="cond" truecount="2" falsecount="0"/>
        <line num="339" count="18" type="stmt"/>
        <line num="340" count="18" type="stmt"/>
        <line num="341" count="18" type="cond" truecount="1" falsecount="1"/>
        <line num="343" count="18" type="stmt"/>
        <line num="344" count="18" type="stmt"/>
        <line num="345" count="18" type="stmt"/>
        <line num="346" count="20" type="stmt"/>
        <line num="347" count="20" type="stmt"/>
        <line num="349" count="18" type="stmt"/>
        <line num="351" count="18" type="stmt"/>
        <line num="352" count="34" type="stmt"/>
        <line num="354" count="18" type="stmt"/>
        <line num="355" count="18" type="stmt"/>
        <line num="357" count="18" type="stmt"/>
        <line num="399" count="12" type="stmt"/>
        <line num="438" count="14" type="stmt"/>
        <line num="439" count="14" type="stmt"/>
        <line num="440" count="14" type="stmt"/>
        <line num="441" count="14" type="stmt"/>
        <line num="442" count="14" type="stmt"/>
        <line num="443" count="14" type="stmt"/>
        <line num="444" count="14" type="stmt"/>
        <line num="446" count="14" type="stmt"/>
        <line num="447" count="22" type="cond" truecount="2" falsecount="0"/>
        <line num="448" count="14" type="stmt"/>
        <line num="449" count="14" type="stmt"/>
        <line num="450" count="24" type="stmt"/>
        <line num="452" count="14" type="stmt"/>
        <line num="453" count="14" type="cond" truecount="2" falsecount="0"/>
        <line num="454" count="2" type="stmt"/>
        <line num="455" count="2" type="stmt"/>
        <line num="457" count="14" type="cond" truecount="2" falsecount="0"/>
        <line num="458" count="14" type="cond" truecount="2" falsecount="0"/>
        <line num="461" count="14" type="stmt"/>
        <line num="463" count="14" type="cond" truecount="2" falsecount="0"/>
        <line num="464" count="2" type="cond" truecount="1" falsecount="1"/>
        <line num="465" count="2" type="stmt"/>
        <line num="468" count="14" type="cond" truecount="4" falsecount="0"/>
        <line num="469" count="2" type="stmt"/>
        <line num="470" count="2" type="stmt"/>
        <line num="475" count="14" type="cond" truecount="2" falsecount="0"/>
        <line num="477" count="12" type="stmt"/>
        <line num="478" count="28" type="stmt"/>
        <line num="481" count="4" type="stmt"/>
        <line num="482" count="4" type="stmt"/>
        <line num="486" count="14" type="cond" truecount="2" falsecount="0"/>
        <line num="487" count="6" type="stmt"/>
        <line num="488" count="6" type="stmt"/>
        <line num="490" count="8" type="stmt"/>
        <line num="492" count="8" type="stmt"/>
        <line num="493" count="8" type="cond" truecount="2" falsecount="0"/>
        <line num="494" count="4" type="stmt"/>
        <line num="495" count="4" type="stmt"/>
        <line num="498" count="8" type="cond" truecount="4" falsecount="0"/>
        <line num="499" count="6" type="cond" truecount="1" falsecount="1"/>
        <line num="504" count="28" type="stmt"/>
        <line num="507" count="28" type="stmt"/>
        <line num="508" count="0" type="cond" truecount="0" falsecount="2"/>
        <line num="509" count="0" type="stmt"/>
        <line num="510" count="0" type="stmt"/>
        <line num="512" count="0" type="stmt"/>
        <line num="514" count="0" type="stmt"/>
        <line num="515" count="0" type="cond" truecount="0" falsecount="2"/>
        <line num="516" count="0" type="stmt"/>
        <line num="517" count="0" type="stmt"/>
        <line num="520" count="0" type="cond" truecount="0" falsecount="4"/>
        <line num="521" count="0" type="cond" truecount="0" falsecount="2"/>
        <line num="526" count="12" type="stmt"/>
        <line num="557" count="10" type="stmt"/>
        <line num="612" count="16" type="stmt"/>
        <line num="613" count="16" type="stmt"/>
        <line num="614" count="16" type="stmt"/>
        <line num="615" count="16" type="stmt"/>
        <line num="617" count="16" type="cond" truecount="4" falsecount="0"/>
        <line num="618" count="16" type="cond" truecount="2" falsecount="0"/>
        <line num="620" count="16" type="stmt"/>
        <line num="621" count="40" type="stmt"/>
        <line num="622" count="40" type="stmt"/>
        <line num="623" count="40" type="cond" truecount="2" falsecount="0"/>
        <line num="626" count="16" type="stmt"/>
        <line num="627" count="32" type="cond" truecount="2" falsecount="0"/>
        <line num="628" count="12" type="cond" truecount="2" falsecount="0"/>
        <line num="629" count="4" type="stmt"/>
        <line num="630" count="4" type="cond" truecount="1" falsecount="1"/>
        <line num="631" count="4" type="stmt"/>
        <line num="632" count="4" type="stmt"/>
        <line num="637" count="4" type="stmt"/>
        <line num="639" count="8" type="stmt"/>
        <line num="640" count="8" type="stmt"/>
        <line num="644" count="8" type="stmt"/>
        <line num="647" count="20" type="stmt"/>
        <line num="649" count="24" type="stmt"/>
        <line num="652" count="16" type="stmt"/>
        <line num="656" count="32" type="stmt"/>
        <line num="659" count="12" type="stmt"/>
        <line num="660" count="12" type="stmt"/>
        <line num="665" count="16" type="stmt"/>
        <line num="666" count="4" type="stmt"/>
        <line num="667" count="4" type="stmt"/>
        <line num="670" count="16" type="stmt"/>
        <line num="671" count="16" type="cond" truecount="2" falsecount="0"/>
        <line num="672" count="4" type="cond" truecount="2" falsecount="0"/>
        <line num="673" count="2" type="stmt"/>
        <line num="675" count="16" type="cond" truecount="2" falsecount="0"/>
        <line num="676" count="28" type="stmt"/>
        <line num="677" count="28" type="cond" truecount="2" falsecount="0"/>
        <line num="678" count="14" type="stmt"/>
        <line num="681" count="16" type="stmt"/>
        <line num="682" count="16" type="cond" truecount="2" falsecount="0"/>
        <line num="715" count="12" type="stmt"/>
        <line num="716" count="12" type="stmt"/>
        <line num="718" count="12" type="stmt"/>
        <line num="719" count="12" type="cond" truecount="2" falsecount="0"/>
        <line num="720" count="10" type="stmt"/>
        <line num="721" count="10" type="stmt"/>
        <line num="727" count="12" type="stmt"/>
        <line num="728" count="16" type="cond" truecount="2" falsecount="0"/>
        <line num="730" count="6" type="stmt"/>
        <line num="731" count="6" type="stmt"/>
        <line num="733" count="10" type="stmt"/>
        <line num="734" count="10" type="stmt"/>
        <line num="737" count="12" type="stmt"/>
        <line num="738" count="6" type="stmt"/>
        <line num="742" count="12" type="stmt"/>
      </file>
      <file name="WalletOps.ts" path="/home/runner/work/cashu-ts/cashu-ts/src/wallet/WalletOps.ts">
        <metrics statements="145" coveredstatements="145" conditionals="40" coveredconditionals="40" methods="64" coveredmethods="64"/>
        <line num="41" count="239" type="stmt"/>
        <line num="43" count="36" type="stmt"/>
        <line num="46" count="20" type="stmt"/>
        <line num="49" count="20" type="stmt"/>
        <line num="52" count="20" type="stmt"/>
        <line num="55" count="12" type="stmt"/>
        <line num="58" count="10" type="stmt"/>
        <line num="80" count="36" type="stmt"/>
        <line num="86" count="36" type="stmt"/>
        <line num="88" count="36" type="stmt"/>
        <line num="90" count="36" type="stmt"/>
        <line num="99" count="6" type="stmt"/>
        <line num="100" count="6" type="stmt"/>
        <line num="110" count="2" type="stmt"/>
        <line num="111" count="2" type="stmt"/>
        <line num="121" count="4" type="stmt"/>
        <line num="122" count="4" type="stmt"/>
        <line num="132" count="2" type="stmt"/>
        <line num="133" count="2" type="stmt"/>
        <line num="143" count="2" type="stmt"/>
        <line num="144" count="2" type="stmt"/>
        <line num="153" count="2" type="stmt"/>
        <line num="154" count="2" type="stmt"/>
        <line num="164" count="4" type="stmt"/>
        <line num="165" count="4" type="stmt"/>
        <line num="175" count="4" type="stmt"/>
        <line num="176" count="4" type="stmt"/>
        <line num="186" count="2" type="stmt"/>
        <line num="187" count="2" type="stmt"/>
        <line num="196" count="2" type="stmt"/>
        <line num="197" count="2" type="stmt"/>
        <line num="206" count="12" type="stmt"/>
        <line num="207" count="12" type="stmt"/>
        <line num="216" count="4" type="stmt"/>
        <line num="217" count="4" type="stmt"/>
        <line num="226" count="6" type="stmt"/>
        <line num="227" count="6" type="stmt"/>
        <line num="238" count="2" type="stmt"/>
        <line num="239" count="2" type="stmt"/>
        <line num="248" count="2" type="stmt"/>
        <line num="249" count="2" type="stmt"/>
        <line num="259" count="6" type="stmt"/>
        <line num="260" count="6" type="stmt"/>
        <line num="271" count="6" type="stmt"/>
        <line num="272" count="6" type="stmt"/>
        <line num="284" count="4" type="stmt"/>
        <line num="288" count="4" type="stmt"/>
        <line num="299" count="32" type="cond" truecount="6" falsecount="0"/>
        <line num="300" count="4" type="stmt"/>
        <line num="306" count="28" type="cond" truecount="2" falsecount="0"/>
        <line num="308" count="4" type="cond" truecount="2" falsecount="0"/>
        <line num="309" count="2" type="stmt"/>
        <line num="311" count="4" type="stmt"/>
        <line num="319" count="24" type="cond" truecount="2" falsecount="0"/>
        <line num="321" count="4" type="cond" truecount="2" falsecount="0"/>
        <line num="322" count="2" type="stmt"/>
        <line num="324" count="4" type="stmt"/>
        <line num="332" count="20" type="stmt"/>
        <line num="336" count="32" type="stmt"/>
        <line num="355" count="20" type="stmt"/>
        <line num="358" count="20" type="stmt"/>
        <line num="359" count="20" type="stmt"/>
        <line num="370" count="2" type="stmt"/>
        <line num="371" count="2" type="stmt"/>
        <line num="383" count="6" type="stmt"/>
        <line num="384" count="6" type="stmt"/>
        <line num="396" count="2" type="stmt"/>
        <line num="397" count="2" type="stmt"/>
        <line num="409" count="2" type="stmt"/>
        <line num="410" count="2" type="stmt"/>
        <line num="419" count="2" type="stmt"/>
        <line num="420" count="2" type="stmt"/>
        <line num="429" count="4" type="stmt"/>
        <line num="430" count="4" type="stmt"/>
        <line num="439" count="6" type="stmt"/>
        <line num="440" count="6" type="stmt"/>
        <line num="449" count="4" type="stmt"/>
        <line num="450" count="4" type="stmt"/>
        <line num="461" count="2" type="stmt"/>
        <line num="462" count="2" type="stmt"/>
        <line num="471" count="2" type="stmt"/>
        <line num="472" count="2" type="stmt"/>
        <line num="483" count="2" type="stmt"/>
        <line num="492" count="18" type="stmt"/>
        <line num="519" count="40" type="stmt"/>
        <line num="526" count="40" type="stmt"/>
        <line num="527" count="40" type="stmt"/>
        <line num="529" count="40" type="stmt"/>
        <line num="531" count="40" type="stmt"/>
        <line num="532" count="40" type="stmt"/>
        <line num="543" count="4" type="stmt"/>
        <line num="544" count="4" type="stmt"/>
        <line num="556" count="6" type="stmt"/>
        <line num="557" count="6" type="stmt"/>
        <line num="569" count="2" type="stmt"/>
        <line num="570" count="2" type="stmt"/>
        <line num="582" count="4" type="stmt"/>
        <line num="583" count="4" type="stmt"/>
        <line num="592" count="4" type="stmt"/>
        <line num="593" count="4" type="stmt"/>
        <line num="602" count="6" type="stmt"/>
        <line num="603" count="6" type="stmt"/>
        <line num="614" count="22" type="stmt"/>
        <line num="615" count="22" type="stmt"/>
        <line num="626" count="4" type="stmt"/>
        <line num="627" count="4" type="stmt"/>
        <line num="636" count="4" type="stmt"/>
        <line num="637" count="4" type="stmt"/>
        <line num="650" count="42" type="cond" truecount="2" falsecount="0"/>
        <line num="651" count="20" type="stmt"/>
        <line num="653" count="20" type="cond" truecount="5" falsecount="0"/>
        <line num="654" count="4" type="stmt"/>
        <line num="656" count="16" type="stmt"/>
        <line num="660" count="22" type="stmt"/>
        <line num="661" count="22" type="cond" truecount="2" falsecount="0"/>
        <line num="662" count="4" type="stmt"/>
        <line num="664" count="18" type="stmt"/>
        <line num="676" count="10" type="stmt"/>
        <line num="677" count="6" type="stmt"/>
        <line num="703" count="22" type="stmt"/>
        <line num="706" count="22" type="stmt"/>
        <line num="707" count="22" type="stmt"/>
        <line num="708" count="22" type="stmt"/>
        <line num="709" count="22" type="stmt"/>
        <line num="718" count="2" type="stmt"/>
        <line num="719" count="2" type="stmt"/>
        <line num="729" count="2" type="stmt"/>
        <line num="730" count="2" type="stmt"/>
        <line num="740" count="2" type="stmt"/>
        <line num="741" count="2" type="stmt"/>
        <line num="751" count="2" type="stmt"/>
        <line num="752" count="2" type="stmt"/>
        <line num="761" count="2" type="stmt"/>
        <line num="762" count="2" type="stmt"/>
        <line num="771" count="6" type="stmt"/>
        <line num="772" count="6" type="stmt"/>
        <line num="781" count="4" type="stmt"/>
        <line num="782" count="4" type="stmt"/>
        <line num="791" count="6" type="stmt"/>
        <line num="792" count="6" type="stmt"/>
        <line num="805" count="4" type="stmt"/>
        <line num="806" count="4" type="stmt"/>
        <line num="817" count="2" type="stmt"/>
        <line num="833" count="20" type="stmt"/>
        <line num="842" count="20" type="stmt"/>
      </file>
      <file name="index.ts" path="/home/runner/work/cashu-ts/cashu-ts/src/wallet/index.ts">
        <metrics statements="0" coveredstatements="0" conditionals="0" coveredconditionals="0" methods="0" coveredmethods="0"/>
      </file>
    </package>
    <package name="src.wallet.types">
      <metrics statements="3" coveredstatements="3" conditionals="0" coveredconditionals="0" methods="1" coveredmethods="1"/>
      <file name="index.ts" path="/home/runner/work/cashu-ts/cashu-ts/src/wallet/types/index.ts">
        <metrics statements="0" coveredstatements="0" conditionals="0" coveredconditionals="0" methods="0" coveredmethods="0"/>
      </file>
      <file name="payment-requests.ts" path="/home/runner/work/cashu-ts/cashu-ts/src/wallet/types/payment-requests.ts">
        <metrics statements="3" coveredstatements="3" conditionals="0" coveredconditionals="0" methods="1" coveredmethods="1"/>
        <line num="32" count="57" type="stmt"/>
        <line num="33" count="57" type="stmt"/>
        <line num="34" count="57" type="stmt"/>
      </file>
    </package>
    <package name="test">
      <metrics statements="21" coveredstatements="21" conditionals="0" coveredconditionals="0" methods="1" coveredmethods="1"/>
      <file name="consts.ts" path="/home/runner/work/cashu-ts/cashu-ts/test/consts.ts">
        <metrics statements="21" coveredstatements="21" conditionals="0" coveredconditionals="0" methods="1" coveredmethods="1"/>
        <line num="3" count="13" type="stmt"/>
        <line num="12" count="13" type="stmt"/>
        <line num="13" count="13" type="stmt"/>
        <line num="29" count="13" type="stmt"/>
        <line num="47" count="13" type="stmt"/>
        <line num="48" count="13" type="stmt"/>
        <line num="49" count="13" type="stmt"/>
        <line num="50" count="13" type="stmt"/>
        <line num="52" count="13" type="stmt"/>
        <line num="62" count="13" type="stmt"/>
        <line num="129" count="13" type="stmt"/>
        <line num="196" count="13" type="stmt"/>
        <line num="207" count="13" type="stmt"/>
        <line num="278" count="13" type="stmt"/>
        <line num="286" count="13" type="stmt"/>
        <line num="294" count="13" type="stmt"/>
        <line num="301" count="13" type="stmt"/>
        <line num="309" count="13" type="stmt"/>
        <line num="317" count="13" type="stmt"/>
        <line num="325" count="13" type="stmt"/>
        <line num="333" count="13" type="stmt"/>
      </file>
    </package>
  </project>
</coverage>
