TN:
SF:src/auth/AuthManager.ts
FN:100,(anonymous_0)
FN:132,(anonymous_1)
FN:140,(anonymous_2)
FN:145,(anonymous_3)
FN:148,(anonymous_4)
FN:151,(anonymous_5)
FN:158,(anonymous_6)
FN:166,(anonymous_7)
FN:170,(anonymous_8)
FN:184,(anonymous_9)
FN:196,(anonymous_10)
FN:213,(anonymous_11)
FN:221,(anonymous_12)
FN:245,(anonymous_13)
FN:261,(anonymous_14)
FN:275,(anonymous_15)
FN:295,(anonymous_16)
FN:299,(anonymous_17)
FN:312,(anonymous_18)
FN:313,(anonymous_19)
FN:323,(anonymous_20)
FN:341,(anonymous_21)
FN:344,(anonymous_22)
FN:347,(anonymous_23)
FN:362,(anonymous_24)
FN:382,(anonymous_25)
FN:383,(anonymous_26)
FN:395,(anonymous_27)
FN:406,(anonymous_28)
FN:414,(anonymous_29)
FN:431,(anonymous_30)
FN:448,(anonymous_31)
FN:453,(anonymous_32)
FN:478,serializeBAT
FN:382,(anonymous_25)
FN:383,(anonymous_26)
FNF:36
FNH:35
FNDA:41,(anonymous_0)
FNDA:9,(anonymous_1)
FNDA:5,(anonymous_2)
FNDA:4,(anonymous_3)
FNDA:5,(anonymous_4)
FNDA:2,(anonymous_5)
FNDA:4,(anonymous_6)
FNDA:8,(anonymous_7)
FNDA:8,(anonymous_8)
FNDA:11,(anonymous_9)
FNDA:5,(anonymous_10)
FNDA:16,(anonymous_11)
FNDA:9,(anonymous_12)
FNDA:14,(anonymous_13)
FNDA:5,(anonymous_14)
FNDA:5,(anonymous_15)
FNDA:1,(anonymous_16)
FNDA:0,(anonymous_17)
FNDA:2,(anonymous_18)
FNDA:4,(anonymous_19)
FNDA:4,(anonymous_20)
FNDA:5,(anonymous_21)
FNDA:5,(anonymous_22)
FNDA:5,(anonymous_23)
FNDA:15,(anonymous_24)
FNDA:3,(anonymous_25)
FNDA:2,(anonymous_26)
FNDA:11,(anonymous_27)
FNDA:9,(anonymous_28)
FNDA:9,(anonymous_29)
FNDA:13,(anonymous_30)
FNDA:12,(anonymous_31)
FNDA:12,(anonymous_32)
FNDA:4,serializeBAT
FNDA:3,(anonymous_25)
FNDA:2,(anonymous_26)
DA:83,41
DA:84,56
DA:90,41
DA:93,41
DA:94,41
DA:95,41
DA:101,41
DA:102,41
DA:103,41
DA:104,41
DA:105,41
DA:107,41
DA:108,41
DA:110,41
DA:111,2
DA:116,41
DA:117,2
DA:136,9
DA:137,1
DA:139,9
DA:140,9
DA:141,9
DA:142,9
DA:146,4
DA:149,5
DA:152,2
DA:153,2
DA:155,1
DA:159,4
DA:167,8
DA:172,8
DA:173,8
DA:174,8
DA:175,2
DA:176,2
DA:185,11
DA:186,3
DA:189,8
DA:190,3
DA:194,5
DA:195,5
DA:196,5
DA:197,5
DA:198,5
DA:200,4
DA:202,1
DA:204,5
DA:208,5
DA:209,5
DA:214,16
DA:215,16
DA:216,13
DA:217,10
DA:222,9
DA:223,8
DA:224,8
DA:225,8
DA:226,8
DA:227,6
DA:230,2
DA:231,2
DA:233,8
DA:246,14
DA:247,13
DA:248,9
DA:249,9
DA:250,9
DA:251,9
DA:252,9
DA:268,5
DA:269,1
DA:275,5
DA:276,5
DA:277,5
DA:278,1
DA:282,4
DA:283,4
DA:288,4
DA:296,1
DA:297,1
DA:299,1
DA:300,1
DA:301,3
DA:302,3
DA:303,2
DA:304,2
DA:313,4
DA:324,4
DA:325,3
DA:326,3
DA:327,2
DA:328,2
DA:329,2
DA:330,2
DA:331,4
DA:333,1
DA:335,1
DA:342,5
DA:344,5
DA:345,5
DA:347,5
DA:348,5
DA:349,5
DA:350,5
DA:351,5
DA:353,5
DA:355,5
DA:363,15
DA:364,3
DA:368,3
DA:370,15
DA:372,3
DA:382,3
DA:383,3
DA:386,3
DA:387,3
DA:388,3
DA:396,11
DA:397,10
DA:398,10
DA:403,11
DA:407,9
DA:408,8
DA:415,9
DA:418,9
DA:420,9
DA:421,3
DA:422,3
DA:423,1
DA:429,8
DA:430,8
DA:431,13
DA:433,8
DA:434,8
DA:436,8
DA:444,8
DA:445,1
DA:448,12
DA:453,12
DA:454,7
DA:455,12
DA:456,1
DA:460,6
DA:461,6
DA:480,4
DA:481,4
DA:482,4
LF:147
LH:147
BRDA:102,0,0,41
BRDA:102,0,1,7
BRDA:103,1,0,41
BRDA:103,1,1,35
BRDA:104,2,0,41
BRDA:104,2,1,26
BRDA:105,3,0,41
BRDA:105,3,1,28
BRDA:110,4,0,2
BRDA:110,4,1,39
BRDA:116,5,0,2
BRDA:116,5,1,39
BRDA:136,6,0,1
BRDA:136,6,1,8
BRDA:136,7,0,9
BRDA:136,7,1,1
BRDA:174,8,0,2
BRDA:174,8,1,6
BRDA:185,9,0,3
BRDA:185,9,1,8
BRDA:189,10,0,3
BRDA:189,10,1,5
BRDA:189,11,0,8
BRDA:189,11,1,5
BRDA:194,12,0,5
BRDA:194,12,1,0
BRDA:200,13,0,2
BRDA:200,13,1,2
BRDA:209,14,0,3
BRDA:209,14,1,2
BRDA:213,15,0,16
BRDA:215,16,0,3
BRDA:215,16,1,13
BRDA:216,17,0,3
BRDA:216,17,1,10
BRDA:222,18,0,1
BRDA:222,18,1,8
BRDA:225,19,0,6
BRDA:225,19,1,2
BRDA:226,20,0,6
BRDA:226,20,1,2
BRDA:226,21,0,8
BRDA:226,21,1,6
BRDA:231,22,0,1
BRDA:231,22,1,1
BRDA:247,23,0,4
BRDA:247,23,1,9
BRDA:251,24,0,0
BRDA:251,24,1,9
BRDA:268,25,0,1
BRDA:268,25,1,4
BRDA:268,26,0,5
BRDA:268,26,1,5
BRDA:277,27,0,1
BRDA:277,27,1,4
BRDA:295,28,0,1
BRDA:296,29,0,1
BRDA:296,29,1,0
BRDA:301,30,0,0
BRDA:301,30,1,3
BRDA:301,31,0,3
BRDA:301,31,1,3
BRDA:301,31,2,3
BRDA:301,31,3,3
BRDA:302,32,0,2
BRDA:302,32,1,1
BRDA:313,33,0,2
BRDA:313,33,1,2
BRDA:324,34,0,1
BRDA:324,34,1,3
BRDA:326,35,0,1
BRDA:326,35,1,2
BRDA:330,36,0,1
BRDA:330,36,1,0
BRDA:331,37,0,1
BRDA:331,37,1,3
BRDA:331,38,0,4
BRDA:331,38,1,1
BRDA:342,39,0,5
BRDA:342,39,1,4
BRDA:355,40,0,4
BRDA:355,40,1,1
BRDA:363,41,0,3
BRDA:363,41,1,12
BRDA:370,42,0,3
BRDA:370,42,1,12
BRDA:396,43,0,1
BRDA:396,43,1,10
BRDA:407,44,0,1
BRDA:407,44,1,8
BRDA:415,45,0,0
BRDA:415,45,1,9
BRDA:420,46,0,3
BRDA:420,46,1,6
BRDA:422,47,0,1
BRDA:422,47,1,2
BRDA:434,48,0,2
BRDA:434,48,1,6
BRDA:441,49,0,2
BRDA:441,49,1,6
BRDA:444,50,0,1
BRDA:444,50,1,7
BRDA:444,51,0,8
BRDA:444,51,1,8
BRDA:455,52,0,1
BRDA:455,52,1,11
BRF:106
BRH:100
end_of_record
TN:
SF:src/auth/AuthProvider.ts
FNF:0
FNH:0
LF:0
LH:0
BRF:0
BRH:0
end_of_record
TN:
SF:src/auth/OIDCAuth.ts
FN:49,assertHttpUrl
FN:73,(anonymous_1)
FN:82,(anonymous_2)
FN:90,(anonymous_3)
FN:94,(anonymous_4)
FN:101,(anonymous_5)
FN:108,(anonymous_6)
FN:109,(anonymous_7)
FN:114,(anonymous_8)
FN:148,(anonymous_9)
FN:164,(anonymous_10)
FN:193,(anonymous_11)
FN:209,(anonymous_12)
FN:224,(anonymous_13)
FN:259,(anonymous_14)
FN:273,(anonymous_15)
FN:300,(anonymous_16)
FN:309,(anonymous_17)
FN:323,(anonymous_18)
FN:343,(anonymous_19)
FN:349,(anonymous_20)
FN:354,(anonymous_21)
FN:362,(anonymous_22)
FN:363,(anonymous_23)
FN:365,(anonymous_24)
FN:370,(anonymous_25)
FN:407,(anonymous_26)
FN:436,(anonymous_27)
FN:437,(anonymous_28)
FN:349,(anonymous_20)
FN:354,(anonymous_21)
FNF:31
FNH:31
FNDA:14,assertHttpUrl
FNDA:63,(anonymous_1)
FNDA:45,(anonymous_2)
FNDA:1,(anonymous_3)
FNDA:2,(anonymous_4)
FNDA:10,(anonymous_5)
FNDA:1,(anonymous_6)
FNDA:2,(anonymous_7)
FNDA:43,(anonymous_8)
FNDA:4,(anonymous_9)
FNDA:4,(anonymous_10)
FNDA:4,(anonymous_11)
FNDA:9,(anonymous_12)
FNDA:4,(anonymous_13)
FNDA:5,(anonymous_14)
FNDA:5,(anonymous_15)
FNDA:1,(anonymous_16)
FNDA:1,(anonymous_17)
FNDA:5,(anonymous_18)
FNDA:15,(anonymous_19)
FNDA:14,(anonymous_20)
FNDA:6,(anonymous_21)
FNDA:34,(anonymous_22)
FNDA:222,(anonymous_23)
FNDA:111,(anonymous_24)
FNDA:20,(anonymous_25)
FNDA:18,(anonymous_26)
FNDA:14,(anonymous_27)
FNDA:14,(anonymous_28)
FNDA:14,(anonymous_20)
FNDA:6,(anonymous_21)
DA:51,14
DA:52,14
DA:54,1
DA:56,13
DA:57,3
DA:71,45
DA:74,0
DA:75,0
DA:76,0
DA:78,0
DA:79,0
DA:83,45
DA:84,45
DA:85,45
DA:86,45
DA:87,45
DA:91,1
DA:95,2
DA:102,10
DA:109,2
DA:115,43
DA:116,36
DA:120,36
DA:123,36
DA:124,36
DA:126,2
DA:127,2
DA:129,36
DA:130,3
DA:132,33
DA:133,33
DA:134,1
DA:136,32
DA:137,32
DA:150,4
DA:151,4
DA:154,4
DA:155,4
DA:156,4
DA:158,4
DA:171,4
DA:172,4
DA:173,4
DA:181,4
DA:183,4
DA:184,1
DA:186,3
DA:187,3
DA:194,4
DA:195,4
DA:202,4
DA:203,3
DA:204,3
DA:210,9
DA:211,9
DA:212,9
DA:214,8
DA:215,8
DA:217,8
DA:218,8
DA:219,3
DA:221,6
DA:225,4
DA:227,4
DA:228,4
DA:229,8
DA:230,8
DA:235,8
DA:236,8
DA:237,2
DA:238,2
DA:240,6
DA:241,8
DA:242,3
DA:243,1
DA:244,1
DA:246,2
DA:247,8
DA:265,5
DA:267,5
DA:269,5
DA:270,5
DA:271,5
DA:273,5
DA:274,5
DA:275,5
DA:276,5
DA:277,8
DA:278,7
DA:279,7
DA:284,7
DA:285,7
DA:286,4
DA:287,4
DA:289,3
DA:290,8
DA:291,2
DA:292,2
DA:293,2
DA:295,0
DA:296,8
DA:300,5
DA:301,1
DA:304,5
DA:310,1
DA:311,1
DA:316,1
DA:317,1
DA:318,1
DA:324,5
DA:325,5
DA:332,5
DA:333,5
DA:334,5
DA:344,15
DA:345,1
DA:346,1
DA:349,14
DA:350,14
DA:353,14
DA:354,6
DA:355,6
DA:363,222
DA:364,34
DA:365,111
DA:374,20
DA:376,20
DA:384,20
DA:387,20
DA:388,20
DA:390,1
DA:391,1
DA:393,20
DA:394,2
DA:395,2
DA:396,2
DA:398,18
DA:399,18
DA:401,2
DA:402,2
DA:411,18
DA:413,18
DA:421,17
DA:423,17
DA:424,17
DA:426,1
DA:428,17
DA:429,17
DA:431,1
DA:432,1
DA:437,14
LF:151
LH:145
BRDA:56,0,0,3
BRDA:56,0,1,10
BRDA:56,1,0,13
BRDA:56,1,1,13
BRDA:75,2,0,0
BRDA:75,2,1,0
BRDA:78,3,0,0
BRDA:78,3,1,0
BRDA:78,3,2,0
BRDA:84,4,0,45
BRDA:84,4,1,41
BRDA:85,5,0,45
BRDA:85,5,1,23
BRDA:86,6,0,45
BRDA:86,6,1,39
BRDA:95,7,0,2
BRDA:95,7,1,1
BRDA:115,8,0,7
BRDA:115,8,1,36
BRDA:124,9,0,35
BRDA:124,9,1,1
BRDA:129,10,0,3
BRDA:129,10,1,33
BRDA:129,11,0,36
BRDA:129,11,1,36
BRDA:133,12,0,1
BRDA:133,12,1,32
BRDA:133,13,0,33
BRDA:133,13,1,32
BRDA:172,14,0,4
BRDA:172,14,1,4
BRDA:178,15,0,4
BRDA:178,15,1,4
BRDA:181,16,0,1
BRDA:181,16,1,3
BRDA:183,17,0,1
BRDA:183,17,1,3
BRDA:212,18,0,1
BRDA:212,18,1,8
BRDA:218,19,0,3
BRDA:218,19,1,5
BRDA:224,20,0,4
BRDA:236,21,0,2
BRDA:236,21,1,6
BRDA:240,22,0,6
BRDA:240,22,1,1
BRDA:241,23,0,3
BRDA:241,23,1,5
BRDA:242,24,0,1
BRDA:242,24,1,2
BRDA:246,25,0,2
BRDA:246,25,1,1
BRDA:246,25,2,1
BRDA:259,26,0,5
BRDA:269,27,0,3
BRDA:269,27,1,2
BRDA:269,28,0,5
BRDA:269,28,1,3
BRDA:277,29,0,1
BRDA:277,29,1,7
BRDA:285,30,0,4
BRDA:285,30,1,3
BRDA:289,31,0,3
BRDA:289,31,1,0
BRDA:290,32,0,1
BRDA:290,32,1,7
BRDA:291,33,0,2
BRDA:291,33,1,0
BRDA:295,34,0,0
BRDA:295,34,1,0
BRDA:295,34,2,0
BRDA:344,35,0,1
BRDA:344,35,1,14
BRDA:345,36,0,1
BRDA:345,36,1,1
BRDA:345,36,2,1
BRDA:388,37,0,19
BRDA:388,37,1,1
BRDA:393,38,0,2
BRDA:393,38,1,18
BRDA:394,39,0,2
BRDA:394,39,1,1
BRDA:395,40,0,2
BRDA:395,40,1,1
BRDA:395,40,2,1
BRDA:399,41,0,18
BRDA:399,41,1,1
BRDA:424,42,0,17
BRDA:424,42,1,0
BRDA:429,43,0,17
BRDA:429,43,1,1
BRF:91
BRH:80
end_of_record
TN:
SF:src/auth/createAuthWallet.ts
FN:21,createAuthWallet
FN:43,(anonymous_1)
FN:43,(anonymous_1)
FNF:3
FNH:3
FNDA:7,createAuthWallet
FNDA:4,(anonymous_1)
FNDA:4,(anonymous_1)
DA:30,7
DA:37,7
DA:40,7
DA:43,4
DA:47,7
DA:50,7
DA:51,7
DA:53,7
LF:8
LH:8
BRDA:31,0,0,7
BRDA:31,0,1,4
BRDA:32,1,0,7
BRDA:32,1,1,4
BRF:4
BRH:4
end_of_record
TN:
SF:src/crypto/NUT01.ts
FN:31,serializeMintKeys
FN:33,(anonymous_1)
FN:39,deserializeMintKeys
FN:41,(anonymous_3)
FN:47,getPubKeyFromPrivKey
FN:63,createNewMintKeys
FN:111,verifyUnblindedSignature
FNF:7
FNH:7
FNDA:10,serializeMintKeys
FNDA:640,(anonymous_1)
FNDA:2,deserializeMintKeys
FNDA:128,(anonymous_3)
FNDA:388,getPubKeyFromPrivKey
FNDA:16,createNewMintKeys
FNDA:16,verifyUnblindedSignature
DA:11,85
DA:32,10
DA:33,10
DA:34,640
DA:36,10
DA:40,2
DA:41,2
DA:42,128
DA:44,2
DA:48,388
DA:75,16
DA:76,12
DA:78,4
DA:79,16
DA:80,16
DA:81,16
DA:83,16
DA:84,2
DA:86,4
DA:87,256
DA:88,256
DA:89,128
DA:90,128
DA:91,128
DA:93,0
DA:96,128
DA:99,256
DA:100,256
DA:102,4
DA:108,4
DA:112,16
DA:113,16
DA:114,16
DA:115,16
LF:34
LH:33
BRDA:75,0,0,12
BRDA:75,0,1,4
BRDA:75,1,0,16
BRDA:75,1,1,10
BRDA:75,1,2,8
BRDA:78,2,0,4
BRDA:78,3,0,4
BRDA:78,4,0,4
BRDA:78,4,1,4
BRDA:83,5,0,2
BRDA:83,5,1,14
BRDA:88,6,0,128
BRDA:88,6,1,128
BRDA:90,7,0,128
BRDA:90,7,1,0
BRF:15
BRH:14
end_of_record
TN:
SF:src/crypto/NUT10.ts
FN:26,createSecret
FN:45,parseSecret
FN:78,(anonymous_2)
FN:80,(anonymous_3)
FN:109,assertSecretKind
FN:127,getSecretKind
FN:136,getSecretData
FN:146,getDataField
FN:161,getTags
FN:173,hasTag
FN:174,(anonymous_10)
FN:184,getTag
FN:185,(anonymous_12)
FN:197,getTagScalar
FN:209,getTagInt
FNF:15
FNH:15
FNDA:104,createSecret
FNDA:4983,parseSecret
FNDA:7036,(anonymous_2)
FNDA:17486,(anonymous_3)
FNDA:901,assertSecretKind
FNDA:348,getSecretKind
FNDA:3634,getSecretData
FNDA:262,getDataField
FNDA:3370,getTags
FNDA:6,hasTag
FNDA:22,(anonymous_10)
FNDA:2572,getTag
FNDA:3198,(anonymous_12)
FNDA:1974,getTagScalar
FNDA:930,getTagInt
DA:27,104
DA:35,104
DA:47,4983
DA:48,4983
DA:49,879
DA:51,4104
DA:54,77
DA:58,4906
DA:66,18
DA:68,4888
DA:69,4888
DA:70,8
DA:72,4880
DA:74,4028
DA:75,10
DA:78,4018
DA:80,17486
DA:82,4018
DA:83,14
DA:87,4856
DA:113,901
DA:114,901
DA:115,901
DA:116,901
DA:117,18
DA:119,792
DA:128,348
DA:137,3634
DA:147,262
DA:148,262
DA:162,3370
DA:163,3370
DA:174,22
DA:185,3198
DA:186,2572
DA:187,792
DA:198,1974
DA:199,1974
DA:210,930
DA:211,930
DA:216,250
DA:217,236
DA:218,236
LF:43
LH:43
BRDA:48,0,0,879
BRDA:48,0,1,4104
BRDA:58,1,0,18
BRDA:58,1,1,4888
BRDA:59,2,0,4906
BRDA:59,2,1,4902
BRDA:59,2,2,4898
BRDA:59,2,3,4894
BRDA:59,2,4,4892
BRDA:59,2,5,4890
BRDA:69,3,0,8
BRDA:69,3,1,4880
BRDA:69,4,0,4888
BRDA:69,4,1,4884
BRDA:72,5,0,4028
BRDA:72,5,1,852
BRDA:74,6,0,10
BRDA:74,6,1,4018
BRDA:80,7,0,7036
BRDA:80,7,1,7034
BRDA:80,7,2,7032
BRDA:80,8,0,17486
BRDA:80,8,1,17482
BRDA:82,9,0,14
BRDA:82,9,1,4004
BRDA:92,10,0,4856
BRDA:92,10,1,852
BRDA:113,11,0,883
BRDA:113,11,1,18
BRDA:116,12,0,18
BRDA:116,12,1,883
BRDA:163,13,0,3370
BRDA:163,13,1,578
BRDA:186,14,0,1780
BRDA:186,14,1,792
BRDA:186,15,0,2572
BRDA:186,15,1,798
BRDA:199,16,0,602
BRDA:199,16,1,1372
BRDA:199,17,0,1974
BRDA:199,17,1,602
BRDA:211,18,0,680
BRDA:211,18,1,250
BRDA:216,19,0,14
BRDA:216,19,1,236
BRDA:218,20,0,234
BRDA:218,20,1,2
BRF:47
BRH:47
end_of_record
TN:
SF:src/crypto/NUT11.ts
FN:150,createP2PKsecret
FN:167,parseP2PKSecret
FN:186,normalizePubkey
FN:204,dedupeP2PKPubkeys
FN:228,normalizeP2PKOptions
FN:296,getP2PKExpectedWitnessPubkeys
FN:319,getP2PKSigFlag
FN:330,getP2PKWitnessSignatures
FN:345,parseWitnessData
FN:387,signP2PKProofs
FN:394,(anonymous_10)
FN:396,(anonymous_11)
FN:424,signP2PKProof
FN:434,(anonymous_13)
FN:440,(anonymous_14)
FN:474,hasP2PKSignedProof
FN:487,(anonymous_16)
FN:520,verifyP2PKSpendingConditions
FN:615,isP2PKSpendAuthorised
FN:637,maybeDeriveP2BKPrivateKeys
FN:665,assertSigAllInputs
FN:695,buildP2PKSigAllMessageV0
FN:724,isP2PKSigAll
FN:725,(anonymous_23)
FN:738,assertNoDuplicateP2PKTags
FN:750,assertSigFlag
FN:756,assertPositiveInteger
FN:771,assertSpendingConditionRules
FN:806,getP2PKWitnessPubkeys
FN:813,(anonymous_29)
FN:820,getP2PKWitnessRefundkeys
FN:825,(anonymous_31)
FN:832,getLocktime
FN:840,deriveLockState
FN:848,resolveNSigs
FN:853,resolveNSigsRefund
FNF:36
FNH:36
FNDA:50,createP2PKsecret
FNDA:879,parseP2PKSecret
FNDA:1749,normalizePubkey
FNDA:1186,dedupeP2PKPubkeys
FNDA:253,normalizeP2PKOptions
FNDA:114,getP2PKExpectedWitnessPubkeys
FNDA:329,getP2PKSigFlag
FNDA:244,getP2PKWitnessSignatures
FNDA:334,parseWitnessData
FNDA:33,signP2PKProofs
FNDA:41,(anonymous_10)
FNDA:42,(anonymous_11)
FNDA:80,signP2PKProof
FNDA:96,(anonymous_13)
FNDA:144,(anonymous_14)
FNDA:18,hasP2PKSignedProof
FNDA:6,(anonymous_16)
FNDA:174,verifyP2PKSpendingConditions
FNDA:72,isP2PKSpendAuthorised
FNDA:46,maybeDeriveP2BKPrivateKeys
FNDA:44,assertSigAllInputs
FNDA:120,buildP2PKSigAllMessageV0
FNDA:236,isP2PKSigAll
FNDA:257,(anonymous_23)
FNDA:790,assertNoDuplicateP2PKTags
FNDA:270,assertSigFlag
FNDA:333,assertPositiveInteger
FNDA:397,assertSpendingConditionRules
FNDA:288,getP2PKWitnessPubkeys
FNDA:360,(anonymous_29)
FNDA:276,getP2PKWitnessRefundkeys
FNDA:100,(anonymous_31)
FNDA:412,getLocktime
FNDA:254,deriveLockState
FNDA:122,resolveNSigs
FNDA:146,resolveNSigsRefund
DA:23,85
DA:28,85
DA:35,85
DA:36,85
DA:130,85
DA:151,50
DA:152,50
DA:153,50
DA:169,879
DA:170,879
DA:171,879
DA:172,879
DA:173,766
DA:187,1749
DA:188,1749
DA:189,40
DA:190,18
DA:205,1186
DA:206,1186
DA:207,1186
DA:208,1289
DA:209,1289
DA:210,1289
DA:211,1239
DA:212,1239
DA:215,1172
DA:229,253
DA:230,253
DA:234,253
DA:235,253
DA:236,2
DA:241,247
DA:242,253
DA:243,6
DA:247,241
DA:255,239
DA:256,253
DA:259,253
DA:267,253
DA:297,114
DA:298,114
DA:299,114
DA:300,114
DA:302,114
DA:303,76
DA:306,22
DA:307,16
DA:309,6
DA:320,329
DA:321,329
DA:331,244
DA:332,244
DA:333,2
DA:335,242
DA:346,334
DA:348,194
DA:349,194
DA:354,6
DA:355,6
DA:358,188
DA:359,182
DA:365,334
DA:366,40
DA:368,182
DA:394,41
DA:395,33
DA:396,33
DA:397,42
DA:398,42
DA:399,42
DA:400,54
DA:401,54
DA:405,10
DA:406,10
DA:409,42
DA:425,80
DA:426,80
DA:431,80
DA:432,80
DA:433,80
DA:434,96
DA:435,10
DA:439,66
DA:440,66
DA:441,144
DA:444,66
DA:445,2
DA:450,64
DA:451,2
DA:457,62
DA:458,62
DA:459,62
DA:463,80
DA:475,18
DA:476,6
DA:479,12
DA:480,4
DA:482,8
DA:484,18
DA:487,18
DA:488,6
DA:526,174
DA:527,2
DA:528,2
DA:532,172
DA:533,174
DA:536,174
DA:537,174
DA:538,174
DA:546,174
DA:547,174
DA:548,174
DA:552,174
DA:553,174
DA:556,174
DA:557,174
DA:560,174
DA:565,174
DA:571,174
DA:574,174
DA:575,54
DA:576,54
DA:577,54
DA:581,92
DA:582,58
DA:583,58
DA:584,58
DA:588,34
DA:589,34
DA:590,24
DA:591,16
DA:592,16
DA:593,16
DA:595,8
DA:596,8
DA:597,8
DA:601,10
DA:602,10
DA:603,10
DA:620,72
DA:638,46
DA:639,46
DA:640,46
DA:641,34
DA:644,12
DA:645,12
DA:647,12
DA:648,12
DA:650,12
DA:651,10
DA:666,44
DA:668,42
DA:669,42
DA:670,38
DA:671,38
DA:673,44
DA:674,20
DA:675,20
DA:676,16
DA:677,12
DA:678,10
DA:679,4
DA:700,120
DA:702,120
DA:703,132
DA:706,120
DA:707,166
DA:710,120
DA:711,28
DA:713,120
DA:725,236
DA:726,257
DA:727,257
DA:729,69
DA:739,790
DA:740,790
DA:741,1136
DA:742,1136
DA:743,1130
DA:744,20
DA:746,1110
DA:751,270
DA:752,6
DA:757,333
DA:758,16
DA:760,317
DA:778,397
DA:780,397
DA:781,275
DA:782,275
DA:783,14
DA:789,373
DA:790,58
DA:791,58
DA:792,4
DA:794,48
DA:795,5
DA:801,358
DA:802,4
DA:807,288
DA:808,288
DA:810,288
DA:811,2
DA:813,360
DA:814,288
DA:815,8
DA:817,276
DA:821,276
DA:822,276
DA:823,2
DA:825,274
DA:826,274
DA:827,4
DA:829,268
DA:833,412
DA:834,412
DA:835,288
DA:837,124
DA:844,254
DA:845,74
DA:849,122
DA:850,114
DA:854,146
DA:855,26
DA:857,120
LF:225
LH:225
BRDA:172,0,0,246
BRDA:172,0,1,633
BRDA:188,1,0,1709
BRDA:188,1,1,40
BRDA:188,2,0,1749
BRDA:188,2,1,1711
BRDA:188,2,2,724
BRDA:189,3,0,22
BRDA:189,3,1,18
BRDA:210,4,0,1239
BRDA:210,4,1,50
BRDA:229,5,0,86
BRDA:229,5,1,167
BRDA:230,6,0,253
BRDA:230,6,1,152
BRDA:234,7,0,253
BRDA:234,7,1,26
BRDA:235,8,0,2
BRDA:235,8,1,251
BRDA:235,9,0,253
BRDA:235,9,1,16
BRDA:241,10,0,26
BRDA:241,10,1,221
BRDA:242,11,0,6
BRDA:242,11,1,247
BRDA:247,12,0,24
BRDA:247,12,1,217
BRDA:255,13,0,225
BRDA:255,13,1,14
BRDA:255,14,0,225
BRDA:255,14,1,185
BRDA:268,15,0,145
BRDA:268,15,1,63
BRDA:269,16,0,94
BRDA:269,16,1,114
BRDA:270,17,0,84
BRDA:270,17,1,124
BRDA:271,18,0,30
BRDA:271,18,1,178
BRDA:271,19,0,253
BRDA:271,19,1,202
BRDA:272,20,0,13
BRDA:272,20,1,195
BRDA:272,21,0,253
BRDA:272,21,1,35
BRDA:275,22,0,20
BRDA:275,22,1,188
BRDA:276,23,0,28
BRDA:276,23,1,180
BRDA:277,24,0,20
BRDA:277,24,1,188
BRDA:278,25,0,16
BRDA:278,25,1,192
BRDA:302,26,0,76
BRDA:302,26,1,38
BRDA:302,27,0,114
BRDA:302,27,1,96
BRDA:306,28,0,16
BRDA:306,28,1,6
BRDA:306,29,0,22
BRDA:306,29,1,22
BRDA:321,30,0,329
BRDA:321,30,1,154
BRDA:331,31,0,244
BRDA:331,31,1,90
BRDA:332,32,0,2
BRDA:332,32,1,242
BRDA:346,33,0,140
BRDA:346,33,1,194
BRDA:350,34,0,94
BRDA:350,34,1,100
BRDA:358,35,0,6
BRDA:358,35,1,182
BRDA:358,36,0,188
BRDA:358,36,1,184
BRDA:361,37,0,150
BRDA:361,37,1,32
BRDA:365,38,0,40
BRDA:365,38,1,294
BRDA:365,39,0,334
BRDA:365,39,1,42
BRDA:390,40,0,33
BRDA:394,41,0,39
BRDA:394,41,1,2
BRDA:395,42,0,18
BRDA:395,42,1,15
BRDA:405,43,0,10
BRDA:405,43,1,0
BRDA:426,44,0,80
BRDA:426,44,1,74
BRDA:431,45,0,74
BRDA:431,45,1,2
BRDA:434,46,0,10
BRDA:434,46,1,70
BRDA:434,47,0,80
BRDA:434,47,1,76
BRDA:444,48,0,2
BRDA:444,48,1,64
BRDA:450,49,0,2
BRDA:450,49,1,62
BRDA:460,50,0,4
BRDA:460,50,1,58
BRDA:460,51,0,62
BRDA:460,51,1,18
BRDA:461,52,0,80
BRDA:461,52,1,44
BRDA:475,53,0,6
BRDA:475,53,1,12
BRDA:479,54,0,4
BRDA:479,54,1,8
BRDA:479,55,0,12
BRDA:479,55,1,4
BRDA:482,56,0,8
BRDA:482,56,1,8
BRDA:522,57,0,174
BRDA:526,58,0,2
BRDA:526,58,1,172
BRDA:526,59,0,174
BRDA:526,59,1,20
BRDA:532,60,0,172
BRDA:532,60,1,118
BRDA:552,61,0,24
BRDA:552,61,1,122
BRDA:557,62,0,34
BRDA:557,62,1,112
BRDA:574,63,0,54
BRDA:574,63,1,120
BRDA:574,64,0,174
BRDA:574,64,1,122
BRDA:574,64,2,114
BRDA:581,65,0,58
BRDA:581,65,1,34
BRDA:589,66,0,24
BRDA:589,66,1,10
BRDA:590,67,0,16
BRDA:590,67,1,8
BRDA:590,68,0,24
BRDA:590,68,1,24
BRDA:617,69,0,72
BRDA:638,70,0,24
BRDA:638,70,1,22
BRDA:640,71,0,34
BRDA:640,71,1,12
BRDA:650,72,0,2
BRDA:650,72,1,10
BRDA:650,73,0,12
BRDA:650,73,1,2
BRDA:666,74,0,2
BRDA:666,74,1,42
BRDA:669,75,0,2
BRDA:669,75,1,40
BRDA:671,76,0,38
BRDA:671,76,1,0
BRDA:675,77,0,2
BRDA:675,77,1,18
BRDA:676,78,0,4
BRDA:676,78,1,12
BRDA:677,79,0,2
BRDA:677,79,1,10
BRDA:678,80,0,4
BRDA:678,80,1,6
BRDA:678,81,0,10
BRDA:678,81,1,0
BRDA:710,82,0,28
BRDA:710,82,1,92
BRDA:742,83,0,6
BRDA:742,83,1,1130
BRDA:743,84,0,20
BRDA:743,84,1,1110
BRDA:751,85,0,6
BRDA:751,85,1,264
BRDA:757,86,0,16
BRDA:757,86,1,317
BRDA:757,87,0,333
BRDA:757,87,1,329
BRDA:780,88,0,275
BRDA:780,88,1,122
BRDA:782,89,0,14
BRDA:782,89,1,261
BRDA:789,90,0,58
BRDA:789,90,1,315
BRDA:791,91,0,4
BRDA:791,91,1,54
BRDA:794,92,0,5
BRDA:794,92,1,43
BRDA:801,93,0,4
BRDA:801,93,1,354
BRDA:801,94,0,358
BRDA:801,94,1,122
BRDA:807,95,0,236
BRDA:807,95,1,52
BRDA:808,96,0,288
BRDA:808,96,1,172
BRDA:810,97,0,2
BRDA:810,97,1,286
BRDA:813,98,0,234
BRDA:813,98,1,52
BRDA:814,99,0,8
BRDA:814,99,1,280
BRDA:821,100,0,276
BRDA:821,100,1,212
BRDA:822,101,0,2
BRDA:822,101,1,274
BRDA:826,102,0,4
BRDA:826,102,1,270
BRDA:834,103,0,288
BRDA:834,103,1,124
BRDA:834,104,0,412
BRDA:834,104,1,128
BRDA:834,104,2,128
BRDA:842,105,0,254
BRDA:844,106,0,180
BRDA:844,106,1,74
BRDA:845,107,0,12
BRDA:845,107,1,62
BRDA:849,108,0,8
BRDA:849,108,1,114
BRDA:849,109,0,122
BRDA:849,109,1,90
BRDA:850,110,0,114
BRDA:850,110,1,80
BRDA:854,111,0,26
BRDA:854,111,1,120
BRDA:854,112,0,146
BRDA:854,112,1,34
BRDA:855,113,0,26
BRDA:855,113,1,18
BRDA:321,114,0,197
BRDA:321,114,1,77
BRDA:431,115,0,74
BRDA:431,115,1,2
BRDA:557,116,0,34
BRDA:557,116,1,112
BRDA:807,117,0,118
BRDA:807,117,1,26
BRDA:808,118,0,144
BRDA:808,118,1,86
BRDA:821,119,0,138
BRDA:821,119,1,106
BRDA:850,120,0,57
BRDA:850,120,1,40
BRDA:855,121,0,26
BRDA:855,121,1,69
BRF:243
BRH:240
end_of_record
TN:
SF:src/crypto/NUT12.ts
FN:15,deriveDLEQNonce
FN:33,(anonymous_1)
FN:51,(anonymous_2)
FN:71,(anonymous_3)
FNF:4
FNH:4
FNDA:64,deriveDLEQNonce
FNDA:48,(anonymous_1)
FNDA:13,(anonymous_2)
FNDA:64,(anonymous_3)
DA:13,85
DA:21,64
DA:22,64
DA:23,64
DA:24,64
DA:33,85
DA:39,48
DA:40,48
DA:41,48
DA:42,48
DA:43,48
DA:44,48
DA:45,48
DA:46,48
DA:47,55
DA:48,48
DA:51,85
DA:57,13
DA:58,2
DA:59,37
DA:60,11
DA:61,11
DA:62,11
DA:63,11
DA:71,85
DA:72,64
DA:73,64
DA:74,64
DA:75,64
DA:76,64
DA:77,64
DA:78,64
DA:79,64
DA:81,64
DA:82,64
DA:83,64
LF:36
LH:36
BRDA:57,0,0,2
BRDA:57,0,1,11
BRF:2
BRH:2
end_of_record
TN:
SF:src/crypto/NUT13.ts
FN:15,(anonymous_0)
FN:20,(anonymous_1)
FN:31,(anonymous_2)
FN:38,(anonymous_3)
FN:64,deriveSecretAndBlindingFactor
FN:86,createSecretAndBlindingFactorDeriver
FN:96,(anonymous_6)
FN:99,(anonymous_7)
FN:103,getDerivationKind
FN:117,deriveBip32SecretAndBlindingFactor
FN:136,deriveHmacSecretAndBlindingFactor
FN:152,deriveHmac
FNF:12
FNH:12
FNDA:85,(anonymous_0)
FNDA:85,(anonymous_1)
FNDA:26,(anonymous_2)
FNDA:4,(anonymous_3)
FNDA:60,deriveSecretAndBlindingFactor
FNDA:123,createSecretAndBlindingFactorDeriver
FNDA:115,(anonymous_6)
FNDA:49,(anonymous_7)
FNDA:123,getDerivationKind
FNDA:115,deriveBip32SecretAndBlindingFactor
FNDA:49,deriveHmacSecretAndBlindingFactor
FNDA:70,deriveHmac
DA:11,85
DA:13,85
DA:15,85
DA:16,85
DA:17,85
DA:20,85
DA:21,85
DA:22,85
DA:31,85
DA:32,26
DA:38,85
DA:43,4
DA:69,60
DA:70,60
DA:90,123
DA:92,99
DA:93,78
DA:96,115
DA:99,49
DA:104,123
DA:105,123
DA:106,7
DA:108,116
DA:109,71
DA:111,45
DA:112,43
DA:114,2
DA:123,115
DA:124,2
DA:126,113
DA:127,113
DA:128,113
DA:133,113
DA:143,49
DA:144,14
DA:146,35
DA:158,70
DA:166,70
DA:168,35
DA:169,35
DA:171,35
DA:174,70
DA:176,70
DA:177,35
DA:180,35
DA:185,35
DA:188,35
LF:47
LH:47
BRDA:15,0,0,85
BRDA:15,0,1,85
BRDA:20,1,0,85
BRDA:20,1,1,85
BRDA:90,2,0,78
BRDA:90,2,1,43
BRDA:105,3,0,7
BRDA:105,3,1,116
BRDA:105,4,0,123
BRDA:105,4,1,7
BRDA:108,5,0,71
BRDA:108,5,1,45
BRDA:108,6,0,116
BRDA:108,6,1,116
BRDA:111,7,0,43
BRDA:111,7,1,2
BRDA:111,8,0,45
BRDA:111,8,1,45
BRDA:123,9,0,2
BRDA:123,9,1,113
BRDA:123,10,0,115
BRDA:123,10,1,115
BRDA:123,10,2,113
BRDA:143,11,0,14
BRDA:143,11,1,35
BRDA:143,12,0,49
BRDA:143,12,1,37
BRDA:166,13,0,35
BRDA:166,13,1,35
BRDA:176,14,0,35
BRDA:176,14,1,35
BRDA:180,15,0,0
BRDA:180,15,1,35
BRF:33
BRH:32
end_of_record
TN:
SF:src/crypto/NUT14.ts
FN:30,createHTLCsecret
FN:41,parseHTLCSecret
FN:56,createHTLCHash
FN:74,verifyHTLCHash
FN:104,verifyHTLCSpendingConditions
FN:172,isHTLCSpendAuthorised
FN:186,getHTLCWitnessPreimage
FNF:7
FNH:7
FNDA:26,createHTLCsecret
FNDA:18,parseHTLCSecret
FNDA:54,createHTLCHash
FNDA:38,verifyHTLCHash
FNDA:46,verifyHTLCSpendingConditions
FNDA:36,isHTLCSpendAuthorised
FNDA:52,getHTLCWitnessPreimage
DA:31,26
DA:42,18
DA:57,54
DA:58,54
DA:59,26
DA:62,28
DA:63,54
DA:64,54
DA:75,38
DA:76,38
DA:80,18
DA:111,46
DA:116,46
DA:117,46
DA:118,46
DA:119,4
DA:126,42
DA:129,42
DA:130,10
DA:135,32
DA:136,2
DA:140,30
DA:141,30
DA:142,6
DA:143,6
DA:144,6
DA:148,24
DA:149,24
DA:152,10
DA:153,10
DA:154,10
DA:158,14
DA:159,14
DA:160,14
DA:177,36
DA:187,52
DA:189,46
DA:190,46
DA:192,2
DA:193,2
DA:196,44
DA:198,38
DA:199,38
LF:43
LH:43
BRDA:58,0,0,26
BRDA:58,0,1,28
BRDA:58,1,0,54
BRDA:58,1,1,52
BRDA:62,2,0,26
BRDA:62,2,1,2
BRDA:106,3,0,46
BRDA:111,4,0,46
BRDA:111,4,1,36
BRDA:118,5,0,4
BRDA:118,5,1,42
BRDA:129,6,0,10
BRDA:129,6,1,32
BRDA:129,7,0,42
BRDA:129,7,1,18
BRDA:135,8,0,2
BRDA:135,8,1,30
BRDA:135,9,0,32
BRDA:135,9,1,24
BRDA:141,10,0,6
BRDA:141,10,1,24
BRDA:149,11,0,10
BRDA:149,11,1,14
BRDA:174,12,0,36
BRDA:187,13,0,6
BRDA:187,13,1,46
BRDA:190,14,0,34
BRDA:190,14,1,12
BRDA:196,15,0,6
BRDA:196,15,1,38
BRDA:196,16,0,44
BRDA:196,16,1,42
BRDA:199,17,0,28
BRDA:199,17,1,10
BRDA:199,18,0,38
BRDA:199,18,1,32
BRDA:62,19,0,26
BRDA:62,19,1,2
BRF:38
BRH:38
end_of_record
TN:
SF:src/crypto/NUT20.ts
FN:15,amountToMinimalBytes
FN:26,constructMessage
FN:49,constructLegacyMessage
FN:61,isCompressedPubkey
FN:69,signMintQuote
FN:77,verifyMintQuoteSignature
FN:93,signMintQuoteAmended
FN:101,verifyMintQuoteSignatureAmended
FNF:8
FNH:8
FNDA:141,amountToMinimalBytes
FNDA:78,constructMessage
FNDA:40,constructLegacyMessage
FNDA:62,isCompressedPubkey
FNDA:24,signMintQuote
FNDA:18,verifyMintQuoteSignature
FNDA:36,signMintQuoteAmended
FNDA:44,verifyMintQuoteSignatureAmended
DA:11,85
DA:16,141
DA:17,141
DA:18,135
DA:19,135
DA:29,78
DA:30,78
DA:31,78
DA:32,78
DA:33,78
DA:34,78
DA:35,141
DA:36,141
DA:37,141
DA:38,141
DA:39,141
DA:40,141
DA:42,74
DA:53,40
DA:54,40
DA:55,95
DA:57,40
DA:62,62
DA:74,24
DA:83,18
DA:86,16
DA:87,16
DA:89,2
DA:98,36
DA:107,44
DA:110,42
DA:111,42
DA:113,4
LF:33
LH:33
BRDA:17,0,0,4
BRDA:17,0,1,137
BRDA:19,1,0,127
BRDA:19,1,1,8
BRDA:83,2,0,2
BRDA:83,2,1,16
BRDA:107,3,0,2
BRDA:107,3,1,42
BRF:8
BRH:8
end_of_record
TN:
SF:src/crypto/NUT28.ts
FN:31,deriveP2BKBlindedPubkeys
FN:43,(anonymous_1)
FN:71,deriveP2BKSecretKeys
FN:85,(anonymous_3)
FN:112,deriveP2BKSecretKey
FN:178,deriveP2BKBlindingTweakFromECDH
FNF:6
FNH:6
FNDA:42,deriveP2BKBlindedPubkeys
FNDA:62,(anonymous_1)
FNDA:22,deriveP2BKSecretKeys
FNDA:50,(anonymous_3)
FNDA:86,deriveP2BKSecretKey
FNDA:112,deriveP2BKBlindingTweakFromECDH
DA:14,85
DA:36,42
DA:37,42
DA:39,40
DA:40,42
DA:41,42
DA:43,42
DA:44,62
DA:45,62
DA:46,62
DA:47,62
DA:48,62
DA:50,42
DA:77,22
DA:78,22
DA:79,22
DA:80,22
DA:81,22
DA:82,22
DA:83,24
DA:84,24
DA:85,24
DA:86,50
DA:87,50
DA:88,50
DA:89,50
DA:92,22
DA:119,86
DA:120,86
DA:121,86
DA:122,86
DA:123,82
DA:125,78
DA:126,86
DA:128,76
DA:129,76
DA:131,76
DA:132,6
DA:133,4
DA:135,70
DA:137,68
DA:138,68
DA:139,68
DA:140,68
DA:142,66
DA:143,66
DA:144,66
DA:145,12
DA:148,54
DA:149,54
DA:150,54
DA:151,86
DA:152,52
DA:184,112
DA:185,112
DA:189,112
DA:190,112
DA:192,0
DA:193,0
DA:194,0
DA:197,112
LF:61
LH:58
BRDA:34,0,0,42
BRDA:36,1,0,36
BRDA:36,1,1,6
BRDA:37,2,0,2
BRDA:37,2,1,40
BRDA:39,3,0,40
BRDA:39,3,1,24
BRDA:47,4,0,0
BRDA:47,4,1,62
BRDA:75,5,0,22
BRDA:77,6,0,18
BRDA:77,6,1,4
BRDA:78,7,0,14
BRDA:78,7,1,8
BRDA:79,8,0,16
BRDA:79,8,1,6
BRDA:89,9,0,40
BRDA:89,9,1,10
BRDA:120,10,0,74
BRDA:120,10,1,12
BRDA:121,11,0,24
BRDA:121,11,1,62
BRDA:122,12,0,4
BRDA:122,12,1,82
BRDA:122,13,0,86
BRDA:122,13,1,84
BRDA:123,14,0,4
BRDA:123,14,1,78
BRDA:123,15,0,82
BRDA:123,15,1,80
BRDA:125,16,0,78
BRDA:125,16,1,10
BRDA:126,17,0,2
BRDA:126,17,1,84
BRDA:131,18,0,6
BRDA:131,18,1,70
BRDA:132,19,0,2
BRDA:132,19,1,4
BRDA:135,20,0,2
BRDA:135,20,1,68
BRDA:140,21,0,2
BRDA:140,21,1,66
BRDA:144,22,0,12
BRDA:144,22,1,54
BRDA:150,23,0,22
BRDA:150,23,1,32
BRDA:151,24,0,2
BRDA:151,24,1,84
BRDA:190,25,0,0
BRDA:190,25,1,112
BRDA:190,26,0,112
BRDA:190,26,1,112
BRDA:193,27,0,0
BRDA:193,27,1,0
BRDA:193,28,0,0
BRDA:193,28,1,0
BRDA:120,29,0,74
BRDA:120,29,1,12
BRDA:121,30,0,24
BRDA:121,30,1,62
BRF:60
BRH:54
end_of_record
TN:
SF:src/crypto/core.ts
FN:40,hashToCurve
FN:56,hash_e
FN:57,(anonymous_2)
FN:62,pointFromBytes
FN:66,pointFromHex
FN:70,(anonymous_5)
FN:81,createRandomSecretKey
FN:85,createBlindSignature
FN:103,createRandomRawBlindedMessage
FN:116,blindMessage
FN:128,unblindSignature
FN:137,constructUnblindedSignature
FN:161,computeMessageDigest
FN:176,(anonymous_13)
FN:193,(anonymous_14)
FN:211,(anonymous_15)
FN:233,(anonymous_16)
FN:257,toXOnlyPubkey
FN:271,findSigningKey
FN:291,getValidSigners
FN:303,(anonymous_20)
FN:304,(anonymous_21)
FN:318,(anonymous_22)
FNF:23
FNH:23
FNDA:748,hashToCurve
FNDA:114,hash_e
FNDA:452,(anonymous_2)
FNDA:22,pointFromBytes
FNDA:1977,pointFromHex
FNDA:86,(anonymous_5)
FNDA:686,createRandomSecretKey
FNDA:42,createBlindSignature
FNDA:32,createRandomRawBlindedMessage
FNDA:666,blindMessage
FNDA:164,unblindSignature
FNDA:162,constructUnblindedSignature
FNDA:502,computeMessageDigest
FNDA:174,(anonymous_13)
FNDA:70,(anonymous_14)
FNDA:372,(anonymous_15)
FNDA:444,(anonymous_16)
FNDA:670,toXOnlyPubkey
FNDA:19,findSigningKey
FNDA:186,getValidSigners
FNDA:228,(anonymous_20)
FNDA:208,(anonymous_21)
FNDA:2,(anonymous_22)
DA:38,85
DA:41,748
DA:42,748
DA:43,748
DA:44,748
DA:45,1477
DA:46,1477
DA:47,1477
DA:48,1477
DA:50,729
DA:53,0
DA:57,452
DA:58,114
DA:59,114
DA:63,22
DA:67,1977
DA:70,85
DA:72,86
DA:73,73
DA:76,13
DA:78,86
DA:82,686
DA:90,42
DA:91,42
DA:92,42
DA:104,32
DA:105,32
DA:106,32
DA:117,666
DA:118,666
DA:119,544
DA:120,122
DA:121,2
DA:123,664
DA:124,664
DA:125,664
DA:133,164
DA:134,164
DA:143,162
DA:144,162
DA:162,502
DA:163,502
DA:176,85
DA:177,174
DA:178,174
DA:179,174
DA:180,174
DA:193,85
DA:194,70
DA:195,70
DA:211,85
DA:217,372
DA:233,85
DA:239,444
DA:240,444
DA:241,444
DA:243,16
DA:244,2
DA:247,14
DA:258,670
DA:259,666
DA:260,666
DA:272,19
DA:273,19
DA:274,20
DA:275,20
DA:277,1
DA:298,186
DA:299,186
DA:300,236
DA:301,236
DA:303,186
DA:304,228
DA:318,85
DA:324,2
DA:325,2
LF:76
LH:75
BRDA:72,0,0,73
BRDA:72,0,1,13
BRDA:118,1,0,544
BRDA:118,1,1,122
BRDA:120,2,0,2
BRDA:120,2,1,120
BRDA:161,3,0,502
BRDA:163,4,0,60
BRDA:163,4,1,442
BRDA:177,5,0,42
BRDA:177,5,1,132
BRDA:178,6,0,166
BRDA:178,6,1,8
BRDA:215,7,0,372
BRDA:237,8,0,444
BRDA:240,9,0,14
BRDA:240,9,1,430
BRDA:243,10,0,2
BRDA:243,10,1,14
BRDA:258,11,0,4
BRDA:258,11,1,666
BRDA:260,12,0,514
BRDA:260,12,1,152
BRDA:260,13,0,666
BRDA:260,13,1,516
BRDA:260,13,2,293
BRDA:272,14,0,3
BRDA:272,14,1,16
BRDA:275,15,0,18
BRDA:275,15,1,2
BRDA:301,16,0,228
BRDA:301,16,1,8
BRDA:322,17,0,2
BRDA:163,18,0,60
BRDA:163,18,1,442
BRDA:177,19,0,42
BRDA:177,19,1,132
BRDA:178,20,0,166
BRDA:178,20,1,8
BRDA:240,21,0,14
BRDA:240,21,1,430
BRF:41
BRH:41
end_of_record
TN:
SF:src/logger/ConsoleLogger.ts
FN:19,escapeControlChars
FN:21,(anonymous_1)
FN:40,(anonymous_2)
FN:44,(anonymous_3)
FN:47,(anonymous_4)
FN:63,(anonymous_5)
FN:66,(anonymous_6)
FN:74,(anonymous_7)
FN:83,(anonymous_8)
FN:86,(anonymous_9)
FN:89,(anonymous_10)
FN:92,(anonymous_11)
FN:95,(anonymous_12)
FN:99,(anonymous_13)
FN:111,measureTime
FN:114,(anonymous_15)
FNF:16
FNH:16
FNDA:73,escapeControlChars
FNDA:8,(anonymous_1)
FNDA:29,(anonymous_2)
FNDA:77,(anonymous_3)
FNDA:73,(anonymous_4)
FNDA:73,(anonymous_5)
FNDA:73,(anonymous_6)
FNDA:77,(anonymous_7)
FNDA:9,(anonymous_8)
FNDA:4,(anonymous_9)
FNDA:10,(anonymous_10)
FNDA:48,(anonymous_11)
FNDA:2,(anonymous_12)
FNDA:4,(anonymous_13)
FNDA:199,measureTime
FNDA:3144,(anonymous_15)
DA:3,89
DA:11,89
DA:13,89
DA:20,73
DA:22,8
DA:41,29
DA:45,77
DA:48,73
DA:50,9
DA:52,4
DA:54,10
DA:56,48
DA:58,2
DA:60,0
DA:64,73
DA:67,73
DA:68,54
DA:69,54
DA:70,93
DA:72,54
DA:75,77
DA:76,73
DA:77,73
DA:78,73
DA:79,73
DA:80,19
DA:84,9
DA:87,4
DA:90,10
DA:93,48
DA:96,2
DA:100,4
DA:112,199
DA:113,199
DA:115,3144
LF:35
LH:34
BRDA:22,0,0,8
BRDA:22,0,1,4
BRDA:40,1,0,29
BRDA:48,2,0,9
BRDA:48,2,1,4
BRDA:48,2,2,10
BRDA:48,2,3,48
BRDA:48,2,4,2
BRDA:48,2,5,0
BRDA:67,3,0,19
BRDA:67,3,1,54
BRDA:70,4,0,2
BRDA:70,4,1,91
BRDA:75,5,0,4
BRDA:75,5,1,73
BRDA:79,6,0,54
BRDA:79,6,1,19
BRDA:79,7,0,73
BRDA:79,7,1,54
BRF:19
BRH:18
end_of_record
TN:
SF:src/logger/Logger.ts
FNF:0
FNH:0
LF:0
LH:0
BRF:0
BRH:0
end_of_record
TN:
SF:src/logger/NullLogger.ts
FN:6,(anonymous_0)
FN:7,(anonymous_1)
FN:8,(anonymous_2)
FN:9,(anonymous_3)
FN:10,(anonymous_4)
FN:11,(anonymous_5)
FNF:6
FNH:4
FNDA:183,(anonymous_0)
FNDA:25,(anonymous_1)
FNDA:214,(anonymous_2)
FNDA:952,(anonymous_3)
FNDA:0,(anonymous_4)
FNDA:0,(anonymous_5)
DA:5,89
LF:1
LH:1
BRF:0
BRH:0
end_of_record
TN:
SF:src/logger/helpers.ts
FN:14,fail
FN:32,failIf
FN:51,failIfNullish
FN:83,safeCallback
FN:94,(anonymous_4)
FNF:5
FNH:5
FNDA:127,fail
FNDA:212695,failIf
FNDA:643,failIfNullish
FNDA:1328,safeCallback
FNDA:2,(anonymous_4)
DA:19,127
DA:20,127
DA:38,212695
DA:57,643
DA:89,1328
DA:91,1298
DA:92,1298
DA:93,1298
DA:94,2
DA:95,2
DA:96,2
DA:107,14
DA:108,14
LF:13
LH:13
BRDA:16,0,0,127
BRDA:35,1,0,212695
BRDA:38,2,0,114
BRDA:38,2,1,212581
BRDA:54,3,0,643
BRDA:57,4,0,5
BRDA:57,4,1,638
BRDA:86,5,0,1328
BRDA:89,6,0,30
BRDA:89,6,1,1298
BRDA:93,7,0,2
BRDA:93,7,1,1296
BRDA:93,8,0,1298
BRDA:93,8,1,13
BRDA:97,9,0,2
BRDA:97,9,1,0
BRDA:99,10,0,2
BRDA:99,10,1,0
BRDA:109,11,0,14
BRDA:109,11,1,4
BRDA:111,12,0,14
BRDA:111,12,1,0
BRF:22
BRH:19
end_of_record
TN:
SF:src/mint/Mint.ts
FN:91,(anonymous_0)
FN:80,(anonymous_1)
FN:106,(anonymous_2)
FN:120,(anonymous_3)
FN:137,(anonymous_4)
FN:154,(anonymous_5)
FN:168,(anonymous_6)
FN:180,(anonymous_7)
FN:195,(anonymous_8)
FN:230,(anonymous_9)
FN:254,(anonymous_10)
FN:278,(anonymous_11)
FN:299,(anonymous_12)
FN:324,(anonymous_13)
FN:348,(anonymous_14)
FN:364,(anonymous_15)
FN:381,(anonymous_16)
FN:402,(anonymous_17)
FN:430,(anonymous_18)
FN:452,(anonymous_19)
FN:471,(anonymous_20)
FN:493,(anonymous_21)
FN:506,(anonymous_22)
FN:520,(anonymous_23)
FN:536,(anonymous_24)
FN:572,(anonymous_25)
FN:587,(anonymous_26)
FN:607,(anonymous_27)
FN:618,(anonymous_28)
FN:653,(anonymous_29)
FN:677,(anonymous_30)
FN:698,(anonymous_31)
FN:719,(anonymous_32)
FN:749,(anonymous_33)
FN:773,(anonymous_34)
FN:790,(anonymous_35)
FN:807,(anonymous_36)
FN:840,(anonymous_37)
FN:869,(anonymous_38)
FN:889,(anonymous_39)
FN:909,(anonymous_40)
FN:927,(anonymous_41)
FN:962,(anonymous_42)
FN:988,(anonymous_43)
FN:998,(anonymous_44)
FN:1010,(anonymous_45)
FN:1021,(anonymous_46)
FN:1050,(anonymous_47)
FN:1081,(anonymous_48)
FN:1087,(anonymous_49)
FN:1103,(anonymous_50)
FN:1125,(anonymous_51)
FN:1137,(anonymous_52)
FN:1180,(anonymous_53)
FN:1196,(anonymous_54)
FN:1212,(anonymous_55)
FN:1215,(anonymous_56)
FN:1221,(anonymous_57)
FN:1224,(anonymous_58)
FN:1235,(anonymous_59)
FN:1259,(anonymous_60)
FN:1274,(anonymous_61)
FN:1287,(anonymous_62)
FN:1308,(anonymous_63)
FN:1326,(anonymous_64)
FN:1341,(anonymous_65)
FN:1360,(anonymous_66)
FN:1387,(anonymous_67)
FN:1402,(anonymous_68)
FN:1407,(anonymous_69)
FN:988,(anonymous_43)
FN:1010,(anonymous_45)
FNF:72
FNH:72
FNDA:215,(anonymous_0)
FNDA:1243,(anonymous_1)
FNDA:408,(anonymous_2)
FNDA:13,(anonymous_3)
FNDA:11,(anonymous_4)
FNDA:353,(anonymous_5)
FNDA:28,(anonymous_6)
FNDA:360,(anonymous_7)
FNDA:51,(anonymous_8)
FNDA:43,(anonymous_9)
FNDA:15,(anonymous_10)
FNDA:14,(anonymous_11)
FNDA:4,(anonymous_12)
FNDA:23,(anonymous_13)
FNDA:11,(anonymous_14)
FNDA:5,(anonymous_15)
FNDA:3,(anonymous_16)
FNDA:15,(anonymous_17)
FNDA:14,(anonymous_18)
FNDA:9,(anonymous_19)
FNDA:2,(anonymous_20)
FNDA:2,(anonymous_21)
FNDA:6,(anonymous_22)
FNDA:2,(anonymous_23)
FNDA:32,(anonymous_24)
FNDA:2,(anonymous_25)
FNDA:2,(anonymous_26)
FNDA:16,(anonymous_27)
FNDA:21,(anonymous_28)
FNDA:40,(anonymous_29)
FNDA:16,(anonymous_30)
FNDA:11,(anonymous_31)
FNDA:4,(anonymous_32)
FNDA:43,(anonymous_33)
FNDA:16,(anonymous_34)
FNDA:5,(anonymous_35)
FNDA:14,(anonymous_36)
FNDA:27,(anonymous_37)
FNDA:1,(anonymous_38)
FNDA:2,(anonymous_39)
FNDA:1,(anonymous_40)
FNDA:6,(anonymous_41)
FNDA:375,(anonymous_42)
FNDA:437,(anonymous_43)
FNDA:366,(anonymous_44)
FNDA:438,(anonymous_45)
FNDA:5,(anonymous_46)
FNDA:8,(anonymous_47)
FNDA:4,(anonymous_48)
FNDA:9,(anonymous_49)
FNDA:282,(anonymous_50)
FNDA:282,(anonymous_51)
FNDA:282,(anonymous_52)
FNDA:27,(anonymous_53)
FNDA:239,(anonymous_54)
FNDA:108,(anonymous_55)
FNDA:163,(anonymous_56)
FNDA:3,(anonymous_57)
FNDA:6,(anonymous_58)
FNDA:74,(anonymous_59)
FNDA:74,(anonymous_60)
FNDA:3,(anonymous_61)
FNDA:35,(anonymous_62)
FNDA:22,(anonymous_63)
FNDA:7,(anonymous_64)
FNDA:98,(anonymous_65)
FNDA:98,(anonymous_66)
FNDA:60,(anonymous_67)
FNDA:22,(anonymous_68)
FNDA:23,(anonymous_69)
FNDA:437,(anonymous_43)
FNDA:438,(anonymous_45)
DA:79,215
DA:80,215
DA:81,1243
DA:99,215
DA:100,215
DA:101,215
DA:102,215
DA:103,215
DA:107,408
DA:121,13
DA:138,11
DA:139,11
DA:140,1
DA:142,10
DA:155,353
DA:156,353
DA:160,353
DA:169,28
DA:170,9
DA:172,19
DA:173,18
DA:174,18
DA:181,360
DA:196,51
DA:203,49
DA:204,2
DA:205,2
DA:207,47
DA:209,47
DA:235,43
DA:236,43
DA:242,39
DA:258,15
DA:282,14
DA:283,14
DA:284,10
DA:286,14
DA:303,4
DA:329,23
DA:330,23
DA:336,22
DA:352,11
DA:368,5
DA:385,3
DA:407,15
DA:408,15
DA:409,15
DA:415,15
DA:422,12
DA:423,3
DA:427,3
DA:430,9
DA:431,14
DA:432,1
DA:436,1
DA:438,13
DA:456,9
DA:475,2
DA:494,2
DA:507,6
DA:521,2
DA:544,32
DA:545,32
DA:552,27
DA:553,3
DA:554,3
DA:556,24
DA:557,24
DA:576,2
DA:591,2
DA:615,16
DA:616,16
DA:618,21
DA:620,16
DA:627,14
DA:628,2
DA:629,2
DA:631,12
DA:632,12
DA:658,40
DA:659,40
DA:665,37
DA:681,16
DA:702,11
DA:723,4
DA:754,43
DA:755,43
DA:761,35
DA:777,16
DA:794,5
DA:811,14
DA:848,27
DA:849,27
DA:855,26
DA:875,1
DA:895,2
DA:913,1
DA:931,6
DA:938,6
DA:939,1
DA:940,1
DA:946,5
DA:947,10
DA:950,5
DA:967,375
DA:969,375
DA:971,7
DA:973,375
DA:974,375
DA:981,374
DA:982,1
DA:983,1
DA:986,373
DA:988,437
DA:999,366
DA:1000,366
DA:1004,366
DA:1005,1
DA:1006,1
DA:1008,365
DA:1010,438
DA:1025,5
DA:1026,5
DA:1033,5
DA:1034,2
DA:1035,2
DA:1038,3
DA:1039,3
DA:1040,3
DA:1051,8
DA:1052,8
DA:1053,8
DA:1055,8
DA:1056,5
DA:1058,8
DA:1059,8
DA:1061,8
DA:1062,6
DA:1065,8
DA:1067,2
DA:1068,2
DA:1069,2
DA:1073,2
DA:1074,2
DA:1082,4
DA:1083,3
DA:1088,9
DA:1108,282
DA:1109,8
DA:1110,4
DA:1111,4
DA:1112,3
DA:1114,1
DA:1130,282
DA:1131,8
DA:1132,4
DA:1133,4
DA:1134,4
DA:1146,282
DA:1147,282
DA:1148,282
DA:1149,8
DA:1152,282
DA:1153,282
DA:1154,282
DA:1159,282
DA:1160,282
DA:1183,27
DA:1184,10
DA:1185,10
DA:1186,5
DA:1190,10
DA:1191,4
DA:1193,10
DA:1198,239
DA:1199,227
DA:1201,12
DA:1215,163
DA:1224,6
DA:1240,74
DA:1241,74
DA:1242,74
DA:1243,35
DA:1244,39
DA:1245,22
DA:1246,17
DA:1247,7
DA:1249,70
DA:1260,74
DA:1261,34
DA:1262,34
DA:1264,74
DA:1275,3
DA:1276,1
DA:1278,2
DA:1288,35
DA:1289,35
DA:1294,35
DA:1299,4
DA:1300,3
DA:1312,22
DA:1313,22
DA:1314,22
DA:1319,22
DA:1320,22
DA:1327,7
DA:1332,7
DA:1333,7
DA:1346,98
DA:1347,98
DA:1348,98
DA:1349,98
DA:1350,60
DA:1351,31
DA:1352,22
DA:1354,81
DA:1361,98
DA:1362,98
DA:1367,98
DA:1368,22
DA:1370,96
DA:1379,5
DA:1380,5
DA:1388,60
DA:1389,60
DA:1390,1
DA:1391,1
DA:1396,59
DA:1403,22
DA:1404,2
DA:1405,2
DA:1407,20
DA:1408,23
DA:1410,23
DA:1411,4
DA:1412,4
DA:1414,19
DA:1421,20
DA:1422,20
DA:1427,3
DA:1428,3
LF:241
LH:241
BRDA:100,0,0,215
BRDA:100,0,1,82
BRDA:102,1,0,215
BRDA:102,1,1,161
BRDA:139,2,0,1
BRDA:139,2,1,10
BRDA:144,3,0,10
BRDA:144,3,1,9
BRDA:144,3,2,1
BRDA:155,4,0,353
BRDA:155,4,1,350
BRDA:169,5,0,9
BRDA:169,5,1,19
BRDA:181,6,0,356
BRDA:181,6,1,4
BRDA:203,7,0,2
BRDA:203,7,1,47
BRDA:203,8,0,49
BRDA:203,8,1,49
BRDA:283,9,0,10
BRDA:283,9,1,4
BRDA:422,10,0,3
BRDA:422,10,1,9
BRDA:422,11,0,12
BRDA:422,11,1,10
BRDA:431,12,0,1
BRDA:431,12,1,13
BRDA:552,13,0,3
BRDA:552,13,1,24
BRDA:552,14,0,27
BRDA:552,14,1,27
BRDA:557,15,0,0
BRDA:557,15,1,24
BRDA:627,16,0,2
BRDA:627,16,1,12
BRDA:627,17,0,14
BRDA:627,17,1,14
BRDA:632,18,0,0
BRDA:632,18,1,12
BRDA:938,19,0,1
BRDA:938,19,1,5
BRDA:938,20,0,6
BRDA:938,20,1,6
BRDA:967,21,0,375
BRDA:967,21,1,374
BRDA:969,22,0,7
BRDA:969,22,1,368
BRDA:973,23,0,375
BRDA:973,23,1,375
BRDA:975,24,0,7
BRDA:975,24,1,368
BRDA:981,25,0,1
BRDA:981,25,1,373
BRDA:981,26,0,374
BRDA:981,26,1,374
BRDA:999,27,0,366
BRDA:999,27,1,366
BRDA:1004,28,0,1
BRDA:1004,28,1,365
BRDA:1004,29,0,366
BRDA:1004,29,1,366
BRDA:1025,30,0,5
BRDA:1025,30,1,5
BRDA:1033,31,0,2
BRDA:1033,31,1,3
BRDA:1033,32,0,5
BRDA:1033,32,1,5
BRDA:1033,32,2,4
BRDA:1055,33,0,3
BRDA:1055,33,1,5
BRDA:1058,34,0,5
BRDA:1058,34,1,3
BRDA:1061,35,0,6
BRDA:1061,35,1,2
BRDA:1082,36,0,3
BRDA:1082,36,1,1
BRDA:1108,37,0,274
BRDA:1108,37,1,8
BRDA:1109,38,0,8
BRDA:1109,38,1,0
BRDA:1110,39,0,4
BRDA:1110,39,1,-4
BRDA:1111,40,0,3
BRDA:1111,40,1,1
BRDA:1130,41,0,274
BRDA:1130,41,1,8
BRDA:1131,42,0,8
BRDA:1131,42,1,0
BRDA:1132,43,0,4
BRDA:1132,43,1,-4
BRDA:1140,44,0,282
BRDA:1146,45,0,282
BRDA:1146,45,1,261
BRDA:1148,46,0,8
BRDA:1148,46,1,274
BRDA:1155,47,0,282
BRDA:1155,47,1,282
BRDA:1156,48,0,4
BRDA:1156,48,1,278
BRDA:1157,49,0,4
BRDA:1157,49,1,278
BRDA:1166,50,0,6
BRDA:1166,50,1,276
BRDA:1166,51,0,282
BRDA:1166,51,1,278
BRDA:1167,52,0,3
BRDA:1167,52,1,279
BRDA:1167,53,0,282
BRDA:1167,53,1,3
BRDA:1183,54,0,17
BRDA:1183,54,1,10
BRDA:1185,55,0,5
BRDA:1185,55,1,5
BRDA:1190,56,0,4
BRDA:1190,56,1,6
BRDA:1190,57,0,10
BRDA:1190,57,1,5
BRDA:1198,58,0,227
BRDA:1198,58,1,12
BRDA:1198,59,0,239
BRDA:1198,59,1,238
BRDA:1242,60,0,35
BRDA:1242,60,1,39
BRDA:1244,61,0,22
BRDA:1244,61,1,17
BRDA:1246,62,0,7
BRDA:1246,62,1,10
BRDA:1249,63,0,6
BRDA:1249,63,1,64
BRDA:1260,64,0,34
BRDA:1260,64,1,40
BRDA:1260,65,0,74
BRDA:1260,65,1,34
BRDA:1275,66,0,1
BRDA:1275,66,1,2
BRDA:1275,67,0,3
BRDA:1275,67,1,1
BRDA:1278,68,0,1
BRDA:1278,68,1,1
BRDA:1294,69,0,4
BRDA:1294,69,1,31
BRDA:1295,70,0,35
BRDA:1295,70,1,30
BRDA:1299,71,0,3
BRDA:1299,71,1,1
BRDA:1299,72,0,4
BRDA:1299,72,1,3
BRDA:1313,73,0,10
BRDA:1313,73,1,12
BRDA:1349,74,0,60
BRDA:1349,74,1,31
BRDA:1349,75,0,98
BRDA:1349,75,1,52
BRDA:1351,76,0,22
BRDA:1351,76,1,9
BRDA:1354,77,0,3
BRDA:1354,77,1,78
BRDA:1367,78,0,22
BRDA:1367,78,1,76
BRDA:1370,79,0,5
BRDA:1370,79,1,91
BRDA:1371,80,0,96
BRDA:1371,80,1,96
BRDA:1371,80,2,95
BRDA:1371,80,3,95
BRDA:1371,80,4,94
BRDA:1371,80,5,93
BRDA:1371,80,6,92
BRDA:1389,81,0,1
BRDA:1389,81,1,59
BRDA:1389,82,0,60
BRDA:1389,82,1,59
BRDA:1403,83,0,2
BRDA:1403,83,1,20
BRDA:1403,84,0,22
BRDA:1403,84,1,21
BRDA:1410,85,0,4
BRDA:1410,85,1,19
BRDA:1422,86,0,3
BRDA:1422,86,1,17
BRDA:1423,87,0,20
BRDA:1423,87,1,15
BRDA:1423,87,2,7
BRDA:1423,87,3,14
BRDA:1423,87,4,6
BRDA:975,88,0,7
BRDA:975,88,1,368
BRF:187
BRH:181
end_of_record
TN:
SF:src/mint/types/payloads.ts
FNF:0
FNH:0
LF:0
LH:0
BRF:0
BRH:0
end_of_record
TN:
SF:src/mint/types/responses.ts
FNF:0
FNH:0
LF:0
LH:0
BRF:0
BRH:0
end_of_record
TN:
SF:src/model/Amount.ts
FN:6,(anonymous_0)
FN:34,(anonymous_1)
FN:55,(anonymous_2)
FN:99,(anonymous_3)
FN:103,(anonymous_4)
FN:114,(anonymous_5)
FN:123,(anonymous_6)
FN:135,(anonymous_7)
FN:142,(anonymous_8)
FN:149,(anonymous_9)
FN:157,(anonymous_10)
FN:162,(anonymous_11)
FN:171,(anonymous_12)
FN:176,(anonymous_13)
FN:185,(anonymous_14)
FN:212,(anonymous_15)
FN:242,(anonymous_16)
FN:268,(anonymous_17)
FN:287,(anonymous_18)
FN:314,(anonymous_19)
FN:332,(anonymous_20)
FN:337,(anonymous_21)
FN:341,(anonymous_22)
FN:352,(anonymous_23)
FN:359,(anonymous_24)
FN:363,(anonymous_25)
FN:367,(anonymous_26)
FN:371,(anonymous_27)
FN:379,(anonymous_28)
FN:385,(anonymous_29)
FN:391,(anonymous_30)
FN:406,(anonymous_31)
FN:412,(anonymous_32)
FN:437,(anonymous_33)
FN:450,(anonymous_34)
FN:454,(anonymous_35)
FN:458,(anonymous_36)
FN:469,(anonymous_37)
FN:477,(anonymous_38)
FN:481,(anonymous_39)
FN:494,(anonymous_40)
FN:498,(anonymous_41)
FN:509,(anonymous_42)
FN:516,(anonymous_43)
FN:520,(anonymous_44)
FN:528,(anonymous_45)
FN:534,(anonymous_46)
FN:539,(anonymous_47)
FN:544,(anonymous_48)
FN:549,(anonymous_49)
FN:554,(anonymous_50)
FN:558,(anonymous_51)
FN:562,(anonymous_52)
FN:566,(anonymous_53)
FN:570,(anonymous_54)
FN:576,(anonymous_55)
FN:586,(anonymous_56)
FN:590,(anonymous_57)
FN:594,(anonymous_58)
FN:598,(anonymous_59)
FN:602,(anonymous_60)
FN:606,(anonymous_61)
FN:614,(anonymous_62)
FN:619,(anonymous_63)
FN:634,(anonymous_64)
FNF:65
FNH:65
FNDA:98,(anonymous_0)
FNDA:1445725,(anonymous_1)
FNDA:93,(anonymous_2)
FNDA:93,(anonymous_3)
FNDA:93,(anonymous_4)
FNDA:105981,(anonymous_5)
FNDA:363635,(anonymous_6)
FNDA:2,(anonymous_7)
FNDA:2430,(anonymous_8)
FNDA:37,(anonymous_9)
FNDA:4738,(anonymous_10)
FNDA:259824,(anonymous_11)
FNDA:259586,(anonymous_12)
FNDA:259573,(anonymous_13)
FNDA:6,(anonymous_14)
FNDA:4178,(anonymous_15)
FNDA:20,(anonymous_16)
FNDA:16,(anonymous_17)
FNDA:18,(anonymous_18)
FNDA:22,(anonymous_19)
FNDA:363645,(anonymous_20)
FNDA:524908,(anonymous_21)
FNDA:3807,(anonymous_22)
FNDA:531539,(anonymous_23)
FNDA:105,(anonymous_24)
FNDA:16,(anonymous_25)
FNDA:264614,(anonymous_26)
FNDA:25,(anonymous_27)
FNDA:93,(anonymous_28)
FNDA:93,(anonymous_29)
FNDA:93,(anonymous_30)
FNDA:4,(anonymous_31)
FNDA:74,(anonymous_32)
FNDA:148,(anonymous_33)
FNDA:93,(anonymous_34)
FNDA:93,(anonymous_35)
FNDA:93,(anonymous_36)
FNDA:54,(anonymous_37)
FNDA:2,(anonymous_38)
FNDA:2,(anonymous_39)
FNDA:26,(anonymous_40)
FNDA:6,(anonymous_41)
FNDA:40,(anonymous_42)
FNDA:4,(anonymous_43)
FNDA:4,(anonymous_44)
FNDA:98,(anonymous_45)
FNDA:8,(anonymous_46)
FNDA:4,(anonymous_47)
FNDA:6,(anonymous_48)
FNDA:42,(anonymous_49)
FNDA:6,(anonymous_50)
FNDA:4,(anonymous_51)
FNDA:6,(anonymous_52)
FNDA:4,(anonymous_53)
FNDA:6,(anonymous_54)
FNDA:6,(anonymous_55)
FNDA:2,(anonymous_56)
FNDA:2,(anonymous_57)
FNDA:2,(anonymous_58)
FNDA:2,(anonymous_59)
FNDA:2,(anonymous_60)
FNDA:2,(anonymous_61)
FNDA:93,(anonymous_62)
FNDA:93,(anonymous_63)
FNDA:93,(anonymous_64)
DA:7,98
DA:8,98
DA:9,98
DA:38,1445725
DA:39,8
DA:41,1445717
DA:42,1445717
DA:56,1819838
DA:58,656518
DA:59,2375
DA:60,4
DA:62,2371
DA:65,654143
DA:67,376683
DA:68,20
DA:70,376663
DA:71,6
DA:73,376657
DA:74,6
DA:76,376651
DA:79,277460
DA:83,277446
DA:84,2
DA:87,277444
DA:88,4
DA:92,277440
DA:96,14
DA:100,44
DA:104,18
DA:115,105981
DA:124,363635
DA:125,14
DA:129,363621
DA:136,2
DA:143,2430
DA:150,37
DA:158,4738
DA:159,4738
DA:163,259824
DA:164,259824
DA:165,259824
DA:166,2
DA:168,259822
DA:172,259586
DA:173,259586
DA:177,259573
DA:178,259573
DA:179,2
DA:182,259571
DA:186,6
DA:187,6
DA:188,2
DA:191,4
DA:213,4178
DA:214,2
DA:218,4176
DA:219,2
DA:224,4174
DA:225,4174
DA:226,4174
DA:243,20
DA:244,2
DA:248,18
DA:249,2
DA:254,16
DA:255,16
DA:256,16
DA:269,16
DA:270,16
DA:271,16
DA:272,2
DA:274,14
DA:288,18
DA:289,18
DA:290,18
DA:291,2
DA:293,16
DA:315,22
DA:316,22
DA:317,22
DA:318,18
DA:319,2
DA:322,16
DA:333,363645
DA:334,363645
DA:338,524908
DA:342,3807
DA:353,531539
DA:354,531539
DA:355,12211
DA:356,382
DA:360,105
DA:364,16
DA:368,264614
DA:372,25
DA:380,20
DA:381,20
DA:382,20
DA:386,20
DA:387,20
DA:388,20
DA:392,1274
DA:393,1274
DA:394,2175
DA:396,1274
DA:407,4
DA:413,74
DA:414,74
DA:415,74
DA:438,148
DA:439,16
DA:441,132
DA:442,132
DA:443,132
DA:451,98
DA:455,8
DA:459,6
DA:470,54
DA:478,2
DA:482,2
DA:495,26
DA:499,6
DA:510,40
DA:511,20
DA:517,4
DA:521,4
DA:529,98
DA:530,30
DA:535,8
DA:536,8
DA:540,4
DA:541,4
DA:545,6
DA:546,6
DA:550,42
DA:551,42
DA:555,6
DA:559,4
DA:563,6
DA:567,4
DA:571,6
DA:572,6
DA:573,6
DA:577,6
DA:578,6
DA:579,6
DA:587,2
DA:591,2
DA:595,2
DA:599,2
DA:603,2
DA:607,2
DA:615,10
DA:616,10
DA:620,8
DA:621,8
DA:635,12
DA:636,12
DA:637,12
DA:638,12
DA:639,18
DA:640,6
DA:641,12
DA:642,6
DA:644,12
DA:645,12
DA:647,6
DA:648,2
DA:650,4
LF:169
LH:169
BRDA:38,0,0,8
BRDA:38,0,1,1445717
BRDA:56,1,0,1163320
BRDA:56,1,1,656518
BRDA:58,2,0,2375
BRDA:58,2,1,654143
BRDA:59,3,0,4
BRDA:59,3,1,2371
BRDA:65,4,0,376683
BRDA:65,4,1,277460
BRDA:67,5,0,20
BRDA:67,5,1,376663
BRDA:67,6,0,376683
BRDA:67,6,1,376671
BRDA:70,7,0,6
BRDA:70,7,1,376657
BRDA:73,8,0,6
BRDA:73,8,1,376651
BRDA:79,9,0,277446
BRDA:79,9,1,14
BRDA:83,10,0,2
BRDA:83,10,1,277444
BRDA:87,11,0,4
BRDA:87,11,1,277440
BRDA:124,12,0,14
BRDA:124,12,1,363621
BRDA:165,13,0,2
BRDA:165,13,1,259822
BRDA:178,14,0,2
BRDA:178,14,1,259571
BRDA:187,15,0,2
BRDA:187,15,1,4
BRDA:212,16,0,4178
BRDA:213,17,0,2
BRDA:213,17,1,4176
BRDA:213,18,0,4178
BRDA:213,18,1,4178
BRDA:218,19,0,2
BRDA:218,19,1,4174
BRDA:218,20,0,4176
BRDA:218,20,1,4176
BRDA:242,21,0,20
BRDA:243,22,0,2
BRDA:243,22,1,18
BRDA:243,23,0,20
BRDA:243,23,1,20
BRDA:248,24,0,2
BRDA:248,24,1,16
BRDA:248,25,0,18
BRDA:248,25,1,18
BRDA:271,26,0,2
BRDA:271,26,1,14
BRDA:274,27,0,14
BRDA:274,27,1,12
BRDA:290,28,0,2
BRDA:290,28,1,16
BRDA:317,29,0,4
BRDA:317,29,1,18
BRDA:318,30,0,2
BRDA:318,30,1,16
BRDA:354,31,0,519328
BRDA:354,31,1,12211
BRDA:355,32,0,11829
BRDA:355,32,1,382
BRDA:382,33,0,10
BRDA:382,33,1,10
BRDA:388,34,0,8
BRDA:388,34,1,12
BRDA:438,35,0,16
BRDA:438,35,1,132
BRDA:438,36,0,148
BRDA:438,36,1,142
BRDA:510,37,0,20
BRDA:510,37,1,20
BRDA:512,38,0,14
BRDA:512,38,1,6
BRDA:529,39,0,30
BRDA:529,39,1,68
BRDA:616,40,0,6
BRDA:616,40,1,2
BRDA:621,41,0,4
BRDA:621,41,1,2
BRDA:639,42,0,6
BRDA:639,42,1,12
BRDA:641,43,0,6
BRDA:641,43,1,6
BRDA:647,44,0,2
BRDA:647,44,1,4
BRDA:650,45,0,2
BRDA:650,45,1,2
BRF:90
BRH:90
end_of_record
TN:
SF:src/model/BlindedMessage.ts
FN:10,(anonymous_0)
FN:16,(anonymous_1)
FN:20,(anonymous_2)
FNF:3
FNH:2
FNDA:624,(anonymous_0)
FNDA:0,(anonymous_1)
FNDA:624,(anonymous_2)
DA:11,624
DA:12,624
DA:13,624
DA:17,0
DA:21,624
LF:5
LH:4
BRF:0
BRH:0
end_of_record
TN:
SF:src/model/Errors.ts
FN:7,(anonymous_0)
FN:27,(anonymous_1)
FN:39,(anonymous_2)
FN:52,(anonymous_3)
FN:69,(anonymous_4)
FN:84,isMintOperationError
FNF:6
FNH:6
FNDA:1341,(anonymous_0)
FNDA:44,(anonymous_1)
FNDA:82,(anonymous_2)
FNDA:14,(anonymous_3)
FNDA:11,(anonymous_4)
FNDA:17,isMintOperationError
DA:8,1341
DA:9,1341
DA:10,1341
DA:11,246
DA:18,1341
DA:28,44
DA:29,44
DA:30,44
DA:31,44
DA:40,82
DA:41,82
DA:42,82
DA:54,14
DA:56,14
DA:57,14
DA:58,14
DA:70,11
DA:71,11
DA:72,11
DA:73,11
DA:85,17
LF:21
LH:21
BRDA:10,0,0,246
BRDA:10,0,1,1095
BRDA:70,1,0,11
BRDA:70,1,1,2
BRDA:86,2,0,17
BRDA:86,2,1,12
BRDA:86,2,2,8
BRDA:86,2,3,3
BRF:8
BRH:8
end_of_record
TN:
SF:src/model/MintInfo.ts
FN:44,(anonymous_0)
FN:55,(anonymous_1)
FN:86,(anonymous_2)
FN:88,(anonymous_3)
FN:95,(anonymous_4)
FN:106,(anonymous_5)
FN:140,(anonymous_6)
FN:182,(anonymous_7)
FN:216,(anonymous_8)
FN:220,(anonymous_9)
FN:224,(anonymous_10)
FN:243,(anonymous_11)
FN:247,(anonymous_12)
FN:255,(anonymous_13)
FN:262,(anonymous_14)
FN:269,(anonymous_15)
FN:286,(anonymous_16)
FN:300,(anonymous_17)
FN:309,(anonymous_18)
FN:329,(anonymous_19)
FN:361,(anonymous_20)
FN:362,(anonymous_21)
FN:375,(anonymous_22)
FN:379,(anonymous_23)
FN:391,(anonymous_24)
FN:394,(anonymous_25)
FN:397,(anonymous_26)
FN:400,(anonymous_27)
FN:403,(anonymous_28)
FN:406,(anonymous_29)
FN:409,(anonymous_30)
FN:412,(anonymous_31)
FN:415,(anonymous_32)
FN:426,(anonymous_33)
FN:427,(anonymous_34)
FN:439,(anonymous_35)
FN:442,(anonymous_36)
FN:445,(anonymous_37)
FN:450,(anonymous_38)
FNF:39
FNH:37
FNDA:486,(anonymous_0)
FNDA:62,(anonymous_1)
FNDA:62,(anonymous_2)
FNDA:9399,(anonymous_3)
FNDA:62,(anonymous_4)
FNDA:62,(anonymous_5)
FNDA:62,(anonymous_6)
FNDA:385,(anonymous_7)
FNDA:64,(anonymous_8)
FNDA:9,(anonymous_9)
FNDA:73,(anonymous_10)
FNDA:15,(anonymous_11)
FNDA:107,(anonymous_12)
FNDA:11,(anonymous_13)
FNDA:11,(anonymous_14)
FNDA:193,(anonymous_15)
FNDA:47,(anonymous_16)
FNDA:62,(anonymous_17)
FNDA:968,(anonymous_18)
FNDA:968,(anonymous_19)
FNDA:0,(anonymous_20)
FNDA:0,(anonymous_21)
FNDA:62,(anonymous_22)
FNDA:3725,(anonymous_23)
FNDA:11,(anonymous_24)
FNDA:11,(anonymous_25)
FNDA:1,(anonymous_26)
FNDA:1,(anonymous_27)
FNDA:7,(anonymous_28)
FNDA:4,(anonymous_29)
FNDA:43,(anonymous_30)
FNDA:1,(anonymous_31)
FNDA:1,(anonymous_32)
FNDA:19,(anonymous_33)
FNDA:37,(anonymous_34)
FNDA:88,(anonymous_35)
FNDA:212,(anonymous_36)
FNDA:20,(anonymous_37)
FNDA:47,(anonymous_38)
DA:45,486
DA:46,486
DA:48,486
DA:49,486
DA:51,486
DA:52,486
DA:56,840
DA:87,1514
DA:88,1514
DA:89,9399
DA:90,9399
DA:91,9399
DA:98,21
DA:100,21
DA:110,41
DA:112,41
DA:113,41
DA:114,41
DA:120,2
DA:126,41
DA:127,2
DA:131,2
DA:134,41
DA:144,32
DA:146,32
DA:147,32
DA:148,32
DA:154,6
DA:160,32
DA:161,3
DA:165,3
DA:170,32
DA:183,385
DA:186,107
DA:196,15
DA:199,11
DA:202,11
DA:205,193
DA:208,47
DA:211,1
DA:217,64
DA:221,9
DA:225,73
DA:228,65
DA:229,65
DA:230,65
DA:233,63
DA:236,46
DA:237,22
DA:240,32
DA:244,15
DA:248,107
DA:249,107
DA:250,96
DA:252,11
DA:256,11
DA:257,7
DA:259,4
DA:263,11
DA:264,6
DA:266,5
DA:270,193
DA:271,193
DA:272,16
DA:273,8
DA:283,185
DA:287,47
DA:288,47
DA:289,25
DA:291,22
DA:301,1555
DA:302,4
DA:306,4
DA:310,968
DA:311,41
DA:312,41
DA:313,41
DA:314,2094
DA:315,2092
DA:316,2092
DA:317,2092
DA:318,2092
DA:319,2088
DA:320,2088
DA:321,2086
DA:326,41
DA:330,968
DA:332,37
DA:333,37
DA:335,37
DA:336,2086
DA:341,2086
DA:342,2086
DA:345,2086
DA:346,4
DA:347,4
DA:351,2082
DA:352,2
DA:353,2
DA:357,2080
DA:361,37
DA:362,37
DA:364,37
DA:376,17777
DA:377,4353
DA:378,4351
DA:379,3725
DA:381,3844
DA:382,3844
DA:383,13834
DA:385,3844
DA:392,11
DA:395,11
DA:398,1
DA:401,1
DA:404,7
DA:407,4
DA:410,43
DA:413,1
DA:416,1
DA:427,19
DA:429,37
DA:440,88
DA:441,88
DA:442,212
DA:446,20
DA:448,20
DA:450,20
DA:451,47
LF:129
LH:129
BRDA:45,0,0,486
BRDA:45,0,1,81
BRDA:55,1,0,840
BRDA:60,2,0,757
BRDA:60,2,1,83
BRDA:68,3,0,757
BRDA:68,3,1,83
BRDA:76,4,0,21
BRDA:76,4,1,819
BRDA:77,5,0,41
BRDA:77,5,1,796
BRDA:78,6,0,32
BRDA:78,6,1,805
BRDA:98,7,0,0
BRDA:98,7,1,21
BRDA:110,8,0,0
BRDA:110,8,1,41
BRDA:126,9,0,2
BRDA:126,9,1,39
BRDA:144,10,0,0
BRDA:144,10,1,32
BRDA:160,11,0,3
BRDA:160,11,1,29
BRDA:183,12,0,63
BRDA:183,12,1,107
BRDA:183,12,2,2
BRDA:183,12,3,2
BRDA:183,12,4,2
BRDA:183,12,5,3
BRDA:183,12,6,3
BRDA:183,12,7,8
BRDA:183,12,8,8
BRDA:183,12,9,15
BRDA:183,12,10,11
BRDA:183,12,11,11
BRDA:183,12,12,193
BRDA:183,12,13,47
BRDA:183,12,14,1
BRDA:225,13,0,8
BRDA:225,13,1,65
BRDA:230,14,0,2
BRDA:230,14,1,63
BRDA:230,15,0,65
BRDA:230,15,1,63
BRDA:233,16,0,17
BRDA:233,16,1,46
BRDA:237,17,0,14
BRDA:237,17,1,8
BRDA:244,18,0,10
BRDA:244,18,1,5
BRDA:249,19,0,96
BRDA:249,19,1,11
BRDA:249,20,0,107
BRDA:249,20,1,103
BRDA:249,20,2,100
BRDA:252,21,0,11
BRDA:252,21,1,4
BRDA:256,22,0,7
BRDA:256,22,1,4
BRDA:256,23,0,11
BRDA:256,23,1,9
BRDA:263,24,0,6
BRDA:263,24,1,5
BRDA:263,25,0,11
BRDA:263,25,1,8
BRDA:271,26,0,8
BRDA:271,26,1,185
BRDA:271,27,0,193
BRDA:271,27,1,12
BRDA:271,28,0,12
BRDA:271,28,1,4
BRDA:278,29,0,2
BRDA:278,29,1,6
BRDA:288,30,0,25
BRDA:288,30,1,22
BRDA:301,31,0,1551
BRDA:301,31,1,4
BRDA:310,32,0,927
BRDA:310,32,1,41
BRDA:314,33,0,2092
BRDA:314,33,1,2
BRDA:314,34,0,2094
BRDA:314,34,1,2092
BRDA:318,35,0,2088
BRDA:318,35,1,4
BRDA:318,36,0,2092
BRDA:318,36,1,2090
BRDA:320,37,0,2086
BRDA:320,37,1,2
BRDA:320,38,0,2088
BRDA:320,38,1,2084
BRDA:330,39,0,931
BRDA:330,39,1,37
BRDA:341,40,0,6
BRDA:341,40,1,2080
BRDA:342,41,0,4
BRDA:342,41,1,2082
BRDA:345,42,0,4
BRDA:345,42,1,2082
BRDA:351,43,0,2
BRDA:351,43,1,2080
BRDA:376,44,0,13424
BRDA:376,44,1,4353
BRDA:376,45,0,17777
BRDA:376,45,1,12105
BRDA:377,46,0,2
BRDA:377,46,1,4351
BRDA:378,47,0,507
BRDA:378,47,1,3844
BRDA:429,48,0,37
BRDA:429,48,1,19
BRDA:429,48,2,15
BRDA:429,48,3,8
BRDA:440,49,0,47
BRDA:440,49,1,41
BRDA:441,50,0,3
BRDA:441,50,1,85
BRDA:442,51,0,212
BRDA:442,51,1,86
BRDA:445,52,0,20
BRDA:445,53,0,20
BRDA:446,54,0,20
BRDA:446,54,1,2
BRDA:448,55,0,0
BRDA:448,55,1,20
BRDA:451,56,0,47
BRDA:451,56,1,29
BRDA:451,56,2,13
BRF:128
BRH:124
end_of_record
TN:
SF:src/model/OutputData.ts
FN:98,assertValidTagKey
FN:105,isOutputDataFactory
FN:117,(anonymous_2)
FN:129,(anonymous_3)
FN:177,(anonymous_4)
FN:188,(anonymous_5)
FN:195,(anonymous_6)
FN:261,(anonymous_7)
FN:302,(anonymous_8)
FN:304,(anonymous_9)
FN:307,(anonymous_10)
FN:319,(anonymous_11)
FN:330,(anonymous_12)
FN:339,(anonymous_13)
FN:358,(anonymous_14)
FN:359,(anonymous_15)
FN:384,(anonymous_16)
FN:404,(anonymous_17)
FN:429,createSingleDeterministicDataFromBytes
FNF:19
FNH:19
FNDA:162,assertValidTagKey
FNDA:4,isOutputDataFactory
FNDA:642,(anonymous_2)
FNDA:158,(anonymous_3)
FNDA:68,(anonymous_4)
FNDA:123,(anonymous_5)
FNDA:68,(anonymous_6)
FNDA:62,(anonymous_7)
FNDA:68,(anonymous_8)
FNDA:15,(anonymous_9)
FNDA:68,(anonymous_10)
FNDA:68,(anonymous_11)
FNDA:106,(anonymous_12)
FNDA:68,(anonymous_13)
FNDA:68,(anonymous_14)
FNDA:10,(anonymous_15)
FNDA:68,(anonymous_16)
FNDA:68,(anonymous_17)
FNDA:114,createSingleDeterministicDataFromBytes
DA:36,68
DA:83,68
DA:99,162
DA:100,158
DA:101,30
DA:108,4
DA:123,642
DA:124,642
DA:125,642
DA:126,642
DA:130,158
DA:131,2
DA:136,156
DA:137,22
DA:143,156
DA:144,156
DA:147,156
DA:148,25
DA:149,25
DA:150,22
DA:151,4
DA:155,152
DA:156,152
DA:157,152
DA:172,158
DA:174,152
DA:183,20
DA:187,20
DA:188,123
DA:201,221
DA:202,221
DA:203,221
DA:204,221
DA:205,221
DA:206,221
DA:209,221
DA:210,221
DA:211,221
DA:212,221
DA:213,221
DA:217,221
DA:218,28
DA:220,72
DA:221,28
DA:223,4
DA:226,24
DA:227,24
DA:229,28
DA:230,28
DA:234,202
DA:236,202
DA:237,221
DA:238,94
DA:241,202
DA:242,57
DA:243,57
DA:244,30
DA:248,202
DA:249,84
DA:250,84
DA:251,13
DA:255,202
DA:256,20
DA:260,202
DA:261,20
DA:262,62
DA:263,62
DA:265,20
DA:269,202
DA:270,221
DA:278,221
DA:282,221
DA:283,221
DA:284,2
DA:290,200
DA:291,200
DA:294,200
DA:303,9
DA:304,15
DA:308,310
DA:309,310
DA:310,310
DA:311,310
DA:312,310
DA:326,63
DA:329,63
DA:330,63
DA:331,106
DA:345,10
DA:359,10
DA:385,14
DA:405,12
DA:406,12
DA:407,4
DA:409,8
DA:420,6
DA:421,6
DA:434,114
DA:435,114
DA:436,114
DA:439,114
DA:440,114
DA:441,114
LF:103
LH:103
BRDA:99,0,0,4
BRDA:99,0,1,158
BRDA:99,1,0,162
BRDA:99,1,1,158
BRDA:100,2,0,30
BRDA:100,2,1,128
BRDA:130,3,0,2
BRDA:130,3,1,156
BRDA:136,4,0,22
BRDA:136,4,1,134
BRDA:147,5,0,22
BRDA:147,5,1,134
BRDA:150,6,0,4
BRDA:150,6,1,18
BRDA:162,7,0,152
BRDA:162,7,1,18
BRDA:166,8,0,18
BRDA:166,8,1,0
BRDA:172,9,0,4
BRDA:172,9,1,154
BRDA:187,10,0,4
BRDA:187,10,1,16
BRDA:187,11,0,20
BRDA:187,11,1,6
BRDA:203,12,0,57
BRDA:203,12,1,145
BRDA:204,13,0,221
BRDA:204,13,1,118
BRDA:205,14,0,221
BRDA:205,14,1,172
BRDA:206,15,0,221
BRDA:206,15,1,189
BRDA:210,16,0,221
BRDA:210,16,1,12
BRDA:211,17,0,12
BRDA:211,17,1,190
BRDA:212,18,0,12
BRDA:212,18,1,190
BRDA:217,19,0,28
BRDA:217,19,1,193
BRDA:221,20,0,4
BRDA:221,20,1,24
BRDA:236,21,0,202
BRDA:236,21,1,108
BRDA:237,22,0,94
BRDA:237,22,1,127
BRDA:237,23,0,221
BRDA:237,23,1,94
BRDA:241,24,0,57
BRDA:241,24,1,145
BRDA:243,25,0,30
BRDA:243,25,1,27
BRDA:248,26,0,84
BRDA:248,26,1,118
BRDA:250,27,0,13
BRDA:250,27,1,71
BRDA:255,28,0,20
BRDA:255,28,1,182
BRDA:260,29,0,20
BRDA:260,29,1,182
BRDA:269,30,0,12
BRDA:269,30,1,190
BRDA:283,31,0,2
BRDA:283,31,1,219
BRDA:393,32,0,14
BRDA:393,32,1,2
BRDA:406,33,0,4
BRDA:406,33,1,8
BRDA:420,34,0,6
BRDA:420,34,1,0
BRDA:187,35,0,4
BRDA:187,35,1,16
BRF:72
BRH:70
end_of_record
TN:
SF:src/model/OutputDataCreator.ts
FN:53,(anonymous_0)
FN:65,(anonymous_1)
FN:68,(anonymous_2)
FN:72,(anonymous_3)
FN:78,(anonymous_4)
FN:81,(anonymous_5)
FN:85,(anonymous_6)
FN:101,(anonymous_7)
FN:110,(anonymous_8)
FNF:9
FNH:8
FNDA:6,(anonymous_0)
FNDA:6,(anonymous_1)
FNDA:0,(anonymous_2)
FNDA:101,(anonymous_3)
FNDA:261,(anonymous_4)
FNDA:261,(anonymous_5)
FNDA:57,(anonymous_6)
FNDA:4,(anonymous_7)
FNDA:2,(anonymous_8)
DA:59,6
DA:62,4
DA:64,2
DA:65,6
DA:69,0
DA:77,101
DA:78,261
DA:82,261
DA:92,57
DA:98,55
DA:100,2
DA:101,2
DA:102,4
DA:116,2
LF:14
LH:13
BRDA:59,0,0,4
BRDA:59,0,1,2
BRDA:92,1,0,55
BRDA:92,1,1,2
BRF:4
BRH:4
end_of_record
TN:
SF:src/model/PaymentRequest.ts
FN:22,(anonymous_0)
FN:35,(anonymous_1)
FN:38,(anonymous_2)
FN:72,(anonymous_3)
FN:84,(anonymous_4)
FN:94,(anonymous_5)
FN:116,(anonymous_6)
FN:117,(anonymous_7)
FN:131,(anonymous_8)
FN:165,(anonymous_9)
FN:182,(anonymous_10)
FN:184,(anonymous_11)
FN:209,(anonymous_12)
FNF:13
FNH:13
FNDA:80,(anonymous_0)
FNDA:14,(anonymous_1)
FNDA:8,(anonymous_2)
FNDA:8,(anonymous_3)
FNDA:2,(anonymous_4)
FNDA:12,(anonymous_5)
FNDA:8,(anonymous_6)
FNDA:6,(anonymous_7)
FNDA:26,(anonymous_8)
FNDA:20,(anonymous_9)
FNDA:85,(anonymous_10)
FNDA:10,(anonymous_11)
FNDA:85,(anonymous_12)
DA:23,80
DA:24,80
DA:26,80
DA:27,80
DA:28,80
DA:29,80
DA:30,80
DA:32,80
DA:36,14
DA:37,14
DA:38,8
DA:44,14
DA:45,12
DA:47,14
DA:48,12
DA:50,14
DA:51,12
DA:53,14
DA:54,6
DA:56,14
DA:57,4
DA:59,14
DA:60,4
DA:62,14
DA:63,4
DA:69,14
DA:73,8
DA:74,8
DA:75,8
DA:76,8
DA:85,2
DA:95,12
DA:112,12
DA:113,12
DA:117,8
DA:132,26
DA:133,26
DA:134,26
DA:135,4
DA:137,22
DA:138,4
DA:144,18
DA:148,26
DA:149,26
DA:150,26
DA:156,26
DA:157,26
DA:158,26
DA:159,26
DA:160,26
DA:161,2
DA:165,14
DA:166,20
DA:168,26
DA:169,2
DA:172,14
DA:183,12
DA:184,10
DA:190,12
DA:197,12
DA:210,32
DA:213,32
DA:214,25
DA:215,25
DA:216,18
DA:223,18
DA:236,14
DA:237,2
DA:239,12
DA:240,12
DA:241,2
DA:243,10
DA:244,10
DA:245,10
DA:246,10
LF:75
LH:75
BRDA:29,0,0,80
BRDA:32,1,0,66
BRDA:32,1,1,14
BRDA:37,2,0,8
BRDA:37,2,1,6
BRDA:44,3,0,12
BRDA:44,3,1,2
BRDA:47,4,0,12
BRDA:47,4,1,2
BRDA:50,5,0,12
BRDA:50,5,1,2
BRDA:53,6,0,6
BRDA:53,6,1,8
BRDA:56,7,0,4
BRDA:56,7,1,10
BRDA:59,8,0,4
BRDA:59,8,1,10
BRDA:62,9,0,4
BRDA:62,9,1,10
BRDA:97,10,0,10
BRDA:97,10,1,2
BRDA:103,11,0,4
BRDA:103,11,1,8
BRDA:134,12,0,4
BRDA:134,12,1,22
BRDA:134,13,0,26
BRDA:134,13,1,24
BRDA:134,13,2,8
BRDA:137,14,0,4
BRDA:137,14,1,18
BRDA:146,15,0,18
BRDA:146,15,1,2
BRDA:148,16,0,26
BRDA:148,16,1,10
BRDA:150,17,0,4
BRDA:150,17,1,10
BRDA:152,18,0,8
BRDA:152,18,1,2
BRDA:160,19,0,2
BRDA:160,19,1,24
BRDA:165,20,0,14
BRDA:165,20,1,2
BRDA:166,21,0,20
BRDA:166,21,1,20
BRDA:168,22,0,2
BRDA:168,22,1,24
BRDA:183,23,0,10
BRDA:183,23,1,2
BRDA:190,24,0,6
BRDA:190,24,1,6
BRDA:213,25,0,18
BRDA:213,25,1,14
BRDA:216,26,0,4
BRDA:216,26,1,14
BRDA:220,27,0,4
BRDA:220,27,1,2
BRDA:230,28,0,18
BRDA:230,28,1,6
BRDA:236,29,0,2
BRDA:236,29,1,12
BRDA:240,30,0,2
BRDA:240,30,1,10
BRDA:148,31,0,13
BRDA:148,31,1,5
BRF:64
BRH:64
end_of_record
TN:
SF:src/model/SigAll.ts
FN:62,computeDigests
FN:67,(anonymous_1)
FN:75,serializePackage
FN:92,deserializePackage
FN:183,(anonymous_4)
FN:194,(anonymous_5)
FN:195,(anonymous_6)
FN:200,signPackage
FN:212,extractSwapPackage
FN:218,(anonymous_9)
FN:222,extractMeltPackage
FN:228,(anonymous_11)
FN:233,buildSigningPackage
FN:243,(anonymous_13)
FN:248,mergeSwapPackage
FN:253,mergeMeltPackage
FN:261,mergeSignatures
FNF:17
FNH:17
FNDA:58,computeDigests
FNDA:96,(anonymous_1)
FNDA:26,serializePackage
FNDA:64,deserializePackage
FNDA:6,(anonymous_4)
FNDA:20,(anonymous_5)
FNDA:26,(anonymous_6)
FNDA:40,signPackage
FNDA:50,extractSwapPackage
FNDA:92,(anonymous_9)
FNDA:16,extractMeltPackage
FNDA:16,(anonymous_11)
FNDA:66,buildSigningPackage
FNDA:68,(anonymous_13)
FNDA:20,mergeSwapPackage
FNDA:6,mergeMeltPackage
FNDA:26,mergeSignatures
DA:13,55
DA:67,96
DA:68,58
DA:70,58
DA:77,26
DA:79,26
DA:81,26
DA:82,26
DA:84,26
DA:86,26
DA:87,26
DA:89,26
DA:93,64
DA:94,2
DA:97,62
DA:100,62
DA:101,62
DA:103,1
DA:111,61
DA:112,61
DA:114,5
DA:120,56
DA:121,2
DA:124,54
DA:126,54
DA:127,54
DA:128,2
DA:131,52
DA:132,52
DA:133,2
DA:138,50
DA:139,2
DA:142,48
DA:143,2
DA:146,46
DA:147,28
DA:149,28
DA:151,24
DA:153,22
DA:156,38
DA:157,2
DA:160,36
DA:161,40
DA:163,40
DA:165,36
DA:166,2
DA:169,34
DA:171,30
DA:174,26
DA:177,22
DA:178,6
DA:179,6
DA:183,6
DA:185,2
DA:190,20
DA:194,20
DA:195,26
DA:203,40
DA:204,40
DA:206,40
DA:214,50
DA:215,50
DA:218,92
DA:225,16
DA:228,16
DA:239,66
DA:243,68
DA:249,20
DA:250,20
DA:257,6
DA:258,6
DA:262,26
DA:263,4
DA:266,22
DA:268,20
DA:269,20
DA:270,20
DA:271,26
DA:279,26
DA:397,55
LF:80
LH:80
BRDA:79,0,0,4
BRDA:79,0,1,22
BRDA:84,1,0,4
BRDA:84,1,1,22
BRDA:86,2,0,26
BRDA:86,2,1,0
BRDA:93,3,0,2
BRDA:93,3,1,62
BRDA:104,4,0,1
BRDA:104,4,1,0
BRDA:115,5,0,5
BRDA:115,5,1,0
BRDA:120,6,0,2
BRDA:120,6,1,54
BRDA:120,7,0,56
BRDA:120,7,1,56
BRDA:127,8,0,2
BRDA:127,8,1,52
BRDA:132,9,0,2
BRDA:132,9,1,50
BRDA:132,10,0,52
BRDA:132,10,1,8
BRDA:138,11,0,2
BRDA:138,11,1,48
BRDA:138,12,0,50
BRDA:138,12,1,6
BRDA:138,12,2,4
BRDA:142,13,0,2
BRDA:142,13,1,46
BRDA:149,14,0,4
BRDA:149,14,1,24
BRDA:149,15,0,28
BRDA:149,15,1,26
BRDA:151,16,0,2
BRDA:151,16,1,22
BRDA:153,17,0,2
BRDA:153,17,1,20
BRDA:156,18,0,2
BRDA:156,18,1,36
BRDA:163,19,0,4
BRDA:163,19,1,36
BRDA:163,20,0,40
BRDA:163,20,1,38
BRDA:165,21,0,2
BRDA:165,21,1,34
BRDA:165,22,0,36
BRDA:165,22,1,4
BRDA:169,23,0,4
BRDA:169,23,1,30
BRDA:169,24,0,34
BRDA:169,24,1,32
BRDA:171,25,0,4
BRDA:171,25,1,26
BRDA:171,26,0,30
BRDA:171,26,1,28
BRDA:177,27,0,6
BRDA:177,27,1,16
BRDA:179,28,0,2
BRDA:179,28,1,4
BRDA:180,29,0,6
BRDA:180,29,1,6
BRDA:180,29,2,6
BRDA:180,29,3,6
BRDA:193,30,0,4
BRDA:193,30,1,16
BRDA:196,31,0,4
BRDA:196,31,1,16
BRDA:208,32,0,40
BRDA:208,32,1,36
BRDA:214,33,0,50
BRDA:214,33,1,2
BRDA:214,34,0,50
BRDA:214,34,1,2
BRDA:242,35,0,16
BRDA:242,35,1,50
BRDA:262,36,0,4
BRDA:262,36,1,22
BRDA:266,37,0,2
BRDA:266,37,1,20
BRDA:270,38,0,20
BRDA:270,38,1,14
BRDA:274,39,0,26
BRDA:274,39,1,14
BRF:83
BRH:80
end_of_record
TN:
SF:src/model/types/NUT03.ts
FNF:0
FNH:0
LF:0
LH:0
BRF:0
BRH:0
end_of_record
TN:
SF:src/model/types/NUT04.ts
FNF:0
FNH:0
DA:5,62
LF:1
LH:1
BRF:0
BRH:0
end_of_record
TN:
SF:src/model/types/NUT05.ts
FNF:0
FNH:0
DA:6,62
LF:1
LH:1
BRF:0
BRH:0
end_of_record
TN:
SF:src/model/types/NUT06.ts
FNF:0
FNH:0
LF:0
LH:0
BRF:0
BRH:0
end_of_record
TN:
SF:src/model/types/NUT07.ts
FNF:0
FNH:0
DA:13,62
LF:1
LH:1
BRF:0
BRH:0
end_of_record
TN:
SF:src/model/types/NUT19.ts
FNF:0
FNH:0
LF:0
LH:0
BRF:0
BRH:0
end_of_record
TN:
SF:src/model/types/NUT23.ts
FNF:0
FNH:0
LF:0
LH:0
BRF:0
BRH:0
end_of_record
TN:
SF:src/model/types/NUT25.ts
FNF:0
FNH:0
LF:0
LH:0
BRF:0
BRH:0
end_of_record
TN:
SF:src/model/types/NUT29.ts
FNF:0
FNH:0
LF:0
LH:0
BRF:0
BRH:0
end_of_record
TN:
SF:src/model/types/NUT30.ts
FNF:0
FNH:0
LF:0
LH:0
BRF:0
BRH:0
end_of_record
TN:
SF:src/model/types/blinded.ts
FNF:0
FNH:0
LF:0
LH:0
BRF:0
BRH:0
end_of_record
TN:
SF:src/model/types/jsonrpc.ts
FNF:0
FNH:0
LF:0
LH:0
BRF:0
BRH:0
end_of_record
TN:
SF:src/model/types/keyset.ts
FNF:0
FNH:0
LF:0
LH:0
BRF:0
BRH:0
end_of_record
TN:
SF:src/model/types/proof.ts
FNF:0
FNH:0
LF:0
LH:0
BRF:0
BRH:0
end_of_record
TN:
SF:src/model/types/token.ts
FNF:0
FNH:0
LF:0
LH:0
BRF:0
BRH:0
end_of_record
TN:
SF:src/model/types/token.v4.ts
FNF:0
FNH:0
LF:0
LH:0
BRF:0
BRH:0
end_of_record
TN:
SF:src/transport/WSConnection.ts
FN:10,(anonymous_0)
FN:23,(anonymous_1)
FN:35,(anonymous_2)
FN:67,(anonymous_3)
FN:74,(anonymous_4)
FN:78,(anonymous_5)
FN:81,(anonymous_6)
FN:86,(anonymous_7)
FN:93,(anonymous_8)
FN:112,(anonymous_9)
FN:117,(anonymous_10)
FN:131,(anonymous_11)
FN:133,(anonymous_12)
FN:137,(anonymous_13)
FN:143,(anonymous_14)
FN:153,(anonymous_15)
FN:161,(anonymous_16)
FN:188,(anonymous_17)
FN:197,(anonymous_18)
FN:211,(anonymous_19)
FN:217,(anonymous_20)
FN:228,(anonymous_21)
FN:240,(anonymous_22)
FN:273,(anonymous_23)
FN:281,(anonymous_24)
FN:285,(anonymous_25)
FN:293,(anonymous_26)
FN:298,(anonymous_27)
FN:304,(anonymous_28)
FN:339,(anonymous_29)
FN:354,(anonymous_30)
FN:366,(anonymous_31)
FN:391,(anonymous_32)
FN:406,(anonymous_33)
FN:410,(anonymous_34)
FN:422,(anonymous_35)
FN:426,(anonymous_36)
FN:439,(anonymous_37)
FNF:38
FNH:38
FNDA:44,(anonymous_0)
FNDA:44,(anonymous_1)
FNDA:44,(anonymous_2)
FNDA:80,(anonymous_3)
FNDA:2,(anonymous_4)
FNDA:70,(anonymous_5)
FNDA:70,(anonymous_6)
FNDA:70,(anonymous_7)
FNDA:8,(anonymous_8)
FNDA:8,(anonymous_9)
FNDA:8,(anonymous_10)
FNDA:112,(anonymous_11)
FNDA:2,(anonymous_12)
FNDA:64,(anonymous_13)
FNDA:6,(anonymous_14)
FNDA:42,(anonymous_15)
FNDA:48,(anonymous_16)
FNDA:11,(anonymous_17)
FNDA:40,(anonymous_18)
FNDA:32,(anonymous_19)
FNDA:73,(anonymous_20)
FNDA:28,(anonymous_21)
FNDA:48,(anonymous_22)
FNDA:46,(anonymous_23)
FNDA:32,(anonymous_24)
FNDA:16,(anonymous_25)
FNDA:4,(anonymous_26)
FNDA:8,(anonymous_27)
FNDA:72,(anonymous_28)
FNDA:6,(anonymous_29)
FNDA:36,(anonymous_30)
FNDA:20,(anonymous_31)
FNDA:16,(anonymous_32)
FNDA:2,(anonymous_33)
FNDA:4,(anonymous_34)
FNDA:41,(anonymous_35)
FNDA:22,(anonymous_36)
FNDA:11,(anonymous_37)
DA:9,44
DA:11,44
DA:19,80
DA:20,80
DA:21,80
DA:24,44
DA:25,44
DA:26,2
DA:28,42
DA:30,44
DA:31,44
DA:32,44
DA:36,44
DA:37,44
DA:38,44
DA:39,44
DA:40,44
DA:41,44
DA:59,80
DA:60,80
DA:63,80
DA:65,80
DA:68,80
DA:69,80
DA:70,80
DA:71,80
DA:75,2
DA:79,70
DA:81,70
DA:82,70
DA:83,70
DA:84,70
DA:86,70
DA:87,70
DA:88,70
DA:89,70
DA:90,70
DA:93,70
DA:94,8
DA:95,6
DA:96,6
DA:97,6
DA:98,6
DA:99,6
DA:103,6
DA:104,6
DA:108,6
DA:109,6
DA:112,70
DA:113,8
DA:114,8
DA:115,8
DA:116,8
DA:117,8
DA:121,70
DA:122,70
DA:123,70
DA:125,2
DA:126,2
DA:131,112
DA:133,68
DA:134,2
DA:137,68
DA:138,64
DA:139,62
DA:140,62
DA:143,68
DA:144,6
DA:145,4
DA:146,2
DA:147,2
DA:149,2
DA:153,68
DA:154,42
DA:155,40
DA:156,40
DA:157,38
DA:161,68
DA:164,48
DA:165,43
DA:167,43
DA:168,2
DA:169,2
DA:170,2
DA:173,41
DA:177,41
DA:178,48
DA:179,48
DA:181,48
DA:182,48
DA:183,16
DA:185,25
DA:188,41
DA:192,70
DA:198,40
DA:199,6
DA:200,2
DA:202,4
DA:203,4
DA:206,34
DA:207,34
DA:208,34
DA:212,32
DA:218,73
DA:219,6
DA:220,6
DA:223,73
DA:224,4
DA:229,28
DA:230,28
DA:231,28
DA:232,10
DA:233,10
DA:245,48
DA:246,2
DA:249,46
DA:251,46
DA:252,46
DA:254,4
DA:256,4
DA:259,4
DA:260,4
DA:264,4
DA:265,4
DA:267,4
DA:268,4
DA:269,4
DA:278,46
DA:282,32
DA:286,16
DA:287,2
DA:289,14
DA:290,12
DA:291,12
DA:293,2
DA:294,4
DA:299,8
DA:300,6
DA:305,72
DA:306,32
DA:307,32
DA:308,32
DA:310,32
DA:313,40
DA:315,40
DA:316,40
DA:318,40
DA:319,22
DA:320,22
DA:321,22
DA:323,16
DA:324,6
DA:325,6
DA:326,6
DA:328,10
DA:329,10
DA:332,8
DA:333,8
DA:334,2
DA:337,6
DA:338,6
DA:339,6
DA:340,6
DA:341,6
DA:343,2
DA:350,2
DA:359,36
DA:360,2
DA:361,2
DA:364,34
DA:365,34
DA:366,34
DA:368,20
DA:374,34
DA:375,34
DA:377,2
DA:378,2
DA:381,32
DA:396,16
DA:398,16
DA:399,4
DA:400,4
DA:403,12
DA:404,12
DA:406,12
DA:408,2
DA:410,4
DA:414,16
DA:415,16
DA:417,2
DA:418,2
DA:423,41
DA:427,22
DA:428,19
DA:429,19
DA:433,19
DA:435,22
DA:436,22
DA:440,11
LF:199
LH:199
BRDA:25,0,0,2
BRDA:25,0,1,42
BRDA:36,1,0,0
BRDA:36,1,1,44
BRDA:39,2,0,42
BRDA:39,2,1,2
BRDA:71,3,0,80
BRDA:71,3,1,62
BRDA:78,4,0,70
BRDA:79,5,0,0
BRDA:79,5,1,70
BRDA:87,6,0,0
BRDA:87,6,1,70
BRDA:89,7,0,68
BRDA:89,7,1,2
BRDA:94,8,0,2
BRDA:94,8,1,6
BRDA:115,9,0,8
BRDA:115,9,1,0
BRDA:138,10,0,2
BRDA:138,10,1,62
BRDA:144,11,0,2
BRDA:144,11,1,4
BRDA:145,12,0,2
BRDA:145,12,1,2
BRDA:154,13,0,2
BRDA:154,13,1,40
BRDA:156,14,0,38
BRDA:156,14,1,2
BRDA:164,15,0,5
BRDA:164,15,1,43
BRDA:164,16,0,48
BRDA:164,16,1,30
BRDA:167,17,0,2
BRDA:167,17,1,41
BRDA:168,18,0,2
BRDA:168,18,1,0
BRDA:169,19,0,2
BRDA:169,19,1,0
BRDA:177,20,0,4
BRDA:177,20,1,37
BRDA:178,21,0,48
BRDA:178,21,1,0
BRDA:179,22,0,41
BRDA:179,22,1,0
BRDA:181,23,0,48
BRDA:181,23,1,37
BRDA:181,23,2,12
BRDA:182,24,0,16
BRDA:182,24,1,25
BRDA:198,25,0,6
BRDA:198,25,1,34
BRDA:199,26,0,2
BRDA:199,26,1,4
BRDA:212,27,0,32
BRDA:212,27,1,30
BRDA:218,28,0,6
BRDA:218,28,1,67
BRDA:245,29,0,2
BRDA:245,29,1,46
BRDA:267,30,0,4
BRDA:267,30,1,0
BRDA:286,31,0,2
BRDA:286,31,1,14
BRDA:289,32,0,12
BRDA:289,32,1,2
BRDA:299,33,0,6
BRDA:299,33,1,2
BRDA:305,34,0,32
BRDA:305,34,1,40
BRDA:306,35,0,32
BRDA:306,35,1,0
BRDA:318,36,0,22
BRDA:318,36,1,16
BRDA:318,37,0,40
BRDA:318,37,1,22
BRDA:319,38,0,22
BRDA:319,38,1,0
BRDA:323,39,0,6
BRDA:323,39,1,10
BRDA:323,40,0,16
BRDA:323,40,1,6
BRDA:324,41,0,6
BRDA:324,41,1,0
BRDA:328,42,0,10
BRDA:328,42,1,0
BRDA:329,43,0,2
BRDA:329,43,1,8
BRDA:333,44,0,2
BRDA:333,44,1,6
BRDA:337,45,0,6
BRDA:337,45,1,0
BRDA:359,46,0,2
BRDA:359,46,1,34
BRDA:398,47,0,4
BRDA:398,47,1,12
BRDA:410,48,0,12
BRDA:410,48,1,4
BRDA:427,49,0,19
BRDA:427,49,1,3
BRF:100
BRH:86
end_of_record
TN:
SF:src/transport/request.ts
FN:40,detectBrowserLike
FN:62,buildRequestHeaders
FN:83,errorMessage
FN:96,abortError
FN:122,readText
FN:128,(anonymous_5)
FN:130,(anonymous_6)
FN:131,(anonymous_7)
FN:135,(anonymous_8)
FN:225,parseRetryAfter
FN:256,setGlobalRequestOptions
FN:265,setRequestLogger
FN:274,(anonymous_12)
FN:287,(anonymous_13)
FN:303,isRetryableError
FN:309,waitWithAbort
FN:311,(anonymous_16)
FN:314,(anonymous_17)
FN:320,(anonymous_18)
FN:328,(anonymous_19)
FN:335,getEndpointPathnameSafe
FN:346,endpointPathMatchesCachedPath
FN:355,requestWithRetry
FN:377,(anonymous_23)
FN:424,_request
FN:457,(anonymous_25)
FN:463,(anonymous_26)
FN:466,(anonymous_27)
FN:597,parseErrorBody
FN:622,request
FN:632,(anonymous_30)
FNF:31
FNH:30
FNDA:70,detectBrowserLike
FNDA:1353,buildRequestHeaders
FNDA:70,errorMessage
FNDA:7,abortError
FNDA:1277,readText
FNDA:0,(anonymous_5)
FNDA:11,(anonymous_6)
FNDA:5,(anonymous_7)
FNDA:5,(anonymous_8)
FNDA:1286,parseRetryAfter
FNDA:99,setGlobalRequestOptions
FNDA:318,setRequestLogger
FNDA:11,(anonymous_12)
FNDA:3,(anonymous_13)
FNDA:66,isRetryableError
FNDA:54,waitWithAbort
FNDA:50,(anonymous_16)
FNDA:4,(anonymous_17)
FNDA:2,(anonymous_18)
FNDA:1,(anonymous_19)
FNDA:1295,getEndpointPathnameSafe
FNDA:24,endpointPathMatchesCachedPath
FNDA:1295,requestWithRetry
FNDA:73,(anonymous_23)
FNDA:1346,_request
FNDA:6,(anonymous_25)
FNDA:4,(anonymous_26)
FNDA:3,(anonymous_27)
FNDA:24,parseErrorBody
FNDA:1295,request
FNDA:3,(anonymous_30)
DA:41,70
DA:42,49
DA:49,62
DA:67,1353
DA:84,70
DA:102,7
DA:103,3
DA:107,4
DA:108,3
DA:110,1
DA:125,1277
DA:126,1276
DA:127,1276
DA:128,11
DA:130,11
DA:131,11
DA:132,11
DA:133,11
DA:135,11
DA:136,11
DA:137,11
DA:139,11
DA:226,1286
DA:228,11
DA:229,11
DA:232,10
DA:233,5
DA:237,5
DA:238,3
DA:239,3
DA:240,2
DA:244,3
DA:247,62
DA:248,62
DA:257,99
DA:266,318
DA:269,62
DA:270,62
DA:271,62
DA:275,11
DA:276,11
DA:277,11
DA:288,3
DA:289,3
DA:290,3
DA:304,66
DA:305,62
DA:306,4
DA:310,54
DA:311,50
DA:314,4
DA:315,4
DA:316,1
DA:317,1
DA:320,3
DA:321,2
DA:322,2
DA:323,2
DA:326,3
DA:328,3
DA:329,1
DA:330,1
DA:336,1295
DA:337,1295
DA:339,3
DA:340,2
DA:342,1
DA:347,24
DA:348,2
DA:356,1295
DA:357,1295
DA:358,1295
DA:362,1295
DA:370,1295
DA:371,1273
DA:374,22
DA:375,22
DA:377,22
DA:378,73
DA:379,73
DA:381,66
DA:382,60
DA:383,60
DA:385,60
DA:386,56
DA:388,56
DA:390,56
DA:391,2
DA:395,2
DA:397,54
DA:398,54
DA:404,54
DA:405,51
DA:408,10
DA:409,10
DA:412,22
DA:436,1346
DA:439,1346
DA:440,1346
DA:441,1346
DA:443,1346
DA:444,1346
DA:445,1346
DA:446,1346
DA:447,3
DA:451,1343
DA:452,1346
DA:456,1346
DA:457,13
DA:459,13
DA:460,10
DA:462,3
DA:463,4
DA:464,3
DA:465,3
DA:466,3
DA:467,3
DA:468,3
DA:470,3
DA:476,1343
DA:478,1343
DA:479,1343
DA:491,66
DA:492,66
DA:493,66
DA:494,3
DA:496,63
DA:497,2
DA:499,61
DA:500,1
DA:504,60
DA:508,1277
DA:511,1277
DA:512,1255
DA:520,1255
DA:527,1277
DA:530,27
DA:531,27
DA:535,3
DA:536,3
DA:537,1
DA:538,1
DA:541,25
DA:542,5
DA:545,20
DA:552,5
DA:555,15
DA:556,15
DA:557,9
DA:558,6
DA:559,5
DA:562,15
DA:566,1250
DA:567,1250
DA:571,4
DA:572,4
DA:573,0
DA:576,0
DA:579,1246
DA:580,1246
DA:581,1
DA:583,1245
DA:585,2
DA:586,2
DA:589,1343
DA:590,1343
DA:598,24
DA:600,23
DA:601,23
DA:603,1
DA:605,22
DA:610,20
DA:612,2
DA:623,1295
DA:624,1295
DA:625,1295
DA:628,1295
DA:631,1295
DA:632,3
DA:633,3
DA:638,3
DA:646,1295
DA:647,1244
LF:183
LH:181
BRDA:41,0,0,21
BRDA:41,0,1,49
BRDA:41,1,0,70
BRDA:41,1,1,22
BRDA:43,2,0,49
BRDA:43,2,1,4
BRDA:43,2,2,4
BRDA:65,3,0,1353
BRDA:69,4,0,147
BRDA:69,4,1,1206
BRDA:70,5,0,3
BRDA:70,5,1,1350
BRDA:84,6,0,66
BRDA:84,6,1,4
BRDA:102,7,0,3
BRDA:102,7,1,4
BRDA:107,8,0,3
BRDA:107,8,1,1
BRDA:125,9,0,1
BRDA:125,9,1,1276
BRDA:127,10,0,1265
BRDA:127,10,1,11
BRDA:132,11,0,0
BRDA:132,11,1,11
BRDA:139,12,0,11
BRDA:139,12,1,0
BRDA:226,13,0,1275
BRDA:226,13,1,11
BRDA:229,14,0,1
BRDA:229,14,1,10
BRDA:232,15,0,5
BRDA:232,15,1,5
BRDA:237,16,0,3
BRDA:237,16,1,2
BRDA:239,17,0,2
BRDA:239,17,1,1
BRDA:304,18,0,4
BRDA:304,18,1,62
BRDA:304,19,0,66
BRDA:304,19,1,63
BRDA:305,20,0,58
BRDA:305,20,1,4
BRDA:306,21,0,4
BRDA:306,21,1,4
BRDA:310,22,0,50
BRDA:310,22,1,4
BRDA:315,23,0,1
BRDA:315,23,1,3
BRDA:339,24,0,2
BRDA:339,24,1,1
BRDA:347,25,0,22
BRDA:347,25,1,2
BRDA:358,26,0,1295
BRDA:358,26,1,1124
BRDA:362,27,0,1295
BRDA:362,27,1,1294
BRDA:362,27,2,22
BRDA:370,28,0,1273
BRDA:370,28,1,22
BRDA:381,29,0,60
BRDA:381,29,1,6
BRDA:383,30,0,60
BRDA:383,30,1,56
BRDA:383,30,2,56
BRDA:385,31,0,56
BRDA:385,31,1,4
BRDA:390,32,0,2
BRDA:390,32,1,54
BRDA:443,33,0,146
BRDA:443,33,1,1200
BRDA:445,34,0,1346
BRDA:445,34,1,1332
BRDA:446,35,0,3
BRDA:446,35,1,1343
BRDA:451,36,0,13
BRDA:451,36,1,1330
BRDA:456,37,0,13
BRDA:456,37,1,1333
BRDA:459,38,0,10
BRDA:459,38,1,3
BRDA:493,39,0,3
BRDA:493,39,1,63
BRDA:496,40,0,2
BRDA:496,40,1,61
BRDA:499,41,0,1
BRDA:499,41,1,60
BRDA:499,42,0,61
BRDA:499,42,1,61
BRDA:499,42,2,60
BRDA:511,43,0,1255
BRDA:511,43,1,22
BRDA:511,44,0,1277
BRDA:511,44,1,1255
BRDA:516,45,0,1255
BRDA:516,45,1,1249
BRDA:517,46,0,1255
BRDA:517,46,1,1252
BRDA:527,47,0,27
BRDA:527,47,1,1250
BRDA:536,48,0,2
BRDA:536,48,1,1
BRDA:541,49,0,5
BRDA:541,49,1,20
BRDA:545,50,0,5
BRDA:545,50,1,15
BRDA:546,51,0,20
BRDA:546,51,1,8
BRDA:546,51,2,6
BRDA:546,51,3,6
BRDA:546,51,4,5
BRDA:556,52,0,9
BRDA:556,52,1,6
BRDA:556,53,0,15
BRDA:556,53,1,9
BRDA:558,54,0,5
BRDA:558,54,1,1
BRDA:558,55,0,6
BRDA:558,55,1,6
BRDA:572,56,0,4
BRDA:572,56,1,0
BRDA:580,57,0,1
BRDA:580,57,1,1245
BRDA:598,58,0,1
BRDA:598,58,1,23
BRDA:605,59,0,20
BRDA:605,59,1,2
BRDA:606,60,0,22
BRDA:606,60,1,21
BRDA:606,60,2,21
BRDA:606,60,3,14
BRDA:606,60,4,13
BRDA:628,61,0,1256
BRDA:628,61,1,39
BRDA:631,62,0,3
BRDA:631,62,1,1292
BRDA:631,63,0,1295
BRDA:631,63,1,1256
BRDA:631,63,2,3
BRF:138
BRH:135
end_of_record
TN:
SF:src/utils/Bytes.ts
FN:13,getBufferConstructor
FN:18,(anonymous_1)
FN:37,(anonymous_2)
FN:40,(anonymous_3)
FN:41,(anonymous_4)
FN:44,(anonymous_5)
FN:49,(anonymous_6)
FN:53,(anonymous_7)
FN:54,(anonymous_8)
FN:64,(anonymous_9)
FN:68,(anonymous_10)
FN:88,(anonymous_11)
FN:99,(anonymous_12)
FN:103,(anonymous_13)
FN:112,(anonymous_14)
FN:121,(anonymous_15)
FN:129,(anonymous_16)
FNF:17
FNH:17
FNDA:1300,getBufferConstructor
FNDA:87,(anonymous_1)
FNDA:3766,(anonymous_2)
FNDA:87,(anonymous_3)
FNDA:16612,(anonymous_4)
FNDA:87,(anonymous_5)
FNDA:87,(anonymous_6)
FNDA:87,(anonymous_7)
FNDA:8120,(anonymous_8)
FNDA:87,(anonymous_9)
FNDA:87,(anonymous_10)
FNDA:87,(anonymous_11)
FNDA:95005,(anonymous_12)
FNDA:87,(anonymous_13)
FNDA:87,(anonymous_14)
FNDA:87,(anonymous_15)
FNDA:87,(anonymous_16)
DA:14,1300
DA:19,216
DA:20,216
DA:21,4
DA:23,212
DA:24,8
DA:26,204
DA:27,4
DA:29,204
DA:30,204
DA:31,2
DA:33,202
DA:34,202
DA:35,0
DA:37,3766
DA:41,16612
DA:45,231
DA:46,231
DA:50,112
DA:54,8120
DA:55,3968
DA:56,3968
DA:57,3968
DA:58,8120
DA:59,8120
DA:61,3968
DA:65,6
DA:69,615
DA:70,615
DA:71,538
DA:76,77
DA:77,77
DA:78,3
DA:79,3
DA:80,6
DA:81,6
DA:83,3
DA:85,74
DA:89,685
DA:91,685
DA:92,685
DA:93,138
DA:95,685
DA:96,685
DA:97,577
DA:99,95005
DA:104,228
DA:105,168
DA:106,168
DA:107,3684
DA:109,168
DA:113,130
DA:114,130
DA:115,126
DA:116,88
DA:118,62
DA:122,286
DA:123,286
DA:124,8841
DA:126,286
DA:130,0
DA:131,0
DA:133,0
DA:134,0
DA:137,0
DA:138,0
DA:139,0
DA:140,0
DA:141,0
DA:144,0
DA:145,0
DA:146,0
DA:147,0
DA:148,0
DA:150,0
LF:75
LH:59
BRDA:20,0,0,4
BRDA:20,0,1,212
BRDA:23,1,0,8
BRDA:23,1,1,204
BRDA:23,2,0,212
BRDA:23,2,1,210
BRDA:26,3,0,4
BRDA:26,3,1,200
BRDA:26,4,0,204
BRDA:26,4,1,202
BRDA:30,5,0,2
BRDA:30,5,1,202
BRDA:34,6,0,0
BRDA:34,6,1,202
BRDA:70,7,0,538
BRDA:70,7,1,77
BRDA:77,8,0,3
BRDA:77,8,1,74
BRDA:96,9,0,577
BRDA:96,9,1,108
BRDA:104,10,0,60
BRDA:104,10,1,168
BRDA:115,11,0,38
BRDA:115,11,1,88
BRDA:116,12,0,30
BRDA:116,12,1,58
BRDA:130,13,0,0
BRDA:130,13,1,0
BRDA:133,14,0,0
BRDA:133,14,1,0
BRF:30
BRH:25
end_of_record
TN:
SF:src/utils/JSONInt.ts
FN:85,isRecord
FN:89,toBigIntCtor
FN:94,getSafeBigIntLimits
FN:108,(anonymous_3)
FN:115,(anonymous_4)
FN:124,(anonymous_5)
FN:140,(anonymous_6)
FN:178,(anonymous_7)
FN:202,(anonymous_8)
FN:257,(anonymous_9)
FN:313,(anonymous_10)
FN:321,(anonymous_11)
FN:331,(anonymous_12)
FN:342,(anonymous_13)
FN:348,(anonymous_14)
FN:352,(anonymous_15)
FN:358,(anonymous_16)
FN:362,(anonymous_17)
FN:366,(anonymous_18)
FN:371,walkReviver
FN:393,parse
FN:407,quoteString
FN:415,isToJSONCapable
FN:424,unboxBoxedPrimitive
FN:431,stringify
FN:450,(anonymous_25)
FN:452,(anonymous_26)
FNF:27
FNH:27
FNDA:18,isRecord
FNDA:1423,toBigIntCtor
FNDA:2358,getSafeBigIntLimits
FNDA:1423,(anonymous_3)
FNDA:1423,(anonymous_4)
FNDA:45307,(anonymous_5)
FNDA:11820,(anonymous_6)
FNDA:3817,(anonymous_7)
FNDA:56500,(anonymous_8)
FNDA:2370,(anonymous_9)
FNDA:4829,(anonymous_10)
FNDA:1616,(anonymous_11)
FNDA:168195,(anonymous_12)
FNDA:149748,(anonymous_13)
FNDA:293891,(anonymous_14)
FNDA:991528,(anonymous_15)
FNDA:20327,(anonymous_16)
FNDA:1055192,(anonymous_17)
FNDA:31,(anonymous_18)
FNDA:22,walkReviver
FNDA:1425,parse
FNDA:2768,quoteString
FNDA:2117,isToJSONCapable
FNDA:2437,unboxBoxedPrimitive
FNDA:242,stringify
FNDA:4,(anonymous_25)
FNDA:2437,(anonymous_26)
DA:24,87
DA:82,87
DA:86,18
DA:90,1423
DA:91,1423
DA:98,2358
DA:99,27
DA:100,27
DA:102,2358
DA:106,1423
DA:109,1423
DA:110,1423
DA:111,1423
DA:112,1423
DA:116,1423
DA:117,1423
DA:118,1423
DA:119,2
DA:121,1390
DA:125,45307
DA:126,6
DA:128,45301
DA:129,45301
DA:130,45301
DA:131,33481
DA:132,29664
DA:133,7201
DA:134,4831
DA:135,762
DA:136,62
DA:137,2
DA:141,11820
DA:142,11820
DA:143,11820
DA:144,11820
DA:145,11820
DA:146,4
DA:147,4
DA:150,11816
DA:151,34037
DA:152,34037
DA:153,2
DA:155,34030
DA:156,34030
DA:157,34030
DA:159,34030
DA:165,34030
DA:166,34030
[...]
BRDA:1116,60,0,28
BRDA:1116,61,0,28
BRDA:1116,61,1,10
BRDA:1117,62,0,2
BRDA:1117,62,1,26
BRDA:1170,63,0,32
BRDA:1170,64,0,32
BRDA:1170,64,1,15
BRDA:1172,65,0,32
BRDA:1172,65,1,19
BRDA:1184,66,0,68
BRDA:1184,66,1,68
BRDA:1184,66,2,46
BRDA:1184,66,3,10
BRDA:1186,67,0,16
BRDA:1186,67,1,16
BRDA:1187,68,0,32
BRDA:1187,68,1,31
BRDA:1187,68,2,24
BRDA:1187,68,3,17
BRDA:1187,68,4,17
BRDA:1194,69,0,1
BRDA:1194,69,1,15
BRDA:1195,70,0,7
BRDA:1195,70,1,9
BRDA:1196,71,0,14
BRDA:1196,71,1,2
BRDA:1197,72,0,9
BRDA:1197,72,1,7
BRDA:1197,73,0,16
BRDA:1197,73,1,11
BRDA:1209,74,0,2
BRDA:1209,74,1,13
BRDA:1211,75,0,7
BRDA:1211,75,1,25
BRDA:1216,76,0,17
BRDA:1216,76,1,0
BRDA:1256,77,0,40
BRDA:1256,78,0,40
BRDA:1256,78,1,9
BRDA:1259,79,0,40
BRDA:1259,79,1,2
BRDA:1271,80,0,40
BRDA:1271,80,1,0
BRDA:1286,81,0,2
BRDA:1286,81,1,38
BRDA:1294,82,0,0
BRDA:1294,82,1,36
BRDA:1307,83,0,36
BRDA:1307,83,1,3
BRDA:1317,84,0,16
BRDA:1317,84,1,18
BRDA:1360,85,0,43
BRDA:1360,85,1,0
BRDA:1361,86,0,20
BRDA:1361,86,1,23
BRDA:1362,87,0,20
BRDA:1362,87,1,23
BRDA:1367,88,0,1
BRDA:1367,88,1,42
BRDA:1401,89,0,52
BRDA:1401,89,1,34
BRDA:1442,90,0,65
BRDA:1443,91,0,65
BRDA:1476,92,0,1
BRDA:1476,92,1,0
BRDA:1585,93,0,6
BRDA:1585,93,1,4
BRDA:1601,94,0,7
BRDA:1604,95,0,2
BRDA:1604,95,1,3
BRDA:1620,96,0,94
BRDA:1621,97,0,94
BRDA:1627,98,0,2
BRDA:1627,98,1,117
BRDA:1627,99,0,119
BRDA:1627,99,1,18
BRDA:1628,100,0,2
BRDA:1628,100,1,117
BRDA:1628,101,0,119
BRDA:1628,101,1,2
BRDA:1640,102,0,113
BRDA:1640,102,1,6
BRDA:1646,103,0,1
BRDA:1646,103,1,3
BRDA:1680,104,0,3
BRDA:1681,105,0,3
BRDA:1682,106,0,3
BRDA:1693,107,0,3
BRDA:1693,107,1,4
BRDA:1718,108,0,4
BRDA:1718,108,1,2
BRDA:1721,109,0,4
BRDA:1721,109,1,2
BRDA:1747,110,0,6
BRDA:1747,110,1,2
BRDA:1798,111,0,4
BRDA:1798,111,1,1
BRDA:1813,112,0,1
BRDA:1813,112,1,20
BRDA:1821,113,0,19
BRDA:1821,113,1,19
BRDA:1846,114,0,4
BRDA:1846,114,1,8
BRDA:1848,115,0,1
BRDA:1848,115,1,3
BRDA:1860,116,0,9
BRDA:1860,116,1,1
BRDA:1880,117,0,6
BRDA:1880,117,1,5
BRDA:1900,118,0,4
BRDA:1900,118,1,1
BRDA:1924,119,0,7
BRDA:1924,119,1,5
BRDA:1929,120,0,1
BRDA:1929,120,1,6
BRDA:1929,121,0,7
BRDA:1929,121,1,3
BRDA:1934,122,0,2
BRDA:1934,122,1,2
BRDA:1947,123,0,4
BRDA:1947,123,1,4
BRDA:1965,124,0,5
BRDA:1965,124,1,3
BRDA:1970,125,0,3
BRDA:1970,125,1,3
BRDA:1973,126,0,5
BRDA:1973,126,1,1
BRDA:1999,127,0,1
BRDA:1999,127,1,1
BRDA:2014,128,0,2
BRDA:2014,128,1,2
BRDA:2063,129,0,1
BRDA:2063,129,1,1
BRDA:2082,130,0,3
BRDA:2082,130,1,1
BRDA:2101,131,0,1
BRDA:2101,131,1,1
BRDA:2117,132,0,83
BRDA:2117,132,1,5
BRDA:2117,132,2,0
BRDA:2118,133,0,83
BRDA:2118,133,1,59
BRDA:2130,134,0,141
BRDA:2130,134,1,126
BRDA:2134,135,0,141
BRDA:2134,135,1,4
BRDA:2145,136,0,29
BRDA:2145,136,1,12
BRDA:2145,137,0,41
BRDA:2145,137,1,31
BRDA:2148,138,0,9
BRDA:2148,138,1,3
BRDA:2148,139,0,12
BRDA:2148,139,1,5
BRDA:2171,140,0,97
BRDA:2171,140,1,45
BRDA:2171,140,2,44
BRDA:2175,141,0,97
BRDA:2175,141,1,45
BRDA:2175,141,2,5
BRDA:2175,141,3,3
BRDA:2188,142,0,39
BRDA:2188,142,1,38
BRDA:2188,142,2,38
BRDA:2240,143,0,1
BRDA:2240,143,1,8
BRDA:2347,144,0,43
BRDA:2347,144,1,38
BRDA:2348,145,0,43
BRDA:2348,145,1,18
BRDA:2366,146,0,3
BRDA:2366,146,1,34
BRDA:2383,147,0,14
BRDA:2383,147,1,23
BRDA:2383,148,0,37
BRDA:2383,148,1,15
BRDA:2389,149,0,15
BRDA:2389,149,1,20
BRDA:2390,150,0,12
BRDA:2390,150,1,3
BRDA:2392,151,0,15
BRDA:2392,151,1,3
BRDA:2395,152,0,12
BRDA:2395,152,1,2
BRDA:2397,153,0,0
BRDA:2397,153,1,2
BRDA:2430,154,0,3
BRDA:2430,154,1,4
BRDA:2431,155,0,7
BRDA:2431,155,1,5
BRDA:2431,155,2,4
BRDA:2508,156,0,7
BRDA:2508,156,1,18
BRDA:2510,157,0,26
BRDA:2510,157,1,18
BRDA:2512,158,0,3
BRDA:2512,158,1,23
BRDA:2514,159,0,2
BRDA:2514,159,1,1
BRDA:2523,160,0,2
BRDA:2523,160,1,20
BRDA:2524,161,0,1
BRDA:2524,161,1,1
BRDA:2531,162,0,22
BRDA:2531,162,1,15
BRDA:2543,163,0,36
BRDA:2543,163,1,8
BRDA:2544,164,0,8
BRDA:2544,164,1,12
BRDA:2554,165,0,18
BRDA:2554,165,1,18
BRDA:2566,166,0,0
BRDA:2566,166,1,18
BRDA:2581,167,0,7
BRDA:2581,167,1,29
BRDA:2582,168,0,7
BRDA:2582,168,1,29
BRDA:2582,169,0,36
BRDA:2582,169,1,7
BRDA:2588,170,0,3
BRDA:2588,170,1,26
BRDA:2588,171,0,29
BRDA:2588,171,1,3
BRDA:2602,172,0,5
BRDA:2602,172,1,12
BRDA:2611,173,0,5
BRDA:2611,173,1,12
BRDA:2676,174,0,6
BRDA:2676,174,1,1
BRDA:2691,175,0,2
BRDA:2691,175,1,15
BRDA:2691,176,0,17
BRDA:2691,176,1,17
BRDA:2716,177,0,3
BRDA:2716,177,1,7
BRDA:2718,178,0,3
BRDA:2718,178,1,7
BRDA:2725,179,0,9
BRDA:2725,179,1,0
BRDA:2731,180,0,1
BRDA:2731,180,1,8
BRDA:2731,181,0,10
BRDA:2731,181,1,1
BRDA:2748,182,0,2
BRDA:2748,182,1,6
BRDA:2748,183,0,8
BRDA:2748,183,1,3
BRDA:2754,184,0,8
BRDA:2754,184,1,1
BRDA:2755,185,0,10
BRDA:2755,185,1,1
BRDA:2775,186,0,2
BRDA:2775,186,1,1
BRDA:2779,187,0,2
BRDA:2779,187,1,1
BRDA:2808,188,0,3
BRDA:2808,188,1,1
BRDA:2833,189,0,4
BRDA:2833,189,1,4
BRDA:2870,190,0,1
BRDA:2870,190,1,1
BRDA:2885,191,0,13
BRDA:2885,191,1,1
BRDA:2888,192,0,7
BRDA:2888,192,1,0
BRDA:3075,193,0,34
BRDA:3075,193,1,31
BRDA:3076,194,0,34
BRDA:3076,195,0,34
BRDA:3076,195,1,26
BRDA:3100,196,0,2
BRDA:3100,196,1,30
BRDA:3106,197,0,18
BRDA:3106,197,1,12
BRDA:3106,198,0,30
BRDA:3106,198,1,27
BRDA:3128,199,0,3
BRDA:3128,199,1,14
BRDA:3183,200,0,0
BRDA:3183,200,1,26
BRDA:3183,201,0,26
BRDA:3183,201,1,17
BRDA:3191,202,0,1
BRDA:3191,202,1,25
BRDA:3200,203,0,8
BRDA:3200,203,1,18
BRDA:3212,204,0,1
BRDA:3212,204,1,21
BRDA:3223,205,0,22
BRDA:3223,205,1,3
BRDA:3226,206,0,1
BRDA:3226,206,1,19
BRDA:3238,207,0,6
BRDA:3238,207,1,14
BRDA:3345,208,0,2
BRDA:3345,208,1,1
BRDA:3345,208,2,3
BRDA:2395,209,0,12
BRDA:2395,209,1,2
BRF:420
BRH:401
end_of_record
TN:
SF:src/wallet/WalletCounters.ts
FN:9,(anonymous_0)
FN:13,(anonymous_1)
FN:21,(anonymous_2)
FN:31,(anonymous_3)
FN:44,(anonymous_4)
FNF:5
FNH:5
FNDA:379,(anonymous_0)
FNDA:39,(anonymous_1)
FNDA:12,(anonymous_2)
FNDA:8,(anonymous_3)
FNDA:12,(anonymous_4)
DA:9,379
DA:14,39
DA:15,39
DA:23,12
DA:33,8
DA:34,6
DA:35,6
DA:37,2
DA:46,12
DA:47,10
DA:49,2
LF:11
LH:11
BRDA:33,0,0,6
BRDA:33,0,1,2
BRDA:46,1,0,10
BRDA:46,1,1,2
BRF:4
BRH:4
end_of_record
TN:
SF:src/wallet/WalletEvents.ts
FN:22,safeStringify
FN:25,(anonymous_1)
FN:37,normalizeError
FN:43,makeAbortError
FN:49,cancelSafely
FN:52,(anonymous_5)
FN:60,(anonymous_6)
FN:66,(anonymous_7)
FN:72,(anonymous_8)
FN:79,(anonymous_9)
FN:83,(anonymous_10)
FN:85,(anonymous_11)
FN:93,(anonymous_12)
FN:104,(anonymous_13)
FN:111,(anonymous_14)
FN:124,(anonymous_15)
FN:134,(anonymous_16)
FN:139,(anonymous_17)
FN:144,(anonymous_18)
FN:149,(anonymous_19)
FN:177,(anonymous_20)
FN:182,(anonymous_21)
FN:188,(anonymous_22)
FN:202,(anonymous_23)
FN:214,(anonymous_24)
FN:226,(anonymous_25)
FN:233,(anonymous_26)
FN:250,(anonymous_27)
FN:262,(anonymous_28)
FN:274,(anonymous_29)
FN:281,(anonymous_30)
FN:303,(anonymous_31)
FN:327,(anonymous_32)
FN:333,(anonymous_33)
FN:373,(anonymous_34)
FN:412,(anonymous_35)
FN:416,(anonymous_36)
FN:424,(anonymous_37)
FN:439,(anonymous_38)
FN:447,(anonymous_39)
FN:457,(anonymous_40)
FN:462,(anonymous_41)
FN:485,(anonymous_42)
FN:531,(anonymous_43)
FN:587,(anonymous_44)
FN:597,(anonymous_45)
FN:605,(anonymous_46)
FN:611,(anonymous_47)
FN:643,(anonymous_48)
FN:653,(anonymous_49)
FN:659,(anonymous_50)
FN:672,(anonymous_51)
FN:712,(anonymous_52)
FN:719,(anonymous_53)
FN:728,(anonymous_54)
FN:739,(anonymous_55)
FNF:56
FNH:56
FNDA:12,safeStringify
FNDA:30,(anonymous_1)
FNDA:56,normalizeError
FNDA:12,makeAbortError
FNDA:156,cancelSafely
FNDA:134,(anonymous_5)
FNDA:20,(anonymous_6)
FNDA:563,(anonymous_7)
FNDA:148,(anonymous_8)
FNDA:8,(anonymous_9)
FNDA:8,(anonymous_10)
FNDA:14,(anonymous_11)
FNDA:48,(anonymous_12)
FNDA:48,(anonymous_13)
FNDA:50,(anonymous_14)
FNDA:8,(anonymous_15)
FNDA:6,(anonymous_16)
FNDA:16,(anonymous_17)
FNDA:18,(anonymous_18)
FNDA:2,(anonymous_19)
FNDA:6,(anonymous_20)
FNDA:2,(anonymous_21)
FNDA:35,(anonymous_22)
FNDA:113,(anonymous_23)
FNDA:92,(anonymous_24)
FNDA:102,(anonymous_25)
FNDA:34,(anonymous_26)
FNDA:17,(anonymous_27)
FNDA:10,(anonymous_28)
FNDA:12,(anonymous_29)
FNDA:8,(anonymous_30)
FNDA:36,(anonymous_31)
FNDA:58,(anonymous_32)
FNDA:28,(anonymous_33)
FNDA:36,(anonymous_34)
FNDA:38,(anonymous_35)
FNDA:38,(anonymous_36)
FNDA:48,(anonymous_37)
FNDA:4,(anonymous_38)
FNDA:2,(anonymous_39)
FNDA:18,(anonymous_40)
FNDA:22,(anonymous_41)
FNDA:12,(anonymous_42)
FNDA:10,(anonymous_43)
FNDA:24,(anonymous_44)
FNDA:24,(anonymous_45)
FNDA:56,(anonymous_46)
FNDA:44,(anonymous_47)
FNDA:12,(anonymous_48)
FNDA:2,(anonymous_49)
FNDA:8,(anonymous_50)
FNDA:22,(anonymous_51)
FNDA:16,(anonymous_52)
FNDA:14,(anonymous_53)
FNDA:18,(anonymous_54)
FNDA:8,(anonymous_55)
DA:23,12
DA:24,12
DA:25,12
DA:26,30
DA:27,12
DA:28,10
DA:30,28
DA:33,4
DA:38,56
DA:39,14
DA:40,56
DA:44,12
DA:45,12
DA:46,12
DA:50,156
DA:51,154
DA:53,134
DA:54,134
DA:58,134
DA:66,563
DA:69,563
DA:76,148
DA:77,26
DA:78,10
DA:79,10
DA:83,16
DA:84,16
DA:85,16
DA:86,14
DA:87,14
DA:104,48
DA:105,48
DA:106,48
DA:107,48
DA:111,48
DA:112,50
DA:113,48
DA:114,48
DA:115,48
DA:116,8
DA:117,8
DA:119,48
DA:120,48
DA:124,48
DA:127,48
DA:128,12
DA:129,10
DA:133,46
DA:134,8
DA:138,46
DA:141,16
DA:142,16
DA:144,18
DA:149,48
DA:181,6
DA:182,6
DA:183,6
DA:189,35
DA:190,6
DA:208,113
DA:209,109
DA:210,109
DA:212,105
DA:213,105
DA:214,105
DA:215,105
DA:232,102
DA:235,34
DA:256,17
DA:257,17
DA:258,17
DA:260,15
DA:261,15
DA:262,15
DA:263,15
DA:280,12
DA:283,8
DA:309,36
DA:310,36
DA:311,36
DA:313,34
DA:317,34
DA:318,34
DA:319,40
DA:320,40
DA:321,4
DA:323,36
DA:325,30
DA:327,30
DA:328,58
DA:329,58
DA:330,48
DA:332,30
DA:333,30
DA:335,30
DA:377,36
DA:416,38
DA:417,38
DA:418,38
DA:419,38
DA:420,38
DA:421,38
DA:422,38
DA:424,38
DA:425,48
DA:426,38
DA:427,38
DA:428,46
DA:430,38
DA:431,38
DA:432,4
DA:433,4
DA:435,38
DA:436,38
DA:439,38
DA:441,38
DA:442,6
DA:443,4
DA:446,36
DA:447,4
DA:448,2
DA:453,36
DA:455,34
DA:456,66
DA:459,18
DA:460,18
DA:464,22
DA:465,8
DA:466,8
DA:468,14
DA:470,14
DA:471,14
DA:472,10
DA:473,10
DA:476,14
DA:477,8
DA:482,66
DA:485,66
DA:486,12
DA:487,2
DA:488,2
DA:490,10
DA:492,10
DA:493,10
DA:494,10
DA:495,10
DA:498,10
DA:499,4
DA:504,34
DA:535,10
DA:597,24
DA:598,24
DA:599,24
DA:600,24
DA:602,24
DA:603,24
DA:605,24
DA:606,56
DA:607,56
DA:608,56
DA:611,24
DA:612,44
DA:613,14
DA:614,4
DA:615,4
DA:616,4
DA:617,4
DA:622,4
DA:624,10
DA:625,10
DA:629,10
DA:632,30
DA:634,34
DA:637,24
DA:641,24
DA:645,12
DA:646,12
DA:653,24
DA:654,2
DA:655,2
DA:656,2
DA:659,24
DA:660,8
DA:661,8
DA:664,24
DA:665,24
DA:666,10
DA:667,8
DA:669,24
DA:670,42
DA:671,40
DA:672,22
DA:677,22
DA:678,2
DA:679,2
DA:682,24
DA:683,24
DA:716,16
DA:717,16
DA:719,16
DA:720,14
DA:721,12
DA:722,12
DA:728,16
DA:729,18
DA:731,6
DA:732,6
DA:734,12
DA:735,12
DA:738,16
DA:739,8
DA:743,16
LF:212
LH:212
BRDA:26,0,0,12
BRDA:26,0,1,18
BRDA:26,1,0,30
BRDA:26,1,1,14
BRDA:27,2,0,2
BRDA:27,2,1,10
BRDA:38,3,0,42
BRDA:38,3,1,14
BRDA:39,4,0,2
BRDA:39,4,1,12
BRDA:50,5,0,2
BRDA:50,5,1,154
BRDA:76,6,0,122
BRDA:76,6,1,26
BRDA:77,7,0,10
BRDA:77,7,1,16
BRDA:102,8,0,48
BRDA:112,9,0,2
BRDA:112,9,1,48
BRDA:115,10,0,8
BRDA:115,10,1,40
BRDA:119,11,0,12
BRDA:119,11,1,36
BRDA:120,12,0,32
BRDA:120,12,1,16
BRDA:127,13,0,12
BRDA:127,13,1,36
BRDA:128,14,0,2
BRDA:128,14,1,10
BRDA:133,15,0,8
BRDA:133,15,1,38
BRDA:133,16,0,46
BRDA:133,16,1,10
BRDA:210,17,0,4
BRDA:210,17,1,105
BRDA:235,18,0,32
BRDA:235,18,1,2
BRDA:258,19,0,2
BRDA:258,19,1,15
BRDA:283,20,0,6
BRDA:283,20,1,2
BRDA:311,21,0,2
BRDA:311,21,1,34
BRDA:320,22,0,4
BRDA:320,22,1,36
BRDA:329,23,0,10
BRDA:329,23,1,48
BRDA:425,24,0,10
BRDA:425,24,1,38
BRDA:431,25,0,4
BRDA:431,25,1,34
BRDA:435,26,0,6
BRDA:435,26,1,32
BRDA:436,27,0,22
BRDA:436,27,1,16
BRDA:441,28,0,6
BRDA:441,28,1,32
BRDA:442,29,0,2
BRDA:442,29,1,4
BRDA:446,30,0,4
BRDA:446,30,1,32
BRDA:446,31,0,36
BRDA:446,31,1,6
BRDA:453,32,0,2
BRDA:453,32,1,34
BRDA:464,33,0,8
BRDA:464,33,1,14
BRDA:471,34,0,10
BRDA:471,34,1,4
BRDA:476,35,0,8
BRDA:476,35,1,6
BRDA:476,36,0,14
BRDA:476,36,1,14
BRDA:477,37,0,8
BRDA:477,37,1,2
BRDA:486,38,0,2
BRDA:486,38,1,10
BRDA:493,39,0,10
BRDA:493,39,1,0
BRDA:498,40,0,4
BRDA:498,40,1,6
BRDA:498,41,0,10
BRDA:498,41,1,10
BRDA:499,42,0,4
BRDA:499,42,1,2
BRDA:602,43,0,12
BRDA:602,43,1,12
BRDA:602,44,0,24
BRDA:602,44,1,14
BRDA:603,45,0,24
BRDA:603,45,1,16
BRDA:608,46,0,22
BRDA:608,46,1,34
BRDA:612,47,0,14
BRDA:612,47,1,30
BRDA:613,48,0,4
BRDA:613,48,1,10
BRDA:615,49,0,4
BRDA:615,49,1,0
BRDA:665,50,0,10
BRDA:665,50,1,14
BRDA:666,51,0,2
BRDA:666,51,1,8
BRDA:669,52,0,24
BRDA:669,52,1,22
BRDA:671,53,0,18
BRDA:671,53,1,22
BRDA:677,54,0,2
BRDA:677,54,1,20
BRDA:683,55,0,10
BRDA:683,55,1,14
BRDA:720,56,0,2
BRDA:720,56,1,12
BRDA:729,57,0,6
BRDA:729,57,1,12
BRF:115
BRH:113
end_of_record
TN:
SF:src/wallet/WalletOps.ts
FN:47,(anonymous_0)
FN:48,(anonymous_1)
FN:51,(anonymous_2)
FN:59,(anonymous_3)
FN:62,(anonymous_4)
FN:68,(anonymous_5)
FN:71,(anonymous_6)
FN:74,(anonymous_7)
FN:80,(anonymous_8)
FN:108,(anonymous_9)
FN:121,(anonymous_10)
FN:132,(anonymous_11)
FN:143,(anonymous_12)
FN:154,(anonymous_13)
FN:165,(anonymous_14)
FN:175,(anonymous_15)
FN:186,(anonymous_16)
FN:197,(anonymous_17)
FN:208,(anonymous_18)
FN:218,(anonymous_19)
FN:228,(anonymous_20)
FN:238,(anonymous_21)
FN:248,(anonymous_22)
FN:260,(anonymous_23)
FN:270,(anonymous_24)
FN:281,(anonymous_25)
FN:293,(anonymous_26)
FN:305,(anonymous_27)
FN:319,(anonymous_28)
FN:380,(anonymous_29)
FN:392,(anonymous_30)
FN:405,(anonymous_31)
FN:418,(anonymous_32)
FN:431,(anonymous_33)
FN:441,(anonymous_34)
FN:451,(anonymous_35)
FN:461,(anonymous_36)
FN:471,(anonymous_37)
FN:483,(anonymous_38)
FN:493,(anonymous_39)
FN:505,(anonymous_40)
FN:514,(anonymous_41)
FN:548,(anonymous_42)
FN:565,(anonymous_43)
FN:578,(anonymous_44)
FN:591,(anonymous_45)
FN:604,(anonymous_46)
FN:614,(anonymous_47)
FN:624,(anonymous_48)
FN:634,(anonymous_49)
FN:648,(anonymous_50)
FN:658,(anonymous_51)
FN:671,(anonymous_52)
FN:743,(anonymous_53)
FN:775,(anonymous_54)
FN:787,(anonymous_55)
FN:798,(anonymous_56)
FN:809,(anonymous_57)
FN:820,(anonymous_58)
FN:830,(anonymous_59)
FN:840,(anonymous_60)
FN:850,(anonymous_61)
FN:860,(anonymous_62)
FN:872,(anonymous_63)
FN:887,(anonymous_64)
FN:928,(anonymous_65)
FN:939,(anonymous_66)
FN:949,(anonymous_67)
FN:959,(anonymous_68)
FN:970,(anonymous_69)
FNF:70
FNH:70
FNDA:505,(anonymous_0)
FNDA:46,(anonymous_1)
FNDA:20,(anonymous_2)
FNDA:20,(anonymous_3)
FNDA:22,(anonymous_4)
FNDA:12,(anonymous_5)
FNDA:10,(anonymous_6)
FNDA:8,(anonymous_7)
FNDA:12,(anonymous_8)
FNDA:46,(anonymous_9)
FNDA:6,(anonymous_10)
FNDA:2,(anonymous_11)
FNDA:4,(anonymous_12)
FNDA:2,(anonymous_13)
FNDA:2,(anonymous_14)
FNDA:4,(anonymous_15)
FNDA:4,(anonymous_16)
FNDA:4,(anonymous_17)
FNDA:2,(anonymous_18)
FNDA:2,(anonymous_19)
FNDA:12,(anonymous_20)
FNDA:4,(anonymous_21)
FNDA:10,(anonymous_22)
FNDA:2,(anonymous_23)
FNDA:2,(anonymous_24)
FNDA:10,(anonymous_25)
FNDA:10,(anonymous_26)
FNDA:4,(anonymous_27)
FNDA:42,(anonymous_28)
FNDA:20,(anonymous_29)
FNDA:2,(anonymous_30)
FNDA:6,(anonymous_31)
FNDA:2,(anonymous_32)
FNDA:2,(anonymous_33)
FNDA:2,(anonymous_34)
FNDA:4,(anonymous_35)
FNDA:6,(anonymous_36)
FNDA:4,(anonymous_37)
FNDA:2,(anonymous_38)
FNDA:2,(anonymous_39)
FNDA:2,(anonymous_40)
FNDA:18,(anonymous_41)
FNDA:54,(anonymous_42)
FNDA:4,(anonymous_43)
FNDA:8,(anonymous_44)
FNDA:2,(anonymous_45)
FNDA:4,(anonymous_46)
FNDA:4,(anonymous_47)
FNDA:8,(anonymous_48)
FNDA:30,(anonymous_49)
FNDA:4,(anonymous_50)
FNDA:6,(anonymous_51)
FNDA:58,(anonymous_52)
FNDA:16,(anonymous_53)
FNDA:18,(anonymous_54)
FNDA:2,(anonymous_55)
FNDA:2,(anonymous_56)
FNDA:2,(anonymous_57)
FNDA:2,(anonymous_58)
FNDA:2,(anonymous_59)
FNDA:6,(anonymous_60)
FNDA:4,(anonymous_61)
FNDA:6,(anonymous_62)
FNDA:2,(anonymous_63)
FNDA:16,(anonymous_64)
FNDA:12,(anonymous_65)
FNDA:2,(anonymous_66)
FNDA:12,(anonymous_67)
FNDA:4,(anonymous_68)
FNDA:12,(anonymous_69)
DA:47,505
DA:49,46
DA:52,20
DA:60,20
DA:63,22
DA:69,12
DA:72,10
DA:75,8
DA:81,12
DA:103,46
DA:109,46
DA:111,46
DA:113,46
DA:122,6
DA:123,6
DA:133,2
DA:134,2
DA:144,4
DA:145,4
DA:155,2
DA:156,2
DA:166,2
DA:167,2
DA:176,4
DA:177,4
DA:187,4
DA:188,4
DA:198,4
DA:199,4
DA:209,2
DA:210,2
DA:219,2
DA:220,2
DA:229,12
DA:230,12
DA:239,4
DA:240,4
DA:249,10
DA:250,10
DA:261,2
DA:262,2
DA:271,2
DA:272,2
DA:282,10
DA:283,10
DA:294,10
DA:295,10
DA:307,4
DA:311,4
DA:322,42
DA:323,4
DA:329,38
DA:331,8
DA:332,4
DA:334,8
DA:342,30
DA:344,8
DA:345,4
DA:347,8
DA:355,22
DA:359,42
DA:378,20
DA:381,20
DA:382,20
DA:393,2
DA:394,2
DA:406,6
DA:407,6
DA:419,2
DA:420,2
DA:432,2
DA:433,2
DA:442,2
DA:443,2
DA:452,4
DA:453,4
DA:462,6
DA:463,6
DA:472,4
DA:473,4
DA:484,2
DA:485,2
DA:494,2
DA:495,2
DA:506,2
DA:515,18
DA:542,54
DA:549,54
DA:550,54
DA:552,54
DA:554,54
DA:555,54
DA:566,4
DA:567,4
DA:579,8
DA:580,8
DA:592,2
DA:593,2
DA:605,4
DA:606,4
DA:615,4
DA:616,4
DA:625,8
DA:626,8
DA:637,30
DA:638,30
DA:649,4
DA:650,4
DA:659,6
DA:660,6
DA:687,58
DA:688,20
DA:689,20
DA:690,20
DA:692,20
DA:693,4
DA:695,16
DA:705,38
DA:706,24
DA:707,24
DA:708,24
DA:709,6
DA:711,18
DA:721,14
DA:722,14
DA:723,14
DA:724,6
DA:726,8
DA:744,16
DA:745,10
DA:773,18
DA:776,18
DA:777,18
DA:778,18
DA:779,18
DA:788,2
DA:789,2
DA:799,2
DA:800,2
DA:810,2
DA:811,2
DA:821,2
DA:822,2
DA:831,2
DA:832,2
DA:841,6
DA:842,6
DA:851,4
DA:852,4
DA:861,6
DA:862,6
DA:873,2
DA:889,16
DA:898,16
DA:925,12
DA:929,12
DA:930,12
DA:931,12
DA:940,2
DA:941,2
DA:950,12
DA:951,12
DA:960,4
DA:961,4
DA:972,12
DA:973,6
DA:976,12
DA:977,2
DA:980,10
LF:169
LH:169
BRDA:132,0,0,2
BRDA:186,1,0,4
BRDA:228,2,0,12
BRDA:281,3,0,10
BRDA:293,4,0,10
BRDA:308,5,0,4
BRDA:308,5,1,2
BRDA:309,6,0,2
BRDA:309,6,1,2
BRDA:322,7,0,4
BRDA:322,7,1,38
BRDA:322,8,0,42
BRDA:322,8,1,32
BRDA:322,8,2,20
BRDA:322,8,3,18
BRDA:329,9,0,8
BRDA:329,9,1,30
BRDA:331,10,0,4
BRDA:331,10,1,4
BRDA:342,11,0,8
BRDA:342,11,1,22
BRDA:344,12,0,4
BRDA:344,12,1,4
BRDA:356,13,0,22
BRDA:356,13,1,10
BRDA:357,14,0,12
BRDA:357,14,1,10
BRDA:405,15,0,6
BRDA:461,16,0,6
BRDA:578,17,0,8
BRDA:687,18,0,20
BRDA:687,18,1,38
BRDA:689,19,0,16
BRDA:689,19,1,4
BRDA:692,20,0,4
BRDA:692,20,1,16
BRDA:692,21,0,20
BRDA:692,21,1,4
BRDA:705,22,0,24
BRDA:705,22,1,14
BRDA:708,23,0,6
BRDA:708,23,1,18
BRDA:723,24,0,6
BRDA:723,24,1,8
BRDA:798,25,0,2
BRDA:972,26,0,6
BRDA:972,26,1,6
BRDA:972,27,0,12
BRDA:972,27,1,8
BRDA:976,28,0,2
BRDA:976,28,1,10
BRF:51
BRH:51
end_of_record
TN:
SF:src/wallet/_internal.ts
FN:14,ceilLog2
FN:18,getKeysetAmountsAsc
FN:19,(anonymous_2)
FN:20,(anonymous_3)
FN:33,getKeepAmounts
FN:42,(anonymous_5)
FN:44,(anonymous_6)
FN:62,(anonymous_7)
FN:68,stringifyOutputTypeForLog
FN:74,(anonymous_9)
FN:79,(anonymous_10)
FN:85,(anonymous_11)
FN:93,(anonymous_12)
FN:94,(anonymous_13)
FN:100,(anonymous_14)
FN:106,(anonymous_15)
FN:94,(anonymous_13)
FNF:17
FNH:17
FNDA:39,ceilLog2
FNDA:10,getKeysetAmountsAsc
FNDA:516,(anonymous_2)
FNDA:506,(anonymous_3)
FNDA:10,getKeepAmounts
FNDA:52,(anonymous_5)
FNDA:3080,(anonymous_6)
FNDA:75,(anonymous_7)
FNDA:167,stringifyOutputTypeForLog
FNDA:7,(anonymous_9)
FNDA:6,(anonymous_10)
FNDA:81,(anonymous_11)
FNDA:4,(anonymous_12)
FNDA:2,(anonymous_13)
FNDA:7,(anonymous_14)
FNDA:305,(anonymous_15)
FNDA:16,(anonymous_13)
DA:15,39
DA:19,516
DA:20,506
DA:21,10
DA:39,10
DA:40,10
DA:41,10
DA:42,52
DA:43,10
DA:44,3080
DA:45,516
DA:46,516
DA:47,529
DA:48,529
DA:49,484
DA:51,45
DA:52,45
DA:55,10
DA:56,10
DA:57,7
DA:58,15
DA:59,15
DA:62,75
DA:69,167
DA:71,3
DA:74,7
DA:77,5
DA:79,6
DA:82,53
DA:85,81
DA:89,8
DA:90,8
DA:93,4
DA:94,4
DA:97,8
DA:100,7
DA:104,96
DA:106,305
DA:109,2
LF:39
LH:39
BRDA:15,0,0,3
BRDA:15,0,1,36
BRDA:48,1,0,484
BRDA:48,1,1,45
BRDA:56,2,0,7
BRDA:56,2,1,3
BRDA:69,3,0,3
BRDA:69,3,1,5
BRDA:69,3,2,53
BRDA:69,3,3,8
BRDA:69,3,4,96
BRDA:69,3,5,2
BRDA:79,4,0,5
BRDA:79,4,1,2
BRDA:85,5,0,53
BRDA:85,5,1,2
BRDA:90,6,0,2
BRDA:90,6,1,6
BRDA:93,7,0,2
BRDA:93,7,1,0
BRDA:100,8,0,8
BRDA:100,8,1,4
BRDA:106,9,0,96
BRDA:106,9,1,2
BRF:24
BRH:23
end_of_record
TN:
SF:src/wallet/types/config.ts
FNF:0
FNH:0
LF:0
LH:0
BRF:0
BRH:0
end_of_record
TN:
SF:src/wallet/types/payloads.ts
FNF:0
FNH:0
LF:0
LH:0
BRF:0
BRH:0
end_of_record
TN:
SF:src/wallet/types/payment-requests.ts
FN:32,(anonymous_0)
FNF:1
FNH:1
FNDA:85,(anonymous_0)
DA:32,85
DA:33,85
DA:34,85
LF:3
LH:3
BRF:0
BRH:0
end_of_record
TN:
SF:src/wallet/types/responses.ts
FNF:0
FNH:0
LF:0
LH:0
BRF:0
BRH:0
end_of_record
